M:FigNode org.argouml.uml.diagram.activity.ui.ActivityDiagramRenderer.getFigNodeFor(GraphModel, Layer, Object, Map)
P:org.argouml.uml.diagram.activity.ActivityDiagramGraphModel@45c110fc
P:org.tigris.gef.base.LayerPerspectiveMutable@3464b85d[untitledModel]
P:ActionState$Impl  ID: 127-0-0-1--6ea64dac:1652aaa6566:-8000:000000000000097A  MID: 127-0-0-1--6ea64dac:1652aaa6566:-8000:00000000000005E9  OPCKG: 127-0-0-1--6ea64dac:1652aaa6566:-8000:000000000000087B
M:boolean org.argouml.uml.diagram.activity.ui.UMLActivityDiagram.doesAccept(Object)
P:ActionState$Impl  ID: 127-0-0-1--6ea64dac:1652aaa6566:-8000:000000000000097A  MID: 127-0-0-1--6ea64dac:1652aaa6566:-8000:00000000000005E9  OPCKG: 127-0-0-1--6ea64dac:1652aaa6566:-8000:000000000000087B
M:DiagramElement org.argouml.uml.diagram.activity.ui.UMLActivityDiagram.createDiagramElement(Object, Rectangle)
P:ActionState$Impl  ID: 127-0-0-1--6ea64dac:1652aaa6566:-8000:000000000000097A  MID: 127-0-0-1--6ea64dac:1652aaa6566:-8000:00000000000005E9  OPCKG: 127-0-0-1--6ea64dac:1652aaa6566:-8000:000000000000087B
M:Fig org.argouml.uml.diagram.activity.ui.FigActionState.createBigPortFig()
M:int org.argouml.uml.diagram.activity.ui.FigActionState.getNotationProviderType()
M:void org.argouml.uml.diagram.activity.ui.FigActionState.initializeActionState()
M:void org.argouml.uml.diagram.activity.ui.FigActionState.setStandardBounds(int, int, int, int)
P:10
P:10
P:117
P:30
M:void org.argouml.uml.diagram.activity.ui.UMLActivityDiagram.encloserChanged(FigNode, FigNode, FigNode)
P:org.argouml.uml.diagram.activity.ui.FigActionState@44ebe881
M:void org.argouml.uml.diagram.activity.ui.FigActionState.modelChanged(PropertyChangeEvent)
P:org.argouml.model.AddAssociationEvent[propertyName=container; oldValue=null; newValue=CompositeState$Impl  ID: 127-0-0-1--6ea64dac:1652aaa6566:-8000:0000000000000978  MID: 127-0-0-1--6ea64dac:1652aaa6566:-8000:000000000000050A  OPCKG: 127-0-0-1--6ea64dac:1652aaa6566:-8000:000000000000087B; propagationId=null; source=ActionState$Impl  ID: 127-0-0-1--6ea64dac:1652aaa6566:-8000:000000000000097A  MID: 127-0-0-1--6ea64dac:1652aaa6566:-8000:00000000000005E9  OPCKG: 127-0-0-1--6ea64dac:1652aaa6566:-8000:000000000000087B]: org.netbeans.api.mdr.events.AssociationEvent[source=AContainerSubvertex$Impl  ID: 127-0-0-1--6ea64dac:1652aaa6566:-8000:0000000000000933  MID: 127-0-0-1--6ea64dac:1652aaa6566:-8000:0000000000000537  OPCKG: 127-0-0-1--6ea64dac:1652aaa6566:-8000:000000000000087B]
M:int org.argouml.uml.diagram.activity.ui.FigActionState.getNotationProviderType()
M:Dimension org.argouml.uml.diagram.activity.ui.FigActionState.getMinimumSize()
M:void org.argouml.uml.diagram.activity.ui.FigActionState.setStandardBounds(int, int, int, int)
P:96
P:192
P:117
P:36
M:Dimension org.argouml.uml.diagram.activity.ui.FigActionState.getMinimumSize()
M:void org.argouml.uml.diagram.activity.ui.FigActionState.setStandardBounds(int, int, int, int)
P:96
P:192
P:117
P:36
M:Dimension org.argouml.uml.diagram.activity.ui.FigActionState.getMinimumSize()
M:void org.argouml.uml.diagram.activity.ui.FigActionState.modelChanged(PropertyChangeEvent)
P:org.argouml.model.AttributeChangeEvent[propertyName=container; oldValue=null; newValue=CompositeState$Impl  ID: 127-0-0-1--6ea64dac:1652aaa6566:-8000:0000000000000978  MID: 127-0-0-1--6ea64dac:1652aaa6566:-8000:000000000000050A  OPCKG: 127-0-0-1--6ea64dac:1652aaa6566:-8000:000000000000087B; propagationId=null; source=ActionState$Impl  ID: 127-0-0-1--6ea64dac:1652aaa6566:-8000:000000000000097A  MID: 127-0-0-1--6ea64dac:1652aaa6566:-8000:00000000000005E9  OPCKG: 127-0-0-1--6ea64dac:1652aaa6566:-8000:000000000000087B]: org.netbeans.api.mdr.events.AssociationEvent[source=AContainerSubvertex$Impl  ID: 127-0-0-1--6ea64dac:1652aaa6566:-8000:0000000000000933  MID: 127-0-0-1--6ea64dac:1652aaa6566:-8000:0000000000000537  OPCKG: 127-0-0-1--6ea64dac:1652aaa6566:-8000:000000000000087B]
M:int org.argouml.uml.diagram.activity.ui.FigActionState.getNotationProviderType()
M:Dimension org.argouml.uml.diagram.activity.ui.FigActionState.getMinimumSize()
M:Dimension org.argouml.uml.diagram.activity.ui.FigActionState.getMinimumSize()
M:void org.argouml.uml.diagram.activity.ui.FigActionState.setStandardBounds(int, int, int, int)
P:96
P:192
P:117
P:36
M:Dimension org.argouml.uml.diagram.activity.ui.FigActionState.getMinimumSize()
M:boolean org.argouml.uml.diagram.activity.ui.FigActionState.isFilled()
M:Color org.argouml.uml.diagram.activity.ui.FigActionState.getFillColor()
M:int org.argouml.uml.diagram.activity.ui.FigActionState.getLineWidth()
M:Color org.argouml.uml.diagram.activity.ui.FigActionState.getLineColor()
M:boolean org.argouml.uml.diagram.activity.ui.FigActionState.isFilled()
M:Color org.argouml.uml.diagram.activity.ui.FigActionState.getFillColor()
M:int org.argouml.uml.diagram.activity.ui.FigActionState.getLineWidth()
M:Color org.argouml.uml.diagram.activity.ui.FigActionState.getLineColor()
M:Icon[] org.argouml.uml.diagram.activity.ui.SelectionActionState.getIcons()
