M:String org.argouml.uml.diagram.activity.ui.SelectionActionState.getInstructions(int)
P:13
M:Icon[] org.argouml.uml.diagram.activity.ui.SelectionActionState.getIcons()
M:Icon[] org.argouml.uml.diagram.activity.ui.SelectionActionState.getIcons()
M:String org.argouml.uml.diagram.activity.ui.SelectionActionState.getInstructions(int)
P:15
M:Object org.argouml.uml.diagram.activity.ui.SelectionActionState.getNewNodeType(int)
P:13
M:Object org.argouml.uml.diagram.activity.ui.SelectionActionState.getNewEdgeType(int)
P:13
M:boolean org.argouml.uml.diagram.activity.ui.SelectionActionState.isReverseEdge(int)
P:13
M:void org.argouml.uml.diagram.activity.ui.FigActionState.modelChanged(PropertyChangeEvent)
P:org.argouml.model.AddAssociationEvent[propertyName=incoming; oldValue=null; newValue=Transition$Impl  ID: 127-0-0-1--6ea64dac:1652aaa6566:-8000:0000000000000983  MID: 127-0-0-1--6ea64dac:1652aaa6566:-8000:0000000000000507  OPCKG: 127-0-0-1--6ea64dac:1652aaa6566:-8000:000000000000087B; propagationId=null; source=ActionState$Impl  ID: 127-0-0-1--6ea64dac:1652aaa6566:-8000:0000000000000982  MID: 127-0-0-1--6ea64dac:1652aaa6566:-8000:00000000000005E9  OPCKG: 127-0-0-1--6ea64dac:1652aaa6566:-8000:000000000000087B]: org.netbeans.api.mdr.events.AssociationEvent[source=AIncomingTarget$Impl  ID: 127-0-0-1--6ea64dac:1652aaa6566:-8000:0000000000000939  MID: 127-0-0-1--6ea64dac:1652aaa6566:-8000:0000000000000549  OPCKG: 127-0-0-1--6ea64dac:1652aaa6566:-8000:000000000000087B]
M:void org.argouml.uml.diagram.activity.ui.FigActionState.modelChanged(PropertyChangeEvent)
P:org.argouml.model.AttributeChangeEvent[propertyName=incoming; oldValue=null; newValue=Transition$Impl  ID: 127-0-0-1--6ea64dac:1652aaa6566:-8000:0000000000000983  MID: 127-0-0-1--6ea64dac:1652aaa6566:-8000:0000000000000507  OPCKG: 127-0-0-1--6ea64dac:1652aaa6566:-8000:000000000000087B; propagationId=null; source=ActionState$Impl  ID: 127-0-0-1--6ea64dac:1652aaa6566:-8000:0000000000000982  MID: 127-0-0-1--6ea64dac:1652aaa6566:-8000:00000000000005E9  OPCKG: 127-0-0-1--6ea64dac:1652aaa6566:-8000:000000000000087B]: org.netbeans.api.mdr.events.AssociationEvent[source=AIncomingTarget$Impl  ID: 127-0-0-1--6ea64dac:1652aaa6566:-8000:0000000000000939  MID: 127-0-0-1--6ea64dac:1652aaa6566:-8000:0000000000000549  OPCKG: 127-0-0-1--6ea64dac:1652aaa6566:-8000:000000000000087B]
M:Dimension org.argouml.uml.diagram.activity.ui.FigActionState.getMinimumSize()
M:Dimension org.argouml.uml.diagram.activity.ui.FigActionState.getMinimumSize()
M:FigNode org.argouml.uml.diagram.activity.ui.ActivityDiagramRenderer.getFigNodeFor(GraphModel, Layer, Object, Map)
P:org.argouml.uml.diagram.activity.ActivityDiagramGraphModel@45c110fc
P:org.tigris.gef.base.LayerPerspectiveMutable@3464b85d[untitledModel]
P:Pseudostate$Impl  ID: 127-0-0-1--6ea64dac:1652aaa6566:-8000:0000000000000984  MID: 127-0-0-1--6ea64dac:1652aaa6566:-8000:0000000000000511  OPCKG: 127-0-0-1--6ea64dac:1652aaa6566:-8000:000000000000087B
M:boolean org.argouml.uml.diagram.activity.ui.UMLActivityDiagram.doesAccept(Object)
P:Pseudostate$Impl  ID: 127-0-0-1--6ea64dac:1652aaa6566:-8000:0000000000000984  MID: 127-0-0-1--6ea64dac:1652aaa6566:-8000:0000000000000511  OPCKG: 127-0-0-1--6ea64dac:1652aaa6566:-8000:000000000000087B
M:DiagramElement org.argouml.uml.diagram.activity.ui.UMLActivityDiagram.createDiagramElement(Object, Rectangle)
P:Pseudostate$Impl  ID: 127-0-0-1--6ea64dac:1652aaa6566:-8000:0000000000000984  MID: 127-0-0-1--6ea64dac:1652aaa6566:-8000:0000000000000511  OPCKG: 127-0-0-1--6ea64dac:1652aaa6566:-8000:000000000000087B
M:void org.argouml.uml.diagram.activity.ui.UMLActivityDiagram.encloserChanged(FigNode, FigNode, FigNode)
P:org.argouml.uml.diagram.state.ui.FigJoinState@26907108
M:Icon[] org.argouml.uml.diagram.activity.ui.SelectionActionState.getIcons()
M:Icon[] org.argouml.uml.diagram.activity.ui.SelectionActionState.getIcons()
M:Icon[] org.argouml.uml.diagram.activity.ui.SelectionActionState.getIcons()
M:Icon[] org.argouml.uml.diagram.activity.ui.SelectionActionState.getIcons()
M:String org.argouml.uml.diagram.activity.ui.SelectionActionState.getInstructions(int)
P:15
M:void org.argouml.uml.diagram.activity.ui.UMLActivityDiagram.encloserChanged(FigNode, FigNode, FigNode)
P:org.argouml.uml.diagram.state.ui.FigJoinState@26907108
M:Icon[] org.argouml.uml.diagram.activity.ui.SelectionActionState.getIcons()
M:Icon[] org.argouml.uml.diagram.activity.ui.SelectionActionState.getIcons()
M:String org.argouml.uml.diagram.activity.ui.SelectionActionState.getInstructions(int)
P:15
M:Icon[] org.argouml.uml.diagram.activity.ui.SelectionActionState.getIcons()
M:void org.argouml.uml.diagram.activity.ui.UMLActivityDiagram.encloserChanged(FigNode, FigNode, FigNode)
P:org.argouml.uml.diagram.state.ui.FigJoinState@26907108
M:boolean org.argouml.uml.diagram.activity.ui.FigActionState.isFilled()
M:Color org.argouml.uml.diagram.activity.ui.FigActionState.getFillColor()
M:int org.argouml.uml.diagram.activity.ui.FigActionState.getLineWidth()
M:Color org.argouml.uml.diagram.activity.ui.FigActionState.getLineColor()
