S:F;T;T;T;T;T;F;T;T;F;U;T;U;T;F;T;F;F;F;T;T;T;F;T;T;F;F;T;F;F;T;F;F;T;F;F;T;F;T;F;T;T;T;F;U;T;F;F;T;T;F;T;T;T;T;T;T;F;F;T;T;F;T;F;F;F;F;F;T;F;T;F;T;U;U;F;U;U;T;F;F;T;F;F;F;T;T;F;F;F;T;F;T;T;T;F;F;F;T;F;F;F;F;T;F;F;T;F;F;T;F;F;T;T;F;F;F;F;F;F;F;F;F;F;F;T;F;T;F;F;F;T;T;F;F;F;T;F;T;T;F;F;F;F;F;F;F;F;F;T;T;F;T;T;F;U;U;T;T
A:clickOnFigPartition
M:FigNode org.argouml.uml.diagram.activity.ui.ActivityDiagramRenderer.getFigNodeFor(GraphModel, Layer, Object, Map)
P:org.argouml.uml.diagram.activity.ActivityDiagramGraphModel@63ef1d8b
P:org.tigris.gef.base.LayerPerspectiveMutable@3f990577[untitledModel]
P:Pseudostate$Impl  ID: -64--88-1-3-4668002:16506171337:-8000:000000000000098D  MID: -64--88-1-3-4668002:16506171337:-8000:0000000000000511  OPCKG: -64--88-1-3-4668002:16506171337:-8000:000000000000087F
M:boolean org.argouml.uml.diagram.activity.ui.UMLActivityDiagram.doesAccept(Object)
P:Pseudostate$Impl  ID: -64--88-1-3-4668002:16506171337:-8000:000000000000098D  MID: -64--88-1-3-4668002:16506171337:-8000:0000000000000511  OPCKG: -64--88-1-3-4668002:16506171337:-8000:000000000000087F
M:DiagramElement org.argouml.uml.diagram.activity.ui.UMLActivityDiagram.createDiagramElement(Object, Rectangle)
P:Pseudostate$Impl  ID: -64--88-1-3-4668002:16506171337:-8000:000000000000098D  MID: -64--88-1-3-4668002:16506171337:-8000:0000000000000511  OPCKG: -64--88-1-3-4668002:16506171337:-8000:000000000000087F
M:boolean org.argouml.uml.diagram.activity.ui.FigPool.getUseTrapRect()
M:void org.argouml.uml.diagram.activity.ui.UMLActivityDiagram.encloserChanged(FigNode, FigNode, FigNode)
P:org.argouml.uml.diagram.state.ui.FigJoinState@5747db29
P:org.argouml.uml.diagram.activity.ui.FigPool@47d81b44
M:void org.argouml.uml.diagram.activity.ui.UMLActivityDiagram.changePartition(FigNode)
P:org.argouml.uml.diagram.state.ui.FigJoinState@5747db29
M:boolean org.argouml.uml.diagram.activity.ui.UMLActivityDiagram.isStateInPartition(Object, Object)
P:Pseudostate$Impl  ID: -64--88-1-3-4668002:16506171337:-8000:000000000000098D  MID: -64--88-1-3-4668002:16506171337:-8000:0000000000000511  OPCKG: -64--88-1-3-4668002:16506171337:-8000:000000000000087F
P:Partition$Impl  ID: -64--88-1-3-4668002:16506171337:-8000:000000000000097D  MID: -64--88-1-3-4668002:16506171337:-8000:00000000000005DF  OPCKG: -64--88-1-3-4668002:16506171337:-8000:000000000000087F
M:boolean org.argouml.uml.diagram.activity.ui.UMLActivityDiagram.isStateInPartition(Object, Object)
P:Pseudostate$Impl  ID: -64--88-1-3-4668002:16506171337:-8000:000000000000098D  MID: -64--88-1-3-4668002:16506171337:-8000:0000000000000511  OPCKG: -64--88-1-3-4668002:16506171337:-8000:000000000000087F
P:Partition$Impl  ID: -64--88-1-3-4668002:16506171337:-8000:000000000000097F  MID: -64--88-1-3-4668002:16506171337:-8000:00000000000005DF  OPCKG: -64--88-1-3-4668002:16506171337:-8000:000000000000087F
M:void org.argouml.uml.diagram.activity.ui.FigPool.addEnclosedFig(Fig)
P:org.argouml.uml.diagram.state.ui.FigJoinState@5747db29
M:Icon[] org.argouml.uml.diagram.activity.ui.SelectionActionState.getIcons()
M:Dimension org.argouml.uml.diagram.activity.ui.FigPartition.getMinimumSize()
M:Dimension org.argouml.uml.diagram.activity.ui.FigPartition.getMinimumSize()
M:Dimension org.argouml.uml.diagram.activity.ui.FigPartition.getMinimumSize()
M:Dimension org.argouml.uml.diagram.activity.ui.FigPartition.getMinimumSize()
M:Icon[] org.argouml.uml.diagram.activity.ui.SelectionActionState.getIcons()
M:Icon[] org.argouml.uml.diagram.activity.ui.SelectionActionState.getIcons()
M:Icon[] org.argouml.uml.diagram.activity.ui.SelectionActionState.getIcons()
M:String org.argouml.uml.diagram.activity.ui.SelectionActionState.getInstructions(int)
P:15
S:F;T;T;T;T;T;F;T;T;F;U;T;U;T;F;T;F;F;F;T;T;T;F;T;T;F;F;T;F;F;T;F;F;T;F;F;T;F;T;F;T;T;T;F;U;T;F;F;T;T;F;T;T;T;T;T;T;F;F;T;T;F;T;F;F;F;F;F;T;F;T;F;T;U;U;F;U;U;T;F;F;T;F;F;F;T;T;F;F;F;T;F;T;T;T;F;F;F;T;F;F;F;F;T;F;F;T;F;F;T;F;F;T;T;F;F;F;F;F;F;F;F;F;F;F;T;F;T;F;F;F;T;T;F;F;F;T;F;T;T;F;F;F;F;F;F;F;F;F;T;T;F;T;T;F;T;U;T;T
