M:String org.argouml.uml.diagram.activity.ui.SelectionActionState.getInstructions(int)
P:13
M:Icon[] org.argouml.uml.diagram.activity.ui.SelectionActionState.getIcons()
M:Icon[] org.argouml.uml.diagram.activity.ui.SelectionActionState.getIcons()
M:String org.argouml.uml.diagram.activity.ui.SelectionActionState.getInstructions(int)
P:13
M:Icon[] org.argouml.uml.diagram.activity.ui.SelectionActionState.getIcons()
M:String org.argouml.uml.diagram.activity.ui.SelectionActionState.getInstructions(int)
P:15
M:Object org.argouml.uml.diagram.activity.ui.SelectionActionState.getNewNodeType(int)
P:13
M:Object org.argouml.uml.diagram.activity.ui.SelectionActionState.getNewEdgeType(int)
P:13
M:boolean org.argouml.uml.diagram.activity.ui.SelectionActionState.isReverseEdge(int)
P:13
M:void org.argouml.uml.diagram.activity.ui.FigActionState.modelChanged(PropertyChangeEvent)
P:org.argouml.model.AddAssociationEvent[propertyName=outgoing; oldValue=null; newValue=Transition$Impl  ID: 127-0-0-1-6e4bede1:16528ffc500:-8000:0000000000000978  MID: 127-0-0-1-6e4bede1:16528ffc500:-8000:0000000000000507  OPCKG: 127-0-0-1-6e4bede1:16528ffc500:-8000:0000000000000874; propagationId=null; source=ActionState$Impl  ID: 127-0-0-1-6e4bede1:16528ffc500:-8000:0000000000000975  MID: 127-0-0-1-6e4bede1:16528ffc500:-8000:00000000000005E9  OPCKG: 127-0-0-1-6e4bede1:16528ffc500:-8000:0000000000000874]: org.netbeans.api.mdr.events.AssociationEvent[source=AOutgoingSource$Impl  ID: 127-0-0-1-6e4bede1:16528ffc500:-8000:0000000000000931  MID: 127-0-0-1-6e4bede1:16528ffc500:-8000:0000000000000546  OPCKG: 127-0-0-1-6e4bede1:16528ffc500:-8000:0000000000000874]
M:void org.argouml.uml.diagram.activity.ui.FigActionState.modelChanged(PropertyChangeEvent)
P:org.argouml.model.AttributeChangeEvent[propertyName=outgoing; oldValue=null; newValue=Transition$Impl  ID: 127-0-0-1-6e4bede1:16528ffc500:-8000:0000000000000978  MID: 127-0-0-1-6e4bede1:16528ffc500:-8000:0000000000000507  OPCKG: 127-0-0-1-6e4bede1:16528ffc500:-8000:0000000000000874; propagationId=null; source=ActionState$Impl  ID: 127-0-0-1-6e4bede1:16528ffc500:-8000:0000000000000975  MID: 127-0-0-1-6e4bede1:16528ffc500:-8000:00000000000005E9  OPCKG: 127-0-0-1-6e4bede1:16528ffc500:-8000:0000000000000874]: org.netbeans.api.mdr.events.AssociationEvent[source=AOutgoingSource$Impl  ID: 127-0-0-1-6e4bede1:16528ffc500:-8000:0000000000000931  MID: 127-0-0-1-6e4bede1:16528ffc500:-8000:0000000000000546  OPCKG: 127-0-0-1-6e4bede1:16528ffc500:-8000:0000000000000874]
M:Dimension org.argouml.uml.diagram.activity.ui.FigActionState.getMinimumSize()
M:Dimension org.argouml.uml.diagram.activity.ui.FigActionState.getMinimumSize()
M:FigNode org.argouml.uml.diagram.activity.ui.ActivityDiagramRenderer.getFigNodeFor(GraphModel, Layer, Object, Map)
P:org.argouml.uml.diagram.activity.ActivityDiagramGraphModel@2fd90617
P:org.tigris.gef.base.LayerPerspectiveMutable@7bb9f0d3[untitledModel]
P:ActionState$Impl  ID: 127-0-0-1-6e4bede1:16528ffc500:-8000:0000000000000979  MID: 127-0-0-1-6e4bede1:16528ffc500:-8000:00000000000005E9  OPCKG: 127-0-0-1-6e4bede1:16528ffc500:-8000:0000000000000874
M:boolean org.argouml.uml.diagram.activity.ui.UMLActivityDiagram.doesAccept(Object)
P:ActionState$Impl  ID: 127-0-0-1-6e4bede1:16528ffc500:-8000:0000000000000979  MID: 127-0-0-1-6e4bede1:16528ffc500:-8000:00000000000005E9  OPCKG: 127-0-0-1-6e4bede1:16528ffc500:-8000:0000000000000874
M:DiagramElement org.argouml.uml.diagram.activity.ui.UMLActivityDiagram.createDiagramElement(Object, Rectangle)
P:ActionState$Impl  ID: 127-0-0-1-6e4bede1:16528ffc500:-8000:0000000000000979  MID: 127-0-0-1-6e4bede1:16528ffc500:-8000:00000000000005E9  OPCKG: 127-0-0-1-6e4bede1:16528ffc500:-8000:0000000000000874
M:Fig org.argouml.uml.diagram.activity.ui.FigActionState.createBigPortFig()
M:int org.argouml.uml.diagram.activity.ui.FigActionState.getNotationProviderType()
M:void org.argouml.uml.diagram.activity.ui.FigActionState.initializeActionState()
M:void org.argouml.uml.diagram.activity.ui.FigActionState.setStandardBounds(int, int, int, int)
P:10
P:10
P:117
P:30
M:void org.argouml.uml.diagram.activity.ui.UMLActivityDiagram.encloserChanged(FigNode, FigNode, FigNode)
P:org.argouml.uml.diagram.activity.ui.FigActionState@6689db93
M:void org.argouml.uml.diagram.activity.ui.FigActionState.modelChanged(PropertyChangeEvent)
P:org.argouml.model.AddAssociationEvent[propertyName=container; oldValue=null; newValue=CompositeState$Impl  ID: 127-0-0-1-6e4bede1:16528ffc500:-8000:0000000000000971  MID: 127-0-0-1-6e4bede1:16528ffc500:-8000:000000000000050A  OPCKG: 127-0-0-1-6e4bede1:16528ffc500:-8000:0000000000000874; propagationId=null; source=ActionState$Impl  ID: 127-0-0-1-6e4bede1:16528ffc500:-8000:0000000000000979  MID: 127-0-0-1-6e4bede1:16528ffc500:-8000:00000000000005E9  OPCKG: 127-0-0-1-6e4bede1:16528ffc500:-8000:0000000000000874]: org.netbeans.api.mdr.events.AssociationEvent[source=AContainerSubvertex$Impl  ID: 127-0-0-1-6e4bede1:16528ffc500:-8000:000000000000092C  MID: 127-0-0-1-6e4bede1:16528ffc500:-8000:0000000000000537  OPCKG: 127-0-0-1-6e4bede1:16528ffc500:-8000:0000000000000874]
M:int org.argouml.uml.diagram.activity.ui.FigActionState.getNotationProviderType()
M:Dimension org.argouml.uml.diagram.activity.ui.FigActionState.getMinimumSize()
M:void org.argouml.uml.diagram.activity.ui.FigActionState.setStandardBounds(int, int, int, int)
P:680
P:168
P:117
P:36
M:Dimension org.argouml.uml.diagram.activity.ui.FigActionState.getMinimumSize()
M:void org.argouml.uml.diagram.activity.ui.FigActionState.setStandardBounds(int, int, int, int)
P:680
P:168
P:117
P:36
M:Dimension org.argouml.uml.diagram.activity.ui.FigActionState.getMinimumSize()
M:void org.argouml.uml.diagram.activity.ui.FigActionState.modelChanged(PropertyChangeEvent)
P:org.argouml.model.AttributeChangeEvent[propertyName=container; oldValue=null; newValue=CompositeState$Impl  ID: 127-0-0-1-6e4bede1:16528ffc500:-8000:0000000000000971  MID: 127-0-0-1-6e4bede1:16528ffc500:-8000:000000000000050A  OPCKG: 127-0-0-1-6e4bede1:16528ffc500:-8000:0000000000000874; propagationId=null; source=ActionState$Impl  ID: 127-0-0-1-6e4bede1:16528ffc500:-8000:0000000000000979  MID: 127-0-0-1-6e4bede1:16528ffc500:-8000:00000000000005E9  OPCKG: 127-0-0-1-6e4bede1:16528ffc500:-8000:0000000000000874]: org.netbeans.api.mdr.events.AssociationEvent[source=AContainerSubvertex$Impl  ID: 127-0-0-1-6e4bede1:16528ffc500:-8000:000000000000092C  MID: 127-0-0-1-6e4bede1:16528ffc500:-8000:0000000000000537  OPCKG: 127-0-0-1-6e4bede1:16528ffc500:-8000:0000000000000874]
M:int org.argouml.uml.diagram.activity.ui.FigActionState.getNotationProviderType()
M:Dimension org.argouml.uml.diagram.activity.ui.FigActionState.getMinimumSize()
