M:Object org.argouml.uml.diagram.activity.ui.SelectionActionState.getNewEdgeType(int)
P:13
M:boolean org.argouml.uml.diagram.activity.ui.SelectionActionState.isReverseEdge(int)
P:13
M:void org.argouml.uml.diagram.activity.ui.FigActionState.modelChanged(PropertyChangeEvent)
P:org.argouml.model.AddAssociationEvent[propertyName=incoming; oldValue=null; newValue=Transition$Impl  ID: 127-0-0-1-28d8d66c:165293ed497:-8000:000000000000097B  MID: 127-0-0-1-28d8d66c:165293ed497:-8000:0000000000000507  OPCKG: 127-0-0-1-28d8d66c:165293ed497:-8000:000000000000087B; propagationId=null; source=ActionState$Impl  ID: 127-0-0-1-28d8d66c:165293ed497:-8000:000000000000097A  MID: 127-0-0-1-28d8d66c:165293ed497:-8000:00000000000005E9  OPCKG: 127-0-0-1-28d8d66c:165293ed497:-8000:000000000000087B]: org.netbeans.api.mdr.events.AssociationEvent[source=AIncomingTarget$Impl  ID: 127-0-0-1-28d8d66c:165293ed497:-8000:0000000000000939  MID: 127-0-0-1-28d8d66c:165293ed497:-8000:0000000000000549  OPCKG: 127-0-0-1-28d8d66c:165293ed497:-8000:000000000000087B]
M:void org.argouml.uml.diagram.activity.ui.FigActionState.modelChanged(PropertyChangeEvent)
P:org.argouml.model.AttributeChangeEvent[propertyName=incoming; oldValue=null; newValue=Transition$Impl  ID: 127-0-0-1-28d8d66c:165293ed497:-8000:000000000000097B  MID: 127-0-0-1-28d8d66c:165293ed497:-8000:0000000000000507  OPCKG: 127-0-0-1-28d8d66c:165293ed497:-8000:000000000000087B; propagationId=null; source=ActionState$Impl  ID: 127-0-0-1-28d8d66c:165293ed497:-8000:000000000000097A  MID: 127-0-0-1-28d8d66c:165293ed497:-8000:00000000000005E9  OPCKG: 127-0-0-1-28d8d66c:165293ed497:-8000:000000000000087B]: org.netbeans.api.mdr.events.AssociationEvent[source=AIncomingTarget$Impl  ID: 127-0-0-1-28d8d66c:165293ed497:-8000:0000000000000939  MID: 127-0-0-1-28d8d66c:165293ed497:-8000:0000000000000549  OPCKG: 127-0-0-1-28d8d66c:165293ed497:-8000:000000000000087B]
M:Dimension org.argouml.uml.diagram.activity.ui.FigActionState.getMinimumSize()
M:Dimension org.argouml.uml.diagram.activity.ui.FigActionState.getMinimumSize()
M:FigNode org.argouml.uml.diagram.activity.ui.ActivityDiagramRenderer.getFigNodeFor(GraphModel, Layer, Object, Map)
P:org.argouml.uml.diagram.activity.ActivityDiagramGraphModel@159bf36c
P:org.tigris.gef.base.LayerPerspectiveMutable@76451b18[untitledModel]
P:CallState$Impl  ID: 127-0-0-1-28d8d66c:165293ed497:-8000:000000000000097C  MID: 127-0-0-1-28d8d66c:165293ed497:-8000:00000000000005EA  OPCKG: 127-0-0-1-28d8d66c:165293ed497:-8000:000000000000087B
M:boolean org.argouml.uml.diagram.activity.ui.UMLActivityDiagram.doesAccept(Object)
P:CallState$Impl  ID: 127-0-0-1-28d8d66c:165293ed497:-8000:000000000000097C  MID: 127-0-0-1-28d8d66c:165293ed497:-8000:00000000000005EA  OPCKG: 127-0-0-1-28d8d66c:165293ed497:-8000:000000000000087B
M:DiagramElement org.argouml.uml.diagram.activity.ui.UMLActivityDiagram.createDiagramElement(Object, Rectangle)
P:CallState$Impl  ID: 127-0-0-1-28d8d66c:165293ed497:-8000:000000000000097C  MID: 127-0-0-1-28d8d66c:165293ed497:-8000:00000000000005EA  OPCKG: 127-0-0-1-28d8d66c:165293ed497:-8000:000000000000087B
M:Fig org.argouml.uml.diagram.activity.ui.FigActionState.createBigPortFig()
M:int org.argouml.uml.diagram.activity.ui.FigActionState.getNotationProviderType()
M:void org.argouml.uml.diagram.activity.ui.FigActionState.initializeActionState()
M:void org.argouml.uml.diagram.activity.ui.FigActionState.setStandardBounds(int, int, int, int)
P:10
P:10
P:100
P:30
M:void org.argouml.uml.diagram.activity.ui.UMLActivityDiagram.encloserChanged(FigNode, FigNode, FigNode)
P:org.argouml.uml.diagram.activity.ui.FigActionState@43a2e9b0
M:void org.argouml.uml.diagram.activity.ui.FigActionState.modelChanged(PropertyChangeEvent)
P:org.argouml.model.AddAssociationEvent[propertyName=container; oldValue=null; newValue=CompositeState$Impl  ID: 127-0-0-1-28d8d66c:165293ed497:-8000:0000000000000978  MID: 127-0-0-1-28d8d66c:165293ed497:-8000:000000000000050A  OPCKG: 127-0-0-1-28d8d66c:165293ed497:-8000:000000000000087B; propagationId=null; source=CallState$Impl  ID: 127-0-0-1-28d8d66c:165293ed497:-8000:000000000000097C  MID: 127-0-0-1-28d8d66c:165293ed497:-8000:00000000000005EA  OPCKG: 127-0-0-1-28d8d66c:165293ed497:-8000:000000000000087B]: org.netbeans.api.mdr.events.AssociationEvent[source=AContainerSubvertex$Impl  ID: 127-0-0-1-28d8d66c:165293ed497:-8000:0000000000000933  MID: 127-0-0-1-28d8d66c:165293ed497:-8000:0000000000000537  OPCKG: 127-0-0-1-28d8d66c:165293ed497:-8000:000000000000087B]
M:int org.argouml.uml.diagram.activity.ui.FigActionState.getNotationProviderType()
M:Dimension org.argouml.uml.diagram.activity.ui.FigActionState.getMinimumSize()
M:void org.argouml.uml.diagram.activity.ui.FigActionState.setStandardBounds(int, int, int, int)
P:128
P:96
P:100
P:36
M:Dimension org.argouml.uml.diagram.activity.ui.FigActionState.getMinimumSize()
M:void org.argouml.uml.diagram.activity.ui.FigActionState.setStandardBounds(int, int, int, int)
P:128
P:96
P:100
P:36
M:Dimension org.argouml.uml.diagram.activity.ui.FigActionState.getMinimumSize()
M:void org.argouml.uml.diagram.activity.ui.FigActionState.modelChanged(PropertyChangeEvent)
P:org.argouml.model.AttributeChangeEvent[propertyName=container; oldValue=null; newValue=CompositeState$Impl  ID: 127-0-0-1-28d8d66c:165293ed497:-8000:0000000000000978  MID: 127-0-0-1-28d8d66c:165293ed497:-8000:000000000000050A  OPCKG: 127-0-0-1-28d8d66c:165293ed497:-8000:000000000000087B; propagationId=null; source=CallState$Impl  ID: 127-0-0-1-28d8d66c:165293ed497:-8000:000000000000097C  MID: 127-0-0-1-28d8d66c:165293ed497:-8000:00000000000005EA  OPCKG: 127-0-0-1-28d8d66c:165293ed497:-8000:000000000000087B]: org.netbeans.api.mdr.events.AssociationEvent[source=AContainerSubvertex$Impl  ID: 127-0-0-1-28d8d66c:165293ed497:-8000:0000000000000933  MID: 127-0-0-1-28d8d66c:165293ed497:-8000:0000000000000537  OPCKG: 127-0-0-1-28d8d66c:165293ed497:-8000:000000000000087B]
M:int org.argouml.uml.diagram.activity.ui.FigActionState.getNotationProviderType()
M:Dimension org.argouml.uml.diagram.activity.ui.FigActionState.getMinimumSize()
M:Dimension org.argouml.uml.diagram.activity.ui.FigActionState.getMinimumSize()
M:void org.argouml.uml.diagram.activity.ui.FigActionState.setStandardBounds(int, int, int, int)
P:128
P:96
P:100
P:36
M:Dimension org.argouml.uml.diagram.activity.ui.FigActionState.getMinimumSize()
M:boolean org.argouml.uml.diagram.activity.ui.FigActionState.isFilled()
M:Color org.argouml.uml.diagram.activity.ui.FigActionState.getFillColor()
M:int org.argouml.uml.diagram.activity.ui.FigActionState.getLineWidth()
