M:Icon[] org.argouml.uml.diagram.activity.ui.SelectionActionState.getIcons()
M:Icon[] org.argouml.uml.diagram.activity.ui.SelectionActionState.getIcons()
M:String org.argouml.uml.diagram.activity.ui.SelectionActionState.getInstructions(int)
P:13
M:Icon[] org.argouml.uml.diagram.activity.ui.SelectionActionState.getIcons()
M:String org.argouml.uml.diagram.activity.ui.SelectionActionState.getInstructions(int)
P:13
M:Icon[] org.argouml.uml.diagram.activity.ui.SelectionActionState.getIcons()
M:String org.argouml.uml.diagram.activity.ui.SelectionActionState.getInstructions(int)
P:13
M:Icon[] org.argouml.uml.diagram.activity.ui.SelectionActionState.getIcons()
M:String org.argouml.uml.diagram.activity.ui.SelectionActionState.getInstructions(int)
P:13
M:Icon[] org.argouml.uml.diagram.activity.ui.SelectionActionState.getIcons()
M:String org.argouml.uml.diagram.activity.ui.SelectionActionState.getInstructions(int)
P:13
M:Icon[] org.argouml.uml.diagram.activity.ui.SelectionActionState.getIcons()
M:Icon[] org.argouml.uml.diagram.activity.ui.SelectionActionState.getIcons()
M:String org.argouml.uml.diagram.activity.ui.SelectionActionState.getInstructions(int)
P:13
M:Icon[] org.argouml.uml.diagram.activity.ui.SelectionActionState.getIcons()
M:String org.argouml.uml.diagram.activity.ui.SelectionActionState.getInstructions(int)
P:15
M:Object org.argouml.uml.diagram.activity.ui.SelectionActionState.getNewNodeType(int)
P:13
M:Object org.argouml.uml.diagram.activity.ui.SelectionActionState.getNewEdgeType(int)
P:13
M:boolean org.argouml.uml.diagram.activity.ui.SelectionActionState.isReverseEdge(int)
P:13
M:void org.argouml.uml.diagram.activity.ui.FigActionState.modelChanged(PropertyChangeEvent)
P:org.argouml.model.AddAssociationEvent[propertyName=incoming; oldValue=null; newValue=Transition$Impl  ID: -84-20-10-3--5cdc22fa:165296fcad2:-8000:000000000000097B  MID: -84-20-10-3--5cdc22fa:165296fcad2:-8000:0000000000000507  OPCKG: -84-20-10-3--5cdc22fa:165296fcad2:-8000:000000000000087B; propagationId=null; source=ActionState$Impl  ID: -84-20-10-3--5cdc22fa:165296fcad2:-8000:000000000000097A  MID: -84-20-10-3--5cdc22fa:165296fcad2:-8000:00000000000005E9  OPCKG: -84-20-10-3--5cdc22fa:165296fcad2:-8000:000000000000087B]: org.netbeans.api.mdr.events.AssociationEvent[source=AIncomingTarget$Impl  ID: -84-20-10-3--5cdc22fa:165296fcad2:-8000:0000000000000939  MID: -84-20-10-3--5cdc22fa:165296fcad2:-8000:0000000000000549  OPCKG: -84-20-10-3--5cdc22fa:165296fcad2:-8000:000000000000087B]
M:void org.argouml.uml.diagram.activity.ui.FigActionState.modelChanged(PropertyChangeEvent)
P:org.argouml.model.AttributeChangeEvent[propertyName=incoming; oldValue=null; newValue=Transition$Impl  ID: -84-20-10-3--5cdc22fa:165296fcad2:-8000:000000000000097B  MID: -84-20-10-3--5cdc22fa:165296fcad2:-8000:0000000000000507  OPCKG: -84-20-10-3--5cdc22fa:165296fcad2:-8000:000000000000087B; propagationId=null; source=ActionState$Impl  ID: -84-20-10-3--5cdc22fa:165296fcad2:-8000:000000000000097A  MID: -84-20-10-3--5cdc22fa:165296fcad2:-8000:00000000000005E9  OPCKG: -84-20-10-3--5cdc22fa:165296fcad2:-8000:000000000000087B]: org.netbeans.api.mdr.events.AssociationEvent[source=AIncomingTarget$Impl  ID: -84-20-10-3--5cdc22fa:165296fcad2:-8000:0000000000000939  MID: -84-20-10-3--5cdc22fa:165296fcad2:-8000:0000000000000549  OPCKG: -84-20-10-3--5cdc22fa:165296fcad2:-8000:000000000000087B]
M:Dimension org.argouml.uml.diagram.activity.ui.FigActionState.getMinimumSize()
M:Dimension org.argouml.uml.diagram.activity.ui.FigActionState.getMinimumSize()
M:FigNode org.argouml.uml.diagram.activity.ui.ActivityDiagramRenderer.getFigNodeFor(GraphModel, Layer, Object, Map)
P:org.argouml.uml.diagram.activity.ActivityDiagramGraphModel@6ce8f639
P:org.tigris.gef.base.LayerPerspectiveMutable@2e1c05b[untitledModel]
P:CallState$Impl  ID: -84-20-10-3--5cdc22fa:165296fcad2:-8000:000000000000097C  MID: -84-20-10-3--5cdc22fa:165296fcad2:-8000:00000000000005EA  OPCKG: -84-20-10-3--5cdc22fa:165296fcad2:-8000:000000000000087B
M:boolean org.argouml.uml.diagram.activity.ui.UMLActivityDiagram.doesAccept(Object)
P:CallState$Impl  ID: -84-20-10-3--5cdc22fa:165296fcad2:-8000:000000000000097C  MID: -84-20-10-3--5cdc22fa:165296fcad2:-8000:00000000000005EA  OPCKG: -84-20-10-3--5cdc22fa:165296fcad2:-8000:000000000000087B
M:DiagramElement org.argouml.uml.diagram.activity.ui.UMLActivityDiagram.createDiagramElement(Object, Rectangle)
P:CallState$Impl  ID: -84-20-10-3--5cdc22fa:165296fcad2:-8000:000000000000097C  MID: -84-20-10-3--5cdc22fa:165296fcad2:-8000:00000000000005EA  OPCKG: -84-20-10-3--5cdc22fa:165296fcad2:-8000:000000000000087B
M:Fig org.argouml.uml.diagram.activity.ui.FigActionState.createBigPortFig()
M:int org.argouml.uml.diagram.activity.ui.FigActionState.getNotationProviderType()
M:void org.argouml.uml.diagram.activity.ui.FigActionState.initializeActionState()
M:void org.argouml.uml.diagram.activity.ui.FigActionState.setStandardBounds(int, int, int, int)
P:10
P:10
P:100
P:30
