M:Icon[] org.argouml.uml.diagram.activity.ui.SelectionActionState.getIcons()
M:String org.argouml.uml.diagram.activity.ui.SelectionActionState.getInstructions(int)
P:15
M:Icon[] org.argouml.uml.diagram.activity.ui.SelectionActionState.getIcons()
M:String org.argouml.uml.diagram.activity.ui.SelectionActionState.getInstructions(int)
P:15
M:Icon[] org.argouml.uml.diagram.activity.ui.SelectionActionState.getIcons()
M:void org.argouml.uml.diagram.activity.ui.UMLActivityDiagram.encloserChanged(FigNode, FigNode, FigNode)
P:org.argouml.uml.diagram.state.ui.FigForkState@182ffd4e
M:Icon[] org.argouml.uml.diagram.activity.ui.SelectionActionState.getIcons()
M:Icon[] org.argouml.uml.diagram.activity.ui.SelectionActionState.getIcons()
M:String org.argouml.uml.diagram.activity.ui.SelectionActionState.getInstructions(int)
P:13
M:Icon[] org.argouml.uml.diagram.activity.ui.SelectionActionState.getIcons()
M:String org.argouml.uml.diagram.activity.ui.SelectionActionState.getInstructions(int)
P:13
M:Icon[] org.argouml.uml.diagram.activity.ui.SelectionActionState.getIcons()
M:String org.argouml.uml.diagram.activity.ui.SelectionActionState.getInstructions(int)
P:13
M:Icon[] org.argouml.uml.diagram.activity.ui.SelectionActionState.getIcons()
M:String org.argouml.uml.diagram.activity.ui.SelectionActionState.getInstructions(int)
P:13
M:Icon[] org.argouml.uml.diagram.activity.ui.SelectionActionState.getIcons()
M:String org.argouml.uml.diagram.activity.ui.SelectionActionState.getInstructions(int)
P:13
M:Icon[] org.argouml.uml.diagram.activity.ui.SelectionActionState.getIcons()
M:Icon[] org.argouml.uml.diagram.activity.ui.SelectionActionState.getIcons()
M:String org.argouml.uml.diagram.activity.ui.SelectionActionState.getInstructions(int)
P:15
M:Object org.argouml.uml.diagram.activity.ui.SelectionActionState.getNewNodeType(int)
P:13
M:Object org.argouml.uml.diagram.activity.ui.SelectionActionState.getNewEdgeType(int)
P:13
M:boolean org.argouml.uml.diagram.activity.ui.SelectionActionState.isReverseEdge(int)
P:13
M:void org.argouml.uml.diagram.activity.ui.FigActionState.modelChanged(PropertyChangeEvent)
P:org.argouml.model.AddAssociationEvent[propertyName=incoming; oldValue=null; newValue=Transition$Impl  ID: -84-20-10-3--5cdc22fa:165296fcad2:-8000:0000000000000983  MID: -84-20-10-3--5cdc22fa:165296fcad2:-8000:0000000000000507  OPCKG: -84-20-10-3--5cdc22fa:165296fcad2:-8000:000000000000087B; propagationId=null; source=ActionState$Impl  ID: -84-20-10-3--5cdc22fa:165296fcad2:-8000:0000000000000982  MID: -84-20-10-3--5cdc22fa:165296fcad2:-8000:00000000000005E9  OPCKG: -84-20-10-3--5cdc22fa:165296fcad2:-8000:000000000000087B]: org.netbeans.api.mdr.events.AssociationEvent[source=AIncomingTarget$Impl  ID: -84-20-10-3--5cdc22fa:165296fcad2:-8000:0000000000000939  MID: -84-20-10-3--5cdc22fa:165296fcad2:-8000:0000000000000549  OPCKG: -84-20-10-3--5cdc22fa:165296fcad2:-8000:000000000000087B]
M:void org.argouml.uml.diagram.activity.ui.FigActionState.modelChanged(PropertyChangeEvent)
P:org.argouml.model.AttributeChangeEvent[propertyName=incoming; oldValue=null; newValue=Transition$Impl  ID: -84-20-10-3--5cdc22fa:165296fcad2:-8000:0000000000000983  MID: -84-20-10-3--5cdc22fa:165296fcad2:-8000:0000000000000507  OPCKG: -84-20-10-3--5cdc22fa:165296fcad2:-8000:000000000000087B; propagationId=null; source=ActionState$Impl  ID: -84-20-10-3--5cdc22fa:165296fcad2:-8000:0000000000000982  MID: -84-20-10-3--5cdc22fa:165296fcad2:-8000:00000000000005E9  OPCKG: -84-20-10-3--5cdc22fa:165296fcad2:-8000:000000000000087B]: org.netbeans.api.mdr.events.AssociationEvent[source=AIncomingTarget$Impl  ID: -84-20-10-3--5cdc22fa:165296fcad2:-8000:0000000000000939  MID: -84-20-10-3--5cdc22fa:165296fcad2:-8000:0000000000000549  OPCKG: -84-20-10-3--5cdc22fa:165296fcad2:-8000:000000000000087B]
M:Dimension org.argouml.uml.diagram.activity.ui.FigActionState.getMinimumSize()
M:Dimension org.argouml.uml.diagram.activity.ui.FigActionState.getMinimumSize()
M:FigNode org.argouml.uml.diagram.activity.ui.ActivityDiagramRenderer.getFigNodeFor(GraphModel, Layer, Object, Map)
P:org.argouml.uml.diagram.activity.ActivityDiagramGraphModel@6ce8f639
P:org.tigris.gef.base.LayerPerspectiveMutable@2e1c05b[untitledModel]
P:Pseudostate$Impl  ID: -84-20-10-3--5cdc22fa:165296fcad2:-8000:0000000000000984  MID: -84-20-10-3--5cdc22fa:165296fcad2:-8000:0000000000000511  OPCKG: -84-20-10-3--5cdc22fa:165296fcad2:-8000:000000000000087B
M:boolean org.argouml.uml.diagram.activity.ui.UMLActivityDiagram.doesAccept(Object)
P:Pseudostate$Impl  ID: -84-20-10-3--5cdc22fa:165296fcad2:-8000:0000000000000984  MID: -84-20-10-3--5cdc22fa:165296fcad2:-8000:0000000000000511  OPCKG: -84-20-10-3--5cdc22fa:165296fcad2:-8000:000000000000087B
M:DiagramElement org.argouml.uml.diagram.activity.ui.UMLActivityDiagram.createDiagramElement(Object, Rectangle)
P:Pseudostate$Impl  ID: -84-20-10-3--5cdc22fa:165296fcad2:-8000:0000000000000984  MID: -84-20-10-3--5cdc22fa:165296fcad2:-8000:0000000000000511  OPCKG: -84-20-10-3--5cdc22fa:165296fcad2:-8000:000000000000087B
M:Icon[] org.argouml.uml.diagram.activity.ui.SelectionActionState.getIcons()
M:String org.argouml.uml.diagram.activity.ui.SelectionActionState.getInstructions(int)
P:13
M:Icon[] org.argouml.uml.diagram.activity.ui.SelectionActionState.getIcons()
M:String org.argouml.uml.diagram.activity.ui.SelectionActionState.getInstructions(int)
P:15
M:Icon[] org.argouml.uml.diagram.activity.ui.SelectionActionState.getIcons()
M:Icon[] org.argouml.uml.diagram.activity.ui.SelectionActionState.getIcons()
M:Icon[] org.argouml.uml.diagram.activity.ui.SelectionActionState.getIcons()
M:FigNode org.argouml.uml.diagram.activity.ui.ActivityDiagramRenderer.getFigNodeFor(GraphModel, Layer, Object, Map)
P:org.argouml.uml.diagram.activity.ActivityDiagramGraphModel@6ce8f639
P:org.tigris.gef.base.LayerPerspectiveMutable@2e1c05b[untitledModel]
P:FinalState$Impl  ID: -84-20-10-3--5cdc22fa:165296fcad2:-8000:0000000000000989  MID: -84-20-10-3--5cdc22fa:165296fcad2:-8000:0000000000000519  OPCKG: -84-20-10-3--5cdc22fa:165296fcad2:-8000:000000000000087B
M:String org.argouml.uml.diagram.activity.ui.SelectionActionState.getInstructions(int)
P:13
M:Icon[] org.argouml.uml.diagram.activity.ui.SelectionActionState.getIcons()
M:String org.argouml.uml.diagram.activity.ui.SelectionActionState.getInstructions(int)
P:11
M:String org.argouml.uml.diagram.activity.ui.SelectionActionState.getInstructions(int)
P:11
