M:Action org.argouml.uml.diagram.activity.ui.UMLActivityDiagram.getActionChangeEvent()
M:Action org.argouml.uml.diagram.activity.ui.UMLActivityDiagram.getActionSignalEvent()
M:Action org.argouml.uml.diagram.activity.ui.UMLActivityDiagram.getActionTimeEvent()
M:Action org.argouml.uml.diagram.activity.ui.UMLActivityDiagram.getActionGuard()
M:Object[] org.argouml.uml.diagram.activity.ui.UMLActivityDiagram.getEffectActions()
M:Action org.argouml.uml.diagram.activity.ui.UMLActivityDiagram.getActionCallAction()
M:Action org.argouml.uml.diagram.activity.ui.UMLActivityDiagram.getActionCreateAction()
M:Action org.argouml.uml.diagram.activity.ui.UMLActivityDiagram.getActionDestroyAction()
M:Action org.argouml.uml.diagram.activity.ui.UMLActivityDiagram.getActionReturnAction()
M:Action org.argouml.uml.diagram.activity.ui.UMLActivityDiagram.getActionSendAction()
M:Action org.argouml.uml.diagram.activity.ui.UMLActivityDiagram.getActionTerminateAction()
M:Action org.argouml.uml.diagram.activity.ui.UMLActivityDiagram.getActionUninterpretedAction()
M:Action org.argouml.uml.diagram.activity.ui.UMLActivityDiagram.getActionActionSequence()
M:Mode org.argouml.uml.diagram.activity.ui.ActionCreatePartition.createMode(String)
P:Click to place New Swimlane
M:FigNode org.argouml.uml.diagram.activity.ui.ActivityDiagramRenderer.getFigNodeFor(GraphModel, Layer, Object, Map)
P:org.argouml.uml.diagram.activity.ActivityDiagramGraphModel@4307e0c1
P:org.tigris.gef.base.LayerPerspectiveMutable@28d8d846[untitledModel]
P:Partition$Impl  ID: -84-20-10-3--6084c27b:1652a132f32:-8000:0000000000000975  MID: -84-20-10-3--6084c27b:1652a132f32:-8000:00000000000005DF  OPCKG: -84-20-10-3--6084c27b:1652a132f32:-8000:0000000000000877
M:boolean org.argouml.uml.diagram.activity.ui.UMLActivityDiagram.doesAccept(Object)
P:Partition$Impl  ID: -84-20-10-3--6084c27b:1652a132f32:-8000:0000000000000975  MID: -84-20-10-3--6084c27b:1652a132f32:-8000:00000000000005DF  OPCKG: -84-20-10-3--6084c27b:1652a132f32:-8000:0000000000000877
M:DiagramElement org.argouml.uml.diagram.activity.ui.UMLActivityDiagram.createDiagramElement(Object, Rectangle)
P:Partition$Impl  ID: -84-20-10-3--6084c27b:1652a132f32:-8000:0000000000000975  MID: -84-20-10-3--6084c27b:1652a132f32:-8000:00000000000005DF  OPCKG: -84-20-10-3--6084c27b:1652a132f32:-8000:0000000000000877
M:Fig org.argouml.uml.diagram.activity.ui.FigPartition.createBigPortFig()
M:String org.argouml.uml.diagram.activity.ui.FigPartition.placeString()
M:String org.argouml.uml.diagram.activity.ui.FigPartition.placeString()
M:void org.argouml.uml.diagram.activity.ui.FigPartition.initFigs()
M:void org.argouml.uml.diagram.activity.ui.FigPartition.setFilled(boolean)
P:false
M:void org.argouml.uml.diagram.activity.ui.FigPartition.setStandardBounds(int, int, int, int)
P:10
P:10
P:160
P:290
M:void org.argouml.uml.diagram.activity.ui.ModePlacePartition.mouseReleased(MouseEvent)
P:java.awt.event.MouseEvent[MOUSE_RELEASED,(43,24),absolute(361,132),button=1,modifiers=Button1,clickCount=1] on org.tigris.gef.graph.presentation.JGraphInternalPane[,0,0,6000x6000,invalid,alignmentX=0.0,alignmentY=0.0,border=,flags=296,maximumSize=,minimumSize=,preferredSize=java.awt.Dimension[width=6000,height=6000]]
M:void org.argouml.uml.diagram.activity.ui.UMLActivityDiagram.encloserChanged(FigNode, FigNode, FigNode)
P:org.argouml.uml.diagram.activity.ui.FigPartition@521eaee2
M:Selection org.argouml.uml.diagram.activity.ui.FigPartition.makeSelection()
M:boolean org.argouml.uml.diagram.activity.ui.FigPartition.isFilled()
M:int org.argouml.uml.diagram.activity.ui.FigPartition.getLineWidth()
M:Color org.argouml.uml.diagram.activity.ui.FigPartition.getLineColor()
M:boolean org.argouml.uml.diagram.activity.ui.FigPartition.isFilled()
