M:String org.argouml.uml.diagram.activity.ui.SelectionActionState.getInstructions(int)
P:15
M:Icon[] org.argouml.uml.diagram.activity.ui.SelectionActionState.getIcons()
M:boolean org.argouml.uml.diagram.activity.ui.FigPool.getUseTrapRect()
M:void org.argouml.uml.diagram.activity.ui.UMLActivityDiagram.encloserChanged(FigNode, FigNode, FigNode)
P:org.argouml.uml.diagram.state.ui.FigInitialState@7385f5a5
P:org.argouml.uml.diagram.activity.ui.FigPool@33d85214
P:org.argouml.uml.diagram.activity.ui.FigPool@33d85214
M:void org.argouml.uml.diagram.activity.ui.UMLActivityDiagram.changePartition(FigNode)
P:org.argouml.uml.diagram.state.ui.FigInitialState@7385f5a5
M:Icon[] org.argouml.uml.diagram.activity.ui.SelectionActionState.getIcons()
M:Dimension org.argouml.uml.diagram.activity.ui.FigPartition.getMinimumSize()
M:Dimension org.argouml.uml.diagram.activity.ui.FigPartition.getMinimumSize()
M:Dimension org.argouml.uml.diagram.activity.ui.FigPartition.getMinimumSize()
M:Dimension org.argouml.uml.diagram.activity.ui.FigPartition.getMinimumSize()
M:Dimension org.argouml.uml.diagram.activity.ui.FigPartition.getMinimumSize()
M:Dimension org.argouml.uml.diagram.activity.ui.FigPartition.getMinimumSize()
M:Icon[] org.argouml.uml.diagram.activity.ui.SelectionActionState.getIcons()
M:Icon[] org.argouml.uml.diagram.activity.ui.SelectionActionState.getIcons()
M:String org.argouml.uml.diagram.activity.ui.SelectionActionState.getInstructions(int)
P:15
M:Icon[] org.argouml.uml.diagram.activity.ui.SelectionActionState.getIcons()
M:String org.argouml.uml.diagram.activity.ui.SelectionActionState.getInstructions(int)
P:15
M:Icon[] org.argouml.uml.diagram.activity.ui.SelectionActionState.getIcons()
M:String org.argouml.uml.diagram.activity.ui.SelectionActionState.getInstructions(int)
P:15
M:Icon[] org.argouml.uml.diagram.activity.ui.SelectionActionState.getIcons()
M:String org.argouml.uml.diagram.activity.ui.SelectionActionState.getInstructions(int)
P:15
M:Icon[] org.argouml.uml.diagram.activity.ui.SelectionActionState.getIcons()
M:String org.argouml.uml.diagram.activity.ui.SelectionActionState.getInstructions(int)
P:15
M:FigNode org.argouml.uml.diagram.activity.ui.ActivityDiagramRenderer.getFigNodeFor(GraphModel, Layer, Object, Map)
P:org.argouml.uml.diagram.activity.ActivityDiagramGraphModel@4307e0c1
P:org.tigris.gef.base.LayerPerspectiveMutable@28d8d846[untitledModel]
P:ActionState$Impl  ID: -84-20-10-3--6084c27b:1652a132f32:-8000:0000000000000977  MID: -84-20-10-3--6084c27b:1652a132f32:-8000:00000000000005E9  OPCKG: -84-20-10-3--6084c27b:1652a132f32:-8000:0000000000000877
M:boolean org.argouml.uml.diagram.activity.ui.UMLActivityDiagram.doesAccept(Object)
P:ActionState$Impl  ID: -84-20-10-3--6084c27b:1652a132f32:-8000:0000000000000977  MID: -84-20-10-3--6084c27b:1652a132f32:-8000:00000000000005E9  OPCKG: -84-20-10-3--6084c27b:1652a132f32:-8000:0000000000000877
M:DiagramElement org.argouml.uml.diagram.activity.ui.UMLActivityDiagram.createDiagramElement(Object, Rectangle)
P:ActionState$Impl  ID: -84-20-10-3--6084c27b:1652a132f32:-8000:0000000000000977  MID: -84-20-10-3--6084c27b:1652a132f32:-8000:00000000000005E9  OPCKG: -84-20-10-3--6084c27b:1652a132f32:-8000:0000000000000877
M:Fig org.argouml.uml.diagram.activity.ui.FigActionState.createBigPortFig()
M:int org.argouml.uml.diagram.activity.ui.FigActionState.getNotationProviderType()
M:void org.argouml.uml.diagram.activity.ui.FigActionState.initializeActionState()
M:void org.argouml.uml.diagram.activity.ui.FigActionState.setStandardBounds(int, int, int, int)
P:10
P:10
P:117
P:30
