M:void org.argouml.uml.diagram.activity.ui.UMLActivityDiagram.changePartition(FigNode)
P:org.argouml.uml.diagram.activity.ui.FigActionState@3777b4e5
M:void org.argouml.uml.diagram.activity.ui.FigActionState.modelChanged(PropertyChangeEvent)
P:org.argouml.model.AddAssociationEvent[propertyName=container; oldValue=null; newValue=CompositeState$Impl  ID: -84-20-10-3--6084c27b:1652a132f32:-8000:0000000000000974  MID: -84-20-10-3--6084c27b:1652a132f32:-8000:000000000000050A  OPCKG: -84-20-10-3--6084c27b:1652a132f32:-8000:0000000000000877; propagationId=null; source=ActionState$Impl  ID: -84-20-10-3--6084c27b:1652a132f32:-8000:0000000000000977  MID: -84-20-10-3--6084c27b:1652a132f32:-8000:00000000000005E9  OPCKG: -84-20-10-3--6084c27b:1652a132f32:-8000:0000000000000877]: org.netbeans.api.mdr.events.AssociationEvent[source=AContainerSubvertex$Impl  ID: -84-20-10-3--6084c27b:1652a132f32:-8000:000000000000092F  MID: -84-20-10-3--6084c27b:1652a132f32:-8000:0000000000000537  OPCKG: -84-20-10-3--6084c27b:1652a132f32:-8000:0000000000000877]
M:void org.argouml.uml.diagram.activity.ui.FigPool.addEnclosedFig(Fig)
P:org.argouml.uml.diagram.activity.ui.FigActionState@3777b4e5
M:int org.argouml.uml.diagram.activity.ui.FigActionState.getNotationProviderType()
M:Dimension org.argouml.uml.diagram.activity.ui.FigActionState.getMinimumSize()
M:void org.argouml.uml.diagram.activity.ui.FigActionState.setStandardBounds(int, int, int, int)
P:64
P:128
P:117
P:36
M:Dimension org.argouml.uml.diagram.activity.ui.FigActionState.getMinimumSize()
M:void org.argouml.uml.diagram.activity.ui.FigActionState.setStandardBounds(int, int, int, int)
P:64
P:128
P:117
P:36
M:Dimension org.argouml.uml.diagram.activity.ui.FigActionState.getMinimumSize()
M:void org.argouml.uml.diagram.activity.ui.FigActionState.modelChanged(PropertyChangeEvent)
P:org.argouml.model.AttributeChangeEvent[propertyName=container; oldValue=null; newValue=CompositeState$Impl  ID: -84-20-10-3--6084c27b:1652a132f32:-8000:0000000000000974  MID: -84-20-10-3--6084c27b:1652a132f32:-8000:000000000000050A  OPCKG: -84-20-10-3--6084c27b:1652a132f32:-8000:0000000000000877; propagationId=null; source=ActionState$Impl  ID: -84-20-10-3--6084c27b:1652a132f32:-8000:0000000000000977  MID: -84-20-10-3--6084c27b:1652a132f32:-8000:00000000000005E9  OPCKG: -84-20-10-3--6084c27b:1652a132f32:-8000:0000000000000877]: org.netbeans.api.mdr.events.AssociationEvent[source=AContainerSubvertex$Impl  ID: -84-20-10-3--6084c27b:1652a132f32:-8000:000000000000092F  MID: -84-20-10-3--6084c27b:1652a132f32:-8000:0000000000000537  OPCKG: -84-20-10-3--6084c27b:1652a132f32:-8000:0000000000000877]
M:int org.argouml.uml.diagram.activity.ui.FigActionState.getNotationProviderType()
M:Dimension org.argouml.uml.diagram.activity.ui.FigActionState.getMinimumSize()
M:Dimension org.argouml.uml.diagram.activity.ui.FigActionState.getMinimumSize()
M:void org.argouml.uml.diagram.activity.ui.FigActionState.setStandardBounds(int, int, int, int)
P:64
P:128
P:117
P:36
M:Dimension org.argouml.uml.diagram.activity.ui.FigActionState.getMinimumSize()
M:void org.argouml.uml.diagram.activity.ui.FigActionState.modelChanged(PropertyChangeEvent)
P:org.argouml.model.AddAssociationEvent[propertyName=partition; oldValue=null; newValue=Partition$Impl  ID: -84-20-10-3--6084c27b:1652a132f32:-8000:0000000000000975  MID: -84-20-10-3--6084c27b:1652a132f32:-8000:00000000000005DF  OPCKG: -84-20-10-3--6084c27b:1652a132f32:-8000:0000000000000877; propagationId=null; source=ActionState$Impl  ID: -84-20-10-3--6084c27b:1652a132f32:-8000:0000000000000977  MID: -84-20-10-3--6084c27b:1652a132f32:-8000:00000000000005E9  OPCKG: -84-20-10-3--6084c27b:1652a132f32:-8000:0000000000000877]: org.netbeans.api.mdr.events.AssociationEvent[source=AContentsPartition$Impl  ID: -84-20-10-3--6084c27b:1652a132f32:-8000:0000000000000967  MID: -84-20-10-3--6084c27b:1652a132f32:-8000:00000000000005FB  OPCKG: -84-20-10-3--6084c27b:1652a132f32:-8000:0000000000000877]
M:int org.argouml.uml.diagram.activity.ui.FigActionState.getNotationProviderType()
M:Dimension org.argouml.uml.diagram.activity.ui.FigActionState.getMinimumSize()
M:Dimension org.argouml.uml.diagram.activity.ui.FigActionState.getMinimumSize()
M:void org.argouml.uml.diagram.activity.ui.FigActionState.setStandardBounds(int, int, int, int)
P:64
P:128
P:117
P:36
M:Dimension org.argouml.uml.diagram.activity.ui.FigActionState.getMinimumSize()
M:void org.argouml.uml.diagram.activity.ui.FigActionState.modelChanged(PropertyChangeEvent)
P:org.argouml.model.AttributeChangeEvent[propertyName=partition; oldValue=null; newValue=Partition$Impl  ID: -84-20-10-3--6084c27b:1652a132f32:-8000:0000000000000975  MID: -84-20-10-3--6084c27b:1652a132f32:-8000:00000000000005DF  OPCKG: -84-20-10-3--6084c27b:1652a132f32:-8000:0000000000000877; propagationId=null; source=ActionState$Impl  ID: -84-20-10-3--6084c27b:1652a132f32:-8000:0000000000000977  MID: -84-20-10-3--6084c27b:1652a132f32:-8000:00000000000005E9  OPCKG: -84-20-10-3--6084c27b:1652a132f32:-8000:0000000000000877]: org.netbeans.api.mdr.events.AssociationEvent[source=AContentsPartition$Impl  ID: -84-20-10-3--6084c27b:1652a132f32:-8000:0000000000000967  MID: -84-20-10-3--6084c27b:1652a132f32:-8000:00000000000005FB  OPCKG: -84-20-10-3--6084c27b:1652a132f32:-8000:0000000000000877]
M:int org.argouml.uml.diagram.activity.ui.FigActionState.getNotationProviderType()
M:Dimension org.argouml.uml.diagram.activity.ui.FigActionState.getMinimumSize()
M:Dimension org.argouml.uml.diagram.activity.ui.FigActionState.getMinimumSize()
M:void org.argouml.uml.diagram.activity.ui.FigActionState.setStandardBounds(int, int, int, int)
P:64
P:128
P:117
P:36
M:Dimension org.argouml.uml.diagram.activity.ui.FigActionState.getMinimumSize()
M:void org.argouml.uml.diagram.activity.ui.FigActionState.modelChanged(PropertyChangeEvent)
P:org.argouml.model.AddAssociationEvent[propertyName=partition; oldValue=null; newValue=Partition$Impl  ID: -84-20-10-3--6084c27b:1652a132f32:-8000:0000000000000975  MID: -84-20-10-3--6084c27b:1652a132f32:-8000:00000000000005DF  OPCKG: -84-20-10-3--6084c27b:1652a132f32:-8000:0000000000000877; propagationId=null; source=ActionState$Impl  ID: -84-20-10-3--6084c27b:1652a132f32:-8000:0000000000000977  MID: -84-20-10-3--6084c27b:1652a132f32:-8000:00000000000005E9  OPCKG: -84-20-10-3--6084c27b:1652a132f32:-8000:0000000000000877]: org.netbeans.api.mdr.events.AssociationEvent[source=AContentsPartition$Impl  ID: -84-20-10-3--6084c27b:1652a132f32:-8000:0000000000000967  MID: -84-20-10-3--6084c27b:1652a132f32:-8000:00000000000005FB  OPCKG: -84-20-10-3--6084c27b:1652a132f32:-8000:0000000000000877]
M:int org.argouml.uml.diagram.activity.ui.FigActionState.getNotationProviderType()
M:Dimension org.argouml.uml.diagram.activity.ui.FigActionState.getMinimumSize()
M:Dimension org.argouml.uml.diagram.activity.ui.FigActionState.getMinimumSize()
