M:Icon[] org.argouml.uml.diagram.activity.ui.SelectionActionState.getIcons()
M:Icon[] org.argouml.uml.diagram.activity.ui.SelectionActionState.getIcons()
M:String org.argouml.uml.diagram.activity.ui.SelectionActionState.getInstructions(int)
P:15
M:Object org.argouml.uml.diagram.activity.ui.SelectionActionState.getNewNodeType(int)
P:13
M:Object org.argouml.uml.diagram.activity.ui.SelectionActionState.getNewEdgeType(int)
P:13
M:boolean org.argouml.uml.diagram.activity.ui.SelectionActionState.isReverseEdge(int)
P:13
M:void org.argouml.uml.diagram.activity.ui.FigActionState.modelChanged(PropertyChangeEvent)
P:org.argouml.model.AddAssociationEvent[propertyName=outgoing; oldValue=null; newValue=Transition$Impl  ID: -84-20-10-3-6028924b:1652a253eda:-8000:0000000000000979  MID: -84-20-10-3-6028924b:1652a253eda:-8000:0000000000000507  OPCKG: -84-20-10-3-6028924b:1652a253eda:-8000:0000000000000877; propagationId=null; source=CallState$Impl  ID: -84-20-10-3-6028924b:1652a253eda:-8000:0000000000000976  MID: -84-20-10-3-6028924b:1652a253eda:-8000:00000000000005EA  OPCKG: -84-20-10-3-6028924b:1652a253eda:-8000:0000000000000877]: org.netbeans.api.mdr.events.AssociationEvent[source=AOutgoingSource$Impl  ID: -84-20-10-3-6028924b:1652a253eda:-8000:0000000000000934  MID: -84-20-10-3-6028924b:1652a253eda:-8000:0000000000000546  OPCKG: -84-20-10-3-6028924b:1652a253eda:-8000:0000000000000877]
M:void org.argouml.uml.diagram.activity.ui.FigActionState.modelChanged(PropertyChangeEvent)
P:org.argouml.model.AttributeChangeEvent[propertyName=outgoing; oldValue=null; newValue=Transition$Impl  ID: -84-20-10-3-6028924b:1652a253eda:-8000:0000000000000979  MID: -84-20-10-3-6028924b:1652a253eda:-8000:0000000000000507  OPCKG: -84-20-10-3-6028924b:1652a253eda:-8000:0000000000000877; propagationId=null; source=CallState$Impl  ID: -84-20-10-3-6028924b:1652a253eda:-8000:0000000000000976  MID: -84-20-10-3-6028924b:1652a253eda:-8000:00000000000005EA  OPCKG: -84-20-10-3-6028924b:1652a253eda:-8000:0000000000000877]: org.netbeans.api.mdr.events.AssociationEvent[source=AOutgoingSource$Impl  ID: -84-20-10-3-6028924b:1652a253eda:-8000:0000000000000934  MID: -84-20-10-3-6028924b:1652a253eda:-8000:0000000000000546  OPCKG: -84-20-10-3-6028924b:1652a253eda:-8000:0000000000000877]
M:Dimension org.argouml.uml.diagram.activity.ui.FigActionState.getMinimumSize()
M:Dimension org.argouml.uml.diagram.activity.ui.FigActionState.getMinimumSize()
M:FigNode org.argouml.uml.diagram.activity.ui.ActivityDiagramRenderer.getFigNodeFor(GraphModel, Layer, Object, Map)
P:org.argouml.uml.diagram.activity.ActivityDiagramGraphModel@188b1592
P:org.tigris.gef.base.LayerPerspectiveMutable@7d9dd585[untitledModel]
P:ActionState$Impl  ID: -84-20-10-3-6028924b:1652a253eda:-8000:000000000000097A  MID: -84-20-10-3-6028924b:1652a253eda:-8000:00000000000005E9  OPCKG: -84-20-10-3-6028924b:1652a253eda:-8000:0000000000000877
M:boolean org.argouml.uml.diagram.activity.ui.UMLActivityDiagram.doesAccept(Object)
P:ActionState$Impl  ID: -84-20-10-3-6028924b:1652a253eda:-8000:000000000000097A  MID: -84-20-10-3-6028924b:1652a253eda:-8000:00000000000005E9  OPCKG: -84-20-10-3-6028924b:1652a253eda:-8000:0000000000000877
M:DiagramElement org.argouml.uml.diagram.activity.ui.UMLActivityDiagram.createDiagramElement(Object, Rectangle)
P:ActionState$Impl  ID: -84-20-10-3-6028924b:1652a253eda:-8000:000000000000097A  MID: -84-20-10-3-6028924b:1652a253eda:-8000:00000000000005E9  OPCKG: -84-20-10-3-6028924b:1652a253eda:-8000:0000000000000877
M:Fig org.argouml.uml.diagram.activity.ui.FigActionState.createBigPortFig()
M:int org.argouml.uml.diagram.activity.ui.FigActionState.getNotationProviderType()
M:void org.argouml.uml.diagram.activity.ui.FigActionState.initializeActionState()
M:void org.argouml.uml.diagram.activity.ui.FigActionState.setStandardBounds(int, int, int, int)
P:10
P:10
P:117
P:30
M:void org.argouml.uml.diagram.activity.ui.UMLActivityDiagram.encloserChanged(FigNode, FigNode, FigNode)
P:org.argouml.uml.diagram.activity.ui.FigActionState@75e94f89
M:void org.argouml.uml.diagram.activity.ui.FigActionState.modelChanged(PropertyChangeEvent)
P:org.argouml.model.AddAssociationEvent[propertyName=container; oldValue=null; newValue=CompositeState$Impl  ID: -84-20-10-3-6028924b:1652a253eda:-8000:0000000000000974  MID: -84-20-10-3-6028924b:1652a253eda:-8000:000000000000050A  OPCKG: -84-20-10-3-6028924b:1652a253eda:-8000:0000000000000877; propagationId=null; source=ActionState$Impl  ID: -84-20-10-3-6028924b:1652a253eda:-8000:000000000000097A  MID: -84-20-10-3-6028924b:1652a253eda:-8000:00000000000005E9  OPCKG: -84-20-10-3-6028924b:1652a253eda:-8000:0000000000000877]: org.netbeans.api.mdr.events.AssociationEvent[source=AContainerSubvertex$Impl  ID: -84-20-10-3-6028924b:1652a253eda:-8000:000000000000092F  MID: -84-20-10-3-6028924b:1652a253eda:-8000:0000000000000537  OPCKG: -84-20-10-3-6028924b:1652a253eda:-8000:0000000000000877]
M:int org.argouml.uml.diagram.activity.ui.FigActionState.getNotationProviderType()
M:Dimension org.argouml.uml.diagram.activity.ui.FigActionState.getMinimumSize()
M:void org.argouml.uml.diagram.activity.ui.FigActionState.setStandardBounds(int, int, int, int)
P:336
P:32
P:117
P:36
M:Dimension org.argouml.uml.diagram.activity.ui.FigActionState.getMinimumSize()
M:void org.argouml.uml.diagram.activity.ui.FigActionState.setStandardBounds(int, int, int, int)
P:336
P:32
P:117
P:36
M:Dimension org.argouml.uml.diagram.activity.ui.FigActionState.getMinimumSize()
M:void org.argouml.uml.diagram.activity.ui.FigActionState.modelChanged(PropertyChangeEvent)
P:org.argouml.model.AttributeChangeEvent[propertyName=container; oldValue=null; newValue=CompositeState$Impl  ID: -84-20-10-3-6028924b:1652a253eda:-8000:0000000000000974  MID: -84-20-10-3-6028924b:1652a253eda:-8000:000000000000050A  OPCKG: -84-20-10-3-6028924b:1652a253eda:-8000:0000000000000877; propagationId=null; source=ActionState$Impl  ID: -84-20-10-3-6028924b:1652a253eda:-8000:000000000000097A  MID: -84-20-10-3-6028924b:1652a253eda:-8000:00000000000005E9  OPCKG: -84-20-10-3-6028924b:1652a253eda:-8000:0000000000000877]: org.netbeans.api.mdr.events.AssociationEvent[source=AContainerSubvertex$Impl  ID: -84-20-10-3-6028924b:1652a253eda:-8000:000000000000092F  MID: -84-20-10-3-6028924b:1652a253eda:-8000:0000000000000537  OPCKG: -84-20-10-3-6028924b:1652a253eda:-8000:0000000000000877]
M:int org.argouml.uml.diagram.activity.ui.FigActionState.getNotationProviderType()
M:Dimension org.argouml.uml.diagram.activity.ui.FigActionState.getMinimumSize()
M:Dimension org.argouml.uml.diagram.activity.ui.FigActionState.getMinimumSize()
M:void org.argouml.uml.diagram.activity.ui.FigActionState.setStandardBounds(int, int, int, int)
P:336
P:32
P:117
P:36
M:Dimension org.argouml.uml.diagram.activity.ui.FigActionState.getMinimumSize()
M:Color org.argouml.uml.diagram.activity.ui.FigActionState.getFillColor()
M:Dimension org.argouml.uml.diagram.activity.ui.FigActionState.getMinimumSize()
M:FigNode org.argouml.uml.diagram.activity.ui.ActivityDiagramRenderer.getFigNodeFor(GraphModel, Layer, Object, Map)
P:org.argouml.uml.diagram.activity.ActivityDiagramGraphModel@188b1592
P:org.tigris.gef.base.LayerPerspectiveMutable@7d9dd585[untitledModel]
P:ObjectFlowState$Impl  ID: -84-20-10-3-6028924b:1652a253eda:-8000:000000000000097B  MID: -84-20-10-3-6028924b:1652a253eda:-8000:00000000000005EE  OPCKG: -84-20-10-3-6028924b:1652a253eda:-8000:0000000000000877
M:void org.argouml.uml.diagram.activity.ui.FigObjectFlowState.updateStateText()
M:void org.argouml.uml.diagram.activity.ui.UMLActivityDiagram.encloserChanged(FigNode, FigNode, FigNode)
P:org.argouml.uml.diagram.activity.ui.FigObjectFlowState@321ffcad
M:Dimension org.argouml.uml.diagram.activity.ui.FigObjectFlowState.getMinimumSize()
M:Dimension org.argouml.uml.diagram.activity.ui.FigObjectFlowState.getMinimumSize()
M:NotationSettings org.argouml.uml.diagram.activity.ui.FigObjectFlowState.getNotationSettings(NotationProvider)
P:org.argouml.notation.providers.uml.ObjectFlowStateStateNotationUml@3de095ae
M:Dimension org.argouml.uml.diagram.activity.ui.FigObjectFlowState.getMinimumSize()
M:Icon[] org.argouml.uml.diagram.activity.ui.SelectionActionState.getIcons()
M:String org.argouml.uml.diagram.activity.ui.SelectionActionState.getInstructions(int)
P:13
M:String org.argouml.uml.diagram.activity.ui.SelectionActionState.getInstructions(int)
P:13
M:boolean org.argouml.uml.diagram.activity.ui.SelectionActionState.isReverseEdge(int)
P:13
M:Dimension org.argouml.uml.diagram.activity.ui.FigObjectFlowState.getMinimumSize()
M:Object org.argouml.uml.diagram.activity.ui.FigObjectFlowState.getOwner(NotationProvider)
P:org.argouml.notation.providers.uml.ObjectFlowStateStateNotationUml@3de095ae
M:Object org.argouml.uml.diagram.activity.ui.FigObjectFlowState.getOwner(NotationProvider)
P:org.argouml.notation.providers.uml.ObjectFlowStateStateNotationUml@32bb3ad
M:void org.argouml.uml.diagram.activity.ui.FigObjectFlowState.notationRenderingChanged(NotationProvider, String)
P:org.argouml.notation.providers.uml.ObjectFlowStateTypeNotationUml@5fd69e2e
P:
M:NotationSettings org.argouml.uml.diagram.activity.ui.FigObjectFlowState.getNotationSettings(NotationProvider)
P:org.argouml.notation.providers.uml.ObjectFlowStateStateNotationUml@3de095ae
M:DiagramElement org.argouml.uml.diagram.activity.ui.UMLActivityDiagram.createDiagramElement(Object, Rectangle)
P:FinalState$Impl  ID: -84-20-10-3-6028924b:1652a253eda:-8000:000000000000097F  MID: -84-20-10-3-6028924b:1652a253eda:-8000:0000000000000519  OPCKG: -84-20-10-3-6028924b:1652a253eda:-8000:0000000000000877
M:boolean org.argouml.uml.diagram.activity.ui.FigActionState.isFilled()
M:Color org.argouml.uml.diagram.activity.ui.FigActionState.getFillColor()
M:String org.argouml.uml.diagram.activity.ui.SelectionActionState.getInstructions(int)
P:13
M:String org.argouml.uml.diagram.activity.ui.SelectionActionState.getInstructions(int)
P:13
M:Icon[] org.argouml.uml.diagram.activity.ui.SelectionActionState.getIcons()
M:Icon[] org.argouml.uml.diagram.activity.ui.SelectionActionState.getIcons()
M:Icon[] org.argouml.uml.diagram.activity.ui.SelectionActionState.getIcons()
M:String org.argouml.uml.diagram.activity.ui.SelectionActionState.getInstructions(int)
P:15
M:int org.argouml.uml.diagram.activity.ui.FigObjectFlowState.getLineWidth()
M:Color org.argouml.uml.diagram.activity.ui.FigObjectFlowState.getLineColor()
M:NotationSettings org.argouml.uml.diagram.activity.ui.FigObjectFlowState.getNotationSettings(NotationProvider)
P:org.argouml.notation.providers.uml.ObjectFlowStateTypeNotationUml@5fd69e2e
M:int org.argouml.uml.diagram.activity.ui.FigActionState.getLineWidth()
M:int org.argouml.uml.diagram.activity.ui.FigActionState.getLineWidth()
M:boolean org.argouml.uml.diagram.activity.ui.UMLActivityDiagram.doesAccept(Object)
P:Comment$Impl  ID: -84-20-10-3-6028924b:1652a253eda:-8000:0000000000000983  MID: -84-20-10-3-6028924b:1652a253eda:-8000:000000000000038E  OPCKG: -84-20-10-3-6028924b:1652a253eda:-8000:0000000000000877
M:Dimension org.argouml.uml.diagram.activity.ui.FigActionState.getMinimumSize()
M:Dimension org.argouml.uml.diagram.activity.ui.FigActionState.getMinimumSize()
