S:U;U;U;U;U;U;U;U;U;U;U;U;U;U;U;U;U;U;U;U;U;U;U;U;U;U;U;U;U;U;U;U;U;U;U;U;U;U;U;U;U;U;U;U;U;U;U;U;U;U;U;U;U;U;U;U;U;U;U;U;U;U;U;U;U;U;U;U;U;U;U;U;U;U;U;U;U;U;U;U;U;U;U;U;U;U;U;U;U;U;U;U;U;U;U;U;U;U;U;U;U;U;U;U;U;U;U;U;U;U;U;U;U;U;U;U;U;U;U;U;U;U;U;U;U;U;U;U;U;U;U;U;U;U;U;U;U;U;U;U;U;U;U;U;U;U;U;U;U;U;U;U;U;U;U;U;U;U;U
A:clickOnButtonNew_Activity_Diagram
M:String org.argouml.uml.diagram.activity.ui.UMLActivityDiagram.getLabelName()
M:ActivityDiagramGraphModel org.argouml.uml.diagram.activity.ui.UMLActivityDiagram.createGraphModel()
M:void org.argouml.uml.diagram.activity.ui.UMLActivityDiagram.setup(Object, Object)
P:Model$Impl  ID: -64--88-1-3--1883a85d:1650549cfa2:-8000:0000000000000970  MID: -64--88-1-3--1883a85d:1650549cfa2:-8000:000000000000060D  OPCKG: -64--88-1-3--1883a85d:1650549cfa2:-8000:0000000000000875
P:ActivityGraph$Impl  ID: -64--88-1-3--1883a85d:1650549cfa2:-8000:0000000000000971  MID: -64--88-1-3--1883a85d:1650549cfa2:-8000:00000000000005DC  OPCKG: -64--88-1-3--1883a85d:1650549cfa2:-8000:0000000000000875
M:ActivityDiagramGraphModel org.argouml.uml.diagram.activity.ui.UMLActivityDiagram.createGraphModel()
M:PropPanel org.argouml.uml.diagram.activity.ui.ActivityDiagramPropPanelFactory.createPropPanel(Object)
P:Diagram: untitledModel activity 1
M:Object org.argouml.uml.diagram.activity.ui.UMLActivityDiagram.getOwner()
M:Object org.argouml.uml.diagram.activity.ui.UMLActivityDiagram.getOwner()
M:Object org.argouml.uml.diagram.activity.ui.UMLActivityDiagram.getOwner()
M:Object org.argouml.uml.diagram.activity.ui.UMLActivityDiagram.getOwner()
M:Object org.argouml.uml.diagram.activity.ui.UMLActivityDiagram.getOwner()
M:Object org.argouml.uml.diagram.activity.ui.UMLActivityDiagram.getOwner()
M:Object org.argouml.uml.diagram.activity.ui.UMLActivityDiagram.getOwner()
M:Object org.argouml.uml.diagram.activity.ui.UMLActivityDiagram.getOwner()
M:Object[] org.argouml.uml.diagram.activity.ui.UMLActivityDiagram.getUmlActions()
M:Action org.argouml.uml.diagram.activity.ui.UMLActivityDiagram.getActionState()
M:Action org.argouml.uml.diagram.activity.ui.UMLActivityDiagram.getActionTransition()
M:Action org.argouml.uml.diagram.activity.ui.UMLActivityDiagram.getActionStartPseudoState()
M:Action org.argouml.uml.diagram.activity.ui.UMLActivityDiagram.getActionFinalPseudoState()
M:Action org.argouml.uml.diagram.activity.ui.UMLActivityDiagram.getActionJunctionPseudoState()
M:Action org.argouml.uml.diagram.activity.ui.UMLActivityDiagram.getActionForkPseudoState()
M:Action org.argouml.uml.diagram.activity.ui.UMLActivityDiagram.getActionJoinPseudoState()
M:Action org.argouml.uml.diagram.activity.ui.UMLActivityDiagram.getActionSwimlane()
M:Object org.argouml.uml.diagram.activity.ui.UMLActivityDiagram.getStateMachine()
M:Action org.argouml.uml.diagram.activity.ui.UMLActivityDiagram.getActionCallState()
M:Action org.argouml.uml.diagram.activity.ui.UMLActivityDiagram.getActionObjectFlowState()
M:Object[] org.argouml.uml.diagram.activity.ui.UMLActivityDiagram.getTriggerActions()
M:Action org.argouml.uml.diagram.activity.ui.UMLActivityDiagram.getActionCallEvent()
M:Action org.argouml.uml.diagram.activity.ui.UMLActivityDiagram.getActionChangeEvent()
M:Action org.argouml.uml.diagram.activity.ui.UMLActivityDiagram.getActionSignalEvent()
M:Action org.argouml.uml.diagram.activity.ui.UMLActivityDiagram.getActionTimeEvent()
M:Action org.argouml.uml.diagram.activity.ui.UMLActivityDiagram.getActionGuard()
M:Object[] org.argouml.uml.diagram.activity.ui.UMLActivityDiagram.getEffectActions()
M:Action org.argouml.uml.diagram.activity.ui.UMLActivityDiagram.getActionCallAction()
M:Action org.argouml.uml.diagram.activity.ui.UMLActivityDiagram.getActionCreateAction()
M:Action org.argouml.uml.diagram.activity.ui.UMLActivityDiagram.getActionDestroyAction()
M:Action org.argouml.uml.diagram.activity.ui.UMLActivityDiagram.getActionReturnAction()
M:Action org.argouml.uml.diagram.activity.ui.UMLActivityDiagram.getActionSendAction()
M:Action org.argouml.uml.diagram.activity.ui.UMLActivityDiagram.getActionTerminateAction()
M:Action org.argouml.uml.diagram.activity.ui.UMLActivityDiagram.getActionUninterpretedAction()
M:Action org.argouml.uml.diagram.activity.ui.UMLActivityDiagram.getActionActionSequence()
S:F;T;T;T;T;T;F;T;T;U;U;U;U;T;F;T;U;F;U;U;T;U;F;T;U;U;F;U;U;F;T;F;F;T;F;F;U;U;T;U;T;T;U;U;U;T;U;U;U;U;U;U;T;T;T;U;T;F;F;T;T;U;F;F;F;U;U;U;T;U;U;F;U;U;U;U;U;U;U;F;F;U;F;F;U;U;U;F;F;F;U;F;T;U;T;U;U;U;U;F;F;U;U;T;U;F;U;U;U;T;F;F;T;T;F;F;F;U;U;F;F;T;U;U;U;U;U;T;F;F;F;T;T;F;F;F;T;F;T;T;F;F;T;F;F;F;U;F;F;U;U;U;U;U;U;U;U;U;U
