M:Icon[] org.argouml.uml.diagram.activity.ui.SelectionActionState.getIcons()
M:String org.argouml.uml.diagram.activity.ui.SelectionActionState.getInstructions(int)
P:15
M:Icon[] org.argouml.uml.diagram.activity.ui.SelectionActionState.getIcons()
M:String org.argouml.uml.diagram.activity.ui.SelectionActionState.getInstructions(int)
P:15
M:FigNode org.argouml.uml.diagram.activity.ui.ActivityDiagramRenderer.getFigNodeFor(GraphModel, Layer, Object, Map)
P:org.argouml.uml.diagram.activity.ActivityDiagramGraphModel@31a7cf37
P:org.tigris.gef.base.LayerPerspectiveMutable@59a1e006[untitledModel]
P:ActionState$Impl  ID: 127-0-0-1--5c147e1:165291c3545:-8000:0000000000000977  MID: 127-0-0-1--5c147e1:165291c3545:-8000:00000000000005E9  OPCKG: 127-0-0-1--5c147e1:165291c3545:-8000:0000000000000877
M:boolean org.argouml.uml.diagram.activity.ui.UMLActivityDiagram.doesAccept(Object)
P:ActionState$Impl  ID: 127-0-0-1--5c147e1:165291c3545:-8000:0000000000000977  MID: 127-0-0-1--5c147e1:165291c3545:-8000:00000000000005E9  OPCKG: 127-0-0-1--5c147e1:165291c3545:-8000:0000000000000877
M:DiagramElement org.argouml.uml.diagram.activity.ui.UMLActivityDiagram.createDiagramElement(Object, Rectangle)
P:ActionState$Impl  ID: 127-0-0-1--5c147e1:165291c3545:-8000:0000000000000977  MID: 127-0-0-1--5c147e1:165291c3545:-8000:00000000000005E9  OPCKG: 127-0-0-1--5c147e1:165291c3545:-8000:0000000000000877
M:Fig org.argouml.uml.diagram.activity.ui.FigActionState.createBigPortFig()
M:int org.argouml.uml.diagram.activity.ui.FigActionState.getNotationProviderType()
M:void org.argouml.uml.diagram.activity.ui.FigActionState.initializeActionState()
M:void org.argouml.uml.diagram.activity.ui.FigActionState.setStandardBounds(int, int, int, int)
P:10
P:10
P:117
P:30
M:boolean org.argouml.uml.diagram.activity.ui.FigPool.getUseTrapRect()
M:void org.argouml.uml.diagram.activity.ui.UMLActivityDiagram.encloserChanged(FigNode, FigNode, FigNode)
P:org.argouml.uml.diagram.activity.ui.FigActionState@396d97e4
P:org.argouml.uml.diagram.activity.ui.FigPool@3a271388
M:void org.argouml.uml.diagram.activity.ui.FigActionState.modelChanged(PropertyChangeEvent)
P:org.argouml.model.AddAssociationEvent[propertyName=container; oldValue=null; newValue=CompositeState$Impl  ID: 127-0-0-1--5c147e1:165291c3545:-8000:0000000000000974  MID: 127-0-0-1--5c147e1:165291c3545:-8000:000000000000050A  OPCKG: 127-0-0-1--5c147e1:165291c3545:-8000:0000000000000877; propagationId=null; source=ActionState$Impl  ID: 127-0-0-1--5c147e1:165291c3545:-8000:0000000000000977  MID: 127-0-0-1--5c147e1:165291c3545:-8000:00000000000005E9  OPCKG: 127-0-0-1--5c147e1:165291c3545:-8000:0000000000000877]: org.netbeans.api.mdr.events.AssociationEvent[source=AContainerSubvertex$Impl  ID: 127-0-0-1--5c147e1:165291c3545:-8000:000000000000092F  MID: 127-0-0-1--5c147e1:165291c3545:-8000:0000000000000537  OPCKG: 127-0-0-1--5c147e1:165291c3545:-8000:0000000000000877]
M:void org.argouml.uml.diagram.activity.ui.UMLActivityDiagram.changePartition(FigNode)
P:org.argouml.uml.diagram.activity.ui.FigActionState@396d97e4
M:int org.argouml.uml.diagram.activity.ui.FigActionState.getNotationProviderType()
M:void org.argouml.uml.diagram.activity.ui.FigPool.addEnclosedFig(Fig)
P:org.argouml.uml.diagram.activity.ui.FigActionState@396d97e4
M:Dimension org.argouml.uml.diagram.activity.ui.FigActionState.getMinimumSize()
M:void org.argouml.uml.diagram.activity.ui.FigActionState.setStandardBounds(int, int, int, int)
P:64
P:128
P:117
P:36
M:Dimension org.argouml.uml.diagram.activity.ui.FigActionState.getMinimumSize()
M:void org.argouml.uml.diagram.activity.ui.FigActionState.setStandardBounds(int, int, int, int)
P:64
P:128
P:117
P:36
M:Dimension org.argouml.uml.diagram.activity.ui.FigActionState.getMinimumSize()
M:void org.argouml.uml.diagram.activity.ui.FigActionState.modelChanged(PropertyChangeEvent)
P:org.argouml.model.AttributeChangeEvent[propertyName=container; oldValue=null; newValue=CompositeState$Impl  ID: 127-0-0-1--5c147e1:165291c3545:-8000:0000000000000974  MID: 127-0-0-1--5c147e1:165291c3545:-8000:000000000000050A  OPCKG: 127-0-0-1--5c147e1:165291c3545:-8000:0000000000000877; propagationId=null; source=ActionState$Impl  ID: 127-0-0-1--5c147e1:165291c3545:-8000:0000000000000977  MID: 127-0-0-1--5c147e1:165291c3545:-8000:00000000000005E9  OPCKG: 127-0-0-1--5c147e1:165291c3545:-8000:0000000000000877]: org.netbeans.api.mdr.events.AssociationEvent[source=AContainerSubvertex$Impl  ID: 127-0-0-1--5c147e1:165291c3545:-8000:000000000000092F  MID: 127-0-0-1--5c147e1:165291c3545:-8000:0000000000000537  OPCKG: 127-0-0-1--5c147e1:165291c3545:-8000:0000000000000877]
M:int org.argouml.uml.diagram.activity.ui.FigActionState.getNotationProviderType()
M:Dimension org.argouml.uml.diagram.activity.ui.FigActionState.getMinimumSize()
M:Dimension org.argouml.uml.diagram.activity.ui.FigActionState.getMinimumSize()
M:void org.argouml.uml.diagram.activity.ui.FigActionState.setStandardBounds(int, int, int, int)
P:64
P:128
P:117
P:36
M:Dimension org.argouml.uml.diagram.activity.ui.FigActionState.getMinimumSize()
M:void org.argouml.uml.diagram.activity.ui.FigActionState.modelChanged(PropertyChangeEvent)
P:org.argouml.model.AddAssociationEvent[propertyName=partition; oldValue=null; newValue=Partition$Impl  ID: 127-0-0-1--5c147e1:165291c3545:-8000:0000000000000975  MID: 127-0-0-1--5c147e1:165291c3545:-8000:00000000000005DF  OPCKG: 127-0-0-1--5c147e1:165291c3545:-8000:0000000000000877; propagationId=null; source=ActionState$Impl  ID: 127-0-0-1--5c147e1:165291c3545:-8000:0000000000000977  MID: 127-0-0-1--5c147e1:165291c3545:-8000:00000000000005E9  OPCKG: 127-0-0-1--5c147e1:165291c3545:-8000:0000000000000877]: org.netbeans.api.mdr.events.AssociationEvent[source=AContentsPartition$Impl  ID: 127-0-0-1--5c147e1:165291c3545:-8000:0000000000000967  MID: 127-0-0-1--5c147e1:165291c3545:-8000:00000000000005FB  OPCKG: 127-0-0-1--5c147e1:165291c3545:-8000:0000000000000877]
M:int org.argouml.uml.diagram.activity.ui.FigActionState.getNotationProviderType()
M:Dimension org.argouml.uml.diagram.activity.ui.FigActionState.getMinimumSize()
