M:Dimension org.argouml.uml.diagram.activity.ui.FigActionState.getMinimumSize()
M:Dimension org.argouml.uml.diagram.activity.ui.FigActionState.getMinimumSize()
M:void org.argouml.uml.diagram.activity.ui.FigActionState.setStandardBounds(int, int, int, int)
P:64
P:288
P:117
P:36
M:Dimension org.argouml.uml.diagram.activity.ui.FigActionState.getMinimumSize()
M:void org.argouml.uml.diagram.activity.ui.FigActionState.modelChanged(PropertyChangeEvent)
P:org.argouml.model.AddAssociationEvent[propertyName=partition; oldValue=null; newValue=Partition$Impl  ID: 127-0-0-1--5c147e1:165291c3545:-8000:0000000000000975  MID: 127-0-0-1--5c147e1:165291c3545:-8000:00000000000005DF  OPCKG: 127-0-0-1--5c147e1:165291c3545:-8000:0000000000000877; propagationId=null; source=ActionState$Impl  ID: 127-0-0-1--5c147e1:165291c3545:-8000:000000000000097A  MID: 127-0-0-1--5c147e1:165291c3545:-8000:00000000000005E9  OPCKG: 127-0-0-1--5c147e1:165291c3545:-8000:0000000000000877]: org.netbeans.api.mdr.events.AssociationEvent[source=AContentsPartition$Impl  ID: 127-0-0-1--5c147e1:165291c3545:-8000:0000000000000967  MID: 127-0-0-1--5c147e1:165291c3545:-8000:00000000000005FB  OPCKG: 127-0-0-1--5c147e1:165291c3545:-8000:0000000000000877]
M:int org.argouml.uml.diagram.activity.ui.FigActionState.getNotationProviderType()
M:Dimension org.argouml.uml.diagram.activity.ui.FigActionState.getMinimumSize()
M:Dimension org.argouml.uml.diagram.activity.ui.FigActionState.getMinimumSize()
M:void org.argouml.uml.diagram.activity.ui.FigActionState.setStandardBounds(int, int, int, int)
P:64
P:288
P:117
P:36
M:Dimension org.argouml.uml.diagram.activity.ui.FigActionState.getMinimumSize()
M:void org.argouml.uml.diagram.activity.ui.FigActionState.modelChanged(PropertyChangeEvent)
P:org.argouml.model.AttributeChangeEvent[propertyName=partition; oldValue=null; newValue=Partition$Impl  ID: 127-0-0-1--5c147e1:165291c3545:-8000:0000000000000975  MID: 127-0-0-1--5c147e1:165291c3545:-8000:00000000000005DF  OPCKG: 127-0-0-1--5c147e1:165291c3545:-8000:0000000000000877; propagationId=null; source=ActionState$Impl  ID: 127-0-0-1--5c147e1:165291c3545:-8000:000000000000097A  MID: 127-0-0-1--5c147e1:165291c3545:-8000:00000000000005E9  OPCKG: 127-0-0-1--5c147e1:165291c3545:-8000:0000000000000877]: org.netbeans.api.mdr.events.AssociationEvent[source=AContentsPartition$Impl  ID: 127-0-0-1--5c147e1:165291c3545:-8000:0000000000000967  MID: 127-0-0-1--5c147e1:165291c3545:-8000:00000000000005FB  OPCKG: 127-0-0-1--5c147e1:165291c3545:-8000:0000000000000877]
M:int org.argouml.uml.diagram.activity.ui.FigActionState.getNotationProviderType()
M:Dimension org.argouml.uml.diagram.activity.ui.FigActionState.getMinimumSize()
M:Dimension org.argouml.uml.diagram.activity.ui.FigActionState.getMinimumSize()
M:void org.argouml.uml.diagram.activity.ui.FigActionState.setStandardBounds(int, int, int, int)
P:64
P:288
P:117
P:36
M:Dimension org.argouml.uml.diagram.activity.ui.FigActionState.getMinimumSize()
M:boolean org.argouml.uml.diagram.activity.ui.FigActionState.isFilled()
M:Color org.argouml.uml.diagram.activity.ui.FigActionState.getFillColor()
M:int org.argouml.uml.diagram.activity.ui.FigActionState.getLineWidth()
M:Color org.argouml.uml.diagram.activity.ui.FigActionState.getLineColor()
M:boolean org.argouml.uml.diagram.activity.ui.FigActionState.isFilled()
M:Color org.argouml.uml.diagram.activity.ui.FigActionState.getFillColor()
M:int org.argouml.uml.diagram.activity.ui.FigActionState.getLineWidth()
M:Color org.argouml.uml.diagram.activity.ui.FigActionState.getLineColor()
M:Icon[] org.argouml.uml.diagram.activity.ui.SelectionActionState.getIcons()
M:String org.argouml.uml.diagram.activity.ui.SelectionActionState.getInstructions(int)
P:15
M:boolean org.argouml.uml.diagram.activity.ui.FigPool.getUseTrapRect()
M:void org.argouml.uml.diagram.activity.ui.UMLActivityDiagram.encloserChanged(FigNode, FigNode, FigNode)
P:org.argouml.uml.diagram.activity.ui.FigActionState@7858aeb8
P:org.argouml.uml.diagram.activity.ui.FigPool@3a271388
P:org.argouml.uml.diagram.activity.ui.FigPool@3a271388
M:void org.argouml.uml.diagram.activity.ui.UMLActivityDiagram.changePartition(FigNode)
P:org.argouml.uml.diagram.activity.ui.FigActionState@7858aeb8
