M:int org.argouml.uml.diagram.activity.ui.FigActionState.getNotationProviderType()
M:Dimension org.argouml.uml.diagram.activity.ui.FigActionState.getMinimumSize()
M:Dimension org.argouml.uml.diagram.activity.ui.FigActionState.getMinimumSize()
M:void org.argouml.uml.diagram.activity.ui.FigActionState.setStandardBounds(int, int, int, int)
P:200
P:64
P:117
P:36
M:Dimension org.argouml.uml.diagram.activity.ui.FigActionState.getMinimumSize()
M:void org.argouml.uml.diagram.activity.ui.FigActionState.modelChanged(PropertyChangeEvent)
P:org.argouml.model.AttributeChangeEvent[propertyName=partition; oldValue=null; newValue=Partition$Impl  ID: 127-0-0-1-6d6d937a:1652ac6178f:-8000:0000000000000974  MID: 127-0-0-1-6d6d937a:1652ac6178f:-8000:00000000000005DF  OPCKG: 127-0-0-1-6d6d937a:1652ac6178f:-8000:0000000000000875; propagationId=null; source=ActionState$Impl  ID: 127-0-0-1-6d6d937a:1652ac6178f:-8000:0000000000000976  MID: 127-0-0-1-6d6d937a:1652ac6178f:-8000:00000000000005E9  OPCKG: 127-0-0-1-6d6d937a:1652ac6178f:-8000:0000000000000875]: org.netbeans.api.mdr.events.AssociationEvent[source=AContentsPartition$Impl  ID: 127-0-0-1-6d6d937a:1652ac6178f:-8000:0000000000000965  MID: 127-0-0-1-6d6d937a:1652ac6178f:-8000:00000000000005FB  OPCKG: 127-0-0-1-6d6d937a:1652ac6178f:-8000:0000000000000875]
M:int org.argouml.uml.diagram.activity.ui.FigActionState.getNotationProviderType()
M:Dimension org.argouml.uml.diagram.activity.ui.FigActionState.getMinimumSize()
M:Dimension org.argouml.uml.diagram.activity.ui.FigActionState.getMinimumSize()
M:void org.argouml.uml.diagram.activity.ui.FigActionState.setStandardBounds(int, int, int, int)
P:200
P:64
P:117
P:36
M:Dimension org.argouml.uml.diagram.activity.ui.FigActionState.getMinimumSize()
M:boolean org.argouml.uml.diagram.activity.ui.FigActionState.isFilled()
M:Color org.argouml.uml.diagram.activity.ui.FigActionState.getFillColor()
M:int org.argouml.uml.diagram.activity.ui.FigActionState.getLineWidth()
M:Color org.argouml.uml.diagram.activity.ui.FigActionState.getLineColor()
M:boolean org.argouml.uml.diagram.activity.ui.FigActionState.isFilled()
M:Color org.argouml.uml.diagram.activity.ui.FigActionState.getFillColor()
M:int org.argouml.uml.diagram.activity.ui.FigActionState.getLineWidth()
M:Color org.argouml.uml.diagram.activity.ui.FigActionState.getLineColor()
M:Icon[] org.argouml.uml.diagram.activity.ui.SelectionActionState.getIcons()
M:String org.argouml.uml.diagram.activity.ui.SelectionActionState.getInstructions(int)
P:15
M:boolean org.argouml.uml.diagram.activity.ui.FigPool.getUseTrapRect()
M:void org.argouml.uml.diagram.activity.ui.UMLActivityDiagram.encloserChanged(FigNode, FigNode, FigNode)
P:org.argouml.uml.diagram.activity.ui.FigActionState@68d0895
P:org.argouml.uml.diagram.activity.ui.FigPool@4fdc59e6
P:org.argouml.uml.diagram.activity.ui.FigPool@4fdc59e6
M:void org.argouml.uml.diagram.activity.ui.UMLActivityDiagram.changePartition(FigNode)
P:org.argouml.uml.diagram.activity.ui.FigActionState@68d0895
M:boolean org.argouml.uml.diagram.activity.ui.UMLActivityDiagram.isStateInPartition(Object, Object)
P:ActionState$Impl  ID: 127-0-0-1-6d6d937a:1652ac6178f:-8000:0000000000000976  MID: 127-0-0-1-6d6d937a:1652ac6178f:-8000:00000000000005E9  OPCKG: 127-0-0-1-6d6d937a:1652ac6178f:-8000:0000000000000875
P:Partition$Impl  ID: 127-0-0-1-6d6d937a:1652ac6178f:-8000:0000000000000973  MID: 127-0-0-1-6d6d937a:1652ac6178f:-8000:00000000000005DF  OPCKG: 127-0-0-1-6d6d937a:1652ac6178f:-8000:0000000000000875
M:void org.argouml.uml.diagram.activity.ui.FigActionState.modelChanged(PropertyChangeEvent)
P:org.argouml.model.AddAssociationEvent[propertyName=partition; oldValue=null; newValue=Partition$Impl  ID: 127-0-0-1-6d6d937a:1652ac6178f:-8000:0000000000000974  MID: 127-0-0-1-6d6d937a:1652ac6178f:-8000:00000000000005DF  OPCKG: 127-0-0-1-6d6d937a:1652ac6178f:-8000:0000000000000875; propagationId=null; source=ActionState$Impl  ID: 127-0-0-1-6d6d937a:1652ac6178f:-8000:0000000000000976  MID: 127-0-0-1-6d6d937a:1652ac6178f:-8000:00000000000005E9  OPCKG: 127-0-0-1-6d6d937a:1652ac6178f:-8000:0000000000000875]: org.netbeans.api.mdr.events.AssociationEvent[source=AContentsPartition$Impl  ID: 127-0-0-1-6d6d937a:1652ac6178f:-8000:0000000000000965  MID: 127-0-0-1-6d6d937a:1652ac6178f:-8000:00000000000005FB  OPCKG: 127-0-0-1-6d6d937a:1652ac6178f:-8000:0000000000000875]
M:int org.argouml.uml.diagram.activity.ui.FigActionState.getNotationProviderType()
M:Dimension org.argouml.uml.diagram.activity.ui.FigActionState.getMinimumSize()
M:Dimension org.argouml.uml.diagram.activity.ui.FigActionState.getMinimumSize()
M:void org.argouml.uml.diagram.activity.ui.FigActionState.setStandardBounds(int, int, int, int)
P:200
P:64
P:117
P:36
