S:F;T;T;T;T;T;F;T;T;F;U;T;U;T;F;T;F;F;U;T;T;U;F;T;T;U;F;T;F;F;T;F;F;T;F;F;T;F;T;F;T;T;T;F;U;T;F;U;U;U;U;T;T;T;T;T;T;F;F;T;T;U;F;T;F;F;F;F;T;U;T;F;U;U;T;U;U;F;U;F;F;T;F;F;U;U;T;F;F;F;U;T;T;T;T;F;F;F;T;F;F;U;U;T;U;F;U;U;U;T;F;F;T;T;F;F;F;U;U;F;F;F;U;U;U;T;U;T;F;F;F;T;T;F;F;F;T;F;T;T;F;F;F;F;F;F;F;F;F;T;T;U;T;T;F;U;F;T;T
A:clickOnFigPartition
M:Icon[] org.argouml.uml.diagram.activity.ui.SelectionActionState.getIcons()
M:String org.argouml.uml.diagram.activity.ui.SelectionActionState.getInstructions(int)
P:15
M:FigNode org.argouml.uml.diagram.activity.ui.ActivityDiagramRenderer.getFigNodeFor(GraphModel, Layer, Object, Map)
P:org.argouml.uml.diagram.activity.ActivityDiagramGraphModel@5634ae4c
P:org.tigris.gef.base.LayerPerspectiveMutable@594d097f[untitledModel]
P:ActionState$Impl  ID: -64--88-1-3--77b8d67c:16505f76255:-8000:000000000000097E  MID: -64--88-1-3--77b8d67c:16505f76255:-8000:00000000000005E9  OPCKG: -64--88-1-3--77b8d67c:16505f76255:-8000:000000000000087C
M:boolean org.argouml.uml.diagram.activity.ui.UMLActivityDiagram.doesAccept(Object)
P:ActionState$Impl  ID: -64--88-1-3--77b8d67c:16505f76255:-8000:000000000000097E  MID: -64--88-1-3--77b8d67c:16505f76255:-8000:00000000000005E9  OPCKG: -64--88-1-3--77b8d67c:16505f76255:-8000:000000000000087C
M:DiagramElement org.argouml.uml.diagram.activity.ui.UMLActivityDiagram.createDiagramElement(Object, Rectangle)
P:ActionState$Impl  ID: -64--88-1-3--77b8d67c:16505f76255:-8000:000000000000097E  MID: -64--88-1-3--77b8d67c:16505f76255:-8000:00000000000005E9  OPCKG: -64--88-1-3--77b8d67c:16505f76255:-8000:000000000000087C
M:Fig org.argouml.uml.diagram.activity.ui.FigActionState.createBigPortFig()
M:int org.argouml.uml.diagram.activity.ui.FigActionState.getNotationProviderType()
M:void org.argouml.uml.diagram.activity.ui.FigActionState.initializeActionState()
M:void org.argouml.uml.diagram.activity.ui.FigActionState.setStandardBounds(int, int, int, int)
P:10
P:10
P:117
P:30
M:boolean org.argouml.uml.diagram.activity.ui.FigPool.getUseTrapRect()
M:void org.argouml.uml.diagram.activity.ui.UMLActivityDiagram.encloserChanged(FigNode, FigNode, FigNode)
P:org.argouml.uml.diagram.activity.ui.FigActionState@7fc3591e
P:org.argouml.uml.diagram.activity.ui.FigPool@1236777e
M:void org.argouml.uml.diagram.activity.ui.UMLActivityDiagram.changePartition(FigNode)
P:org.argouml.uml.diagram.activity.ui.FigActionState@7fc3591e
M:void org.argouml.uml.diagram.activity.ui.FigActionState.modelChanged(PropertyChangeEvent)
P:org.argouml.model.AddAssociationEvent[propertyName=container; oldValue=null; newValue=CompositeState$Impl  ID: -64--88-1-3--77b8d67c:16505f76255:-8000:0000000000000979  MID: -64--88-1-3--77b8d67c:16505f76255:-8000:000000000000050A  OPCKG: -64--88-1-3--77b8d67c:16505f76255:-8000:000000000000087C; propagationId=null; source=ActionState$Impl  ID: -64--88-1-3--77b8d67c:16505f76255:-8000:000000000000097E  MID: -64--88-1-3--77b8d67c:16505f76255:-8000:00000000000005E9  OPCKG: -64--88-1-3--77b8d67c:16505f76255:-8000:000000000000087C]: org.netbeans.api.mdr.events.AssociationEvent[source=AContainerSubvertex$Impl  ID: -64--88-1-3--77b8d67c:16505f76255:-8000:0000000000000934  MID: -64--88-1-3--77b8d67c:16505f76255:-8000:0000000000000537  OPCKG: -64--88-1-3--77b8d67c:16505f76255:-8000:000000000000087C]
M:boolean org.argouml.uml.diagram.activity.ui.UMLActivityDiagram.isStateInPartition(Object, Object)
P:ActionState$Impl  ID: -64--88-1-3--77b8d67c:16505f76255:-8000:000000000000097E  MID: -64--88-1-3--77b8d67c:16505f76255:-8000:00000000000005E9  OPCKG: -64--88-1-3--77b8d67c:16505f76255:-8000:000000000000087C
P:Partition$Impl  ID: -64--88-1-3--77b8d67c:16505f76255:-8000:000000000000097B  MID: -64--88-1-3--77b8d67c:16505f76255:-8000:00000000000005DF  OPCKG: -64--88-1-3--77b8d67c:16505f76255:-8000:000000000000087C
M:int org.argouml.uml.diagram.activity.ui.FigActionState.getNotationProviderType()
M:boolean org.argouml.uml.diagram.activity.ui.UMLActivityDiagram.isStateInPartition(Object, Object)
P:ActionState$Impl  ID: -64--88-1-3--77b8d67c:16505f76255:-8000:000000000000097E  MID: -64--88-1-3--77b8d67c:16505f76255:-8000:00000000000005E9  OPCKG: -64--88-1-3--77b8d67c:16505f76255:-8000:000000000000087C
P:Partition$Impl  ID: -64--88-1-3--77b8d67c:16505f76255:-8000:000000000000097C  MID: -64--88-1-3--77b8d67c:16505f76255:-8000:00000000000005DF  OPCKG: -64--88-1-3--77b8d67c:16505f76255:-8000:000000000000087C
M:void org.argouml.uml.diagram.activity.ui.FigPool.addEnclosedFig(Fig)
P:org.argouml.uml.diagram.activity.ui.FigActionState@7fc3591e
M:Dimension org.argouml.uml.diagram.activity.ui.FigActionState.getMinimumSize()
M:void org.argouml.uml.diagram.activity.ui.FigActionState.setStandardBounds(int, int, int, int)
P:32
P:80
P:117
P:36
M:Dimension org.argouml.uml.diagram.activity.ui.FigActionState.getMinimumSize()
M:void org.argouml.uml.diagram.activity.ui.FigActionState.setStandardBounds(int, int, int, int)
P:32
P:80
P:117
P:36
M:Dimension org.argouml.uml.diagram.activity.ui.FigActionState.getMinimumSize()
M:void org.argouml.uml.diagram.activity.ui.FigActionState.modelChanged(PropertyChangeEvent)
P:org.argouml.model.AttributeChangeEvent[propertyName=container; oldValue=null; newValue=CompositeState$Impl  ID: -64--88-1-3--77b8d67c:16505f76255:-8000:0000000000000979  MID: -64--88-1-3--77b8d67c:16505f76255:-8000:000000000000050A  OPCKG: -64--88-1-3--77b8d67c:16505f76255:-8000:000000000000087C; propagationId=null; source=ActionState$Impl  ID: -64--88-1-3--77b8d67c:16505f76255:-8000:000000000000097E  MID: -64--88-1-3--77b8d67c:16505f76255:-8000:00000000000005E9  OPCKG: -64--88-1-3--77b8d67c:16505f76255:-8000:000000000000087C]: org.netbeans.api.mdr.events.AssociationEvent[source=AContainerSubvertex$Impl  ID: -64--88-1-3--77b8d67c:16505f76255:-8000:0000000000000934  MID: -64--88-1-3--77b8d67c:16505f76255:-8000:0000000000000537  OPCKG: -64--88-1-3--77b8d67c:16505f76255:-8000:000000000000087C]
M:int org.argouml.uml.diagram.activity.ui.FigActionState.getNotationProviderType()
M:Dimension org.argouml.uml.diagram.activity.ui.FigActionState.getMinimumSize()
M:Dimension org.argouml.uml.diagram.activity.ui.FigActionState.getMinimumSize()
M:void org.argouml.uml.diagram.activity.ui.FigActionState.setStandardBounds(int, int, int, int)
P:32
P:80
P:117
P:36
M:Dimension org.argouml.uml.diagram.activity.ui.FigActionState.getMinimumSize()
M:void org.argouml.uml.diagram.activity.ui.FigActionState.modelChanged(PropertyChangeEvent)
P:org.argouml.model.AddAssociationEvent[propertyName=partition; oldValue=null; newValue=Partition$Impl  ID: -64--88-1-3--77b8d67c:16505f76255:-8000:000000000000097A  MID: -64--88-1-3--77b8d67c:16505f76255:-8000:00000000000005DF  OPCKG: -64--88-1-3--77b8d67c:16505f76255:-8000:000000000000087C; propagationId=null; source=ActionState$Impl  ID: -64--88-1-3--77b8d67c:16505f76255:-8000:000000000000097E  MID: -64--88-1-3--77b8d67c:16505f76255:-8000:00000000000005E9  OPCKG: -64--88-1-3--77b8d67c:16505f76255:-8000:000000000000087C]: org.netbeans.api.mdr.events.AssociationEvent[source=AContentsPartition$Impl  ID: -64--88-1-3--77b8d67c:16505f76255:-8000:000000000000096C  MID: -64--88-1-3--77b8d67c:16505f76255:-8000:00000000000005FB  OPCKG: -64--88-1-3--77b8d67c:16505f76255:-8000:000000000000087C]
M:int org.argouml.uml.diagram.activity.ui.FigActionState.getNotationProviderType()
M:Dimension org.argouml.uml.diagram.activity.ui.FigActionState.getMinimumSize()
M:Dimension org.argouml.uml.diagram.activity.ui.FigActionState.getMinimumSize()
M:void org.argouml.uml.diagram.activity.ui.FigActionState.setStandardBounds(int, int, int, int)
P:32
P:80
P:117
P:36
M:Dimension org.argouml.uml.diagram.activity.ui.FigActionState.getMinimumSize()
M:void org.argouml.uml.diagram.activity.ui.FigActionState.modelChanged(PropertyChangeEvent)
P:org.argouml.model.AttributeChangeEvent[propertyName=partition; oldValue=null; newValue=Partition$Impl  ID: -64--88-1-3--77b8d67c:16505f76255:-8000:000000000000097A  MID: -64--88-1-3--77b8d67c:16505f76255:-8000:00000000000005DF  OPCKG: -64--88-1-3--77b8d67c:16505f76255:-8000:000000000000087C; propagationId=null; source=ActionState$Impl  ID: -64--88-1-3--77b8d67c:16505f76255:-8000:000000000000097E  MID: -64--88-1-3--77b8d67c:16505f76255:-8000:00000000000005E9  OPCKG: -64--88-1-3--77b8d67c:16505f76255:-8000:000000000000087C]: org.netbeans.api.mdr.events.AssociationEvent[source=AContentsPartition$Impl  ID: -64--88-1-3--77b8d67c:16505f76255:-8000:000000000000096C  MID: -64--88-1-3--77b8d67c:16505f76255:-8000:00000000000005FB  OPCKG: -64--88-1-3--77b8d67c:16505f76255:-8000:000000000000087C]
M:int org.argouml.uml.diagram.activity.ui.FigActionState.getNotationProviderType()
M:Dimension org.argouml.uml.diagram.activity.ui.FigActionState.getMinimumSize()
M:Dimension org.argouml.uml.diagram.activity.ui.FigActionState.getMinimumSize()
M:void org.argouml.uml.diagram.activity.ui.FigActionState.setStandardBounds(int, int, int, int)
P:32
P:80
P:117
P:36
M:Dimension org.argouml.uml.diagram.activity.ui.FigActionState.getMinimumSize()
M:void org.argouml.uml.diagram.activity.ui.FigActionState.modelChanged(PropertyChangeEvent)
P:org.argouml.model.AddAssociationEvent[propertyName=partition; oldValue=null; newValue=Partition$Impl  ID: -64--88-1-3--77b8d67c:16505f76255:-8000:000000000000097A  MID: -64--88-1-3--77b8d67c:16505f76255:-8000:00000000000005DF  OPCKG: -64--88-1-3--77b8d67c:16505f76255:-8000:000000000000087C; propagationId=null; source=ActionState$Impl  ID: -64--88-1-3--77b8d67c:16505f76255:-8000:000000000000097E  MID: -64--88-1-3--77b8d67c:16505f76255:-8000:00000000000005E9  OPCKG: -64--88-1-3--77b8d67c:16505f76255:-8000:000000000000087C]: org.netbeans.api.mdr.events.AssociationEvent[source=AContentsPartition$Impl  ID: -64--88-1-3--77b8d67c:16505f76255:-8000:000000000000096C  MID: -64--88-1-3--77b8d67c:16505f76255:-8000:00000000000005FB  OPCKG: -64--88-1-3--77b8d67c:16505f76255:-8000:000000000000087C]
M:int org.argouml.uml.diagram.activity.ui.FigActionState.getNotationProviderType()
M:Dimension org.argouml.uml.diagram.activity.ui.FigActionState.getMinimumSize()
M:Dimension org.argouml.uml.diagram.activity.ui.FigActionState.getMinimumSize()
M:void org.argouml.uml.diagram.activity.ui.FigActionState.setStandardBounds(int, int, int, int)
P:32
P:80
P:117
P:36
M:Dimension org.argouml.uml.diagram.activity.ui.FigActionState.getMinimumSize()
M:void org.argouml.uml.diagram.activity.ui.FigActionState.modelChanged(PropertyChangeEvent)
P:org.argouml.model.AttributeChangeEvent[propertyName=partition; oldValue=null; newValue=Partition$Impl  ID: -64--88-1-3--77b8d67c:16505f76255:-8000:000000000000097A  MID: -64--88-1-3--77b8d67c:16505f76255:-8000:00000000000005DF  OPCKG: -64--88-1-3--77b8d67c:16505f76255:-8000:000000000000087C; propagationId=null; source=ActionState$Impl  ID: -64--88-1-3--77b8d67c:16505f76255:-8000:000000000000097E  MID: -64--88-1-3--77b8d67c:16505f76255:-8000:00000000000005E9  OPCKG: -64--88-1-3--77b8d67c:16505f76255:-8000:000000000000087C]: org.netbeans.api.mdr.events.AssociationEvent[source=AContentsPartition$Impl  ID: -64--88-1-3--77b8d67c:16505f76255:-8000:000000000000096C  MID: -64--88-1-3--77b8d67c:16505f76255:-8000:00000000000005FB  OPCKG: -64--88-1-3--77b8d67c:16505f76255:-8000:000000000000087C]
M:int org.argouml.uml.diagram.activity.ui.FigActionState.getNotationProviderType()
M:Dimension org.argouml.uml.diagram.activity.ui.FigActionState.getMinimumSize()
M:Dimension org.argouml.uml.diagram.activity.ui.FigActionState.getMinimumSize()
M:void org.argouml.uml.diagram.activity.ui.FigActionState.setStandardBounds(int, int, int, int)
P:32
P:80
P:117
P:36
M:Dimension org.argouml.uml.diagram.activity.ui.FigActionState.getMinimumSize()
M:boolean org.argouml.uml.diagram.activity.ui.FigActionState.isFilled()
M:Color org.argouml.uml.diagram.activity.ui.FigActionState.getFillColor()
M:int org.argouml.uml.diagram.activity.ui.FigActionState.getLineWidth()
M:Color org.argouml.uml.diagram.activity.ui.FigActionState.getLineColor()
M:boolean org.argouml.uml.diagram.activity.ui.FigActionState.isFilled()
M:Color org.argouml.uml.diagram.activity.ui.FigActionState.getFillColor()
M:int org.argouml.uml.diagram.activity.ui.FigActionState.getLineWidth()
M:Color org.argouml.uml.diagram.activity.ui.FigActionState.getLineColor()
S:F;T;T;T;T;T;F;T;T;F;U;T;U;T;F;T;F;F;F;T;T;T;F;T;T;U;F;T;F;F;T;F;F;T;F;F;T;F;T;F;T;T;T;F;U;T;F;U;U;U;U;T;T;T;T;T;T;F;F;T;T;U;F;T;F;F;F;F;T;F;T;F;T;U;T;F;U;F;U;F;F;T;F;F;F;T;T;F;F;F;T;T;T;T;T;F;F;F;T;F;F;F;F;T;F;F;T;F;U;T;F;F;T;T;F;F;F;F;F;F;F;F;F;F;F;T;F;T;F;F;F;T;T;F;F;F;T;F;T;T;F;F;F;F;F;F;F;F;F;T;T;U;T;T;F;U;F;T;T
