S:F;T;T;T;T;T;F;T;T;F;U;T;U;T;F;T;F;F;F;T;T;T;F;T;T;U;F;T;F;F;T;F;F;T;F;F;T;F;T;F;T;T;T;F;U;T;F;U;U;U;U;T;T;T;T;T;T;F;F;T;T;U;F;T;F;F;F;F;T;F;T;F;T;U;U;F;U;U;T;F;F;T;F;F;F;T;T;F;F;F;T;T;T;T;T;F;F;F;T;F;F;F;F;T;F;F;T;F;U;T;F;F;T;T;F;F;F;F;F;F;F;F;F;F;F;T;F;T;F;F;F;T;T;F;F;F;T;F;T;T;F;F;F;F;F;F;F;F;F;T;T;F;T;T;F;U;F;T;T
A:clickOnFigPartition
M:FigNode org.argouml.uml.diagram.activity.ui.ActivityDiagramRenderer.getFigNodeFor(GraphModel, Layer, Object, Map)
P:org.argouml.uml.diagram.activity.ActivityDiagramGraphModel@5634ae4c
P:org.tigris.gef.base.LayerPerspectiveMutable@594d097f[untitledModel]
P:Pseudostate$Impl  ID: -64--88-1-3--77b8d67c:16505f76255:-8000:0000000000000985  MID: -64--88-1-3--77b8d67c:16505f76255:-8000:0000000000000511  OPCKG: -64--88-1-3--77b8d67c:16505f76255:-8000:000000000000087C
M:boolean org.argouml.uml.diagram.activity.ui.UMLActivityDiagram.doesAccept(Object)
P:Pseudostate$Impl  ID: -64--88-1-3--77b8d67c:16505f76255:-8000:0000000000000985  MID: -64--88-1-3--77b8d67c:16505f76255:-8000:0000000000000511  OPCKG: -64--88-1-3--77b8d67c:16505f76255:-8000:000000000000087C
M:DiagramElement org.argouml.uml.diagram.activity.ui.UMLActivityDiagram.createDiagramElement(Object, Rectangle)
P:Pseudostate$Impl  ID: -64--88-1-3--77b8d67c:16505f76255:-8000:0000000000000985  MID: -64--88-1-3--77b8d67c:16505f76255:-8000:0000000000000511  OPCKG: -64--88-1-3--77b8d67c:16505f76255:-8000:000000000000087C
M:boolean org.argouml.uml.diagram.activity.ui.FigPool.getUseTrapRect()
M:void org.argouml.uml.diagram.activity.ui.UMLActivityDiagram.encloserChanged(FigNode, FigNode, FigNode)
P:org.argouml.uml.diagram.state.ui.FigJoinState@5dea8b9
P:org.argouml.uml.diagram.activity.ui.FigPool@1236777e
M:void org.argouml.uml.diagram.activity.ui.UMLActivityDiagram.changePartition(FigNode)
P:org.argouml.uml.diagram.state.ui.FigJoinState@5dea8b9
M:boolean org.argouml.uml.diagram.activity.ui.UMLActivityDiagram.isStateInPartition(Object, Object)
P:Pseudostate$Impl  ID: -64--88-1-3--77b8d67c:16505f76255:-8000:0000000000000985  MID: -64--88-1-3--77b8d67c:16505f76255:-8000:0000000000000511  OPCKG: -64--88-1-3--77b8d67c:16505f76255:-8000:000000000000087C
P:Partition$Impl  ID: -64--88-1-3--77b8d67c:16505f76255:-8000:000000000000097A  MID: -64--88-1-3--77b8d67c:16505f76255:-8000:00000000000005DF  OPCKG: -64--88-1-3--77b8d67c:16505f76255:-8000:000000000000087C
M:boolean org.argouml.uml.diagram.activity.ui.UMLActivityDiagram.isStateInPartition(Object, Object)
P:Pseudostate$Impl  ID: -64--88-1-3--77b8d67c:16505f76255:-8000:0000000000000985  MID: -64--88-1-3--77b8d67c:16505f76255:-8000:0000000000000511  OPCKG: -64--88-1-3--77b8d67c:16505f76255:-8000:000000000000087C
P:Partition$Impl  ID: -64--88-1-3--77b8d67c:16505f76255:-8000:000000000000097C  MID: -64--88-1-3--77b8d67c:16505f76255:-8000:00000000000005DF  OPCKG: -64--88-1-3--77b8d67c:16505f76255:-8000:000000000000087C
M:void org.argouml.uml.diagram.activity.ui.FigPool.addEnclosedFig(Fig)
P:org.argouml.uml.diagram.state.ui.FigJoinState@5dea8b9
M:Icon[] org.argouml.uml.diagram.activity.ui.SelectionActionState.getIcons()
M:Dimension org.argouml.uml.diagram.activity.ui.FigPartition.getMinimumSize()
M:Dimension org.argouml.uml.diagram.activity.ui.FigPartition.getMinimumSize()
M:Dimension org.argouml.uml.diagram.activity.ui.FigPartition.getMinimumSize()
M:Dimension org.argouml.uml.diagram.activity.ui.FigPartition.getMinimumSize()
M:Icon[] org.argouml.uml.diagram.activity.ui.SelectionActionState.getIcons()
M:Icon[] org.argouml.uml.diagram.activity.ui.SelectionActionState.getIcons()
M:String org.argouml.uml.diagram.activity.ui.SelectionActionState.getInstructions(int)
P:15
S:F;T;T;T;T;T;F;T;T;F;U;T;U;T;F;T;F;F;F;T;T;T;F;T;T;U;F;T;F;F;T;F;F;T;F;F;T;F;T;F;T;T;T;F;U;T;F;U;U;U;U;T;T;T;T;T;T;F;F;T;T;U;F;T;F;F;F;F;T;F;T;F;T;U;U;F;U;U;T;F;F;T;F;F;F;T;T;F;F;F;T;T;T;T;T;F;F;F;T;F;F;F;F;T;F;F;T;F;U;T;F;F;T;T;F;F;F;F;F;F;F;F;F;F;F;T;F;T;F;F;F;T;T;F;F;F;T;F;T;T;F;F;F;F;F;F;F;F;F;T;T;F;T;T;F;U;F;T;T
