S:F;T;T;T;T;T;F;T;T;F;U;T;U;T;F;T;F;F;F;T;T;T;F;T;U;U;F;T;F;F;T;F;F;T;F;F;T;F;T;F;T;T;U;F;U;T;F;U;U;U;U;T;T;T;T;T;T;F;F;T;T;U;F;T;F;F;F;F;T;F;T;F;T;U;U;F;U;U;U;F;F;T;F;F;F;T;T;F;F;F;T;T;T;T;T;U;U;U;T;F;F;F;F;T;F;F;T;F;U;T;F;F;T;T;F;F;F;F;F;F;F;F;F;F;F;T;F;T;F;F;F;T;T;F;F;F;T;F;T;T;F;F;F;F;F;F;U;F;F;T;T;U;T;T;F;U;F;T;T
A:clickOnFigPartition
M:Icon[] org.argouml.uml.diagram.activity.ui.SelectionActionState.getIcons()
M:String org.argouml.uml.diagram.activity.ui.SelectionActionState.getInstructions(int)
P:11
M:Icon[] org.argouml.uml.diagram.activity.ui.SelectionActionState.getIcons()
M:String org.argouml.uml.diagram.activity.ui.SelectionActionState.getInstructions(int)
P:11
M:Icon[] org.argouml.uml.diagram.activity.ui.SelectionActionState.getIcons()
M:String org.argouml.uml.diagram.activity.ui.SelectionActionState.getInstructions(int)
P:11
M:Icon[] org.argouml.uml.diagram.activity.ui.SelectionActionState.getIcons()
M:Icon[] org.argouml.uml.diagram.activity.ui.SelectionActionState.getIcons()
M:String org.argouml.uml.diagram.activity.ui.SelectionActionState.getInstructions(int)
P:15
M:Object org.argouml.uml.diagram.activity.ui.SelectionActionState.getNewNodeType(int)
P:11
M:Object org.argouml.uml.diagram.activity.ui.SelectionActionState.getNewEdgeType(int)
P:11
M:boolean org.argouml.uml.diagram.activity.ui.SelectionActionState.isReverseEdge(int)
P:11
M:void org.argouml.uml.diagram.activity.ui.FigActionState.modelChanged(PropertyChangeEvent)
P:org.argouml.model.AddAssociationEvent[propertyName=outgoing; oldValue=null; newValue=Transition$Impl  ID: -64--88-1-3--77b8d67c:16505f76255:-8000:0000000000000988  MID: -64--88-1-3--77b8d67c:16505f76255:-8000:0000000000000507  OPCKG: -64--88-1-3--77b8d67c:16505f76255:-8000:000000000000087C; propagationId=null; source=ActionState$Impl  ID: -64--88-1-3--77b8d67c:16505f76255:-8000:0000000000000987  MID: -64--88-1-3--77b8d67c:16505f76255:-8000:00000000000005E9  OPCKG: -64--88-1-3--77b8d67c:16505f76255:-8000:000000000000087C]: org.netbeans.api.mdr.events.AssociationEvent[source=AOutgoingSource$Impl  ID: -64--88-1-3--77b8d67c:16505f76255:-8000:0000000000000939  MID: -64--88-1-3--77b8d67c:16505f76255:-8000:0000000000000546  OPCKG: -64--88-1-3--77b8d67c:16505f76255:-8000:000000000000087C]
M:void org.argouml.uml.diagram.activity.ui.FigActionState.modelChanged(PropertyChangeEvent)
P:org.argouml.model.AttributeChangeEvent[propertyName=outgoing; oldValue=null; newValue=Transition$Impl  ID: -64--88-1-3--77b8d67c:16505f76255:-8000:0000000000000988  MID: -64--88-1-3--77b8d67c:16505f76255:-8000:0000000000000507  OPCKG: -64--88-1-3--77b8d67c:16505f76255:-8000:000000000000087C; propagationId=null; source=ActionState$Impl  ID: -64--88-1-3--77b8d67c:16505f76255:-8000:0000000000000987  MID: -64--88-1-3--77b8d67c:16505f76255:-8000:00000000000005E9  OPCKG: -64--88-1-3--77b8d67c:16505f76255:-8000:000000000000087C]: org.netbeans.api.mdr.events.AssociationEvent[source=AOutgoingSource$Impl  ID: -64--88-1-3--77b8d67c:16505f76255:-8000:0000000000000939  MID: -64--88-1-3--77b8d67c:16505f76255:-8000:0000000000000546  OPCKG: -64--88-1-3--77b8d67c:16505f76255:-8000:000000000000087C]
S:F;T;T;T;T;T;F;T;T;F;U;T;U;T;F;T;F;F;F;T;T;T;F;T;U;U;F;T;F;F;T;F;F;T;F;F;T;F;T;F;T;T;U;F;U;T;F;U;U;U;U;T;T;T;T;T;T;F;F;T;T;U;F;T;F;F;F;F;T;F;T;F;T;U;U;F;U;U;U;F;F;T;F;F;F;T;T;F;F;F;T;T;T;T;T;U;U;U;T;F;F;F;F;T;F;F;T;F;U;T;F;F;T;T;F;F;F;F;F;F;F;F;F;F;F;T;F;T;F;F;F;T;T;F;F;F;T;F;T;T;F;F;F;F;F;F;U;F;F;T;T;U;T;T;F;U;F;T;T
