M:Icon[] org.argouml.uml.diagram.activity.ui.SelectionActionState.getIcons()
M:void org.argouml.uml.diagram.activity.ui.UMLActivityDiagram.encloserChanged(FigNode, FigNode, FigNode)
P:org.argouml.uml.diagram.activity.ui.FigActionState@47fa41b8
M:Icon[] org.argouml.uml.diagram.activity.ui.SelectionActionState.getIcons()
M:Icon[] org.argouml.uml.diagram.activity.ui.SelectionActionState.getIcons()
M:String org.argouml.uml.diagram.activity.ui.SelectionActionState.getInstructions(int)
P:11
M:Icon[] org.argouml.uml.diagram.activity.ui.SelectionActionState.getIcons()
M:String org.argouml.uml.diagram.activity.ui.SelectionActionState.getInstructions(int)
P:11
M:Icon[] org.argouml.uml.diagram.activity.ui.SelectionActionState.getIcons()
M:String org.argouml.uml.diagram.activity.ui.SelectionActionState.getInstructions(int)
P:11
M:Icon[] org.argouml.uml.diagram.activity.ui.SelectionActionState.getIcons()
M:String org.argouml.uml.diagram.activity.ui.SelectionActionState.getInstructions(int)
P:11
M:Icon[] org.argouml.uml.diagram.activity.ui.SelectionActionState.getIcons()
M:String org.argouml.uml.diagram.activity.ui.SelectionActionState.getInstructions(int)
P:11
M:Icon[] org.argouml.uml.diagram.activity.ui.SelectionActionState.getIcons()
M:Icon[] org.argouml.uml.diagram.activity.ui.SelectionActionState.getIcons()
M:String org.argouml.uml.diagram.activity.ui.SelectionActionState.getInstructions(int)
P:15
M:Object org.argouml.uml.diagram.activity.ui.SelectionActionState.getNewNodeType(int)
P:11
M:Object org.argouml.uml.diagram.activity.ui.SelectionActionState.getNewEdgeType(int)
P:11
M:boolean org.argouml.uml.diagram.activity.ui.SelectionActionState.isReverseEdge(int)
P:11
M:void org.argouml.uml.diagram.activity.ui.FigActionState.modelChanged(PropertyChangeEvent)
P:org.argouml.model.AddAssociationEvent[propertyName=outgoing; oldValue=null; newValue=Transition$Impl  ID: 127-0-0-1-1fedad65:1652945c3f7:-8000:000000000000097F  MID: 127-0-0-1-1fedad65:1652945c3f7:-8000:0000000000000507  OPCKG: 127-0-0-1-1fedad65:1652945c3f7:-8000:000000000000087B; propagationId=null; source=CallState$Impl  ID: 127-0-0-1-1fedad65:1652945c3f7:-8000:000000000000097C  MID: 127-0-0-1-1fedad65:1652945c3f7:-8000:00000000000005EA  OPCKG: 127-0-0-1-1fedad65:1652945c3f7:-8000:000000000000087B]: org.netbeans.api.mdr.events.AssociationEvent[source=AOutgoingSource$Impl  ID: 127-0-0-1-1fedad65:1652945c3f7:-8000:0000000000000938  MID: 127-0-0-1-1fedad65:1652945c3f7:-8000:0000000000000546  OPCKG: 127-0-0-1-1fedad65:1652945c3f7:-8000:000000000000087B]
M:void org.argouml.uml.diagram.activity.ui.FigActionState.modelChanged(PropertyChangeEvent)
P:org.argouml.model.AttributeChangeEvent[propertyName=outgoing; oldValue=null; newValue=Transition$Impl  ID: 127-0-0-1-1fedad65:1652945c3f7:-8000:000000000000097F  MID: 127-0-0-1-1fedad65:1652945c3f7:-8000:0000000000000507  OPCKG: 127-0-0-1-1fedad65:1652945c3f7:-8000:000000000000087B; propagationId=null; source=CallState$Impl  ID: 127-0-0-1-1fedad65:1652945c3f7:-8000:000000000000097C  MID: 127-0-0-1-1fedad65:1652945c3f7:-8000:00000000000005EA  OPCKG: 127-0-0-1-1fedad65:1652945c3f7:-8000:000000000000087B]: org.netbeans.api.mdr.events.AssociationEvent[source=AOutgoingSource$Impl  ID: 127-0-0-1-1fedad65:1652945c3f7:-8000:0000000000000938  MID: 127-0-0-1-1fedad65:1652945c3f7:-8000:0000000000000546  OPCKG: 127-0-0-1-1fedad65:1652945c3f7:-8000:000000000000087B]
M:Dimension org.argouml.uml.diagram.activity.ui.FigActionState.getMinimumSize()
M:Dimension org.argouml.uml.diagram.activity.ui.FigActionState.getMinimumSize()
M:FigNode org.argouml.uml.diagram.activity.ui.ActivityDiagramRenderer.getFigNodeFor(GraphModel, Layer, Object, Map)
P:org.argouml.uml.diagram.activity.ActivityDiagramGraphModel@4b0fc379
P:org.tigris.gef.base.LayerPerspectiveMutable@330eb602[untitledModel]
P:ObjectFlowState$Impl  ID: 127-0-0-1-1fedad65:1652945c3f7:-8000:0000000000000980  MID: 127-0-0-1-1fedad65:1652945c3f7:-8000:00000000000005EE  OPCKG: 127-0-0-1-1fedad65:1652945c3f7:-8000:000000000000087B
M:boolean org.argouml.uml.diagram.activity.ui.UMLActivityDiagram.doesAccept(Object)
P:ObjectFlowState$Impl  ID: 127-0-0-1-1fedad65:1652945c3f7:-8000:0000000000000980  MID: 127-0-0-1-1fedad65:1652945c3f7:-8000:00000000000005EE  OPCKG: 127-0-0-1-1fedad65:1652945c3f7:-8000:000000000000087B
M:DiagramElement org.argouml.uml.diagram.activity.ui.UMLActivityDiagram.createDiagramElement(Object, Rectangle)
P:ObjectFlowState$Impl  ID: 127-0-0-1-1fedad65:1652945c3f7:-8000:0000000000000980  MID: 127-0-0-1-1fedad65:1652945c3f7:-8000:00000000000005EE  OPCKG: 127-0-0-1-1fedad65:1652945c3f7:-8000:000000000000087B
M:int org.argouml.uml.diagram.activity.ui.FigObjectFlowState.getNotationProviderType()
M:void org.argouml.uml.diagram.activity.ui.FigObjectFlowState.initFigs(Rectangle)
M:void org.argouml.uml.diagram.activity.ui.FigObjectFlowState.renderingChanged()
M:void org.argouml.uml.diagram.activity.ui.FigObjectFlowState.initNotationProviders(Object)
P:ObjectFlowState$Impl  ID: 127-0-0-1-1fedad65:1652945c3f7:-8000:0000000000000980  MID: 127-0-0-1-1fedad65:1652945c3f7:-8000:00000000000005EE  OPCKG: 127-0-0-1-1fedad65:1652945c3f7:-8000:000000000000087B
M:int org.argouml.uml.diagram.activity.ui.FigObjectFlowState.getNotationProviderType()
M:void org.argouml.uml.diagram.activity.ui.FigObjectFlowState.setStandardBounds(int, int, int, int)
P:10
P:10
P:138
P:50
M:void org.argouml.uml.diagram.activity.ui.FigObjectFlowState.updateStateText()
