M:FigNode org.argouml.uml.diagram.activity.ui.ActivityDiagramRenderer.getFigNodeFor(GraphModel, Layer, Object, Map)
P:org.argouml.uml.diagram.activity.ActivityDiagramGraphModel@4b0fc379
P:org.tigris.gef.base.LayerPerspectiveMutable@330eb602[untitledModel]
P:FinalState$Impl  ID: 127-0-0-1-1fedad65:1652945c3f7:-8000:0000000000000982  MID: 127-0-0-1-1fedad65:1652945c3f7:-8000:0000000000000519  OPCKG: 127-0-0-1-1fedad65:1652945c3f7:-8000:000000000000087B
M:boolean org.argouml.uml.diagram.activity.ui.UMLActivityDiagram.doesAccept(Object)
P:FinalState$Impl  ID: 127-0-0-1-1fedad65:1652945c3f7:-8000:0000000000000982  MID: 127-0-0-1-1fedad65:1652945c3f7:-8000:0000000000000519  OPCKG: 127-0-0-1-1fedad65:1652945c3f7:-8000:000000000000087B
M:DiagramElement org.argouml.uml.diagram.activity.ui.UMLActivityDiagram.createDiagramElement(Object, Rectangle)
P:FinalState$Impl  ID: 127-0-0-1-1fedad65:1652945c3f7:-8000:0000000000000982  MID: 127-0-0-1-1fedad65:1652945c3f7:-8000:0000000000000519  OPCKG: 127-0-0-1-1fedad65:1652945c3f7:-8000:000000000000087B
M:void org.argouml.uml.diagram.activity.ui.UMLActivityDiagram.encloserChanged(FigNode, FigNode, FigNode)
P:org.argouml.uml.diagram.state.ui.FigFinalState@3f247852
M:void org.argouml.uml.diagram.activity.ui.SelectionActionState.setOutgoingButtonEnabled(boolean)
P:false
M:void org.argouml.uml.diagram.activity.ui.SelectionActionState.setOutgoingRightButtonEnabled(boolean)
P:false
M:void org.argouml.uml.diagram.activity.ui.SelectionActionState.setOutgoingBelowButtonEnabled(boolean)
P:false
M:Icon[] org.argouml.uml.diagram.activity.ui.SelectionActionState.getIcons()
M:Icon[] org.argouml.uml.diagram.activity.ui.SelectionActionState.getIcons()
M:Icon[] org.argouml.uml.diagram.activity.ui.SelectionActionState.getIcons()
M:String org.argouml.uml.diagram.activity.ui.SelectionActionState.getInstructions(int)
P:15
M:Icon[] org.argouml.uml.diagram.activity.ui.SelectionActionState.getIcons()
M:String org.argouml.uml.diagram.activity.ui.SelectionActionState.getInstructions(int)
P:15
M:Icon[] org.argouml.uml.diagram.activity.ui.SelectionActionState.getIcons()
M:String org.argouml.uml.diagram.activity.ui.SelectionActionState.getInstructions(int)
P:15
M:Icon[] org.argouml.uml.diagram.activity.ui.SelectionActionState.getIcons()
M:String org.argouml.uml.diagram.activity.ui.SelectionActionState.getInstructions(int)
P:15
M:Selection org.argouml.uml.diagram.activity.ui.FigObjectFlowState.makeSelection()
M:boolean org.argouml.uml.diagram.activity.ui.FigObjectFlowState.isFilled()
M:Color org.argouml.uml.diagram.activity.ui.FigObjectFlowState.getFillColor()
M:int org.argouml.uml.diagram.activity.ui.FigObjectFlowState.getLineWidth()
M:Color org.argouml.uml.diagram.activity.ui.FigObjectFlowState.getLineColor()
M:boolean org.argouml.uml.diagram.activity.ui.FigObjectFlowState.isFilled()
M:Color org.argouml.uml.diagram.activity.ui.FigObjectFlowState.getFillColor()
M:int org.argouml.uml.diagram.activity.ui.FigObjectFlowState.getLineWidth()
M:Color org.argouml.uml.diagram.activity.ui.FigObjectFlowState.getLineColor()
M:Icon[] org.argouml.uml.diagram.activity.ui.SelectionActionState.getIcons()
M:void org.argouml.uml.diagram.activity.ui.FigObjectFlowState.setEnclosingFig(Fig)
M:void org.argouml.uml.diagram.activity.ui.UMLActivityDiagram.encloserChanged(FigNode, FigNode, FigNode)
P:org.argouml.uml.diagram.activity.ui.FigObjectFlowState@469b396c
M:Icon[] org.argouml.uml.diagram.activity.ui.SelectionActionState.getIcons()
