M:void org.argouml.uml.diagram.activity.ui.FigPartition.SelectionPartition.paint(Graphics)
P:sun.java2d.SunGraphics2D[font=java.awt.Font[family=Lucida Grande,name=Lucida Grande,style=plain,size=13],color=java.awt.Color[r=0,g=0,b=0]]
M:void org.argouml.uml.diagram.activity.ui.FigPartition.SelectionPartition.updateHandleBox()
M:Dimension org.argouml.uml.diagram.activity.ui.FigPartition.getMinimumSize()
M:Dimension org.argouml.uml.diagram.activity.ui.FigPartition.getMinimumSize()
M:void org.argouml.uml.diagram.activity.ui.FigPartition.SelectionPartition.paint(Graphics)
P:sun.java2d.SunGraphics2D[font=java.awt.Font[family=Lucida Grande,name=Lucida Grande,style=plain,size=13],color=java.awt.Color[r=0,g=0,b=0]]
M:void org.argouml.uml.diagram.activity.ui.FigPartition.SelectionPartition.updateHandleBox()
M:void org.argouml.uml.diagram.activity.ui.FigPartition.SelectionPartition.hitHandle(Rectangle, Handle)
P:java.awt.Rectangle[x=149,y=-14,width=0,height=0]
P:org.tigris.gef.presentation.Handle@431e329c
M:void org.argouml.uml.diagram.activity.ui.FigPartition.SelectionPartition.updateHandleBox()
M:FigNode org.argouml.uml.diagram.activity.ui.ActivityDiagramRenderer.getFigNodeFor(GraphModel, Layer, Object, Map)
P:org.argouml.uml.diagram.activity.ActivityDiagramGraphModel@1a417606
P:org.tigris.gef.base.LayerPerspectiveMutable@252a454f[untitledModel]
P:Pseudostate$Impl  ID: 127-0-0-1-73713b6f:16529098717:-8000:0000000000000972  MID: 127-0-0-1-73713b6f:16529098717:-8000:0000000000000511  OPCKG: 127-0-0-1-73713b6f:16529098717:-8000:0000000000000873
M:boolean org.argouml.uml.diagram.activity.ui.UMLActivityDiagram.doesAccept(Object)
P:Pseudostate$Impl  ID: 127-0-0-1-73713b6f:16529098717:-8000:0000000000000972  MID: 127-0-0-1-73713b6f:16529098717:-8000:0000000000000511  OPCKG: 127-0-0-1-73713b6f:16529098717:-8000:0000000000000873
M:DiagramElement org.argouml.uml.diagram.activity.ui.UMLActivityDiagram.createDiagramElement(Object, Rectangle)
P:Pseudostate$Impl  ID: 127-0-0-1-73713b6f:16529098717:-8000:0000000000000972  MID: 127-0-0-1-73713b6f:16529098717:-8000:0000000000000511  OPCKG: 127-0-0-1-73713b6f:16529098717:-8000:0000000000000873
M:boolean org.argouml.uml.diagram.activity.ui.FigPool.getUseTrapRect()
M:void org.argouml.uml.diagram.activity.ui.UMLActivityDiagram.encloserChanged(FigNode, FigNode, FigNode)
P:org.argouml.uml.diagram.state.ui.FigInitialState@45753b3f
P:org.argouml.uml.diagram.activity.ui.FigPool@5d4f6213
M:void org.argouml.uml.diagram.activity.ui.UMLActivityDiagram.changePartition(FigNode)
P:org.argouml.uml.diagram.state.ui.FigInitialState@45753b3f
M:void org.argouml.uml.diagram.activity.ui.FigPool.addEnclosedFig(Fig)
P:org.argouml.uml.diagram.state.ui.FigInitialState@45753b3f
M:void org.argouml.uml.diagram.activity.ui.SelectionActionState.setIncomingButtonEnabled(boolean)
P:false
M:void org.argouml.uml.diagram.activity.ui.SelectionActionState.setIncomingAboveButtonEnabled(boolean)
P:false
M:void org.argouml.uml.diagram.activity.ui.SelectionActionState.setIncomingLeftButtonEnabled(boolean)
P:false
M:void org.argouml.uml.diagram.activity.ui.SelectionActionState.setOutgoingButtonEnabled(boolean)
P:true
M:void org.argouml.uml.diagram.activity.ui.SelectionActionState.setOutgoingRightButtonEnabled(boolean)
P:true
M:void org.argouml.uml.diagram.activity.ui.SelectionActionState.setOutgoingBelowButtonEnabled(boolean)
P:true
M:Icon[] org.argouml.uml.diagram.activity.ui.SelectionActionState.getIcons()
M:String org.argouml.uml.diagram.activity.ui.SelectionActionState.getInstructions(int)
P:15
M:Icon[] org.argouml.uml.diagram.activity.ui.SelectionActionState.getIcons()
M:String org.argouml.uml.diagram.activity.ui.SelectionActionState.getInstructions(int)
P:15
M:Icon[] org.argouml.uml.diagram.activity.ui.SelectionActionState.getIcons()
M:boolean org.argouml.uml.diagram.activity.ui.FigPool.getUseTrapRect()
M:void org.argouml.uml.diagram.activity.ui.UMLActivityDiagram.encloserChanged(FigNode, FigNode, FigNode)
P:org.argouml.uml.diagram.state.ui.FigInitialState@45753b3f
P:org.argouml.uml.diagram.activity.ui.FigPool@5d4f6213
P:org.argouml.uml.diagram.activity.ui.FigPool@5d4f6213
M:void org.argouml.uml.diagram.activity.ui.UMLActivityDiagram.changePartition(FigNode)
P:org.argouml.uml.diagram.state.ui.FigInitialState@45753b3f
M:void org.argouml.uml.diagram.activity.ui.FigActionState.setStandardBounds(int, int, int, int)
P:64
P:128
P:117
P:36
M:Dimension org.argouml.uml.diagram.activity.ui.FigActionState.getMinimumSize()
M:String org.argouml.uml.diagram.activity.ui.SelectionActionState.getInstructions(int)
P:15
M:Dimension org.argouml.uml.diagram.activity.ui.FigActionState.getMinimumSize()
M:Dimension org.argouml.uml.diagram.activity.ui.FigActionState.getMinimumSize()
M:void org.argouml.uml.diagram.activity.ui.SelectionActionState.setIncomingAboveButtonEnabled(boolean)
P:false
M:Icon[] org.argouml.uml.diagram.activity.ui.SelectionActionState.getIcons()
M:void org.argouml.uml.diagram.activity.ui.FigActionState.modelChanged(PropertyChangeEvent)
P:org.argouml.model.AddAssociationEvent[propertyName=partition; oldValue=null; newValue=Partition$Impl  ID: 127-0-0-1-73713b6f:16529098717:-8000:0000000000000975  MID: 127-0-0-1-73713b6f:16529098717:-8000:00000000000005DF  OPCKG: 127-0-0-1-73713b6f:16529098717:-8000:0000000000000873; propagationId=null; source=ActionState$Impl  ID: 127-0-0-1-73713b6f:16529098717:-8000:0000000000000976  MID: 127-0-0-1-73713b6f:16529098717:-8000:00000000000005E9  OPCKG: 127-0-0-1-73713b6f:16529098717:-8000:0000000000000873]: org.netbeans.api.mdr.events.AssociationEvent[source=AContentsPartition$Impl  ID: 127-0-0-1-73713b6f:16529098717:-8000:0000000000000963  MID: 127-0-0-1-73713b6f:16529098717:-8000:00000000000005FB  OPCKG: 127-0-0-1-73713b6f:16529098717:-8000:0000000000000873]
M:Dimension org.argouml.uml.diagram.activity.ui.FigActionState.getMinimumSize()
M:void org.argouml.uml.diagram.activity.ui.FigActionState.setStandardBounds(int, int, int, int)
P:224
P:128
P:117
P:36
M:String org.argouml.uml.diagram.activity.ui.SelectionActionState.getInstructions(int)
P:15
M:void org.argouml.uml.diagram.activity.ui.FigActionState.modelChanged(PropertyChangeEvent)
P:org.argouml.model.AttributeChangeEvent[propertyName=incoming; oldValue=null; newValue=Transition$Impl  ID: 127-0-0-1-73713b6f:16529098717:-8000:0000000000000977  MID: 127-0-0-1-73713b6f:16529098717:-8000:0000000000000507  OPCKG: 127-0-0-1-73713b6f:16529098717:-8000:0000000000000873; propagationId=null; source=ActionState$Impl  ID: 127-0-0-1-73713b6f:16529098717:-8000:0000000000000976  MID: 127-0-0-1-73713b6f:16529098717:-8000:00000000000005E9  OPCKG: 127-0-0-1-73713b6f:16529098717:-8000:0000000000000873]: org.netbeans.api.mdr.events.AssociationEvent[source=AIncomingTarget$Impl  ID: 127-0-0-1-73713b6f:16529098717:-8000:0000000000000931  MID: 127-0-0-1-73713b6f:16529098717:-8000:0000000000000549  OPCKG: 127-0-0-1-73713b6f:16529098717:-8000:0000000000000873]
M:int org.argouml.uml.diagram.activity.ui.FigActionState.getNotationProviderType()
M:void org.argouml.uml.diagram.activity.ui.UMLActivityDiagram.changePartition(FigNode)
P:org.argouml.uml.diagram.activity.ui.FigActionState@49168f07
M:void org.argouml.uml.diagram.activity.ui.FigActionState.modelChanged(PropertyChangeEvent)
P:org.argouml.model.AddAssociationEvent[propertyName=partition; oldValue=null; newValue=Partition$Impl  ID: 127-0-0-1-73713b6f:16529098717:-8000:0000000000000975  MID: 127-0-0-1-73713b6f:16529098717:-8000:00000000000005DF  OPCKG: 127-0-0-1-73713b6f:16529098717:-8000:0000000000000873; propagationId=null; source=ActionState$Impl  ID: 127-0-0-1-73713b6f:16529098717:-8000:0000000000000978  MID: 127-0-0-1-73713b6f:16529098717:-8000:00000000000005E9  OPCKG: 127-0-0-1-73713b6f:16529098717:-8000:0000000000000873]: org.netbeans.api.mdr.events.AssociationEvent[source=AContentsPartition$Impl  ID: 127-0-0-1-73713b6f:16529098717:-8000:0000000000000963  MID: 127-0-0-1-73713b6f:16529098717:-8000:00000000000005FB  OPCKG: 127-0-0-1-73713b6f:16529098717:-8000:0000000000000873]
M:int org.argouml.uml.diagram.activity.ui.FigActionState.getNotationProviderType()
M:boolean org.argouml.uml.diagram.activity.ui.FigActionState.isFilled()
M:Icon[] org.argouml.uml.diagram.activity.ui.SelectionActionState.getIcons()
M:Dimension org.argouml.uml.diagram.activity.ui.FigActionState.getMinimumSize()
M:Icon[] org.argouml.uml.diagram.activity.ui.SelectionActionState.getIcons()
M:Color org.argouml.uml.diagram.activity.ui.FigActionState.getLineColor()
M:Dimension org.argouml.uml.diagram.activity.ui.FigActionState.getMinimumSize()
M:Dimension org.argouml.uml.diagram.activity.ui.FigPartition.getMinimumSize()
M:Icon[] org.argouml.uml.diagram.activity.ui.SelectionActionState.getIcons()
M:Icon[] org.argouml.uml.diagram.activity.ui.SelectionActionState.getIcons()
M:String org.argouml.uml.diagram.activity.ui.SelectionActionState.getInstructions(int)
P:15
M:int org.argouml.uml.diagram.activity.ui.FigActionState.getLineWidth()
M:boolean org.argouml.uml.diagram.activity.ui.FigActionState.isFilled()
M:void org.argouml.uml.diagram.activity.ui.FigActionState.modelChanged(PropertyChangeEvent)
P:org.argouml.model.AttributeChangeEvent[propertyName=partition; oldValue=null; newValue=Partition$Impl  ID: 127-0-0-1-73713b6f:16529098717:-8000:0000000000000975  MID: 127-0-0-1-73713b6f:16529098717:-8000:00000000000005DF  OPCKG: 127-0-0-1-73713b6f:16529098717:-8000:0000000000000873; propagationId=null; source=ActionState$Impl  ID: 127-0-0-1-73713b6f:16529098717:-8000:0000000000000978  MID: 127-0-0-1-73713b6f:16529098717:-8000:00000000000005E9  OPCKG: 127-0-0-1-73713b6f:16529098717:-8000:0000000000000873]: org.netbeans.api.mdr.events.AssociationEvent[source=AContentsPartition$Impl  ID: 127-0-0-1-73713b6f:16529098717:-8000:0000000000000963  MID: 127-0-0-1-73713b6f:16529098717:-8000:00000000000005FB  OPCKG: 127-0-0-1-73713b6f:16529098717:-8000:0000000000000873]
M:Icon[] org.argouml.uml.diagram.activity.ui.SelectionActionState.getIcons()
M:Dimension org.argouml.uml.diagram.activity.ui.FigActionState.getMinimumSize()
