S:F;T;T;T;T;T;F;T;T;F;U;T;T;T;F;T;F;F;U;T;T;U;F;T;T;U;F;T;F;F;T;F;F;T;F;F;T;F;T;F;T;T;T;F;U;T;F;U;U;U;U;T;T;T;T;T;T;F;F;T;T;U;F;F;F;F;F;F;T;U;T;F;U;U;U;U;U;U;U;F;F;T;F;F;U;U;T;F;F;F;U;F;T;T;T;F;F;F;T;F;F;U;U;T;U;F;U;U;U;T;F;F;T;T;F;T;F;U;U;F;F;F;U;U;U;T;U;T;F;F;F;T;T;F;F;F;T;F;T;T;F;F;F;F;F;F;F;F;F;T;T;U;T;T;F;U;F;T;T
A:clickOnFigPartition
M:FigNode org.argouml.uml.diagram.activity.ui.ActivityDiagramRenderer.getFigNodeFor(GraphModel, Layer, Object, Map)
P:org.argouml.uml.diagram.activity.ActivityDiagramGraphModel@1cbb5ee5
P:org.tigris.gef.base.LayerPerspectiveMutable@65bc355f[untitledModel]
P:Pseudostate$Impl  ID: -64--88-1-3-2fc68822:1650985b240:-8000:000000000000097E  MID: -64--88-1-3-2fc68822:1650985b240:-8000:0000000000000511  OPCKG: -64--88-1-3-2fc68822:1650985b240:-8000:0000000000000877
M:boolean org.argouml.uml.diagram.activity.ui.UMLActivityDiagram.doesAccept(Object)
P:Pseudostate$Impl  ID: -64--88-1-3-2fc68822:1650985b240:-8000:000000000000097E  MID: -64--88-1-3-2fc68822:1650985b240:-8000:0000000000000511  OPCKG: -64--88-1-3-2fc68822:1650985b240:-8000:0000000000000877
M:DiagramElement org.argouml.uml.diagram.activity.ui.UMLActivityDiagram.createDiagramElement(Object, Rectangle)
P:Pseudostate$Impl  ID: -64--88-1-3-2fc68822:1650985b240:-8000:000000000000097E  MID: -64--88-1-3-2fc68822:1650985b240:-8000:0000000000000511  OPCKG: -64--88-1-3-2fc68822:1650985b240:-8000:0000000000000877
M:boolean org.argouml.uml.diagram.activity.ui.FigPool.getUseTrapRect()
M:void org.argouml.uml.diagram.activity.ui.UMLActivityDiagram.encloserChanged(FigNode, FigNode, FigNode)
P:org.argouml.uml.diagram.state.ui.FigJunctionState@37baa2cd
P:org.argouml.uml.diagram.activity.ui.FigPool@42478d2f
M:void org.argouml.uml.diagram.activity.ui.UMLActivityDiagram.changePartition(FigNode)
P:org.argouml.uml.diagram.state.ui.FigJunctionState@37baa2cd
M:boolean org.argouml.uml.diagram.activity.ui.UMLActivityDiagram.isStateInPartition(Object, Object)
P:Pseudostate$Impl  ID: -64--88-1-3-2fc68822:1650985b240:-8000:000000000000097E  MID: -64--88-1-3-2fc68822:1650985b240:-8000:0000000000000511  OPCKG: -64--88-1-3-2fc68822:1650985b240:-8000:0000000000000877
P:Partition$Impl  ID: -64--88-1-3-2fc68822:1650985b240:-8000:0000000000000975  MID: -64--88-1-3-2fc68822:1650985b240:-8000:00000000000005DF  OPCKG: -64--88-1-3-2fc68822:1650985b240:-8000:0000000000000877
M:void org.argouml.uml.diagram.activity.ui.FigPool.addEnclosedFig(Fig)
P:org.argouml.uml.diagram.state.ui.FigJunctionState@37baa2cd
S:F;T;T;T;T;T;F;T;T;F;U;T;T;T;F;T;F;F;U;T;T;U;F;T;T;U;F;T;F;F;T;F;F;T;F;F;T;F;T;F;T;T;T;F;U;T;F;U;U;U;U;T;T;T;T;T;T;F;F;T;T;U;F;F;F;F;F;F;T;U;T;F;U;U;U;U;U;U;U;F;F;T;F;F;U;U;T;F;F;F;U;F;T;T;T;F;F;F;T;F;F;U;U;T;U;F;U;U;U;T;F;F;T;T;F;T;F;U;U;F;F;F;U;U;U;T;U;T;F;F;F;T;T;F;F;F;T;F;T;T;F;F;F;F;F;F;F;F;F;T;T;U;T;T;F;U;F;T;T
