M:String org.argouml.uml.diagram.activity.ui.SelectionActionState.getInstructions(int)
P:13
M:Icon[] org.argouml.uml.diagram.activity.ui.SelectionActionState.getIcons()
M:Icon[] org.argouml.uml.diagram.activity.ui.SelectionActionState.getIcons()
M:String org.argouml.uml.diagram.activity.ui.SelectionActionState.getInstructions(int)
P:13
M:Icon[] org.argouml.uml.diagram.activity.ui.SelectionActionState.getIcons()
M:String org.argouml.uml.diagram.activity.ui.SelectionActionState.getInstructions(int)
P:15
M:Object org.argouml.uml.diagram.activity.ui.SelectionActionState.getNewNodeType(int)
P:13
M:Object org.argouml.uml.diagram.activity.ui.SelectionActionState.getNewEdgeType(int)
P:13
M:boolean org.argouml.uml.diagram.activity.ui.SelectionActionState.isReverseEdge(int)
P:13
M:void org.argouml.uml.diagram.activity.ui.FigActionState.modelChanged(PropertyChangeEvent)
P:org.argouml.model.AddAssociationEvent[propertyName=incoming; oldValue=null; newValue=Transition$Impl  ID: -84-20-10-3--43a9988f:1652a1f4e1e:-8000:0000000000000977  MID: -84-20-10-3--43a9988f:1652a1f4e1e:-8000:0000000000000507  OPCKG: -84-20-10-3--43a9988f:1652a1f4e1e:-8000:0000000000000877; propagationId=null; source=CallState$Impl  ID: -84-20-10-3--43a9988f:1652a1f4e1e:-8000:0000000000000976  MID: -84-20-10-3--43a9988f:1652a1f4e1e:-8000:00000000000005EA  OPCKG: -84-20-10-3--43a9988f:1652a1f4e1e:-8000:0000000000000877]: org.netbeans.api.mdr.events.AssociationEvent[source=AIncomingTarget$Impl  ID: -84-20-10-3--43a9988f:1652a1f4e1e:-8000:0000000000000935  MID: -84-20-10-3--43a9988f:1652a1f4e1e:-8000:0000000000000549  OPCKG: -84-20-10-3--43a9988f:1652a1f4e1e:-8000:0000000000000877]
M:void org.argouml.uml.diagram.activity.ui.FigActionState.modelChanged(PropertyChangeEvent)
P:org.argouml.model.AttributeChangeEvent[propertyName=incoming; oldValue=null; newValue=Transition$Impl  ID: -84-20-10-3--43a9988f:1652a1f4e1e:-8000:0000000000000977  MID: -84-20-10-3--43a9988f:1652a1f4e1e:-8000:0000000000000507  OPCKG: -84-20-10-3--43a9988f:1652a1f4e1e:-8000:0000000000000877; propagationId=null; source=CallState$Impl  ID: -84-20-10-3--43a9988f:1652a1f4e1e:-8000:0000000000000976  MID: -84-20-10-3--43a9988f:1652a1f4e1e:-8000:00000000000005EA  OPCKG: -84-20-10-3--43a9988f:1652a1f4e1e:-8000:0000000000000877]: org.netbeans.api.mdr.events.AssociationEvent[source=AIncomingTarget$Impl  ID: -84-20-10-3--43a9988f:1652a1f4e1e:-8000:0000000000000935  MID: -84-20-10-3--43a9988f:1652a1f4e1e:-8000:0000000000000549  OPCKG: -84-20-10-3--43a9988f:1652a1f4e1e:-8000:0000000000000877]
M:Dimension org.argouml.uml.diagram.activity.ui.FigActionState.getMinimumSize()
M:Dimension org.argouml.uml.diagram.activity.ui.FigActionState.getMinimumSize()
M:FigNode org.argouml.uml.diagram.activity.ui.ActivityDiagramRenderer.getFigNodeFor(GraphModel, Layer, Object, Map)
P:org.argouml.uml.diagram.activity.ActivityDiagramGraphModel@589853a4
P:org.tigris.gef.base.LayerPerspectiveMutable@22aab03e[untitledModel]
P:Pseudostate$Impl  ID: -84-20-10-3--43a9988f:1652a1f4e1e:-8000:0000000000000978  MID: -84-20-10-3--43a9988f:1652a1f4e1e:-8000:0000000000000511  OPCKG: -84-20-10-3--43a9988f:1652a1f4e1e:-8000:0000000000000877
M:boolean org.argouml.uml.diagram.activity.ui.UMLActivityDiagram.doesAccept(Object)
P:Pseudostate$Impl  ID: -84-20-10-3--43a9988f:1652a1f4e1e:-8000:0000000000000978  MID: -84-20-10-3--43a9988f:1652a1f4e1e:-8000:0000000000000511  OPCKG: -84-20-10-3--43a9988f:1652a1f4e1e:-8000:0000000000000877
M:DiagramElement org.argouml.uml.diagram.activity.ui.UMLActivityDiagram.createDiagramElement(Object, Rectangle)
P:Pseudostate$Impl  ID: -84-20-10-3--43a9988f:1652a1f4e1e:-8000:0000000000000978  MID: -84-20-10-3--43a9988f:1652a1f4e1e:-8000:0000000000000511  OPCKG: -84-20-10-3--43a9988f:1652a1f4e1e:-8000:0000000000000877
M:void org.argouml.uml.diagram.activity.ui.UMLActivityDiagram.encloserChanged(FigNode, FigNode, FigNode)
P:org.argouml.uml.diagram.state.ui.FigForkState@34fe2f86
M:Icon[] org.argouml.uml.diagram.activity.ui.SelectionActionState.getIcons()
M:Icon[] org.argouml.uml.diagram.activity.ui.SelectionActionState.getIcons()
M:Icon[] org.argouml.uml.diagram.activity.ui.SelectionActionState.getIcons()
M:Icon[] org.argouml.uml.diagram.activity.ui.SelectionActionState.getIcons()
M:String org.argouml.uml.diagram.activity.ui.SelectionActionState.getInstructions(int)
P:15
M:void org.argouml.uml.diagram.activity.ui.UMLActivityDiagram.encloserChanged(FigNode, FigNode, FigNode)
P:org.argouml.uml.diagram.state.ui.FigForkState@34fe2f86
M:Icon[] org.argouml.uml.diagram.activity.ui.SelectionActionState.getIcons()
M:Icon[] org.argouml.uml.diagram.activity.ui.SelectionActionState.getIcons()
M:String org.argouml.uml.diagram.activity.ui.SelectionActionState.getInstructions(int)
P:15
M:Icon[] org.argouml.uml.diagram.activity.ui.SelectionActionState.getIcons()
M:void org.argouml.uml.diagram.activity.ui.UMLActivityDiagram.encloserChanged(FigNode, FigNode, FigNode)
P:org.argouml.uml.diagram.state.ui.FigForkState@34fe2f86
M:boolean org.argouml.uml.diagram.activity.ui.FigActionState.isFilled()
M:Color org.argouml.uml.diagram.activity.ui.FigActionState.getFillColor()
