M:int org.argouml.uml.diagram.activity.ui.FigObjectFlowState.getNotationProviderType()
M:Dimension org.argouml.uml.diagram.activity.ui.FigObjectFlowState.getMinimumSize()
M:Dimension org.argouml.uml.diagram.activity.ui.FigObjectFlowState.getMinimumSize()
M:void org.argouml.uml.diagram.activity.ui.FigObjectFlowState.setStandardBounds(int, int, int, int)
P:336
P:112
P:138
P:66
M:Dimension org.argouml.uml.diagram.activity.ui.FigObjectFlowState.getMinimumSize()
M:void org.argouml.uml.diagram.activity.ui.FigObjectFlowState.updateStateText()
M:Dimension org.argouml.uml.diagram.activity.ui.FigObjectFlowState.getMinimumSize()
M:void org.argouml.uml.diagram.activity.ui.FigObjectFlowState.updateListeners(Object, Object)
P:ObjectFlowState$Impl  ID: -84-20-10-3--43a9988f:1652a1f4e1e:-8000:000000000000097B  MID: -84-20-10-3--43a9988f:1652a1f4e1e:-8000:00000000000005EE  OPCKG: -84-20-10-3--43a9988f:1652a1f4e1e:-8000:0000000000000877
P:ObjectFlowState$Impl  ID: -84-20-10-3--43a9988f:1652a1f4e1e:-8000:000000000000097B  MID: -84-20-10-3--43a9988f:1652a1f4e1e:-8000:00000000000005EE  OPCKG: -84-20-10-3--43a9988f:1652a1f4e1e:-8000:0000000000000877
M:Object org.argouml.uml.diagram.activity.ui.FigObjectFlowState.getOwner(NotationProvider)
P:org.argouml.notation.providers.uml.ObjectFlowStateStateNotationUml@17ed263c
M:NotationSettings org.argouml.uml.diagram.activity.ui.FigObjectFlowState.getNotationSettings(NotationProvider)
P:org.argouml.notation.providers.uml.ObjectFlowStateStateNotationUml@17ed263c
M:void org.argouml.uml.diagram.activity.ui.FigObjectFlowState.notationRenderingChanged(NotationProvider, String)
P:org.argouml.notation.providers.uml.ObjectFlowStateStateNotationUml@17ed263c
P:
M:Object org.argouml.uml.diagram.activity.ui.FigObjectFlowState.getOwner(NotationProvider)
P:org.argouml.notation.providers.uml.ObjectFlowStateTypeNotationUml@484cca1b
M:NotationSettings org.argouml.uml.diagram.activity.ui.FigObjectFlowState.getNotationSettings(NotationProvider)
P:org.argouml.notation.providers.uml.ObjectFlowStateTypeNotationUml@484cca1b
M:void org.argouml.uml.diagram.activity.ui.FigObjectFlowState.notationRenderingChanged(NotationProvider, String)
P:org.argouml.notation.providers.uml.ObjectFlowStateTypeNotationUml@484cca1b
P:
M:Dimension org.argouml.uml.diagram.activity.ui.FigObjectFlowState.getMinimumSize()
M:Object org.argouml.uml.diagram.activity.ui.FigObjectFlowState.getOwner(NotationProvider)
P:org.argouml.notation.providers.uml.ObjectFlowStateStateNotationUml@5fd69e2e
M:NotationSettings org.argouml.uml.diagram.activity.ui.FigObjectFlowState.getNotationSettings(NotationProvider)
P:org.argouml.notation.providers.uml.ObjectFlowStateStateNotationUml@5fd69e2e
M:void org.argouml.uml.diagram.activity.ui.FigObjectFlowState.notationRenderingChanged(NotationProvider, String)
P:org.argouml.notation.providers.uml.ObjectFlowStateStateNotationUml@5fd69e2e
P:
M:Dimension org.argouml.uml.diagram.activity.ui.FigObjectFlowState.getMinimumSize()
M:boolean org.argouml.uml.diagram.activity.ui.FigObjectFlowState.isFilled()
M:Color org.argouml.uml.diagram.activity.ui.FigObjectFlowState.getFillColor()
M:int org.argouml.uml.diagram.activity.ui.FigObjectFlowState.getLineWidth()
M:Color org.argouml.uml.diagram.activity.ui.FigObjectFlowState.getLineColor()
M:boolean org.argouml.uml.diagram.activity.ui.FigObjectFlowState.isFilled()
M:Color org.argouml.uml.diagram.activity.ui.FigObjectFlowState.getFillColor()
M:int org.argouml.uml.diagram.activity.ui.FigObjectFlowState.getLineWidth()
M:Color org.argouml.uml.diagram.activity.ui.FigObjectFlowState.getLineColor()
M:Icon[] org.argouml.uml.diagram.activity.ui.SelectionActionState.getIcons()
M:String org.argouml.uml.diagram.activity.ui.SelectionActionState.getInstructions(int)
P:15
