M:int org.argouml.uml.diagram.activity.ui.FigPartition.getLineWidth()
M:Color org.argouml.uml.diagram.activity.ui.FigPartition.getLineColor()
M:void org.argouml.uml.diagram.activity.ui.FigPartition.appendToPool(Object)
P:ActivityGraph$Impl  ID: 127-0-0-1--1dea2aa3:1652911ffe5:-8000:000000000000096F  MID: 127-0-0-1--1dea2aa3:1652911ffe5:-8000:00000000000005DC  OPCKG: 127-0-0-1--1dea2aa3:1652911ffe5:-8000:0000000000000873
M:List org.argouml.uml.diagram.activity.ui.FigPartition.getPartitions(Layer)
P:org.tigris.gef.base.LayerPerspectiveMutable@3b09c3aa[untitledModel]
M:FigStereotypesGroup org.argouml.uml.diagram.activity.ui.FigPool.createStereotypeFig()
M:void org.argouml.uml.diagram.activity.ui.FigPool.initialize(Rectangle)
P:java.awt.Rectangle[x=40,y=24,width=160,height=290]
M:void org.argouml.uml.diagram.activity.ui.FigPool.setStandardBounds(int, int, int, int)
P:40
P:24
P:160
P:290
M:void org.argouml.uml.diagram.activity.ui.FigPartition.SelectionPartition.paint(Graphics)
P:sun.java2d.SunGraphics2D[font=java.awt.Font[family=Lucida Grande,name=Lucida Grande,style=plain,size=13],color=java.awt.Color[r=0,g=0,b=0]]
M:void org.argouml.uml.diagram.activity.ui.FigPartition.SelectionPartition.updateHandleBox()
M:Dimension org.argouml.uml.diagram.activity.ui.FigPartition.getMinimumSize()
M:Dimension org.argouml.uml.diagram.activity.ui.FigPartition.getMinimumSize()
M:void org.argouml.uml.diagram.activity.ui.FigPartition.SelectionPartition.paint(Graphics)
P:sun.java2d.SunGraphics2D[font=java.awt.Font[family=Lucida Grande,name=Lucida Grande,style=plain,size=13],color=java.awt.Color[r=0,g=0,b=0]]
M:void org.argouml.uml.diagram.activity.ui.FigPartition.SelectionPartition.updateHandleBox()
M:void org.argouml.uml.diagram.activity.ui.FigPartition.SelectionPartition.hitHandle(Rectangle, Handle)
P:java.awt.Rectangle[x=149,y=-14,width=0,height=0]
P:org.tigris.gef.presentation.Handle@58f4bb8e
M:void org.argouml.uml.diagram.activity.ui.FigPartition.SelectionPartition.updateHandleBox()
M:FigNode org.argouml.uml.diagram.activity.ui.ActivityDiagramRenderer.getFigNodeFor(GraphModel, Layer, Object, Map)
P:org.argouml.uml.diagram.activity.ActivityDiagramGraphModel@6059b562
P:org.tigris.gef.base.LayerPerspectiveMutable@3b09c3aa[untitledModel]
P:Pseudostate$Impl  ID: 127-0-0-1--1dea2aa3:1652911ffe5:-8000:0000000000000972  MID: 127-0-0-1--1dea2aa3:1652911ffe5:-8000:0000000000000511  OPCKG: 127-0-0-1--1dea2aa3:1652911ffe5:-8000:0000000000000873
M:boolean org.argouml.uml.diagram.activity.ui.UMLActivityDiagram.doesAccept(Object)
P:Pseudostate$Impl  ID: 127-0-0-1--1dea2aa3:1652911ffe5:-8000:0000000000000972  MID: 127-0-0-1--1dea2aa3:1652911ffe5:-8000:0000000000000511  OPCKG: 127-0-0-1--1dea2aa3:1652911ffe5:-8000:0000000000000873
M:DiagramElement org.argouml.uml.diagram.activity.ui.UMLActivityDiagram.createDiagramElement(Object, Rectangle)
P:Pseudostate$Impl  ID: 127-0-0-1--1dea2aa3:1652911ffe5:-8000:0000000000000972  MID: 127-0-0-1--1dea2aa3:1652911ffe5:-8000:0000000000000511  OPCKG: 127-0-0-1--1dea2aa3:1652911ffe5:-8000:0000000000000873
M:boolean org.argouml.uml.diagram.activity.ui.FigPool.getUseTrapRect()
M:void org.argouml.uml.diagram.activity.ui.UMLActivityDiagram.encloserChanged(FigNode, FigNode, FigNode)
P:org.argouml.uml.diagram.state.ui.FigInitialState@45a01416
P:org.argouml.uml.diagram.activity.ui.FigPool@275f5a2f
M:void org.argouml.uml.diagram.activity.ui.UMLActivityDiagram.changePartition(FigNode)
P:org.argouml.uml.diagram.state.ui.FigInitialState@45a01416
M:void org.argouml.uml.diagram.activity.ui.FigPool.addEnclosedFig(Fig)
P:org.argouml.uml.diagram.state.ui.FigInitialState@45a01416
M:void org.argouml.uml.diagram.activity.ui.SelectionActionState.setIncomingButtonEnabled(boolean)
P:false
M:void org.argouml.uml.diagram.activity.ui.SelectionActionState.setIncomingAboveButtonEnabled(boolean)
P:false
M:void org.argouml.uml.diagram.activity.ui.SelectionActionState.setIncomingLeftButtonEnabled(boolean)
P:false
M:void org.argouml.uml.diagram.activity.ui.SelectionActionState.setOutgoingButtonEnabled(boolean)
P:true
M:void org.argouml.uml.diagram.activity.ui.SelectionActionState.setOutgoingRightButtonEnabled(boolean)
P:true
M:void org.argouml.uml.diagram.activity.ui.SelectionActionState.setOutgoingBelowButtonEnabled(boolean)
P:true
M:Icon[] org.argouml.uml.diagram.activity.ui.SelectionActionState.getIcons()
M:String org.argouml.uml.diagram.activity.ui.SelectionActionState.getInstructions(int)
P:15
