M:void org.argouml.uml.diagram.activity.ui.FigActionState.modelChanged(PropertyChangeEvent)
P:org.argouml.model.AddAssociationEvent[propertyName=container; oldValue=null; newValue=CompositeState$Impl  ID: 127-0-0-1--62bbb3a6:1652a2a75cb:-8000:0000000000000974  MID: 127-0-0-1--62bbb3a6:1652a2a75cb:-8000:000000000000050A  OPCKG: 127-0-0-1--62bbb3a6:1652a2a75cb:-8000:0000000000000877; propagationId=null; source=CallState$Impl  ID: 127-0-0-1--62bbb3a6:1652a2a75cb:-8000:0000000000000976  MID: 127-0-0-1--62bbb3a6:1652a2a75cb:-8000:00000000000005EA  OPCKG: 127-0-0-1--62bbb3a6:1652a2a75cb:-8000:0000000000000877]: org.netbeans.api.mdr.events.AssociationEvent[source=AContainerSubvertex$Impl  ID: 127-0-0-1--62bbb3a6:1652a2a75cb:-8000:000000000000092F  MID: 127-0-0-1--62bbb3a6:1652a2a75cb:-8000:0000000000000537  OPCKG: 127-0-0-1--62bbb3a6:1652a2a75cb:-8000:0000000000000877]
M:int org.argouml.uml.diagram.activity.ui.FigActionState.getNotationProviderType()
M:Dimension org.argouml.uml.diagram.activity.ui.FigActionState.getMinimumSize()
M:void org.argouml.uml.diagram.activity.ui.FigActionState.setStandardBounds(int, int, int, int)
P:128
P:32
P:100
P:36
M:Dimension org.argouml.uml.diagram.activity.ui.FigActionState.getMinimumSize()
M:void org.argouml.uml.diagram.activity.ui.FigActionState.setStandardBounds(int, int, int, int)
P:128
P:32
P:100
P:36
M:Dimension org.argouml.uml.diagram.activity.ui.FigActionState.getMinimumSize()
M:void org.argouml.uml.diagram.activity.ui.FigActionState.modelChanged(PropertyChangeEvent)
P:org.argouml.model.AttributeChangeEvent[propertyName=container; oldValue=null; newValue=CompositeState$Impl  ID: 127-0-0-1--62bbb3a6:1652a2a75cb:-8000:0000000000000974  MID: 127-0-0-1--62bbb3a6:1652a2a75cb:-8000:000000000000050A  OPCKG: 127-0-0-1--62bbb3a6:1652a2a75cb:-8000:0000000000000877; propagationId=null; source=CallState$Impl  ID: 127-0-0-1--62bbb3a6:1652a2a75cb:-8000:0000000000000976  MID: 127-0-0-1--62bbb3a6:1652a2a75cb:-8000:00000000000005EA  OPCKG: 127-0-0-1--62bbb3a6:1652a2a75cb:-8000:0000000000000877]: org.netbeans.api.mdr.events.AssociationEvent[source=AContainerSubvertex$Impl  ID: 127-0-0-1--62bbb3a6:1652a2a75cb:-8000:000000000000092F  MID: 127-0-0-1--62bbb3a6:1652a2a75cb:-8000:0000000000000537  OPCKG: 127-0-0-1--62bbb3a6:1652a2a75cb:-8000:0000000000000877]
M:int org.argouml.uml.diagram.activity.ui.FigActionState.getNotationProviderType()
M:Dimension org.argouml.uml.diagram.activity.ui.FigActionState.getMinimumSize()
M:Dimension org.argouml.uml.diagram.activity.ui.FigActionState.getMinimumSize()
M:void org.argouml.uml.diagram.activity.ui.FigActionState.setStandardBounds(int, int, int, int)
P:128
P:32
P:100
P:36
M:Dimension org.argouml.uml.diagram.activity.ui.FigActionState.getMinimumSize()
M:boolean org.argouml.uml.diagram.activity.ui.FigActionState.isFilled()
M:Color org.argouml.uml.diagram.activity.ui.FigActionState.getFillColor()
M:int org.argouml.uml.diagram.activity.ui.FigActionState.getLineWidth()
M:Color org.argouml.uml.diagram.activity.ui.FigActionState.getLineColor()
M:boolean org.argouml.uml.diagram.activity.ui.FigActionState.isFilled()
M:Color org.argouml.uml.diagram.activity.ui.FigActionState.getFillColor()
M:int org.argouml.uml.diagram.activity.ui.FigActionState.getLineWidth()
M:Color org.argouml.uml.diagram.activity.ui.FigActionState.getLineColor()
M:Icon[] org.argouml.uml.diagram.activity.ui.SelectionActionState.getIcons()
M:String org.argouml.uml.diagram.activity.ui.SelectionActionState.getInstructions(int)
P:15
M:void org.argouml.uml.diagram.activity.ui.UMLActivityDiagram.encloserChanged(FigNode, FigNode, FigNode)
P:org.argouml.uml.diagram.activity.ui.FigActionState@1342e943
M:Icon[] org.argouml.uml.diagram.activity.ui.SelectionActionState.getIcons()
M:Dimension org.argouml.uml.diagram.activity.ui.FigActionState.getMinimumSize()
M:Dimension org.argouml.uml.diagram.activity.ui.FigActionState.getMinimumSize()
M:Icon[] org.argouml.uml.diagram.activity.ui.SelectionActionState.getIcons()
M:Icon[] org.argouml.uml.diagram.activity.ui.SelectionActionState.getIcons()
M:Icon[] org.argouml.uml.diagram.activity.ui.SelectionActionState.getIcons()
