M:int org.argouml.uml.diagram.activity.ui.FigPartition.getLineWidth()
M:Color org.argouml.uml.diagram.activity.ui.FigPartition.getLineColor()
M:boolean org.argouml.uml.diagram.activity.ui.FigPartition.isFilled()
M:int org.argouml.uml.diagram.activity.ui.FigPartition.getLineWidth()
M:Color org.argouml.uml.diagram.activity.ui.FigPartition.getLineColor()
M:void org.argouml.uml.diagram.activity.ui.FigPartition.appendToPool(Object)
P:ActivityGraph$Impl  ID: -84-20-10-5--39874e00:1652975b371:-8000:0000000000000977  MID: -84-20-10-5--39874e00:1652975b371:-8000:00000000000005DC  OPCKG: -84-20-10-5--39874e00:1652975b371:-8000:000000000000087B
M:List org.argouml.uml.diagram.activity.ui.FigPartition.getPartitions(Layer)
P:org.tigris.gef.base.LayerPerspectiveMutable@17c0a08b[untitledModel]
M:FigPool org.argouml.uml.diagram.activity.ui.FigPartition.getFigPool()
M:void org.argouml.uml.diagram.activity.ui.FigPool.setStandardBounds(int, int, int, int)
P:24
P:16
P:320
P:290
M:void org.argouml.uml.diagram.activity.ui.FigPartition.setPreviousPartition(FigPartition)
P:org.argouml.uml.diagram.activity.ui.FigPartition@6d876ce7
M:void org.argouml.uml.diagram.activity.ui.FigPartition.setNextPartition(FigPartition)
P:org.argouml.uml.diagram.activity.ui.FigPartition@55975141
M:void org.argouml.uml.diagram.activity.ui.FigPartition.setStandardBounds(int, int, int, int)
P:184
P:16
P:160
P:290
M:void org.argouml.uml.diagram.activity.ui.FigPartition.SelectionPartition.paint(Graphics)
P:sun.java2d.SunGraphics2D[font=java.awt.Font[family=Lucida Grande,name=Lucida Grande,style=plain,size=13],color=java.awt.Color[r=0,g=0,b=0]]
M:void org.argouml.uml.diagram.activity.ui.FigPartition.SelectionPartition.updateHandleBox()
M:Dimension org.argouml.uml.diagram.activity.ui.FigPartition.getMinimumSize()
M:Dimension org.argouml.uml.diagram.activity.ui.FigPartition.getMinimumSize()
M:void org.argouml.uml.diagram.activity.ui.FigPartition.SelectionPartition.paint(Graphics)
P:sun.java2d.SunGraphics2D[font=java.awt.Font[family=Lucida Grande,name=Lucida Grande,style=plain,size=13],color=java.awt.Color[r=0,g=0,b=0]]
M:void org.argouml.uml.diagram.activity.ui.FigPartition.SelectionPartition.updateHandleBox()
M:void org.argouml.uml.diagram.activity.ui.FigPartition.SelectionPartition.hitHandle(Rectangle, Handle)
P:java.awt.Rectangle[x=291,y=-14,width=0,height=0]
P:org.tigris.gef.presentation.Handle@4e134cfd
M:void org.argouml.uml.diagram.activity.ui.FigPartition.SelectionPartition.updateHandleBox()
M:Mode org.argouml.uml.diagram.activity.ui.ActionCreatePartition.createMode(String)
P:Click to place New Swimlane
M:void org.argouml.uml.diagram.activity.ui.FigPartition.SelectionPartition.hitHandle(Rectangle, Handle)
P:java.awt.Rectangle[x=367,y=46,width=0,height=0]
P:org.tigris.gef.presentation.Handle@6686a31a
M:void org.argouml.uml.diagram.activity.ui.FigPartition.SelectionPartition.updateHandleBox()
M:void org.argouml.uml.diagram.activity.ui.FigPartition.SelectionPartition.hitHandle(Rectangle, Handle)
P:java.awt.Rectangle[x=367,y=46,width=0,height=0]
P:org.tigris.gef.presentation.Handle@35cb0b17
M:void org.argouml.uml.diagram.activity.ui.FigPartition.SelectionPartition.updateHandleBox()
M:FigNode org.argouml.uml.diagram.activity.ui.ActivityDiagramRenderer.getFigNodeFor(GraphModel, Layer, Object, Map)
P:org.argouml.uml.diagram.activity.ActivityDiagramGraphModel@2a5e9e23
P:org.tigris.gef.base.LayerPerspectiveMutable@17c0a08b[untitledModel]
P:Partition$Impl  ID: -84-20-10-5--39874e00:1652975b371:-8000:000000000000097B  MID: -84-20-10-5--39874e00:1652975b371:-8000:00000000000005DF  OPCKG: -84-20-10-5--39874e00:1652975b371:-8000:000000000000087B
M:boolean org.argouml.uml.diagram.activity.ui.UMLActivityDiagram.doesAccept(Object)
P:Partition$Impl  ID: -84-20-10-5--39874e00:1652975b371:-8000:000000000000097B  MID: -84-20-10-5--39874e00:1652975b371:-8000:00000000000005DF  OPCKG: -84-20-10-5--39874e00:1652975b371:-8000:000000000000087B
M:DiagramElement org.argouml.uml.diagram.activity.ui.UMLActivityDiagram.createDiagramElement(Object, Rectangle)
P:Partition$Impl  ID: -84-20-10-5--39874e00:1652975b371:-8000:000000000000097B  MID: -84-20-10-5--39874e00:1652975b371:-8000:00000000000005DF  OPCKG: -84-20-10-5--39874e00:1652975b371:-8000:000000000000087B
M:Fig org.argouml.uml.diagram.activity.ui.FigPartition.createBigPortFig()
M:String org.argouml.uml.diagram.activity.ui.FigPartition.placeString()
