M:List org.argouml.uml.diagram.activity.ui.FigPartition.getPartitions(Layer)
P:org.tigris.gef.base.LayerPerspectiveMutable@17c0a08b[untitledModel]
M:void org.argouml.uml.diagram.activity.ui.FigPartition.setStandardBounds(int, int, int, int)
P:24
P:16
P:160
P:392
M:void org.argouml.uml.diagram.activity.ui.FigPartition.setStandardBounds(int, int, int, int)
P:184
P:16
P:160
P:392
M:void org.argouml.uml.diagram.activity.ui.FigPartition.setStandardBounds(int, int, int, int)
P:344
P:16
P:160
P:392
M:FigPool org.argouml.uml.diagram.activity.ui.FigPartition.access$300(FigPartition)
P:org.argouml.uml.diagram.activity.ui.FigPartition@c9f6803
M:FigPool org.argouml.uml.diagram.activity.ui.FigPartition.getFigPool()
M:void org.argouml.uml.diagram.activity.ui.FigPool.setStandardBounds(int, int, int, int)
P:24
P:16
P:480
P:392
M:void org.argouml.uml.diagram.activity.ui.FigPartition.SelectionPartition.paint(Graphics)
P:sun.java2d.SunGraphics2D[font=java.awt.Font[family=Lucida Grande,name=Lucida Grande,style=plain,size=13],color=java.awt.Color[r=0,g=0,b=0]]
M:void org.argouml.uml.diagram.activity.ui.FigPartition.SelectionPartition.updateHandleBox()
M:boolean org.argouml.uml.diagram.activity.ui.FigPool.getUseTrapRect()
M:void org.argouml.uml.diagram.activity.ui.UMLActivityDiagram.encloserChanged(FigNode, FigNode, FigNode)
P:org.argouml.uml.diagram.activity.ui.FigPartition@c9f6803
M:void org.argouml.uml.diagram.activity.ui.FigPartition.SelectionPartition.paint(Graphics)
P:sun.java2d.SunGraphics2D[font=java.awt.Font[family=Lucida Grande,name=Lucida Grande,style=plain,size=13],color=java.awt.Color[r=0,g=0,b=0]]
M:void org.argouml.uml.diagram.activity.ui.FigPartition.SelectionPartition.updateHandleBox()
M:void org.argouml.uml.diagram.activity.ui.FigPartition.SelectionPartition.hitHandle(Rectangle, Handle)
P:java.awt.Rectangle[x=150,y=-12,width=0,height=0]
P:org.tigris.gef.presentation.Handle@66097152
M:void org.argouml.uml.diagram.activity.ui.FigPartition.SelectionPartition.updateHandleBox()
M:void org.argouml.uml.diagram.activity.ui.FigPartition.SelectionPartition.hitHandle(Rectangle, Handle)
P:java.awt.Rectangle[x=48,y=64,width=0,height=0]
P:org.tigris.gef.presentation.Handle@54c1464c
M:void org.argouml.uml.diagram.activity.ui.FigPartition.SelectionPartition.updateHandleBox()
M:void org.argouml.uml.diagram.activity.ui.FigPartition.SelectionPartition.hitHandle(Rectangle, Handle)
P:java.awt.Rectangle[x=48,y=64,width=0,height=0]
P:org.tigris.gef.presentation.Handle@7cb2b88a
M:void org.argouml.uml.diagram.activity.ui.FigPartition.SelectionPartition.updateHandleBox()
M:FigNode org.argouml.uml.diagram.activity.ui.ActivityDiagramRenderer.getFigNodeFor(GraphModel, Layer, Object, Map)
P:org.argouml.uml.diagram.activity.ActivityDiagramGraphModel@2a5e9e23
P:org.tigris.gef.base.LayerPerspectiveMutable@17c0a08b[untitledModel]
P:Pseudostate$Impl  ID: -84-20-10-5--39874e00:1652975b371:-8000:000000000000097C  MID: -84-20-10-5--39874e00:1652975b371:-8000:0000000000000511  OPCKG: -84-20-10-5--39874e00:1652975b371:-8000:000000000000087B
M:boolean org.argouml.uml.diagram.activity.ui.UMLActivityDiagram.doesAccept(Object)
P:Pseudostate$Impl  ID: -84-20-10-5--39874e00:1652975b371:-8000:000000000000097C  MID: -84-20-10-5--39874e00:1652975b371:-8000:0000000000000511  OPCKG: -84-20-10-5--39874e00:1652975b371:-8000:000000000000087B
M:DiagramElement org.argouml.uml.diagram.activity.ui.UMLActivityDiagram.createDiagramElement(Object, Rectangle)
P:Pseudostate$Impl  ID: -84-20-10-5--39874e00:1652975b371:-8000:000000000000097C  MID: -84-20-10-5--39874e00:1652975b371:-8000:0000000000000511  OPCKG: -84-20-10-5--39874e00:1652975b371:-8000:000000000000087B
M:boolean org.argouml.uml.diagram.activity.ui.FigPool.getUseTrapRect()
M:void org.argouml.uml.diagram.activity.ui.UMLActivityDiagram.encloserChanged(FigNode, FigNode, FigNode)
P:org.argouml.uml.diagram.state.ui.FigInitialState@4fab348
P:org.argouml.uml.diagram.activity.ui.FigPool@7259b819
M:void org.argouml.uml.diagram.activity.ui.UMLActivityDiagram.changePartition(FigNode)
P:org.argouml.uml.diagram.state.ui.FigInitialState@4fab348
M:boolean org.argouml.uml.diagram.activity.ui.UMLActivityDiagram.isStateInPartition(Object, Object)
P:Pseudostate$Impl  ID: -84-20-10-5--39874e00:1652975b371:-8000:000000000000097C  MID: -84-20-10-5--39874e00:1652975b371:-8000:0000000000000511  OPCKG: -84-20-10-5--39874e00:1652975b371:-8000:000000000000087B
P:Partition$Impl  ID: -84-20-10-5--39874e00:1652975b371:-8000:000000000000097A  MID: -84-20-10-5--39874e00:1652975b371:-8000:00000000000005DF  OPCKG: -84-20-10-5--39874e00:1652975b371:-8000:000000000000087B
M:boolean org.argouml.uml.diagram.activity.ui.UMLActivityDiagram.isStateInPartition(Object, Object)
P:Pseudostate$Impl  ID: -84-20-10-5--39874e00:1652975b371:-8000:000000000000097C  MID: -84-20-10-5--39874e00:1652975b371:-8000:0000000000000511  OPCKG: -84-20-10-5--39874e00:1652975b371:-8000:000000000000087B
P:Partition$Impl  ID: -84-20-10-5--39874e00:1652975b371:-8000:000000000000097B  MID: -84-20-10-5--39874e00:1652975b371:-8000:00000000000005DF  OPCKG: -84-20-10-5--39874e00:1652975b371:-8000:000000000000087B
M:void org.argouml.uml.diagram.activity.ui.FigPool.addEnclosedFig(Fig)
P:org.argouml.uml.diagram.state.ui.FigInitialState@4fab348
M:void org.argouml.uml.diagram.activity.ui.SelectionActionState.setIncomingButtonEnabled(boolean)
P:false
M:void org.argouml.uml.diagram.activity.ui.SelectionActionState.setIncomingAboveButtonEnabled(boolean)
P:false
M:void org.argouml.uml.diagram.activity.ui.SelectionActionState.setIncomingLeftButtonEnabled(boolean)
P:false
M:boolean org.argouml.uml.diagram.activity.ui.FigPool.getUseTrapRect()
M:boolean org.argouml.uml.diagram.activity.ui.UMLActivityDiagram.isStateInPartition(Object, Object)
P:Pseudostate$Impl  ID: -84-20-10-5--39874e00:1652975b371:-8000:000000000000097C  MID: -84-20-10-5--39874e00:1652975b371:-8000:0000000000000511  OPCKG: -84-20-10-5--39874e00:1652975b371:-8000:000000000000087B
P:Partition$Impl  ID: -84-20-10-5--39874e00:1652975b371:-8000:000000000000097B  MID: -84-20-10-5--39874e00:1652975b371:-8000:00000000000005DF  OPCKG: -84-20-10-5--39874e00:1652975b371:-8000:000000000000087B
M:FigNode org.argouml.uml.diagram.activity.ui.ActivityDiagramRenderer.getFigNodeFor(GraphModel, Layer, Object, Map)
P:org.argouml.uml.diagram.activity.ActivityDiagramGraphModel@2a5e9e23
P:org.tigris.gef.base.LayerPerspectiveMutable@17c0a08b[untitledModel]
P:ActionState$Impl  ID: -84-20-10-5--39874e00:1652975b371:-8000:000000000000097D  MID: -84-20-10-5--39874e00:1652975b371:-8000:00000000000005E9  OPCKG: -84-20-10-5--39874e00:1652975b371:-8000:000000000000087B
M:int org.argouml.uml.diagram.activity.ui.FigActionState.getNotationProviderType()
M:Dimension org.argouml.uml.diagram.activity.ui.FigActionState.getMinimumSize()
M:int org.argouml.uml.diagram.activity.ui.FigActionState.getNotationProviderType()
M:Icon[] org.argouml.uml.diagram.activity.ui.SelectionActionState.getIcons()
M:boolean org.argouml.uml.diagram.activity.ui.SelectionActionState.isReverseEdge(int)
P:13
M:DiagramElement org.argouml.uml.diagram.activity.ui.UMLActivityDiagram.createDiagramElement(Object, Rectangle)
P:ObjectFlowState$Impl  ID: -84-20-10-5--39874e00:1652975b371:-8000:000000000000097F  MID: -84-20-10-5--39874e00:1652975b371:-8000:00000000000005EE  OPCKG: -84-20-10-5--39874e00:1652975b371:-8000:000000000000087B
M:void org.argouml.uml.diagram.activity.ui.UMLActivityDiagram.encloserChanged(FigNode, FigNode, FigNode)
P:org.argouml.uml.diagram.activity.ui.FigObjectFlowState@14ee890
M:int org.argouml.uml.diagram.activity.ui.FigActionState.getNotationProviderType()
M:void org.argouml.uml.diagram.activity.ui.FigObjectFlowState.notationRenderingChanged(NotationProvider, String)
P:org.argouml.notation.providers.uml.ObjectFlowStateStateNotationUml@12281941
P:
M:NotationSettings org.argouml.uml.diagram.activity.ui.FigObjectFlowState.getNotationSettings(NotationProvider)
P:org.argouml.notation.providers.uml.ObjectFlowStateTypeNotationUml@56c0a5c2
M:void org.argouml.uml.diagram.activity.ui.FigObjectFlowState.notationRenderingChanged(NotationProvider, String)
P:org.argouml.notation.providers.uml.ObjectFlowStateStateNotationUml@3280e298
P:
M:FigNode org.argouml.uml.diagram.activity.ui.ActivityDiagramRenderer.getFigNodeFor(GraphModel, Layer, Object, Map)
P:org.argouml.uml.diagram.activity.ActivityDiagramGraphModel@2a5e9e23
P:org.tigris.gef.base.LayerPerspectiveMutable@17c0a08b[untitledModel]
P:Pseudostate$Impl  ID: -84-20-10-5--39874e00:1652975b371:-8000:0000000000000981  MID: -84-20-10-5--39874e00:1652975b371:-8000:0000000000000511  OPCKG: -84-20-10-5--39874e00:1652975b371:-8000:000000000000087B
M:void org.argouml.uml.diagram.activity.ui.UMLActivityDiagram.changePartition(FigNode)
P:org.argouml.uml.diagram.state.ui.FigForkState@37e838db
M:String org.argouml.uml.diagram.activity.ui.SelectionActionState.getInstructions(int)
P:11
M:void org.argouml.uml.diagram.activity.ui.FigObjectFlowState.notationRenderingChanged(NotationProvider, String)
P:org.argouml.notation.providers.uml.ObjectFlowStateTypeNotationUml@56c0a5c2
P:
M:void org.argouml.uml.diagram.activity.ui.FigObjectFlowState.notationRenderingChanged(NotationProvider, String)
P:org.argouml.notation.providers.uml.ObjectFlowStateTypeNotationUml@56c0a5c2
P:
M:int org.argouml.uml.diagram.activity.ui.FigActionState.getNotationProviderType()
M:boolean org.argouml.uml.diagram.activity.ui.UMLActivityDiagram.isStateInPartition(Object, Object)
P:CallState$Impl  ID: -84-20-10-5--39874e00:1652975b371:-8000:0000000000000983  MID: -84-20-10-5--39874e00:1652975b371:-8000:00000000000005EA  OPCKG: -84-20-10-5--39874e00:1652975b371:-8000:000000000000087B
P:Partition$Impl  ID: -84-20-10-5--39874e00:1652975b371:-8000:000000000000097A  MID: -84-20-10-5--39874e00:1652975b371:-8000:00000000000005DF  OPCKG: -84-20-10-5--39874e00:1652975b371:-8000:000000000000087B
M:Dimension org.argouml.uml.diagram.activity.ui.FigActionState.getMinimumSize()
M:Dimension org.argouml.uml.diagram.activity.ui.FigActionState.getMinimumSize()
M:Dimension org.argouml.uml.diagram.activity.ui.FigActionState.getMinimumSize()
M:String org.argouml.uml.diagram.activity.ui.SelectionActionState.getInstructions(int)
P:15
M:Icon[] org.argouml.uml.diagram.activity.ui.SelectionActionState.getIcons()
M:boolean org.argouml.uml.diagram.activity.ui.UMLActivityDiagram.isStateInPartition(Object, Object)
P:Pseudostate$Impl  ID: -84-20-10-5--39874e00:1652975b371:-8000:0000000000000985  MID: -84-20-10-5--39874e00:1652975b371:-8000:0000000000000511  OPCKG: -84-20-10-5--39874e00:1652975b371:-8000:000000000000087B
P:Partition$Impl  ID: -84-20-10-5--39874e00:1652975b371:-8000:0000000000000979  MID: -84-20-10-5--39874e00:1652975b371:-8000:00000000000005DF  OPCKG: -84-20-10-5--39874e00:1652975b371:-8000:000000000000087B
M:void org.argouml.uml.diagram.activity.ui.FigActionState.modelChanged(PropertyChangeEvent)
P:org.argouml.model.AddAssociationEvent[propertyName=partition; oldValue=null; newValue=Partition$Impl  ID: -84-20-10-5--39874e00:1652975b371:-8000:000000000000097B  MID: -84-20-10-5--39874e00:1652975b371:-8000:00000000000005DF  OPCKG: -84-20-10-5--39874e00:1652975b371:-8000:000000000000087B; propagationId=null; source=CallState$Impl  ID: -84-20-10-5--39874e00:1652975b371:-8000:0000000000000983  MID: -84-20-10-5--39874e00:1652975b371:-8000:00000000000005EA  OPCKG: -84-20-10-5--39874e00:1652975b371:-8000:000000000000087B]: org.netbeans.api.mdr.events.AssociationEvent[source=AContentsPartition$Impl  ID: -84-20-10-5--39874e00:1652975b371:-8000:000000000000096B  MID: -84-20-10-5--39874e00:1652975b371:-8000:00000000000005FB  OPCKG: -84-20-10-5--39874e00:1652975b371:-8000:000000000000087B]
M:Dimension org.argouml.uml.diagram.activity.ui.FigActionState.getMinimumSize()
M:Dimension org.argouml.uml.diagram.activity.ui.FigPartition.getMinimumSize()
M:Icon[] org.argouml.uml.diagram.activity.ui.SelectionActionState.getIcons()
M:void org.argouml.uml.diagram.activity.ui.UMLActivityDiagram.changePartition(FigNode)
P:org.argouml.uml.diagram.state.ui.FigFinalState@183d6b77
M:Dimension org.argouml.uml.diagram.activity.ui.FigPartition.getMinimumSize()
M:FigNode org.argouml.uml.diagram.activity.ui.ActivityDiagramRenderer.getFigNodeFor(GraphModel, Layer, Object, Map)
P:org.argouml.uml.diagram.activity.ActivityDiagramGraphModel@2a5e9e23
P:org.tigris.gef.base.LayerPerspectiveMutable@17c0a08b[untitledModel]
P:ActionState$Impl  ID: -84-20-10-5--39874e00:1652975b371:-8000:0000000000000989  MID: -84-20-10-5--39874e00:1652975b371:-8000:00000000000005E9  OPCKG: -84-20-10-5--39874e00:1652975b371:-8000:000000000000087B
M:Dimension org.argouml.uml.diagram.activity.ui.FigActionState.getMinimumSize()
M:String org.argouml.uml.diagram.activity.ui.SelectionActionState.getInstructions(int)
P:11
