S:F;T;T;T;T;T;F;T;T;F;U;T;U;T;F;T;F;F;F;T;T;T;F;T;U;U;F;T;F;F;T;F;F;T;F;F;T;F;T;F;T;T;U;F;U;T;F;U;U;U;U;T;T;T;T;T;T;F;F;T;T;U;F;F;F;F;F;F;T;F;T;F;T;U;U;F;U;U;U;T;F;T;F;F;F;T;T;F;F;F;T;F;T;T;T;U;U;U;T;F;F;F;F;T;F;F;T;F;U;T;F;F;T;T;F;F;F;F;F;F;F;F;F;F;F;T;F;T;F;F;F;T;T;F;F;F;T;F;T;T;F;F;F;F;F;F;U;F;F;T;T;U;T;T;F;U;F;T;T
A:clickOnFigForkState
M:Icon[] org.argouml.uml.diagram.activity.ui.SelectionActionState.getIcons()
M:String org.argouml.uml.diagram.activity.ui.SelectionActionState.getInstructions(int)
P:15
M:Icon[] org.argouml.uml.diagram.activity.ui.SelectionActionState.getIcons()
M:boolean org.argouml.uml.diagram.activity.ui.FigPool.getUseTrapRect()
M:void org.argouml.uml.diagram.activity.ui.UMLActivityDiagram.encloserChanged(FigNode, FigNode, FigNode)
P:org.argouml.uml.diagram.state.ui.FigForkState@41ce486
P:org.argouml.uml.diagram.activity.ui.FigPool@48c5806e
P:org.argouml.uml.diagram.activity.ui.FigPool@48c5806e
M:void org.argouml.uml.diagram.activity.ui.UMLActivityDiagram.changePartition(FigNode)
P:org.argouml.uml.diagram.state.ui.FigForkState@41ce486
M:boolean org.argouml.uml.diagram.activity.ui.UMLActivityDiagram.isStateInPartition(Object, Object)
P:Pseudostate$Impl  ID: -64--88-1-3-6ba9548d:16505c0ecfa:-8000:0000000000000980  MID: -64--88-1-3-6ba9548d:16505c0ecfa:-8000:0000000000000511  OPCKG: -64--88-1-3-6ba9548d:16505c0ecfa:-8000:000000000000087B
P:Partition$Impl  ID: -64--88-1-3-6ba9548d:16505c0ecfa:-8000:0000000000000979  MID: -64--88-1-3-6ba9548d:16505c0ecfa:-8000:00000000000005DF  OPCKG: -64--88-1-3-6ba9548d:16505c0ecfa:-8000:000000000000087B
M:boolean org.argouml.uml.diagram.activity.ui.UMLActivityDiagram.isStateInPartition(Object, Object)
P:Pseudostate$Impl  ID: -64--88-1-3-6ba9548d:16505c0ecfa:-8000:0000000000000980  MID: -64--88-1-3-6ba9548d:16505c0ecfa:-8000:0000000000000511  OPCKG: -64--88-1-3-6ba9548d:16505c0ecfa:-8000:000000000000087B
P:Partition$Impl  ID: -64--88-1-3-6ba9548d:16505c0ecfa:-8000:000000000000097A  MID: -64--88-1-3-6ba9548d:16505c0ecfa:-8000:00000000000005DF  OPCKG: -64--88-1-3-6ba9548d:16505c0ecfa:-8000:000000000000087B
M:boolean org.argouml.uml.diagram.activity.ui.UMLActivityDiagram.isStateInPartition(Object, Object)
P:Pseudostate$Impl  ID: -64--88-1-3-6ba9548d:16505c0ecfa:-8000:0000000000000980  MID: -64--88-1-3-6ba9548d:16505c0ecfa:-8000:0000000000000511  OPCKG: -64--88-1-3-6ba9548d:16505c0ecfa:-8000:000000000000087B
P:Partition$Impl  ID: -64--88-1-3-6ba9548d:16505c0ecfa:-8000:000000000000097C  MID: -64--88-1-3-6ba9548d:16505c0ecfa:-8000:00000000000005DF  OPCKG: -64--88-1-3-6ba9548d:16505c0ecfa:-8000:000000000000087B
M:Dimension org.argouml.uml.diagram.activity.ui.FigPartition.getMinimumSize()
M:Dimension org.argouml.uml.diagram.activity.ui.FigPartition.getMinimumSize()
S:F;T;T;T;T;T;F;T;T;F;U;T;U;T;F;T;F;F;F;T;T;T;F;T;U;U;F;T;F;F;T;F;F;T;F;F;T;F;T;F;T;T;U;F;U;T;F;U;U;U;U;T;T;T;T;T;T;F;F;T;T;U;F;F;F;F;F;F;T;F;T;F;T;U;U;F;U;U;U;T;F;T;F;F;F;T;T;F;F;F;T;F;T;T;T;U;U;U;T;F;F;F;F;T;F;F;T;F;U;T;F;F;T;T;F;F;F;F;F;F;F;F;F;F;F;T;F;T;F;F;F;T;T;F;F;F;T;F;T;T;F;F;F;F;F;F;U;F;F;T;T;U;T;T;F;U;F;T;T
