M:Icon[] org.argouml.uml.diagram.activity.ui.SelectionActionState.getIcons()
M:String org.argouml.uml.diagram.activity.ui.SelectionActionState.getInstructions(int)
P:13
M:Icon[] org.argouml.uml.diagram.activity.ui.SelectionActionState.getIcons()
M:String org.argouml.uml.diagram.activity.ui.SelectionActionState.getInstructions(int)
P:13
M:Icon[] org.argouml.uml.diagram.activity.ui.SelectionActionState.getIcons()
M:String org.argouml.uml.diagram.activity.ui.SelectionActionState.getInstructions(int)
P:13
M:Icon[] org.argouml.uml.diagram.activity.ui.SelectionActionState.getIcons()
M:String org.argouml.uml.diagram.activity.ui.SelectionActionState.getInstructions(int)
P:13
M:Icon[] org.argouml.uml.diagram.activity.ui.SelectionActionState.getIcons()
M:String org.argouml.uml.diagram.activity.ui.SelectionActionState.getInstructions(int)
P:13
M:Icon[] org.argouml.uml.diagram.activity.ui.SelectionActionState.getIcons()
M:Icon[] org.argouml.uml.diagram.activity.ui.SelectionActionState.getIcons()
M:String org.argouml.uml.diagram.activity.ui.SelectionActionState.getInstructions(int)
P:15
M:Object org.argouml.uml.diagram.activity.ui.SelectionActionState.getNewNodeType(int)
P:13
M:Object org.argouml.uml.diagram.activity.ui.SelectionActionState.getNewEdgeType(int)
P:13
M:boolean org.argouml.uml.diagram.activity.ui.SelectionActionState.isReverseEdge(int)
P:13
M:void org.argouml.uml.diagram.activity.ui.FigActionState.modelChanged(PropertyChangeEvent)
P:org.argouml.model.AddAssociationEvent[propertyName=incoming; oldValue=null; newValue=Transition$Impl  ID: 127-0-0-1--1b60b1a0:1652932a4db:-8000:0000000000000977  MID: 127-0-0-1--1b60b1a0:1652932a4db:-8000:0000000000000507  OPCKG: 127-0-0-1--1b60b1a0:1652932a4db:-8000:0000000000000877; propagationId=null; source=CallState$Impl  ID: 127-0-0-1--1b60b1a0:1652932a4db:-8000:0000000000000976  MID: 127-0-0-1--1b60b1a0:1652932a4db:-8000:00000000000005EA  OPCKG: 127-0-0-1--1b60b1a0:1652932a4db:-8000:0000000000000877]: org.netbeans.api.mdr.events.AssociationEvent[source=AIncomingTarget$Impl  ID: 127-0-0-1--1b60b1a0:1652932a4db:-8000:0000000000000935  MID: 127-0-0-1--1b60b1a0:1652932a4db:-8000:0000000000000549  OPCKG: 127-0-0-1--1b60b1a0:1652932a4db:-8000:0000000000000877]
M:void org.argouml.uml.diagram.activity.ui.FigActionState.modelChanged(PropertyChangeEvent)
P:org.argouml.model.AttributeChangeEvent[propertyName=incoming; oldValue=null; newValue=Transition$Impl  ID: 127-0-0-1--1b60b1a0:1652932a4db:-8000:0000000000000977  MID: 127-0-0-1--1b60b1a0:1652932a4db:-8000:0000000000000507  OPCKG: 127-0-0-1--1b60b1a0:1652932a4db:-8000:0000000000000877; propagationId=null; source=CallState$Impl  ID: 127-0-0-1--1b60b1a0:1652932a4db:-8000:0000000000000976  MID: 127-0-0-1--1b60b1a0:1652932a4db:-8000:00000000000005EA  OPCKG: 127-0-0-1--1b60b1a0:1652932a4db:-8000:0000000000000877]: org.netbeans.api.mdr.events.AssociationEvent[source=AIncomingTarget$Impl  ID: 127-0-0-1--1b60b1a0:1652932a4db:-8000:0000000000000935  MID: 127-0-0-1--1b60b1a0:1652932a4db:-8000:0000000000000549  OPCKG: 127-0-0-1--1b60b1a0:1652932a4db:-8000:0000000000000877]
M:Dimension org.argouml.uml.diagram.activity.ui.FigActionState.getMinimumSize()
M:Dimension org.argouml.uml.diagram.activity.ui.FigActionState.getMinimumSize()
M:FigNode org.argouml.uml.diagram.activity.ui.ActivityDiagramRenderer.getFigNodeFor(GraphModel, Layer, Object, Map)
P:org.argouml.uml.diagram.activity.ActivityDiagramGraphModel@6cf5537
P:org.tigris.gef.base.LayerPerspectiveMutable@519b337c[untitledModel]
P:Pseudostate$Impl  ID: 127-0-0-1--1b60b1a0:1652932a4db:-8000:0000000000000978  MID: 127-0-0-1--1b60b1a0:1652932a4db:-8000:0000000000000511  OPCKG: 127-0-0-1--1b60b1a0:1652932a4db:-8000:0000000000000877
M:boolean org.argouml.uml.diagram.activity.ui.UMLActivityDiagram.doesAccept(Object)
P:Pseudostate$Impl  ID: 127-0-0-1--1b60b1a0:1652932a4db:-8000:0000000000000978  MID: 127-0-0-1--1b60b1a0:1652932a4db:-8000:0000000000000511  OPCKG: 127-0-0-1--1b60b1a0:1652932a4db:-8000:0000000000000877
M:DiagramElement org.argouml.uml.diagram.activity.ui.UMLActivityDiagram.createDiagramElement(Object, Rectangle)
P:Pseudostate$Impl  ID: 127-0-0-1--1b60b1a0:1652932a4db:-8000:0000000000000978  MID: 127-0-0-1--1b60b1a0:1652932a4db:-8000:0000000000000511  OPCKG: 127-0-0-1--1b60b1a0:1652932a4db:-8000:0000000000000877
M:void org.argouml.uml.diagram.activity.ui.UMLActivityDiagram.encloserChanged(FigNode, FigNode, FigNode)
P:org.argouml.uml.diagram.state.ui.FigForkState@46bcc1ee
M:Icon[] org.argouml.uml.diagram.activity.ui.SelectionActionState.getIcons()
M:Icon[] org.argouml.uml.diagram.activity.ui.SelectionActionState.getIcons()
M:Icon[] org.argouml.uml.diagram.activity.ui.SelectionActionState.getIcons()
M:String org.argouml.uml.diagram.activity.ui.SelectionActionState.getInstructions(int)
P:15
M:void org.argouml.uml.diagram.activity.ui.UMLActivityDiagram.encloserChanged(FigNode, FigNode, FigNode)
P:org.argouml.uml.diagram.state.ui.FigForkState@46bcc1ee
M:Icon[] org.argouml.uml.diagram.activity.ui.SelectionActionState.getIcons()
