M:boolean org.argouml.uml.diagram.activity.ui.FigActionState.isFilled()
M:Color org.argouml.uml.diagram.activity.ui.FigActionState.getFillColor()
M:int org.argouml.uml.diagram.activity.ui.FigActionState.getLineWidth()
M:Color org.argouml.uml.diagram.activity.ui.FigActionState.getLineColor()
M:boolean org.argouml.uml.diagram.activity.ui.FigActionState.isFilled()
M:Color org.argouml.uml.diagram.activity.ui.FigActionState.getFillColor()
M:int org.argouml.uml.diagram.activity.ui.FigActionState.getLineWidth()
M:Color org.argouml.uml.diagram.activity.ui.FigActionState.getLineColor()
M:Icon[] org.argouml.uml.diagram.activity.ui.SelectionActionState.getIcons()
M:void org.argouml.uml.diagram.activity.ui.UMLActivityDiagram.encloserChanged(FigNode, FigNode, FigNode)
P:org.argouml.uml.diagram.activity.ui.FigActionState@622f19aa
M:Icon[] org.argouml.uml.diagram.activity.ui.SelectionActionState.getIcons()
M:Icon[] org.argouml.uml.diagram.activity.ui.SelectionActionState.getIcons()
M:String org.argouml.uml.diagram.activity.ui.SelectionActionState.getInstructions(int)
P:13
M:Icon[] org.argouml.uml.diagram.activity.ui.SelectionActionState.getIcons()
M:String org.argouml.uml.diagram.activity.ui.SelectionActionState.getInstructions(int)
P:13
M:Icon[] org.argouml.uml.diagram.activity.ui.SelectionActionState.getIcons()
M:String org.argouml.uml.diagram.activity.ui.SelectionActionState.getInstructions(int)
P:13
M:Icon[] org.argouml.uml.diagram.activity.ui.SelectionActionState.getIcons()
M:String org.argouml.uml.diagram.activity.ui.SelectionActionState.getInstructions(int)
P:13
M:Icon[] org.argouml.uml.diagram.activity.ui.SelectionActionState.getIcons()
M:String org.argouml.uml.diagram.activity.ui.SelectionActionState.getInstructions(int)
P:13
M:Icon[] org.argouml.uml.diagram.activity.ui.SelectionActionState.getIcons()
M:Icon[] org.argouml.uml.diagram.activity.ui.SelectionActionState.getIcons()
M:String org.argouml.uml.diagram.activity.ui.SelectionActionState.getInstructions(int)
P:15
M:Object org.argouml.uml.diagram.activity.ui.SelectionActionState.getNewNodeType(int)
P:13
M:Object org.argouml.uml.diagram.activity.ui.SelectionActionState.getNewEdgeType(int)
P:13
M:boolean org.argouml.uml.diagram.activity.ui.SelectionActionState.isReverseEdge(int)
P:13
M:void org.argouml.uml.diagram.activity.ui.FigActionState.modelChanged(PropertyChangeEvent)
P:org.argouml.model.AddAssociationEvent[propertyName=outgoing; oldValue=null; newValue=Transition$Impl  ID: 127-0-0-1--1b60b1a0:1652932a4db:-8000:0000000000000980  MID: 127-0-0-1--1b60b1a0:1652932a4db:-8000:0000000000000507  OPCKG: 127-0-0-1--1b60b1a0:1652932a4db:-8000:0000000000000877; propagationId=null; source=ActionState$Impl  ID: 127-0-0-1--1b60b1a0:1652932a4db:-8000:000000000000097A  MID: 127-0-0-1--1b60b1a0:1652932a4db:-8000:00000000000005E9  OPCKG: 127-0-0-1--1b60b1a0:1652932a4db:-8000:0000000000000877]: org.netbeans.api.mdr.events.AssociationEvent[source=AOutgoingSource$Impl  ID: 127-0-0-1--1b60b1a0:1652932a4db:-8000:0000000000000934  MID: 127-0-0-1--1b60b1a0:1652932a4db:-8000:0000000000000546  OPCKG: 127-0-0-1--1b60b1a0:1652932a4db:-8000:0000000000000877]
M:void org.argouml.uml.diagram.activity.ui.FigActionState.modelChanged(PropertyChangeEvent)
P:org.argouml.model.AttributeChangeEvent[propertyName=outgoing; oldValue=null; newValue=Transition$Impl  ID: 127-0-0-1--1b60b1a0:1652932a4db:-8000:0000000000000980  MID: 127-0-0-1--1b60b1a0:1652932a4db:-8000:0000000000000507  OPCKG: 127-0-0-1--1b60b1a0:1652932a4db:-8000:0000000000000877; propagationId=null; source=ActionState$Impl  ID: 127-0-0-1--1b60b1a0:1652932a4db:-8000:000000000000097A  MID: 127-0-0-1--1b60b1a0:1652932a4db:-8000:00000000000005E9  OPCKG: 127-0-0-1--1b60b1a0:1652932a4db:-8000:0000000000000877]: org.netbeans.api.mdr.events.AssociationEvent[source=AOutgoingSource$Impl  ID: 127-0-0-1--1b60b1a0:1652932a4db:-8000:0000000000000934  MID: 127-0-0-1--1b60b1a0:1652932a4db:-8000:0000000000000546  OPCKG: 127-0-0-1--1b60b1a0:1652932a4db:-8000:0000000000000877]
M:Dimension org.argouml.uml.diagram.activity.ui.FigActionState.getMinimumSize()
