M:String org.argouml.uml.diagram.activity.ui.SelectionActionState.getInstructions(int)
P:15
M:Icon[] org.argouml.uml.diagram.activity.ui.SelectionActionState.getIcons()
M:boolean org.argouml.uml.diagram.activity.ui.FigPool.getUseTrapRect()
M:void org.argouml.uml.diagram.activity.ui.UMLActivityDiagram.encloserChanged(FigNode, FigNode, FigNode)
P:org.argouml.uml.diagram.state.ui.FigForkState@6ded234c
P:org.argouml.uml.diagram.activity.ui.FigPool@2700d019
P:org.argouml.uml.diagram.activity.ui.FigPool@2700d019
M:void org.argouml.uml.diagram.activity.ui.UMLActivityDiagram.changePartition(FigNode)
P:org.argouml.uml.diagram.state.ui.FigForkState@6ded234c
M:boolean org.argouml.uml.diagram.activity.ui.UMLActivityDiagram.isStateInPartition(Object, Object)
P:Pseudostate$Impl  ID: 127-0-0-1-2b5d4c26:1652ab7533e:-8000:0000000000000981  MID: 127-0-0-1-2b5d4c26:1652ab7533e:-8000:0000000000000511  OPCKG: 127-0-0-1-2b5d4c26:1652ab7533e:-8000:000000000000087B
P:Partition$Impl  ID: 127-0-0-1-2b5d4c26:1652ab7533e:-8000:0000000000000979  MID: 127-0-0-1-2b5d4c26:1652ab7533e:-8000:00000000000005DF  OPCKG: 127-0-0-1-2b5d4c26:1652ab7533e:-8000:000000000000087B
M:boolean org.argouml.uml.diagram.activity.ui.UMLActivityDiagram.isStateInPartition(Object, Object)
P:Pseudostate$Impl  ID: 127-0-0-1-2b5d4c26:1652ab7533e:-8000:0000000000000981  MID: 127-0-0-1-2b5d4c26:1652ab7533e:-8000:0000000000000511  OPCKG: 127-0-0-1-2b5d4c26:1652ab7533e:-8000:000000000000087B
P:Partition$Impl  ID: 127-0-0-1-2b5d4c26:1652ab7533e:-8000:000000000000097A  MID: 127-0-0-1-2b5d4c26:1652ab7533e:-8000:00000000000005DF  OPCKG: 127-0-0-1-2b5d4c26:1652ab7533e:-8000:000000000000087B
M:Icon[] org.argouml.uml.diagram.activity.ui.SelectionActionState.getIcons()
M:Dimension org.argouml.uml.diagram.activity.ui.FigPartition.getMinimumSize()
M:Dimension org.argouml.uml.diagram.activity.ui.FigPartition.getMinimumSize()
M:Icon[] org.argouml.uml.diagram.activity.ui.SelectionActionState.getIcons()
M:Icon[] org.argouml.uml.diagram.activity.ui.SelectionActionState.getIcons()
M:Icon[] org.argouml.uml.diagram.activity.ui.SelectionActionState.getIcons()
M:String org.argouml.uml.diagram.activity.ui.SelectionActionState.getInstructions(int)
P:11
M:Icon[] org.argouml.uml.diagram.activity.ui.SelectionActionState.getIcons()
M:String org.argouml.uml.diagram.activity.ui.SelectionActionState.getInstructions(int)
P:11
M:Icon[] org.argouml.uml.diagram.activity.ui.SelectionActionState.getIcons()
M:String org.argouml.uml.diagram.activity.ui.SelectionActionState.getInstructions(int)
P:11
M:Icon[] org.argouml.uml.diagram.activity.ui.SelectionActionState.getIcons()
M:String org.argouml.uml.diagram.activity.ui.SelectionActionState.getInstructions(int)
P:11
M:Icon[] org.argouml.uml.diagram.activity.ui.SelectionActionState.getIcons()
M:String org.argouml.uml.diagram.activity.ui.SelectionActionState.getInstructions(int)
P:11
M:Icon[] org.argouml.uml.diagram.activity.ui.SelectionActionState.getIcons()
M:Icon[] org.argouml.uml.diagram.activity.ui.SelectionActionState.getIcons()
M:String org.argouml.uml.diagram.activity.ui.SelectionActionState.getInstructions(int)
P:15
M:Object org.argouml.uml.diagram.activity.ui.SelectionActionState.getNewNodeType(int)
P:11
M:Object org.argouml.uml.diagram.activity.ui.SelectionActionState.getNewEdgeType(int)
P:11
M:boolean org.argouml.uml.diagram.activity.ui.SelectionActionState.isReverseEdge(int)
P:11
M:void org.argouml.uml.diagram.activity.ui.FigActionState.modelChanged(PropertyChangeEvent)
P:org.argouml.model.AddAssociationEvent[propertyName=incoming; oldValue=null; newValue=Transition$Impl  ID: 127-0-0-1-2b5d4c26:1652ab7533e:-8000:0000000000000984  MID: 127-0-0-1-2b5d4c26:1652ab7533e:-8000:0000000000000507  OPCKG: 127-0-0-1-2b5d4c26:1652ab7533e:-8000:000000000000087B; propagationId=null; source=CallState$Impl  ID: 127-0-0-1-2b5d4c26:1652ab7533e:-8000:0000000000000983  MID: 127-0-0-1-2b5d4c26:1652ab7533e:-8000:00000000000005EA  OPCKG: 127-0-0-1-2b5d4c26:1652ab7533e:-8000:000000000000087B]: org.netbeans.api.mdr.events.AssociationEvent[source=AIncomingTarget$Impl  ID: 127-0-0-1-2b5d4c26:1652ab7533e:-8000:0000000000000939  MID: 127-0-0-1-2b5d4c26:1652ab7533e:-8000:0000000000000549  OPCKG: 127-0-0-1-2b5d4c26:1652ab7533e:-8000:000000000000087B]
M:void org.argouml.uml.diagram.activity.ui.FigActionState.modelChanged(PropertyChangeEvent)
P:org.argouml.model.AttributeChangeEvent[propertyName=incoming; oldValue=null; newValue=Transition$Impl  ID: 127-0-0-1-2b5d4c26:1652ab7533e:-8000:0000000000000984  MID: 127-0-0-1-2b5d4c26:1652ab7533e:-8000:0000000000000507  OPCKG: 127-0-0-1-2b5d4c26:1652ab7533e:-8000:000000000000087B; propagationId=null; source=CallState$Impl  ID: 127-0-0-1-2b5d4c26:1652ab7533e:-8000:0000000000000983  MID: 127-0-0-1-2b5d4c26:1652ab7533e:-8000:00000000000005EA  OPCKG: 127-0-0-1-2b5d4c26:1652ab7533e:-8000:000000000000087B]: org.netbeans.api.mdr.events.AssociationEvent[source=AIncomingTarget$Impl  ID: 127-0-0-1-2b5d4c26:1652ab7533e:-8000:0000000000000939  MID: 127-0-0-1-2b5d4c26:1652ab7533e:-8000:0000000000000549  OPCKG: 127-0-0-1-2b5d4c26:1652ab7533e:-8000:000000000000087B]
