M:Dimension org.argouml.uml.diagram.activity.ui.FigActionState.getMinimumSize()
M:Icon[] org.argouml.uml.diagram.activity.ui.SelectionActionState.getIcons()
M:Dimension org.argouml.uml.diagram.activity.ui.FigActionState.getMinimumSize()
M:Dimension org.argouml.uml.diagram.activity.ui.FigPartition.getMinimumSize()
M:Dimension org.argouml.uml.diagram.activity.ui.FigPartition.getMinimumSize()
M:Icon[] org.argouml.uml.diagram.activity.ui.SelectionActionState.getIcons()
M:Icon[] org.argouml.uml.diagram.activity.ui.SelectionActionState.getIcons()
M:String org.argouml.uml.diagram.activity.ui.SelectionActionState.getInstructions(int)
P:11
M:Icon[] org.argouml.uml.diagram.activity.ui.SelectionActionState.getIcons()
M:String org.argouml.uml.diagram.activity.ui.SelectionActionState.getInstructions(int)
P:11
M:Icon[] org.argouml.uml.diagram.activity.ui.SelectionActionState.getIcons()
M:String org.argouml.uml.diagram.activity.ui.SelectionActionState.getInstructions(int)
P:11
M:Icon[] org.argouml.uml.diagram.activity.ui.SelectionActionState.getIcons()
M:String org.argouml.uml.diagram.activity.ui.SelectionActionState.getInstructions(int)
P:11
M:Icon[] org.argouml.uml.diagram.activity.ui.SelectionActionState.getIcons()
M:Icon[] org.argouml.uml.diagram.activity.ui.SelectionActionState.getIcons()
M:String org.argouml.uml.diagram.activity.ui.SelectionActionState.getInstructions(int)
P:15
M:Object org.argouml.uml.diagram.activity.ui.SelectionActionState.getNewNodeType(int)
P:11
M:Object org.argouml.uml.diagram.activity.ui.SelectionActionState.getNewEdgeType(int)
P:11
M:boolean org.argouml.uml.diagram.activity.ui.SelectionActionState.isReverseEdge(int)
P:11
M:void org.argouml.uml.diagram.activity.ui.FigActionState.modelChanged(PropertyChangeEvent)
P:org.argouml.model.AddAssociationEvent[propertyName=outgoing; oldValue=null; newValue=Transition$Impl  ID: 127-0-0-1-2b5d4c26:1652ab7533e:-8000:0000000000000986  MID: 127-0-0-1-2b5d4c26:1652ab7533e:-8000:0000000000000507  OPCKG: 127-0-0-1-2b5d4c26:1652ab7533e:-8000:000000000000087B; propagationId=null; source=CallState$Impl  ID: 127-0-0-1-2b5d4c26:1652ab7533e:-8000:0000000000000983  MID: 127-0-0-1-2b5d4c26:1652ab7533e:-8000:00000000000005EA  OPCKG: 127-0-0-1-2b5d4c26:1652ab7533e:-8000:000000000000087B]: org.netbeans.api.mdr.events.AssociationEvent[source=AOutgoingSource$Impl  ID: 127-0-0-1-2b5d4c26:1652ab7533e:-8000:0000000000000938  MID: 127-0-0-1-2b5d4c26:1652ab7533e:-8000:0000000000000546  OPCKG: 127-0-0-1-2b5d4c26:1652ab7533e:-8000:000000000000087B]
M:void org.argouml.uml.diagram.activity.ui.FigActionState.modelChanged(PropertyChangeEvent)
P:org.argouml.model.AttributeChangeEvent[propertyName=outgoing; oldValue=null; newValue=Transition$Impl  ID: 127-0-0-1-2b5d4c26:1652ab7533e:-8000:0000000000000986  MID: 127-0-0-1-2b5d4c26:1652ab7533e:-8000:0000000000000507  OPCKG: 127-0-0-1-2b5d4c26:1652ab7533e:-8000:000000000000087B; propagationId=null; source=CallState$Impl  ID: 127-0-0-1-2b5d4c26:1652ab7533e:-8000:0000000000000983  MID: 127-0-0-1-2b5d4c26:1652ab7533e:-8000:00000000000005EA  OPCKG: 127-0-0-1-2b5d4c26:1652ab7533e:-8000:000000000000087B]: org.netbeans.api.mdr.events.AssociationEvent[source=AOutgoingSource$Impl  ID: 127-0-0-1-2b5d4c26:1652ab7533e:-8000:0000000000000938  MID: 127-0-0-1-2b5d4c26:1652ab7533e:-8000:0000000000000546  OPCKG: 127-0-0-1-2b5d4c26:1652ab7533e:-8000:000000000000087B]
M:Dimension org.argouml.uml.diagram.activity.ui.FigActionState.getMinimumSize()
M:Dimension org.argouml.uml.diagram.activity.ui.FigActionState.getMinimumSize()
M:FigNode org.argouml.uml.diagram.activity.ui.ActivityDiagramRenderer.getFigNodeFor(GraphModel, Layer, Object, Map)
P:org.argouml.uml.diagram.activity.ActivityDiagramGraphModel@26bbdfcd
P:org.tigris.gef.base.LayerPerspectiveMutable@3dc4f0d4[untitledModel]
P:FinalState$Impl  ID: 127-0-0-1-2b5d4c26:1652ab7533e:-8000:0000000000000987  MID: 127-0-0-1-2b5d4c26:1652ab7533e:-8000:0000000000000519  OPCKG: 127-0-0-1-2b5d4c26:1652ab7533e:-8000:000000000000087B
M:boolean org.argouml.uml.diagram.activity.ui.UMLActivityDiagram.doesAccept(Object)
P:FinalState$Impl  ID: 127-0-0-1-2b5d4c26:1652ab7533e:-8000:0000000000000987  MID: 127-0-0-1-2b5d4c26:1652ab7533e:-8000:0000000000000519  OPCKG: 127-0-0-1-2b5d4c26:1652ab7533e:-8000:000000000000087B
M:DiagramElement org.argouml.uml.diagram.activity.ui.UMLActivityDiagram.createDiagramElement(Object, Rectangle)
P:FinalState$Impl  ID: 127-0-0-1-2b5d4c26:1652ab7533e:-8000:0000000000000987  MID: 127-0-0-1-2b5d4c26:1652ab7533e:-8000:0000000000000519  OPCKG: 127-0-0-1-2b5d4c26:1652ab7533e:-8000:000000000000087B
M:boolean org.argouml.uml.diagram.activity.ui.FigPool.getUseTrapRect()
M:void org.argouml.uml.diagram.activity.ui.UMLActivityDiagram.encloserChanged(FigNode, FigNode, FigNode)
P:org.argouml.uml.diagram.state.ui.FigFinalState@42565c0c
P:org.argouml.uml.diagram.activity.ui.FigPool@2700d019
M:void org.argouml.uml.diagram.activity.ui.UMLActivityDiagram.changePartition(FigNode)
P:org.argouml.uml.diagram.state.ui.FigFinalState@42565c0c
M:boolean org.argouml.uml.diagram.activity.ui.UMLActivityDiagram.isStateInPartition(Object, Object)
P:FinalState$Impl  ID: 127-0-0-1-2b5d4c26:1652ab7533e:-8000:0000000000000987  MID: 127-0-0-1-2b5d4c26:1652ab7533e:-8000:0000000000000519  OPCKG: 127-0-0-1-2b5d4c26:1652ab7533e:-8000:000000000000087B
P:Partition$Impl  ID: 127-0-0-1-2b5d4c26:1652ab7533e:-8000:000000000000097A  MID: 127-0-0-1-2b5d4c26:1652ab7533e:-8000:00000000000005DF  OPCKG: 127-0-0-1-2b5d4c26:1652ab7533e:-8000:000000000000087B
M:boolean org.argouml.uml.diagram.activity.ui.UMLActivityDiagram.isStateInPartition(Object, Object)
P:FinalState$Impl  ID: 127-0-0-1-2b5d4c26:1652ab7533e:-8000:0000000000000987  MID: 127-0-0-1-2b5d4c26:1652ab7533e:-8000:0000000000000519  OPCKG: 127-0-0-1-2b5d4c26:1652ab7533e:-8000:000000000000087B
P:Partition$Impl  ID: 127-0-0-1-2b5d4c26:1652ab7533e:-8000:000000000000097B  MID: 127-0-0-1-2b5d4c26:1652ab7533e:-8000:00000000000005DF  OPCKG: 127-0-0-1-2b5d4c26:1652ab7533e:-8000:000000000000087B
M:void org.argouml.uml.diagram.activity.ui.UMLActivityDiagram.encloserChanged(FigNode, FigNode, FigNode)
P:org.argouml.uml.diagram.state.ui.FigJunctionState@1626e59b
P:org.argouml.uml.diagram.activity.ui.FigPool@2700d019
P:org.argouml.uml.diagram.activity.ui.FigPool@2700d019
M:boolean org.argouml.uml.diagram.activity.ui.UMLActivityDiagram.isStateInPartition(Object, Object)
P:ActionState$Impl  ID: 127-0-0-1-2b5d4c26:1652ab7533e:-8000:0000000000000989  MID: 127-0-0-1-2b5d4c26:1652ab7533e:-8000:00000000000005E9  OPCKG: 127-0-0-1-2b5d4c26:1652ab7533e:-8000:000000000000087B
P:Partition$Impl  ID: 127-0-0-1-2b5d4c26:1652ab7533e:-8000:0000000000000979  MID: 127-0-0-1-2b5d4c26:1652ab7533e:-8000:00000000000005DF  OPCKG: 127-0-0-1-2b5d4c26:1652ab7533e:-8000:000000000000087B
M:Dimension org.argouml.uml.diagram.activity.ui.FigActionState.getMinimumSize()
M:Dimension org.argouml.uml.diagram.activity.ui.FigActionState.getMinimumSize()
M:void org.argouml.uml.diagram.activity.ui.FigActionState.modelChanged(PropertyChangeEvent)
P:org.argouml.model.AddAssociationEvent[propertyName=partition; oldValue=null; newValue=Partition$Impl  ID: 127-0-0-1-2b5d4c26:1652ab7533e:-8000:000000000000097A  MID: 127-0-0-1-2b5d4c26:1652ab7533e:-8000:00000000000005DF  OPCKG: 127-0-0-1-2b5d4c26:1652ab7533e:-8000:000000000000087B; propagationId=null; source=ActionState$Impl  ID: 127-0-0-1-2b5d4c26:1652ab7533e:-8000:0000000000000989  MID: 127-0-0-1-2b5d4c26:1652ab7533e:-8000:00000000000005E9  OPCKG: 127-0-0-1-2b5d4c26:1652ab7533e:-8000:000000000000087B]: org.netbeans.api.mdr.events.AssociationEvent[source=AContentsPartition$Impl  ID: 127-0-0-1-2b5d4c26:1652ab7533e:-8000:000000000000096B  MID: 127-0-0-1-2b5d4c26:1652ab7533e:-8000:00000000000005FB  OPCKG: 127-0-0-1-2b5d4c26:1652ab7533e:-8000:000000000000087B]
M:void org.argouml.uml.diagram.activity.ui.FigActionState.modelChanged(PropertyChangeEvent)
P:org.argouml.model.AttributeChangeEvent[propertyName=partition; oldValue=null; newValue=Partition$Impl  ID: 127-0-0-1-2b5d4c26:1652ab7533e:-8000:000000000000097A  MID: 127-0-0-1-2b5d4c26:1652ab7533e:-8000:00000000000005DF  OPCKG: 127-0-0-1-2b5d4c26:1652ab7533e:-8000:000000000000087B; propagationId=null; source=ActionState$Impl  ID: 127-0-0-1-2b5d4c26:1652ab7533e:-8000:0000000000000989  MID: 127-0-0-1-2b5d4c26:1652ab7533e:-8000:00000000000005E9  OPCKG: 127-0-0-1-2b5d4c26:1652ab7533e:-8000:000000000000087B]: org.netbeans.api.mdr.events.AssociationEvent[source=AContentsPartition$Impl  ID: 127-0-0-1-2b5d4c26:1652ab7533e:-8000:000000000000096B  MID: 127-0-0-1-2b5d4c26:1652ab7533e:-8000:00000000000005FB  OPCKG: 127-0-0-1-2b5d4c26:1652ab7533e:-8000:000000000000087B]
M:Dimension org.argouml.uml.diagram.activity.ui.FigActionState.getMinimumSize()
M:Color org.argouml.uml.diagram.activity.ui.FigActionState.getFillColor()
M:Dimension org.argouml.uml.diagram.activity.ui.FigActionState.getMinimumSize()
M:Dimension org.argouml.uml.diagram.activity.ui.FigActionState.getMinimumSize()
M:Dimension org.argouml.uml.diagram.activity.ui.FigPartition.getMinimumSize()
M:String org.argouml.uml.diagram.activity.ui.SelectionActionState.getInstructions(int)
P:15
M:String org.argouml.uml.diagram.activity.ui.SelectionActionState.getInstructions(int)
P:15
M:Icon[] org.argouml.uml.diagram.activity.ui.SelectionActionState.getIcons()
M:String org.argouml.uml.diagram.activity.ui.SelectionActionState.getInstructions(int)
P:11
M:int org.argouml.uml.diagram.activity.ui.FigActionState.getLineWidth()
M:void org.argouml.uml.diagram.activity.ui.UMLActivityDiagram.encloserChanged(FigNode, FigNode, FigNode)
P:org.argouml.uml.diagram.activity.ui.FigActionState@3b680f0b
P:org.argouml.uml.diagram.activity.ui.FigPool@2700d019
P:org.argouml.uml.diagram.activity.ui.FigPool@2700d019
M:boolean org.argouml.uml.diagram.activity.ui.UMLActivityDiagram.isStateInPartition(Object, Object)
P:ActionState$Impl  ID: 127-0-0-1-2b5d4c26:1652ab7533e:-8000:0000000000000989  MID: 127-0-0-1-2b5d4c26:1652ab7533e:-8000:00000000000005E9  OPCKG: 127-0-0-1-2b5d4c26:1652ab7533e:-8000:000000000000087B
P:Partition$Impl  ID: 127-0-0-1-2b5d4c26:1652ab7533e:-8000:0000000000000979  MID: 127-0-0-1-2b5d4c26:1652ab7533e:-8000:00000000000005DF  OPCKG: 127-0-0-1-2b5d4c26:1652ab7533e:-8000:000000000000087B
M:int org.argouml.uml.diagram.activity.ui.FigActionState.getNotationProviderType()
M:Icon[] org.argouml.uml.diagram.activity.ui.SelectionActionState.getIcons()
M:Icon[] org.argouml.uml.diagram.activity.ui.SelectionActionState.getIcons()
M:Icon[] org.argouml.uml.diagram.activity.ui.SelectionActionState.getIcons()
