M:void org.argouml.uml.diagram.activity.ui.SelectionActionState.setIncomingLeftButtonEnabled(boolean)
P:false
M:void org.argouml.uml.diagram.activity.ui.SelectionActionState.setOutgoingButtonEnabled(boolean)
P:true
M:void org.argouml.uml.diagram.activity.ui.SelectionActionState.setOutgoingRightButtonEnabled(boolean)
P:true
M:void org.argouml.uml.diagram.activity.ui.SelectionActionState.setOutgoingBelowButtonEnabled(boolean)
P:true
M:Icon[] org.argouml.uml.diagram.activity.ui.SelectionActionState.getIcons()
M:String org.argouml.uml.diagram.activity.ui.SelectionActionState.getInstructions(int)
P:15
M:Icon[] org.argouml.uml.diagram.activity.ui.SelectionActionState.getIcons()
M:String org.argouml.uml.diagram.activity.ui.SelectionActionState.getInstructions(int)
P:15
M:Icon[] org.argouml.uml.diagram.activity.ui.SelectionActionState.getIcons()
M:boolean org.argouml.uml.diagram.activity.ui.FigPool.getUseTrapRect()
M:void org.argouml.uml.diagram.activity.ui.UMLActivityDiagram.encloserChanged(FigNode, FigNode, FigNode)
P:org.argouml.uml.diagram.state.ui.FigInitialState@69bb06c9
P:org.argouml.uml.diagram.activity.ui.FigPool@2700d019
P:org.argouml.uml.diagram.activity.ui.FigPool@2700d019
M:void org.argouml.uml.diagram.activity.ui.UMLActivityDiagram.changePartition(FigNode)
P:org.argouml.uml.diagram.state.ui.FigInitialState@69bb06c9
M:boolean org.argouml.uml.diagram.activity.ui.UMLActivityDiagram.isStateInPartition(Object, Object)
P:Pseudostate$Impl  ID: 127-0-0-1-2b5d4c26:1652ab7533e:-8000:000000000000097C  MID: 127-0-0-1-2b5d4c26:1652ab7533e:-8000:0000000000000511  OPCKG: 127-0-0-1-2b5d4c26:1652ab7533e:-8000:000000000000087B
P:Partition$Impl  ID: 127-0-0-1-2b5d4c26:1652ab7533e:-8000:000000000000097A  MID: 127-0-0-1-2b5d4c26:1652ab7533e:-8000:00000000000005DF  OPCKG: 127-0-0-1-2b5d4c26:1652ab7533e:-8000:000000000000087B
M:boolean org.argouml.uml.diagram.activity.ui.UMLActivityDiagram.isStateInPartition(Object, Object)
P:Pseudostate$Impl  ID: 127-0-0-1-2b5d4c26:1652ab7533e:-8000:000000000000097C  MID: 127-0-0-1-2b5d4c26:1652ab7533e:-8000:0000000000000511  OPCKG: 127-0-0-1-2b5d4c26:1652ab7533e:-8000:000000000000087B
P:Partition$Impl  ID: 127-0-0-1-2b5d4c26:1652ab7533e:-8000:000000000000097B  MID: 127-0-0-1-2b5d4c26:1652ab7533e:-8000:00000000000005DF  OPCKG: 127-0-0-1-2b5d4c26:1652ab7533e:-8000:000000000000087B
M:Icon[] org.argouml.uml.diagram.activity.ui.SelectionActionState.getIcons()
M:Dimension org.argouml.uml.diagram.activity.ui.FigPartition.getMinimumSize()
M:Dimension org.argouml.uml.diagram.activity.ui.FigPartition.getMinimumSize()
M:Dimension org.argouml.uml.diagram.activity.ui.FigPartition.getMinimumSize()
M:Dimension org.argouml.uml.diagram.activity.ui.FigPartition.getMinimumSize()
M:Dimension org.argouml.uml.diagram.activity.ui.FigPartition.getMinimumSize()
M:Dimension org.argouml.uml.diagram.activity.ui.FigPartition.getMinimumSize()
M:Icon[] org.argouml.uml.diagram.activity.ui.SelectionActionState.getIcons()
M:Icon[] org.argouml.uml.diagram.activity.ui.SelectionActionState.getIcons()
M:String org.argouml.uml.diagram.activity.ui.SelectionActionState.getInstructions(int)
P:15
M:Icon[] org.argouml.uml.diagram.activity.ui.SelectionActionState.getIcons()
M:String org.argouml.uml.diagram.activity.ui.SelectionActionState.getInstructions(int)
P:15
M:Icon[] org.argouml.uml.diagram.activity.ui.SelectionActionState.getIcons()
M:String org.argouml.uml.diagram.activity.ui.SelectionActionState.getInstructions(int)
P:15
M:Icon[] org.argouml.uml.diagram.activity.ui.SelectionActionState.getIcons()
M:String org.argouml.uml.diagram.activity.ui.SelectionActionState.getInstructions(int)
P:15
