M:void org.argouml.uml.diagram.activity.ui.UMLActivityDiagram.setup(Object, Object)
P:Model$Impl  ID: -84-20-10-3-6d06fa3a:165297b671e:-8000:0000000000000976  MID: -84-20-10-3-6d06fa3a:165297b671e:-8000:000000000000060D  OPCKG: -84-20-10-3-6d06fa3a:165297b671e:-8000:000000000000087B
P:ActivityGraph$Impl  ID: -84-20-10-3-6d06fa3a:165297b671e:-8000:0000000000000977  MID: -84-20-10-3-6d06fa3a:165297b671e:-8000:00000000000005DC  OPCKG: -84-20-10-3-6d06fa3a:165297b671e:-8000:000000000000087B
M:ActivityDiagramGraphModel org.argouml.uml.diagram.activity.ui.UMLActivityDiagram.createGraphModel()
M:PropPanel org.argouml.uml.diagram.activity.ui.ActivityDiagramPropPanelFactory.createPropPanel(Object)
P:Diagram: untitledModel activity 1
M:Object org.argouml.uml.diagram.activity.ui.UMLActivityDiagram.getOwner()
M:Object org.argouml.uml.diagram.activity.ui.UMLActivityDiagram.getOwner()
M:Object org.argouml.uml.diagram.activity.ui.UMLActivityDiagram.getOwner()
M:Object org.argouml.uml.diagram.activity.ui.UMLActivityDiagram.getOwner()
M:Object org.argouml.uml.diagram.activity.ui.UMLActivityDiagram.getOwner()
M:Object org.argouml.uml.diagram.activity.ui.UMLActivityDiagram.getOwner()
M:Object org.argouml.uml.diagram.activity.ui.UMLActivityDiagram.getOwner()
M:Object org.argouml.uml.diagram.activity.ui.UMLActivityDiagram.getOwner()
M:Object[] org.argouml.uml.diagram.activity.ui.UMLActivityDiagram.getUmlActions()
M:Action org.argouml.uml.diagram.activity.ui.UMLActivityDiagram.getActionState()
M:Action org.argouml.uml.diagram.activity.ui.UMLActivityDiagram.getActionTransition()
M:Action org.argouml.uml.diagram.activity.ui.UMLActivityDiagram.getActionStartPseudoState()
M:Action org.argouml.uml.diagram.activity.ui.UMLActivityDiagram.getActionFinalPseudoState()
M:Action org.argouml.uml.diagram.activity.ui.UMLActivityDiagram.getActionJunctionPseudoState()
M:Action org.argouml.uml.diagram.activity.ui.UMLActivityDiagram.getActionForkPseudoState()
M:Action org.argouml.uml.diagram.activity.ui.UMLActivityDiagram.getActionJoinPseudoState()
M:Action org.argouml.uml.diagram.activity.ui.UMLActivityDiagram.getActionSwimlane()
M:Object org.argouml.uml.diagram.activity.ui.UMLActivityDiagram.getStateMachine()
M:Action org.argouml.uml.diagram.activity.ui.UMLActivityDiagram.getActionCallState()
M:Action org.argouml.uml.diagram.activity.ui.UMLActivityDiagram.getActionObjectFlowState()
M:Object[] org.argouml.uml.diagram.activity.ui.UMLActivityDiagram.getTriggerActions()
M:Action org.argouml.uml.diagram.activity.ui.UMLActivityDiagram.getActionCallEvent()
M:Action org.argouml.uml.diagram.activity.ui.UMLActivityDiagram.getActionChangeEvent()
M:Action org.argouml.uml.diagram.activity.ui.UMLActivityDiagram.getActionSignalEvent()
M:Action org.argouml.uml.diagram.activity.ui.UMLActivityDiagram.getActionTimeEvent()
M:Action org.argouml.uml.diagram.activity.ui.UMLActivityDiagram.getActionGuard()
M:Object[] org.argouml.uml.diagram.activity.ui.UMLActivityDiagram.getEffectActions()
M:Action org.argouml.uml.diagram.activity.ui.UMLActivityDiagram.getActionCallAction()
M:Action org.argouml.uml.diagram.activity.ui.UMLActivityDiagram.getActionCreateAction()
