M:void org.argouml.uml.diagram.activity.ui.FigPartition.SelectionPartition.hitHandle(Rectangle, Handle)
P:java.awt.Rectangle[x=503,y=407,width=0,height=0]
P:org.tigris.gef.presentation.Handle@1dc09456
M:void org.argouml.uml.diagram.activity.ui.FigPartition.SelectionPartition.updateHandleBox()
M:List org.argouml.uml.diagram.activity.ui.FigPartition.getDragDependencies()
M:List org.argouml.uml.diagram.activity.ui.FigPartition.getPartitions(Layer)
P:org.tigris.gef.base.LayerPerspectiveMutable@1c3a2d9e[untitledModel]
M:FigPool org.argouml.uml.diagram.activity.ui.FigPartition.getFigPool()
M:FigPool org.argouml.uml.diagram.activity.ui.FigPartition.getFigPool()
M:List org.argouml.uml.diagram.activity.ui.FigPartition.getDragDependencies()
M:List org.argouml.uml.diagram.activity.ui.FigPartition.getPartitions(Layer)
P:org.tigris.gef.base.LayerPerspectiveMutable@1c3a2d9e[untitledModel]
M:FigPool org.argouml.uml.diagram.activity.ui.FigPartition.getFigPool()
M:FigPool org.argouml.uml.diagram.activity.ui.FigPartition.getFigPool()
M:void org.argouml.uml.diagram.activity.ui.FigPartition.SelectionPartition.dragHandle(int, int, int, int, Handle)
P:504
P:408
P:503
P:307
P:org.tigris.gef.presentation.Handle@2749be8b
M:void org.argouml.uml.diagram.activity.ui.FigPartition.SelectionPartition.updateHandleBox()
M:Dimension org.argouml.uml.diagram.activity.ui.FigPartition.getMinimumSize()
M:FigPartition org.argouml.uml.diagram.activity.ui.FigPartition.access$100(FigPartition)
P:org.argouml.uml.diagram.activity.ui.FigPartition@6bd00115
M:void org.argouml.uml.diagram.activity.ui.FigPartition.SelectionPartition.setHandleBox(FigPartition, int, int, int, int)
P:344
P:16
P:160
P:392
M:List org.argouml.uml.diagram.activity.ui.FigPartition.access$200(FigPartition, Layer)
P:org.argouml.uml.diagram.activity.ui.FigPartition@6bd00115
P:org.tigris.gef.base.LayerPerspectiveMutable@1c3a2d9e[untitledModel]
M:List org.argouml.uml.diagram.activity.ui.FigPartition.getPartitions(Layer)
P:org.tigris.gef.base.LayerPerspectiveMutable@1c3a2d9e[untitledModel]
M:void org.argouml.uml.diagram.activity.ui.FigPartition.setStandardBounds(int, int, int, int)
P:24
P:16
P:160
P:392
M:void org.argouml.uml.diagram.activity.ui.FigPartition.setStandardBounds(int, int, int, int)
P:184
P:16
P:160
P:392
M:void org.argouml.uml.diagram.activity.ui.FigPartition.setStandardBounds(int, int, int, int)
P:344
P:16
P:160
P:392
M:FigPool org.argouml.uml.diagram.activity.ui.FigPartition.access$300(FigPartition)
P:org.argouml.uml.diagram.activity.ui.FigPartition@6bd00115
M:FigPool org.argouml.uml.diagram.activity.ui.FigPartition.getFigPool()
M:void org.argouml.uml.diagram.activity.ui.FigPool.setStandardBounds(int, int, int, int)
P:24
P:16
P:480
P:392
M:void org.argouml.uml.diagram.activity.ui.FigPartition.SelectionPartition.paint(Graphics)
P:sun.java2d.SunGraphics2D[font=java.awt.Font[family=Lucida Grande,name=Lucida Grande,style=plain,size=13],color=java.awt.Color[r=0,g=0,b=0]]
M:void org.argouml.uml.diagram.activity.ui.FigPartition.SelectionPartition.updateHandleBox()
M:void org.argouml.uml.diagram.activity.ui.FigPartition.SelectionPartition.dragHandle(int, int, int, int, Handle)
P:504
P:408
P:503
P:307
P:org.tigris.gef.presentation.Handle@2749be8b
M:void org.argouml.uml.diagram.activity.ui.FigPartition.SelectionPartition.updateHandleBox()
M:Dimension org.argouml.uml.diagram.activity.ui.FigPartition.getMinimumSize()
M:FigPartition org.argouml.uml.diagram.activity.ui.FigPartition.access$100(FigPartition)
P:org.argouml.uml.diagram.activity.ui.FigPartition@6bd00115
M:void org.argouml.uml.diagram.activity.ui.FigPartition.SelectionPartition.setHandleBox(FigPartition, int, int, int, int)
P:344
P:16
P:160
P:392
M:List org.argouml.uml.diagram.activity.ui.FigPartition.access$200(FigPartition, Layer)
P:org.argouml.uml.diagram.activity.ui.FigPartition@6bd00115
P:org.tigris.gef.base.LayerPerspectiveMutable@1c3a2d9e[untitledModel]
M:List org.argouml.uml.diagram.activity.ui.FigPartition.getPartitions(Layer)
P:org.tigris.gef.base.LayerPerspectiveMutable@1c3a2d9e[untitledModel]
