S:F;T;T;T;T;T;F;T;T;F;U;T;U;T;F;T;F;F;F;T;T;T;F;T;T;U;F;T;F;F;T;F;F;T;F;F;T;F;T;F;T;T;T;F;U;T;F;U;U;U;U;T;T;T;T;T;T;F;F;T;T;U;F;F;F;F;F;F;T;F;T;F;T;U;T;F;U;F;T;F;F;T;F;F;F;T;T;F;F;F;T;F;T;T;T;F;F;F;T;F;F;F;F;T;F;F;T;F;U;T;F;F;T;T;T;F;F;F;F;F;F;F;F;F;F;T;F;T;F;F;F;T;T;F;F;F;T;F;T;T;F;F;F;F;F;F;F;F;F;T;T;F;T;T;F;U;U;T;T
A:clickOnFigPartition
M:Icon[] org.argouml.uml.diagram.activity.ui.SelectionActionState.getIcons()
M:String org.argouml.uml.diagram.activity.ui.SelectionActionState.getInstructions(int)
P:15
M:boolean org.argouml.uml.diagram.activity.ui.FigPool.getUseTrapRect()
M:void org.argouml.uml.diagram.activity.ui.UMLActivityDiagram.encloserChanged(FigNode, FigNode, FigNode)
P:org.argouml.uml.diagram.activity.ui.FigActionState@434a4547
P:org.argouml.uml.diagram.activity.ui.FigPool@3fbb3b1b
P:org.argouml.uml.diagram.activity.ui.FigPool@3fbb3b1b
M:void org.argouml.uml.diagram.activity.ui.UMLActivityDiagram.changePartition(FigNode)
P:org.argouml.uml.diagram.activity.ui.FigActionState@434a4547
M:boolean org.argouml.uml.diagram.activity.ui.UMLActivityDiagram.isStateInPartition(Object, Object)
P:ActionState$Impl  ID: -84-20-10-5--422f168b:165329d79e3:-8000:000000000000097D  MID: -84-20-10-5--422f168b:165329d79e3:-8000:00000000000005E9  OPCKG: -84-20-10-5--422f168b:165329d79e3:-8000:0000000000000879
P:Partition$Impl  ID: -84-20-10-5--422f168b:165329d79e3:-8000:0000000000000977  MID: -84-20-10-5--422f168b:165329d79e3:-8000:00000000000005DF  OPCKG: -84-20-10-5--422f168b:165329d79e3:-8000:0000000000000879
M:void org.argouml.uml.diagram.activity.ui.FigActionState.modelChanged(PropertyChangeEvent)
P:org.argouml.model.AddAssociationEvent[propertyName=partition; oldValue=null; newValue=Partition$Impl  ID: -84-20-10-5--422f168b:165329d79e3:-8000:0000000000000978  MID: -84-20-10-5--422f168b:165329d79e3:-8000:00000000000005DF  OPCKG: -84-20-10-5--422f168b:165329d79e3:-8000:0000000000000879; propagationId=null; source=ActionState$Impl  ID: -84-20-10-5--422f168b:165329d79e3:-8000:000000000000097D  MID: -84-20-10-5--422f168b:165329d79e3:-8000:00000000000005E9  OPCKG: -84-20-10-5--422f168b:165329d79e3:-8000:0000000000000879]: org.netbeans.api.mdr.events.AssociationEvent[source=AContentsPartition$Impl  ID: -84-20-10-5--422f168b:165329d79e3:-8000:0000000000000969  MID: -84-20-10-5--422f168b:165329d79e3:-8000:00000000000005FB  OPCKG: -84-20-10-5--422f168b:165329d79e3:-8000:0000000000000879]
M:int org.argouml.uml.diagram.activity.ui.FigActionState.getNotationProviderType()
M:Dimension org.argouml.uml.diagram.activity.ui.FigActionState.getMinimumSize()
M:Dimension org.argouml.uml.diagram.activity.ui.FigActionState.getMinimumSize()
M:void org.argouml.uml.diagram.activity.ui.FigActionState.setStandardBounds(int, int, int, int)
P:200
P:112
P:117
P:36
M:Dimension org.argouml.uml.diagram.activity.ui.FigActionState.getMinimumSize()
M:void org.argouml.uml.diagram.activity.ui.FigActionState.modelChanged(PropertyChangeEvent)
P:org.argouml.model.AttributeChangeEvent[propertyName=partition; oldValue=null; newValue=Partition$Impl  ID: -84-20-10-5--422f168b:165329d79e3:-8000:0000000000000978  MID: -84-20-10-5--422f168b:165329d79e3:-8000:00000000000005DF  OPCKG: -84-20-10-5--422f168b:165329d79e3:-8000:0000000000000879; propagationId=null; source=ActionState$Impl  ID: -84-20-10-5--422f168b:165329d79e3:-8000:000000000000097D  MID: -84-20-10-5--422f168b:165329d79e3:-8000:00000000000005E9  OPCKG: -84-20-10-5--422f168b:165329d79e3:-8000:0000000000000879]: org.netbeans.api.mdr.events.AssociationEvent[source=AContentsPartition$Impl  ID: -84-20-10-5--422f168b:165329d79e3:-8000:0000000000000969  MID: -84-20-10-5--422f168b:165329d79e3:-8000:00000000000005FB  OPCKG: -84-20-10-5--422f168b:165329d79e3:-8000:0000000000000879]
M:int org.argouml.uml.diagram.activity.ui.FigActionState.getNotationProviderType()
M:Dimension org.argouml.uml.diagram.activity.ui.FigActionState.getMinimumSize()
M:Dimension org.argouml.uml.diagram.activity.ui.FigActionState.getMinimumSize()
M:void org.argouml.uml.diagram.activity.ui.FigActionState.setStandardBounds(int, int, int, int)
P:200
P:112
P:117
P:36
M:Dimension org.argouml.uml.diagram.activity.ui.FigActionState.getMinimumSize()
M:Icon[] org.argouml.uml.diagram.activity.ui.SelectionActionState.getIcons()
M:Dimension org.argouml.uml.diagram.activity.ui.FigActionState.getMinimumSize()
M:Dimension org.argouml.uml.diagram.activity.ui.FigActionState.getMinimumSize()
M:Dimension org.argouml.uml.diagram.activity.ui.FigActionState.getMinimumSize()
M:Dimension org.argouml.uml.diagram.activity.ui.FigActionState.getMinimumSize()
M:Dimension org.argouml.uml.diagram.activity.ui.FigPartition.getMinimumSize()
M:Dimension org.argouml.uml.diagram.activity.ui.FigPartition.getMinimumSize()
M:Dimension org.argouml.uml.diagram.activity.ui.FigActionState.getMinimumSize()
M:Dimension org.argouml.uml.diagram.activity.ui.FigActionState.getMinimumSize()
M:Dimension org.argouml.uml.diagram.activity.ui.FigPartition.getMinimumSize()
M:Dimension org.argouml.uml.diagram.activity.ui.FigPartition.getMinimumSize()
M:Icon[] org.argouml.uml.diagram.activity.ui.SelectionActionState.getIcons()
M:Dimension org.argouml.uml.diagram.activity.ui.FigActionState.getMinimumSize()
M:Dimension org.argouml.uml.diagram.activity.ui.FigActionState.getMinimumSize()
M:Dimension org.argouml.uml.diagram.activity.ui.FigPartition.getMinimumSize()
M:Dimension org.argouml.uml.diagram.activity.ui.FigPartition.getMinimumSize()
M:Icon[] org.argouml.uml.diagram.activity.ui.SelectionActionState.getIcons()
M:Icon[] org.argouml.uml.diagram.activity.ui.SelectionActionState.getIcons()
M:String org.argouml.uml.diagram.activity.ui.SelectionActionState.getInstructions(int)
P:15
M:Icon[] org.argouml.uml.diagram.activity.ui.SelectionActionState.getIcons()
M:String org.argouml.uml.diagram.activity.ui.SelectionActionState.getInstructions(int)
P:15
S:F;T;T;T;T;T;F;T;T;F;U;T;U;T;F;T;F;F;F;T;T;T;F;T;T;U;F;T;F;F;T;F;F;T;F;F;T;F;T;F;T;T;T;F;U;T;F;U;U;U;U;T;T;T;T;T;T;F;F;T;T;U;F;F;F;F;F;F;T;F;T;F;T;U;T;F;U;F;T;F;F;T;F;F;F;T;T;F;F;F;T;F;T;T;T;F;F;F;T;F;F;F;F;T;F;F;T;F;U;T;F;F;T;T;T;F;F;F;F;F;F;F;F;F;F;T;F;T;F;F;F;T;T;F;F;F;T;F;T;T;F;F;F;F;F;F;F;F;F;T;T;F;T;T;F;U;U;T;T
