M:Object org.argouml.uml.diagram.activity.ui.UMLActivityDiagram.getOwner()
M:Object org.argouml.uml.diagram.activity.ui.UMLActivityDiagram.getOwner()
M:Object org.argouml.uml.diagram.activity.ui.UMLActivityDiagram.getOwner()
M:Object org.argouml.uml.diagram.activity.ui.UMLActivityDiagram.getOwner()
M:Object[] org.argouml.uml.diagram.activity.ui.UMLActivityDiagram.getUmlActions()
M:Action org.argouml.uml.diagram.activity.ui.UMLActivityDiagram.getActionState()
M:Action org.argouml.uml.diagram.activity.ui.UMLActivityDiagram.getActionTransition()
M:Action org.argouml.uml.diagram.activity.ui.UMLActivityDiagram.getActionStartPseudoState()
M:Action org.argouml.uml.diagram.activity.ui.UMLActivityDiagram.getActionFinalPseudoState()
M:Action org.argouml.uml.diagram.activity.ui.UMLActivityDiagram.getActionJunctionPseudoState()
M:Action org.argouml.uml.diagram.activity.ui.UMLActivityDiagram.getActionForkPseudoState()
M:Action org.argouml.uml.diagram.activity.ui.UMLActivityDiagram.getActionJoinPseudoState()
M:Action org.argouml.uml.diagram.activity.ui.UMLActivityDiagram.getActionSwimlane()
M:Object org.argouml.uml.diagram.activity.ui.UMLActivityDiagram.getStateMachine()
M:Action org.argouml.uml.diagram.activity.ui.UMLActivityDiagram.getActionCallState()
M:Action org.argouml.uml.diagram.activity.ui.UMLActivityDiagram.getActionObjectFlowState()
M:Object[] org.argouml.uml.diagram.activity.ui.UMLActivityDiagram.getTriggerActions()
M:Action org.argouml.uml.diagram.activity.ui.UMLActivityDiagram.getActionCallEvent()
M:Action org.argouml.uml.diagram.activity.ui.UMLActivityDiagram.getActionChangeEvent()
M:Action org.argouml.uml.diagram.activity.ui.UMLActivityDiagram.getActionSignalEvent()
M:Action org.argouml.uml.diagram.activity.ui.UMLActivityDiagram.getActionTimeEvent()
M:Action org.argouml.uml.diagram.activity.ui.UMLActivityDiagram.getActionGuard()
M:Object[] org.argouml.uml.diagram.activity.ui.UMLActivityDiagram.getEffectActions()
M:Action org.argouml.uml.diagram.activity.ui.UMLActivityDiagram.getActionCallAction()
M:Action org.argouml.uml.diagram.activity.ui.UMLActivityDiagram.getActionCreateAction()
M:Action org.argouml.uml.diagram.activity.ui.UMLActivityDiagram.getActionDestroyAction()
M:Action org.argouml.uml.diagram.activity.ui.UMLActivityDiagram.getActionReturnAction()
M:Action org.argouml.uml.diagram.activity.ui.UMLActivityDiagram.getActionSendAction()
M:Action org.argouml.uml.diagram.activity.ui.UMLActivityDiagram.getActionTerminateAction()
M:Action org.argouml.uml.diagram.activity.ui.UMLActivityDiagram.getActionUninterpretedAction()
M:Action org.argouml.uml.diagram.activity.ui.UMLActivityDiagram.getActionActionSequence()
M:Fig org.argouml.uml.diagram.activity.ui.FigActionState.createBigPortFig()
M:void org.argouml.uml.diagram.activity.ui.FigActionState.modelChanged(PropertyChangeEvent)
P:org.argouml.model.AddAssociationEvent[propertyName=incoming; oldValue=null; newValue=Transition$Impl  ID: 127-0-0-1--bd7826a:1652937c8b2:-8000:000000000000097B  MID: 127-0-0-1--bd7826a:1652937c8b2:-8000:0000000000000507  OPCKG: 127-0-0-1--bd7826a:1652937c8b2:-8000:000000000000087B; propagationId=null; source=ActionState$Impl  ID: 127-0-0-1--bd7826a:1652937c8b2:-8000:000000000000097A  MID: 127-0-0-1--bd7826a:1652937c8b2:-8000:00000000000005E9  OPCKG: 127-0-0-1--bd7826a:1652937c8b2:-8000:000000000000087B]: org.netbeans.api.mdr.events.AssociationEvent[source=AIncomingTarget$Impl  ID: 127-0-0-1--bd7826a:1652937c8b2:-8000:0000000000000939  MID: 127-0-0-1--bd7826a:1652937c8b2:-8000:0000000000000549  OPCKG: 127-0-0-1--bd7826a:1652937c8b2:-8000:000000000000087B]
M:int org.argouml.uml.diagram.activity.ui.FigActionState.getNotationProviderType()
M:void org.argouml.uml.diagram.activity.ui.FigActionState.setStandardBounds(int, int, int, int)
P:128
P:96
P:100
P:36
M:Dimension org.argouml.uml.diagram.activity.ui.FigActionState.getMinimumSize()
M:int org.argouml.uml.diagram.activity.ui.FigActionState.getLineWidth()
M:String org.argouml.uml.diagram.activity.ui.SelectionActionState.getInstructions(int)
P:11
M:String org.argouml.uml.diagram.activity.ui.SelectionActionState.getInstructions(int)
P:11
M:void org.argouml.uml.diagram.activity.ui.FigActionState.modelChanged(PropertyChangeEvent)
P:org.argouml.model.AddAssociationEvent[propertyName=incoming; oldValue=null; newValue=Transition$Impl  ID: 127-0-0-1--bd7826a:1652937c8b2:-8000:000000000000097D  MID: 127-0-0-1--bd7826a:1652937c8b2:-8000:0000000000000507  OPCKG: 127-0-0-1--bd7826a:1652937c8b2:-8000:000000000000087B; propagationId=null; source=CallState$Impl  ID: 127-0-0-1--bd7826a:1652937c8b2:-8000:000000000000097C  MID: 127-0-0-1--bd7826a:1652937c8b2:-8000:00000000000005EA  OPCKG: 127-0-0-1--bd7826a:1652937c8b2:-8000:000000000000087B]: org.netbeans.api.mdr.events.AssociationEvent[source=AIncomingTarget$Impl  ID: 127-0-0-1--bd7826a:1652937c8b2:-8000:0000000000000939  MID: 127-0-0-1--bd7826a:1652937c8b2:-8000:0000000000000549  OPCKG: 127-0-0-1--bd7826a:1652937c8b2:-8000:000000000000087B]
M:Icon[] org.argouml.uml.diagram.activity.ui.SelectionActionState.getIcons()
M:Icon[] org.argouml.uml.diagram.activity.ui.SelectionActionState.getIcons()
M:Color org.argouml.uml.diagram.activity.ui.FigActionState.getLineColor()
M:void org.argouml.uml.diagram.activity.ui.FigObjectFlowState.notationRenderingChanged(NotationProvider, String)
P:org.argouml.notation.providers.uml.ObjectFlowStateTypeNotationUml@743c7e64
P:
M:boolean org.argouml.uml.diagram.activity.ui.FigObjectFlowState.isFilled()
M:Icon[] org.argouml.uml.diagram.activity.ui.SelectionActionState.getIcons()
M:NotationSettings org.argouml.uml.diagram.activity.ui.FigObjectFlowState.getNotationSettings(NotationProvider)
P:org.argouml.notation.providers.uml.ObjectFlowStateTypeNotationUml@743c7e64
M:void org.argouml.uml.diagram.activity.ui.FigObjectFlowState.notationRenderingChanged(NotationProvider, String)
P:org.argouml.notation.providers.uml.ObjectFlowStateTypeNotationUml@743c7e64
P:
M:Icon[] org.argouml.uml.diagram.activity.ui.SelectionActionState.getIcons()
M:Dimension org.argouml.uml.diagram.activity.ui.FigObjectFlowState.getMinimumSize()
M:NotationSettings org.argouml.uml.diagram.activity.ui.FigObjectFlowState.getNotationSettings(NotationProvider)
P:org.argouml.notation.providers.uml.ObjectFlowStateStateNotationUml@484cca1b
M:int org.argouml.uml.diagram.activity.ui.FigActionState.getNotationProviderType()
M:void org.argouml.uml.diagram.activity.ui.UMLActivityDiagram.encloserChanged(FigNode, FigNode, FigNode)
P:org.argouml.uml.diagram.activity.ui.FigActionState@7b68eab2
M:Icon[] org.argouml.uml.diagram.activity.ui.SelectionActionState.getIcons()
M:String org.argouml.uml.diagram.activity.ui.SelectionActionState.getInstructions(int)
P:15
M:Icon[] org.argouml.uml.diagram.activity.ui.SelectionActionState.getIcons()
M:Icon[] org.argouml.uml.diagram.activity.ui.SelectionActionState.getIcons()
M:Object org.argouml.uml.diagram.activity.ui.SelectionActionState.getNewEdgeType(int)
P:11
M:Dimension org.argouml.uml.diagram.activity.ui.FigActionState.getMinimumSize()
