M:void org.argouml.uml.diagram.activity.ui.FigObjectFlowState.setEnclosingFig(Fig)
M:String org.argouml.uml.diagram.activity.ui.UMLActivityDiagram.getLabelName()
M:ActivityDiagramGraphModel org.argouml.uml.diagram.activity.ui.UMLActivityDiagram.createGraphModel()
M:void org.argouml.uml.diagram.activity.ui.UMLActivityDiagram.setup(Object, Object)
P:Model$Impl  ID: 10--1-6--94--6bfb704a:164ff089730:-8000:0000000000000976  MID: 10--1-6--94--6bfb704a:164ff089730:-8000:000000000000060D  OPCKG: 10--1-6--94--6bfb704a:164ff089730:-8000:000000000000087B
P:ActivityGraph$Impl  ID: 10--1-6--94--6bfb704a:164ff089730:-8000:0000000000000977  MID: 10--1-6--94--6bfb704a:164ff089730:-8000:00000000000005DC  OPCKG: 10--1-6--94--6bfb704a:164ff089730:-8000:000000000000087B
M:ActivityDiagramGraphModel org.argouml.uml.diagram.activity.ui.UMLActivityDiagram.createGraphModel()
M:PropPanel org.argouml.uml.diagram.activity.ui.ActivityDiagramPropPanelFactory.createPropPanel(Object)
P:Diagram: untitledModel activity 1
M:Object org.argouml.uml.diagram.activity.ui.UMLActivityDiagram.getOwner()
M:Object org.argouml.uml.diagram.activity.ui.UMLActivityDiagram.getOwner()
M:Object org.argouml.uml.diagram.activity.ui.UMLActivityDiagram.getOwner()
M:Object org.argouml.uml.diagram.activity.ui.UMLActivityDiagram.getOwner()
M:Object org.argouml.uml.diagram.activity.ui.UMLActivityDiagram.getOwner()
M:Object org.argouml.uml.diagram.activity.ui.UMLActivityDiagram.getOwner()
M:Object org.argouml.uml.diagram.activity.ui.UMLActivityDiagram.getOwner()
M:Object org.argouml.uml.diagram.activity.ui.UMLActivityDiagram.getOwner()
M:Object[] org.argouml.uml.diagram.activity.ui.UMLActivityDiagram.getUmlActions()
M:Action org.argouml.uml.diagram.activity.ui.UMLActivityDiagram.getActionState()
M:Action org.argouml.uml.diagram.activity.ui.UMLActivityDiagram.getActionTransition()
M:Action org.argouml.uml.diagram.activity.ui.UMLActivityDiagram.getActionStartPseudoState()
M:Action org.argouml.uml.diagram.activity.ui.UMLActivityDiagram.getActionFinalPseudoState()
M:Action org.argouml.uml.diagram.activity.ui.UMLActivityDiagram.getActionJunctionPseudoState()
M:Action org.argouml.uml.diagram.activity.ui.UMLActivityDiagram.getActionForkPseudoState()
M:Action org.argouml.uml.diagram.activity.ui.UMLActivityDiagram.getActionJoinPseudoState()
M:Action org.argouml.uml.diagram.activity.ui.UMLActivityDiagram.getActionSwimlane()
M:Object org.argouml.uml.diagram.activity.ui.UMLActivityDiagram.getStateMachine()
M:Action org.argouml.uml.diagram.activity.ui.UMLActivityDiagram.getActionCallState()
M:Action org.argouml.uml.diagram.activity.ui.UMLActivityDiagram.getActionObjectFlowState()
M:Object[] org.argouml.uml.diagram.activity.ui.UMLActivityDiagram.getTriggerActions()
M:Action org.argouml.uml.diagram.activity.ui.UMLActivityDiagram.getActionCallEvent()
M:Action org.argouml.uml.diagram.activity.ui.UMLActivityDiagram.getActionChangeEvent()
M:Action org.argouml.uml.diagram.activity.ui.UMLActivityDiagram.getActionSignalEvent()
M:Action org.argouml.uml.diagram.activity.ui.UMLActivityDiagram.getActionTimeEvent()
M:Action org.argouml.uml.diagram.activity.ui.UMLActivityDiagram.getActionGuard()
M:Object[] org.argouml.uml.diagram.activity.ui.UMLActivityDiagram.getEffectActions()
M:Action org.argouml.uml.diagram.activity.ui.UMLActivityDiagram.getActionCallAction()
M:Action org.argouml.uml.diagram.activity.ui.UMLActivityDiagram.getActionCreateAction()
M:Action org.argouml.uml.diagram.activity.ui.UMLActivityDiagram.getActionDestroyAction()
M:Action org.argouml.uml.diagram.activity.ui.UMLActivityDiagram.getActionReturnAction()
M:Action org.argouml.uml.diagram.activity.ui.UMLActivityDiagram.getActionSendAction()
M:Action org.argouml.uml.diagram.activity.ui.UMLActivityDiagram.getActionTerminateAction()
M:Action org.argouml.uml.diagram.activity.ui.UMLActivityDiagram.getActionUninterpretedAction()
M:Action org.argouml.uml.diagram.activity.ui.UMLActivityDiagram.getActionActionSequence()
M:FigNode org.argouml.uml.diagram.activity.ui.ActivityDiagramRenderer.getFigNodeFor(GraphModel, Layer, Object, Map)
P:org.argouml.uml.diagram.activity.ActivityDiagramGraphModel@2389015d
P:org.tigris.gef.base.LayerPerspectiveMutable@1283850e[untitledModel]
P:Pseudostate$Impl  ID: 10--1-6--94--6bfb704a:164ff089730:-8000:0000000000000979  MID: 10--1-6--94--6bfb704a:164ff089730:-8000:0000000000000511  OPCKG: 10--1-6--94--6bfb704a:164ff089730:-8000:000000000000087B
M:boolean org.argouml.uml.diagram.activity.ui.UMLActivityDiagram.doesAccept(Object)
P:Pseudostate$Impl  ID: 10--1-6--94--6bfb704a:164ff089730:-8000:0000000000000979  MID: 10--1-6--94--6bfb704a:164ff089730:-8000:0000000000000511  OPCKG: 10--1-6--94--6bfb704a:164ff089730:-8000:000000000000087B
M:DiagramElement org.argouml.uml.diagram.activity.ui.UMLActivityDiagram.createDiagramElement(Object, Rectangle)
P:Pseudostate$Impl  ID: 10--1-6--94--6bfb704a:164ff089730:-8000:0000000000000979  MID: 10--1-6--94--6bfb704a:164ff089730:-8000:0000000000000511  OPCKG: 10--1-6--94--6bfb704a:164ff089730:-8000:000000000000087B
M:void org.argouml.uml.diagram.activity.ui.UMLActivityDiagram.encloserChanged(FigNode, FigNode, FigNode)
P:org.argouml.uml.diagram.state.ui.FigInitialState@467a2106
M:void org.argouml.uml.diagram.activity.ui.SelectionActionState.setIncomingButtonEnabled(boolean)
P:false
M:void org.argouml.uml.diagram.activity.ui.SelectionActionState.setIncomingAboveButtonEnabled(boolean)
P:false
M:void org.argouml.uml.diagram.activity.ui.SelectionActionState.setIncomingLeftButtonEnabled(boolean)
P:false
M:void org.argouml.uml.diagram.activity.ui.SelectionActionState.setOutgoingButtonEnabled(boolean)
P:true
M:void org.argouml.uml.diagram.activity.ui.SelectionActionState.setOutgoingRightButtonEnabled(boolean)
P:true
M:void org.argouml.uml.diagram.activity.ui.SelectionActionState.setOutgoingBelowButtonEnabled(boolean)
P:true
M:Icon[] org.argouml.uml.diagram.activity.ui.SelectionActionState.getIcons()
M:String org.argouml.uml.diagram.activity.ui.SelectionActionState.getInstructions(int)
P:15
M:Icon[] org.argouml.uml.diagram.activity.ui.SelectionActionState.getIcons()
M:String org.argouml.uml.diagram.activity.ui.SelectionActionState.getInstructions(int)
P:15
M:Icon[] org.argouml.uml.diagram.activity.ui.SelectionActionState.getIcons()
M:void org.argouml.uml.diagram.activity.ui.UMLActivityDiagram.encloserChanged(FigNode, FigNode, FigNode)
P:org.argouml.uml.diagram.state.ui.FigInitialState@467a2106
M:Icon[] org.argouml.uml.diagram.activity.ui.SelectionActionState.getIcons()
M:Icon[] org.argouml.uml.diagram.activity.ui.SelectionActionState.getIcons()
M:Icon[] org.argouml.uml.diagram.activity.ui.SelectionActionState.getIcons()
M:String org.argouml.uml.diagram.activity.ui.SelectionActionState.getInstructions(int)
P:15
M:Icon[] org.argouml.uml.diagram.activity.ui.SelectionActionState.getIcons()
M:String org.argouml.uml.diagram.activity.ui.SelectionActionState.getInstructions(int)
P:15
M:Icon[] org.argouml.uml.diagram.activity.ui.SelectionActionState.getIcons()
M:String org.argouml.uml.diagram.activity.ui.SelectionActionState.getInstructions(int)
P:15
M:Icon[] org.argouml.uml.diagram.activity.ui.SelectionActionState.getIcons()
M:String org.argouml.uml.diagram.activity.ui.SelectionActionState.getInstructions(int)
P:15
M:Icon[] org.argouml.uml.diagram.activity.ui.SelectionActionState.getIcons()
M:String org.argouml.uml.diagram.activity.ui.SelectionActionState.getInstructions(int)
P:15
M:Icon[] org.argouml.uml.diagram.activity.ui.SelectionActionState.getIcons()
M:String org.argouml.uml.diagram.activity.ui.SelectionActionState.getInstructions(int)
P:15
M:FigNode org.argouml.uml.diagram.activity.ui.ActivityDiagramRenderer.getFigNodeFor(GraphModel, Layer, Object, Map)
P:org.argouml.uml.diagram.activity.ActivityDiagramGraphModel@2389015d
P:org.tigris.gef.base.LayerPerspectiveMutable@1283850e[untitledModel]
P:ActionState$Impl  ID: 10--1-6--94--6bfb704a:164ff089730:-8000:000000000000097A  MID: 10--1-6--94--6bfb704a:164ff089730:-8000:00000000000005E9  OPCKG: 10--1-6--94--6bfb704a:164ff089730:-8000:000000000000087B
M:boolean org.argouml.uml.diagram.activity.ui.UMLActivityDiagram.doesAccept(Object)
P:ActionState$Impl  ID: 10--1-6--94--6bfb704a:164ff089730:-8000:000000000000097A  MID: 10--1-6--94--6bfb704a:164ff089730:-8000:00000000000005E9  OPCKG: 10--1-6--94--6bfb704a:164ff089730:-8000:000000000000087B
M:DiagramElement org.argouml.uml.diagram.activity.ui.UMLActivityDiagram.createDiagramElement(Object, Rectangle)
P:ActionState$Impl  ID: 10--1-6--94--6bfb704a:164ff089730:-8000:000000000000097A  MID: 10--1-6--94--6bfb704a:164ff089730:-8000:00000000000005E9  OPCKG: 10--1-6--94--6bfb704a:164ff089730:-8000:000000000000087B
M:Fig org.argouml.uml.diagram.activity.ui.FigActionState.createBigPortFig()
M:int org.argouml.uml.diagram.activity.ui.FigActionState.getNotationProviderType()
M:void org.argouml.uml.diagram.activity.ui.FigActionState.initializeActionState()
M:void org.argouml.uml.diagram.activity.ui.FigActionState.setStandardBounds(int, int, int, int)
P:10
P:10
P:117
P:30
M:void org.argouml.uml.diagram.activity.ui.UMLActivityDiagram.encloserChanged(FigNode, FigNode, FigNode)
P:org.argouml.uml.diagram.activity.ui.FigActionState@4c4253b6
M:void org.argouml.uml.diagram.activity.ui.FigActionState.modelChanged(PropertyChangeEvent)
P:org.argouml.model.AddAssociationEvent[propertyName=container; oldValue=null; newValue=CompositeState$Impl  ID: 10--1-6--94--6bfb704a:164ff089730:-8000:0000000000000978  MID: 10--1-6--94--6bfb704a:164ff089730:-8000:000000000000050A  OPCKG: 10--1-6--94--6bfb704a:164ff089730:-8000:000000000000087B; propagationId=null; source=ActionState$Impl  ID: 10--1-6--94--6bfb704a:164ff089730:-8000:000000000000097A  MID: 10--1-6--94--6bfb704a:164ff089730:-8000:00000000000005E9  OPCKG: 10--1-6--94--6bfb704a:164ff089730:-8000:000000000000087B]: org.netbeans.api.mdr.events.AssociationEvent[source=AContainerSubvertex$Impl  ID: 10--1-6--94--6bfb704a:164ff089730:-8000:0000000000000933  MID: 10--1-6--94--6bfb704a:164ff089730:-8000:0000000000000537  OPCKG: 10--1-6--94--6bfb704a:164ff089730:-8000:000000000000087B]
M:int org.argouml.uml.diagram.activity.ui.FigActionState.getNotationProviderType()
M:Dimension org.argouml.uml.diagram.activity.ui.FigActionState.getMinimumSize()
M:void org.argouml.uml.diagram.activity.ui.FigActionState.setStandardBounds(int, int, int, int)
P:120
P:32
P:117
P:36
M:Dimension org.argouml.uml.diagram.activity.ui.FigActionState.getMinimumSize()
M:void org.argouml.uml.diagram.activity.ui.FigActionState.setStandardBounds(int, int, int, int)
P:120
P:32
P:117
P:36
M:Dimension org.argouml.uml.diagram.activity.ui.FigActionState.getMinimumSize()
M:void org.argouml.uml.diagram.activity.ui.FigActionState.modelChanged(PropertyChangeEvent)
P:org.argouml.model.AttributeChangeEvent[propertyName=container; oldValue=null; newValue=CompositeState$Impl  ID: 10--1-6--94--6bfb704a:164ff089730:-8000:0000000000000978  MID: 10--1-6--94--6bfb704a:164ff089730:-8000:000000000000050A  OPCKG: 10--1-6--94--6bfb704a:164ff089730:-8000:000000000000087B; propagationId=null; source=ActionState$Impl  ID: 10--1-6--94--6bfb704a:164ff089730:-8000:000000000000097A  MID: 10--1-6--94--6bfb704a:164ff089730:-8000:00000000000005E9  OPCKG: 10--1-6--94--6bfb704a:164ff089730:-8000:000000000000087B]: org.netbeans.api.mdr.events.AssociationEvent[source=AContainerSubvertex$Impl  ID: 10--1-6--94--6bfb704a:164ff089730:-8000:0000000000000933  MID: 10--1-6--94--6bfb704a:164ff089730:-8000:0000000000000537  OPCKG: 10--1-6--94--6bfb704a:164ff089730:-8000:000000000000087B]
M:int org.argouml.uml.diagram.activity.ui.FigActionState.getNotationProviderType()
M:Dimension org.argouml.uml.diagram.activity.ui.FigActionState.getMinimumSize()
M:Dimension org.argouml.uml.diagram.activity.ui.FigActionState.getMinimumSize()
M:void org.argouml.uml.diagram.activity.ui.FigActionState.setStandardBounds(int, int, int, int)
P:120
P:32
P:117
P:36
M:Dimension org.argouml.uml.diagram.activity.ui.FigActionState.getMinimumSize()
M:boolean org.argouml.uml.diagram.activity.ui.FigActionState.isFilled()
M:Color org.argouml.uml.diagram.activity.ui.FigActionState.getFillColor()
M:int org.argouml.uml.diagram.activity.ui.FigActionState.getLineWidth()
M:Color org.argouml.uml.diagram.activity.ui.FigActionState.getLineColor()
M:boolean org.argouml.uml.diagram.activity.ui.FigActionState.isFilled()
M:Color org.argouml.uml.diagram.activity.ui.FigActionState.getFillColor()
M:int org.argouml.uml.diagram.activity.ui.FigActionState.getLineWidth()
M:Color org.argouml.uml.diagram.activity.ui.FigActionState.getLineColor()
M:Icon[] org.argouml.uml.diagram.activity.ui.SelectionActionState.getIcons()
M:String org.argouml.uml.diagram.activity.ui.SelectionActionState.getInstructions(int)
P:15
M:void org.argouml.uml.diagram.activity.ui.UMLActivityDiagram.encloserChanged(FigNode, FigNode, FigNode)
P:org.argouml.uml.diagram.activity.ui.FigActionState@4c4253b6
M:Icon[] org.argouml.uml.diagram.activity.ui.SelectionActionState.getIcons()
M:Dimension org.argouml.uml.diagram.activity.ui.FigActionState.getMinimumSize()
M:Dimension org.argouml.uml.diagram.activity.ui.FigActionState.getMinimumSize()
M:Icon[] org.argouml.uml.diagram.activity.ui.SelectionActionState.getIcons()
M:Icon[] org.argouml.uml.diagram.activity.ui.SelectionActionState.getIcons()
M:Icon[] org.argouml.uml.diagram.activity.ui.SelectionActionState.getIcons()
M:Icon[] org.argouml.uml.diagram.activity.ui.SelectionActionState.getIcons()
M:String org.argouml.uml.diagram.activity.ui.SelectionActionState.getInstructions(int)
P:15
M:Icon[] org.argouml.uml.diagram.activity.ui.SelectionActionState.getIcons()
M:String org.argouml.uml.diagram.activity.ui.SelectionActionState.getInstructions(int)
P:15
M:Icon[] org.argouml.uml.diagram.activity.ui.SelectionActionState.getIcons()
M:String org.argouml.uml.diagram.activity.ui.SelectionActionState.getInstructions(int)
P:15
M:Icon[] org.argouml.uml.diagram.activity.ui.SelectionActionState.getIcons()
M:String org.argouml.uml.diagram.activity.ui.SelectionActionState.getInstructions(int)
P:15
M:Icon[] org.argouml.uml.diagram.activity.ui.SelectionActionState.getIcons()
M:String org.argouml.uml.diagram.activity.ui.SelectionActionState.getInstructions(int)
P:15
M:void org.argouml.uml.diagram.activity.ui.SelectionActionState.setIncomingButtonEnabled(boolean)
P:false
M:void org.argouml.uml.diagram.activity.ui.SelectionActionState.setIncomingAboveButtonEnabled(boolean)
P:false
M:void org.argouml.uml.diagram.activity.ui.SelectionActionState.setIncomingLeftButtonEnabled(boolean)
P:false
M:void org.argouml.uml.diagram.activity.ui.SelectionActionState.setOutgoingButtonEnabled(boolean)
P:true
M:void org.argouml.uml.diagram.activity.ui.SelectionActionState.setOutgoingRightButtonEnabled(boolean)
P:true
M:void org.argouml.uml.diagram.activity.ui.SelectionActionState.setOutgoingBelowButtonEnabled(boolean)
P:true
M:Icon[] org.argouml.uml.diagram.activity.ui.SelectionActionState.getIcons()
M:void org.argouml.uml.diagram.activity.ui.UMLActivityDiagram.encloserChanged(FigNode, FigNode, FigNode)
P:org.argouml.uml.diagram.state.ui.FigInitialState@467a2106
M:Icon[] org.argouml.uml.diagram.activity.ui.SelectionActionState.getIcons()
M:Icon[] org.argouml.uml.diagram.activity.ui.SelectionActionState.getIcons()
M:Icon[] org.argouml.uml.diagram.activity.ui.SelectionActionState.getIcons()
M:String org.argouml.uml.diagram.activity.ui.SelectionActionState.getInstructions(int)
P:13
M:Icon[] org.argouml.uml.diagram.activity.ui.SelectionActionState.getIcons()
M:String org.argouml.uml.diagram.activity.ui.SelectionActionState.getInstructions(int)
P:13
M:Icon[] org.argouml.uml.diagram.activity.ui.SelectionActionState.getIcons()
M:String org.argouml.uml.diagram.activity.ui.SelectionActionState.getInstructions(int)
P:13
M:Icon[] org.argouml.uml.diagram.activity.ui.SelectionActionState.getIcons()
M:String org.argouml.uml.diagram.activity.ui.SelectionActionState.getInstructions(int)
P:13
M:Icon[] org.argouml.uml.diagram.activity.ui.SelectionActionState.getIcons()
M:String org.argouml.uml.diagram.activity.ui.SelectionActionState.getInstructions(int)
P:13
M:Icon[] org.argouml.uml.diagram.activity.ui.SelectionActionState.getIcons()
M:Icon[] org.argouml.uml.diagram.activity.ui.SelectionActionState.getIcons()
M:String org.argouml.uml.diagram.activity.ui.SelectionActionState.getInstructions(int)
P:15
M:Object org.argouml.uml.diagram.activity.ui.SelectionActionState.getNewNodeType(int)
P:13
M:Object org.argouml.uml.diagram.activity.ui.SelectionActionState.getNewEdgeType(int)
P:13
M:boolean org.argouml.uml.diagram.activity.ui.SelectionActionState.isReverseEdge(int)
P:13
M:void org.argouml.uml.diagram.activity.ui.FigActionState.modelChanged(PropertyChangeEvent)
P:org.argouml.model.AddAssociationEvent[propertyName=incoming; oldValue=null; newValue=Transition$Impl  ID: 10--1-6--94--6bfb704a:164ff089730:-8000:000000000000097B  MID: 10--1-6--94--6bfb704a:164ff089730:-8000:0000000000000507  OPCKG: 10--1-6--94--6bfb704a:164ff089730:-8000:000000000000087B; propagationId=null; source=ActionState$Impl  ID: 10--1-6--94--6bfb704a:164ff089730:-8000:000000000000097A  MID: 10--1-6--94--6bfb704a:164ff089730:-8000:00000000000005E9  OPCKG: 10--1-6--94--6bfb704a:164ff089730:-8000:000000000000087B]: org.netbeans.api.mdr.events.AssociationEvent[source=AIncomingTarget$Impl  ID: 10--1-6--94--6bfb704a:164ff089730:-8000:0000000000000939  MID: 10--1-6--94--6bfb704a:164ff089730:-8000:0000000000000549  OPCKG: 10--1-6--94--6bfb704a:164ff089730:-8000:000000000000087B]
M:void org.argouml.uml.diagram.activity.ui.FigActionState.modelChanged(PropertyChangeEvent)
P:org.argouml.model.AttributeChangeEvent[propertyName=incoming; oldValue=null; newValue=Transition$Impl  ID: 10--1-6--94--6bfb704a:164ff089730:-8000:000000000000097B  MID: 10--1-6--94--6bfb704a:164ff089730:-8000:0000000000000507  OPCKG: 10--1-6--94--6bfb704a:164ff089730:-8000:000000000000087B; propagationId=null; source=ActionState$Impl  ID: 10--1-6--94--6bfb704a:164ff089730:-8000:000000000000097A  MID: 10--1-6--94--6bfb704a:164ff089730:-8000:00000000000005E9  OPCKG: 10--1-6--94--6bfb704a:164ff089730:-8000:000000000000087B]: org.netbeans.api.mdr.events.AssociationEvent[source=AIncomingTarget$Impl  ID: 10--1-6--94--6bfb704a:164ff089730:-8000:0000000000000939  MID: 10--1-6--94--6bfb704a:164ff089730:-8000:0000000000000549  OPCKG: 10--1-6--94--6bfb704a:164ff089730:-8000:000000000000087B]
M:Dimension org.argouml.uml.diagram.activity.ui.FigActionState.getMinimumSize()
M:Dimension org.argouml.uml.diagram.activity.ui.FigActionState.getMinimumSize()
M:FigNode org.argouml.uml.diagram.activity.ui.ActivityDiagramRenderer.getFigNodeFor(GraphModel, Layer, Object, Map)
P:org.argouml.uml.diagram.activity.ActivityDiagramGraphModel@2389015d
P:org.tigris.gef.base.LayerPerspectiveMutable@1283850e[untitledModel]
P:CallState$Impl  ID: 10--1-6--94--6bfb704a:164ff089730:-8000:000000000000097C  MID: 10--1-6--94--6bfb704a:164ff089730:-8000:00000000000005EA  OPCKG: 10--1-6--94--6bfb704a:164ff089730:-8000:000000000000087B
M:boolean org.argouml.uml.diagram.activity.ui.UMLActivityDiagram.doesAccept(Object)
P:CallState$Impl  ID: 10--1-6--94--6bfb704a:164ff089730:-8000:000000000000097C  MID: 10--1-6--94--6bfb704a:164ff089730:-8000:00000000000005EA  OPCKG: 10--1-6--94--6bfb704a:164ff089730:-8000:000000000000087B
M:DiagramElement org.argouml.uml.diagram.activity.ui.UMLActivityDiagram.createDiagramElement(Object, Rectangle)
P:CallState$Impl  ID: 10--1-6--94--6bfb704a:164ff089730:-8000:000000000000097C  MID: 10--1-6--94--6bfb704a:164ff089730:-8000:00000000000005EA  OPCKG: 10--1-6--94--6bfb704a:164ff089730:-8000:000000000000087B
M:Fig org.argouml.uml.diagram.activity.ui.FigActionState.createBigPortFig()
M:int org.argouml.uml.diagram.activity.ui.FigActionState.getNotationProviderType()
M:void org.argouml.uml.diagram.activity.ui.FigActionState.initializeActionState()
M:void org.argouml.uml.diagram.activity.ui.FigActionState.setStandardBounds(int, int, int, int)
P:10
P:10
P:100
P:30
M:void org.argouml.uml.diagram.activity.ui.UMLActivityDiagram.encloserChanged(FigNode, FigNode, FigNode)
P:org.argouml.uml.diagram.activity.ui.FigActionState@651f3871
M:void org.argouml.uml.diagram.activity.ui.FigActionState.modelChanged(PropertyChangeEvent)
P:org.argouml.model.AddAssociationEvent[propertyName=container; oldValue=null; newValue=CompositeState$Impl  ID: 10--1-6--94--6bfb704a:164ff089730:-8000:0000000000000978  MID: 10--1-6--94--6bfb704a:164ff089730:-8000:000000000000050A  OPCKG: 10--1-6--94--6bfb704a:164ff089730:-8000:000000000000087B; propagationId=null; source=CallState$Impl  ID: 10--1-6--94--6bfb704a:164ff089730:-8000:000000000000097C  MID: 10--1-6--94--6bfb704a:164ff089730:-8000:00000000000005EA  OPCKG: 10--1-6--94--6bfb704a:164ff089730:-8000:000000000000087B]: org.netbeans.api.mdr.events.AssociationEvent[source=AContainerSubvertex$Impl  ID: 10--1-6--94--6bfb704a:164ff089730:-8000:0000000000000933  MID: 10--1-6--94--6bfb704a:164ff089730:-8000:0000000000000537  OPCKG: 10--1-6--94--6bfb704a:164ff089730:-8000:000000000000087B]
M:int org.argouml.uml.diagram.activity.ui.FigActionState.getNotationProviderType()
M:Dimension org.argouml.uml.diagram.activity.ui.FigActionState.getMinimumSize()
M:void org.argouml.uml.diagram.activity.ui.FigActionState.setStandardBounds(int, int, int, int)
P:128
P:96
P:100
P:36
M:Dimension org.argouml.uml.diagram.activity.ui.FigActionState.getMinimumSize()
M:void org.argouml.uml.diagram.activity.ui.FigActionState.setStandardBounds(int, int, int, int)
P:128
P:96
P:100
P:36
M:Dimension org.argouml.uml.diagram.activity.ui.FigActionState.getMinimumSize()
M:void org.argouml.uml.diagram.activity.ui.FigActionState.modelChanged(PropertyChangeEvent)
P:org.argouml.model.AttributeChangeEvent[propertyName=container; oldValue=null; newValue=CompositeState$Impl  ID: 10--1-6--94--6bfb704a:164ff089730:-8000:0000000000000978  MID: 10--1-6--94--6bfb704a:164ff089730:-8000:000000000000050A  OPCKG: 10--1-6--94--6bfb704a:164ff089730:-8000:000000000000087B; propagationId=null; source=CallState$Impl  ID: 10--1-6--94--6bfb704a:164ff089730:-8000:000000000000097C  MID: 10--1-6--94--6bfb704a:164ff089730:-8000:00000000000005EA  OPCKG: 10--1-6--94--6bfb704a:164ff089730:-8000:000000000000087B]: org.netbeans.api.mdr.events.AssociationEvent[source=AContainerSubvertex$Impl  ID: 10--1-6--94--6bfb704a:164ff089730:-8000:0000000000000933  MID: 10--1-6--94--6bfb704a:164ff089730:-8000:0000000000000537  OPCKG: 10--1-6--94--6bfb704a:164ff089730:-8000:000000000000087B]
M:int org.argouml.uml.diagram.activity.ui.FigActionState.getNotationProviderType()
M:Dimension org.argouml.uml.diagram.activity.ui.FigActionState.getMinimumSize()
M:Dimension org.argouml.uml.diagram.activity.ui.FigActionState.getMinimumSize()
M:void org.argouml.uml.diagram.activity.ui.FigActionState.setStandardBounds(int, int, int, int)
P:128
P:96
P:100
P:36
M:Dimension org.argouml.uml.diagram.activity.ui.FigActionState.getMinimumSize()
M:boolean org.argouml.uml.diagram.activity.ui.FigActionState.isFilled()
M:Color org.argouml.uml.diagram.activity.ui.FigActionState.getFillColor()
M:int org.argouml.uml.diagram.activity.ui.FigActionState.getLineWidth()
M:Color org.argouml.uml.diagram.activity.ui.FigActionState.getLineColor()
M:boolean org.argouml.uml.diagram.activity.ui.FigActionState.isFilled()
M:Color org.argouml.uml.diagram.activity.ui.FigActionState.getFillColor()
M:int org.argouml.uml.diagram.activity.ui.FigActionState.getLineWidth()
M:Color org.argouml.uml.diagram.activity.ui.FigActionState.getLineColor()
M:Icon[] org.argouml.uml.diagram.activity.ui.SelectionActionState.getIcons()
M:String org.argouml.uml.diagram.activity.ui.SelectionActionState.getInstructions(int)
P:15
M:void org.argouml.uml.diagram.activity.ui.UMLActivityDiagram.encloserChanged(FigNode, FigNode, FigNode)
P:org.argouml.uml.diagram.activity.ui.FigActionState@651f3871
M:Icon[] org.argouml.uml.diagram.activity.ui.SelectionActionState.getIcons()
M:Dimension org.argouml.uml.diagram.activity.ui.FigActionState.getMinimumSize()
M:Dimension org.argouml.uml.diagram.activity.ui.FigActionState.getMinimumSize()
M:Icon[] org.argouml.uml.diagram.activity.ui.SelectionActionState.getIcons()
M:Icon[] org.argouml.uml.diagram.activity.ui.SelectionActionState.getIcons()
M:Icon[] org.argouml.uml.diagram.activity.ui.SelectionActionState.getIcons()
M:Icon[] org.argouml.uml.diagram.activity.ui.SelectionActionState.getIcons()
M:String org.argouml.uml.diagram.activity.ui.SelectionActionState.getInstructions(int)
P:15
M:Icon[] org.argouml.uml.diagram.activity.ui.SelectionActionState.getIcons()
M:String org.argouml.uml.diagram.activity.ui.SelectionActionState.getInstructions(int)
P:15
M:Icon[] org.argouml.uml.diagram.activity.ui.SelectionActionState.getIcons()
M:String org.argouml.uml.diagram.activity.ui.SelectionActionState.getInstructions(int)
P:15
M:Icon[] org.argouml.uml.diagram.activity.ui.SelectionActionState.getIcons()
M:String org.argouml.uml.diagram.activity.ui.SelectionActionState.getInstructions(int)
P:15
M:Icon[] org.argouml.uml.diagram.activity.ui.SelectionActionState.getIcons()
M:String org.argouml.uml.diagram.activity.ui.SelectionActionState.getInstructions(int)
P:15
M:boolean org.argouml.uml.diagram.activity.ui.FigActionState.isFilled()
M:Color org.argouml.uml.diagram.activity.ui.FigActionState.getFillColor()
M:int org.argouml.uml.diagram.activity.ui.FigActionState.getLineWidth()
M:Color org.argouml.uml.diagram.activity.ui.FigActionState.getLineColor()
M:boolean org.argouml.uml.diagram.activity.ui.FigActionState.isFilled()
M:Color org.argouml.uml.diagram.activity.ui.FigActionState.getFillColor()
M:int org.argouml.uml.diagram.activity.ui.FigActionState.getLineWidth()
M:Color org.argouml.uml.diagram.activity.ui.FigActionState.getLineColor()
M:Icon[] org.argouml.uml.diagram.activity.ui.SelectionActionState.getIcons()
M:void org.argouml.uml.diagram.activity.ui.UMLActivityDiagram.encloserChanged(FigNode, FigNode, FigNode)
P:org.argouml.uml.diagram.activity.ui.FigActionState@4c4253b6
M:Icon[] org.argouml.uml.diagram.activity.ui.SelectionActionState.getIcons()
M:Icon[] org.argouml.uml.diagram.activity.ui.SelectionActionState.getIcons()
M:String org.argouml.uml.diagram.activity.ui.SelectionActionState.getInstructions(int)
P:11
M:Icon[] org.argouml.uml.diagram.activity.ui.SelectionActionState.getIcons()
M:String org.argouml.uml.diagram.activity.ui.SelectionActionState.getInstructions(int)
P:11
M:Icon[] org.argouml.uml.diagram.activity.ui.SelectionActionState.getIcons()
M:String org.argouml.uml.diagram.activity.ui.SelectionActionState.getInstructions(int)
P:11
M:Icon[] org.argouml.uml.diagram.activity.ui.SelectionActionState.getIcons()
M:String org.argouml.uml.diagram.activity.ui.SelectionActionState.getInstructions(int)
P:11
M:Icon[] org.argouml.uml.diagram.activity.ui.SelectionActionState.getIcons()
M:String org.argouml.uml.diagram.activity.ui.SelectionActionState.getInstructions(int)
P:11
M:Icon[] org.argouml.uml.diagram.activity.ui.SelectionActionState.getIcons()
M:Icon[] org.argouml.uml.diagram.activity.ui.SelectionActionState.getIcons()
M:String org.argouml.uml.diagram.activity.ui.SelectionActionState.getInstructions(int)
P:11
M:Object org.argouml.uml.diagram.activity.ui.SelectionActionState.getNewNodeType(int)
P:11
M:Object org.argouml.uml.diagram.activity.ui.SelectionActionState.getNewEdgeType(int)
P:11
M:boolean org.argouml.uml.diagram.activity.ui.SelectionActionState.isReverseEdge(int)
P:11
M:Icon[] org.argouml.uml.diagram.activity.ui.SelectionActionState.getIcons()
M:Icon[] org.argouml.uml.diagram.activity.ui.SelectionActionState.getIcons()
M:String org.argouml.uml.diagram.activity.ui.SelectionActionState.getInstructions(int)
P:15
M:void org.argouml.uml.diagram.activity.ui.FigActionState.modelChanged(PropertyChangeEvent)
P:org.argouml.model.AddAssociationEvent[propertyName=outgoing; oldValue=null; newValue=Transition$Impl  ID: 10--1-6--94--6bfb704a:164ff089730:-8000:000000000000097D  MID: 10--1-6--94--6bfb704a:164ff089730:-8000:0000000000000507  OPCKG: 10--1-6--94--6bfb704a:164ff089730:-8000:000000000000087B; propagationId=null; source=ActionState$Impl  ID: 10--1-6--94--6bfb704a:164ff089730:-8000:000000000000097A  MID: 10--1-6--94--6bfb704a:164ff089730:-8000:00000000000005E9  OPCKG: 10--1-6--94--6bfb704a:164ff089730:-8000:000000000000087B]: org.netbeans.api.mdr.events.AssociationEvent[source=AOutgoingSource$Impl  ID: 10--1-6--94--6bfb704a:164ff089730:-8000:0000000000000938  MID: 10--1-6--94--6bfb704a:164ff089730:-8000:0000000000000546  OPCKG: 10--1-6--94--6bfb704a:164ff089730:-8000:000000000000087B]
M:void org.argouml.uml.diagram.activity.ui.FigActionState.modelChanged(PropertyChangeEvent)
P:org.argouml.model.AttributeChangeEvent[propertyName=outgoing; oldValue=null; newValue=Transition$Impl  ID: 10--1-6--94--6bfb704a:164ff089730:-8000:000000000000097D  MID: 10--1-6--94--6bfb704a:164ff089730:-8000:0000000000000507  OPCKG: 10--1-6--94--6bfb704a:164ff089730:-8000:000000000000087B; propagationId=null; source=ActionState$Impl  ID: 10--1-6--94--6bfb704a:164ff089730:-8000:000000000000097A  MID: 10--1-6--94--6bfb704a:164ff089730:-8000:00000000000005E9  OPCKG: 10--1-6--94--6bfb704a:164ff089730:-8000:000000000000087B]: org.netbeans.api.mdr.events.AssociationEvent[source=AOutgoingSource$Impl  ID: 10--1-6--94--6bfb704a:164ff089730:-8000:0000000000000938  MID: 10--1-6--94--6bfb704a:164ff089730:-8000:0000000000000546  OPCKG: 10--1-6--94--6bfb704a:164ff089730:-8000:000000000000087B]
M:void org.argouml.uml.diagram.activity.ui.FigActionState.modelChanged(PropertyChangeEvent)
P:org.argouml.model.AddAssociationEvent[propertyName=incoming; oldValue=null; newValue=Transition$Impl  ID: 10--1-6--94--6bfb704a:164ff089730:-8000:000000000000097D  MID: 10--1-6--94--6bfb704a:164ff089730:-8000:0000000000000507  OPCKG: 10--1-6--94--6bfb704a:164ff089730:-8000:000000000000087B; propagationId=null; source=CallState$Impl  ID: 10--1-6--94--6bfb704a:164ff089730:-8000:000000000000097C  MID: 10--1-6--94--6bfb704a:164ff089730:-8000:00000000000005EA  OPCKG: 10--1-6--94--6bfb704a:164ff089730:-8000:000000000000087B]: org.netbeans.api.mdr.events.AssociationEvent[source=AIncomingTarget$Impl  ID: 10--1-6--94--6bfb704a:164ff089730:-8000:0000000000000939  MID: 10--1-6--94--6bfb704a:164ff089730:-8000:0000000000000549  OPCKG: 10--1-6--94--6bfb704a:164ff089730:-8000:000000000000087B]
M:void org.argouml.uml.diagram.activity.ui.FigActionState.modelChanged(PropertyChangeEvent)
P:org.argouml.model.AttributeChangeEvent[propertyName=incoming; oldValue=null; newValue=Transition$Impl  ID: 10--1-6--94--6bfb704a:164ff089730:-8000:000000000000097D  MID: 10--1-6--94--6bfb704a:164ff089730:-8000:0000000000000507  OPCKG: 10--1-6--94--6bfb704a:164ff089730:-8000:000000000000087B; propagationId=null; source=CallState$Impl  ID: 10--1-6--94--6bfb704a:164ff089730:-8000:000000000000097C  MID: 10--1-6--94--6bfb704a:164ff089730:-8000:00000000000005EA  OPCKG: 10--1-6--94--6bfb704a:164ff089730:-8000:000000000000087B]: org.netbeans.api.mdr.events.AssociationEvent[source=AIncomingTarget$Impl  ID: 10--1-6--94--6bfb704a:164ff089730:-8000:0000000000000939  MID: 10--1-6--94--6bfb704a:164ff089730:-8000:0000000000000549  OPCKG: 10--1-6--94--6bfb704a:164ff089730:-8000:000000000000087B]
M:Dimension org.argouml.uml.diagram.activity.ui.FigActionState.getMinimumSize()
M:Dimension org.argouml.uml.diagram.activity.ui.FigActionState.getMinimumSize()
M:Dimension org.argouml.uml.diagram.activity.ui.FigActionState.getMinimumSize()
M:Dimension org.argouml.uml.diagram.activity.ui.FigActionState.getMinimumSize()
M:FigNode org.argouml.uml.diagram.activity.ui.ActivityDiagramRenderer.getFigNodeFor(GraphModel, Layer, Object, Map)
P:org.argouml.uml.diagram.activity.ActivityDiagramGraphModel@2389015d
P:org.tigris.gef.base.LayerPerspectiveMutable@1283850e[untitledModel]
P:Pseudostate$Impl  ID: 10--1-6--94--6bfb704a:164ff089730:-8000:000000000000097E  MID: 10--1-6--94--6bfb704a:164ff089730:-8000:0000000000000511  OPCKG: 10--1-6--94--6bfb704a:164ff089730:-8000:000000000000087B
M:boolean org.argouml.uml.diagram.activity.ui.UMLActivityDiagram.doesAccept(Object)
P:Pseudostate$Impl  ID: 10--1-6--94--6bfb704a:164ff089730:-8000:000000000000097E  MID: 10--1-6--94--6bfb704a:164ff089730:-8000:0000000000000511  OPCKG: 10--1-6--94--6bfb704a:164ff089730:-8000:000000000000087B
M:DiagramElement org.argouml.uml.diagram.activity.ui.UMLActivityDiagram.createDiagramElement(Object, Rectangle)
P:Pseudostate$Impl  ID: 10--1-6--94--6bfb704a:164ff089730:-8000:000000000000097E  MID: 10--1-6--94--6bfb704a:164ff089730:-8000:0000000000000511  OPCKG: 10--1-6--94--6bfb704a:164ff089730:-8000:000000000000087B
M:void org.argouml.uml.diagram.activity.ui.UMLActivityDiagram.encloserChanged(FigNode, FigNode, FigNode)
P:org.argouml.uml.diagram.state.ui.FigJunctionState@1f038b87
M:Icon[] org.argouml.uml.diagram.activity.ui.SelectionActionState.getIcons()
M:String org.argouml.uml.diagram.activity.ui.SelectionActionState.getInstructions(int)
P:15
M:Icon[] org.argouml.uml.diagram.activity.ui.SelectionActionState.getIcons()
M:String org.argouml.uml.diagram.activity.ui.SelectionActionState.getInstructions(int)
P:15
M:Icon[] org.argouml.uml.diagram.activity.ui.SelectionActionState.getIcons()
M:void org.argouml.uml.diagram.activity.ui.UMLActivityDiagram.encloserChanged(FigNode, FigNode, FigNode)
P:org.argouml.uml.diagram.state.ui.FigJunctionState@1f038b87
M:Icon[] org.argouml.uml.diagram.activity.ui.SelectionActionState.getIcons()
M:Icon[] org.argouml.uml.diagram.activity.ui.SelectionActionState.getIcons()
M:Icon[] org.argouml.uml.diagram.activity.ui.SelectionActionState.getIcons()
M:String org.argouml.uml.diagram.activity.ui.SelectionActionState.getInstructions(int)
P:15
M:Icon[] org.argouml.uml.diagram.activity.ui.SelectionActionState.getIcons()
M:String org.argouml.uml.diagram.activity.ui.SelectionActionState.getInstructions(int)
P:15
M:Icon[] org.argouml.uml.diagram.activity.ui.SelectionActionState.getIcons()
M:String org.argouml.uml.diagram.activity.ui.SelectionActionState.getInstructions(int)
P:15
M:boolean org.argouml.uml.diagram.activity.ui.FigActionState.isFilled()
M:Color org.argouml.uml.diagram.activity.ui.FigActionState.getFillColor()
M:int org.argouml.uml.diagram.activity.ui.FigActionState.getLineWidth()
M:Color org.argouml.uml.diagram.activity.ui.FigActionState.getLineColor()
M:boolean org.argouml.uml.diagram.activity.ui.FigActionState.isFilled()
M:Color org.argouml.uml.diagram.activity.ui.FigActionState.getFillColor()
M:int org.argouml.uml.diagram.activity.ui.FigActionState.getLineWidth()
M:Color org.argouml.uml.diagram.activity.ui.FigActionState.getLineColor()
M:Icon[] org.argouml.uml.diagram.activity.ui.SelectionActionState.getIcons()
M:void org.argouml.uml.diagram.activity.ui.UMLActivityDiagram.encloserChanged(FigNode, FigNode, FigNode)
P:org.argouml.uml.diagram.activity.ui.FigActionState@651f3871
M:Icon[] org.argouml.uml.diagram.activity.ui.SelectionActionState.getIcons()
M:Icon[] org.argouml.uml.diagram.activity.ui.SelectionActionState.getIcons()
M:String org.argouml.uml.diagram.activity.ui.SelectionActionState.getInstructions(int)
P:11
M:Icon[] org.argouml.uml.diagram.activity.ui.SelectionActionState.getIcons()
M:String org.argouml.uml.diagram.activity.ui.SelectionActionState.getInstructions(int)
P:11
M:Icon[] org.argouml.uml.diagram.activity.ui.SelectionActionState.getIcons()
M:String org.argouml.uml.diagram.activity.ui.SelectionActionState.getInstructions(int)
P:11
M:Icon[] org.argouml.uml.diagram.activity.ui.SelectionActionState.getIcons()
M:String org.argouml.uml.diagram.activity.ui.SelectionActionState.getInstructions(int)
P:11
M:Icon[] org.argouml.uml.diagram.activity.ui.SelectionActionState.getIcons()
M:String org.argouml.uml.diagram.activity.ui.SelectionActionState.getInstructions(int)
P:11
M:Icon[] org.argouml.uml.diagram.activity.ui.SelectionActionState.getIcons()
M:Icon[] org.argouml.uml.diagram.activity.ui.SelectionActionState.getIcons()
M:String org.argouml.uml.diagram.activity.ui.SelectionActionState.getInstructions(int)
P:11
M:Icon[] org.argouml.uml.diagram.activity.ui.SelectionActionState.getIcons()
M:String org.argouml.uml.diagram.activity.ui.SelectionActionState.getInstructions(int)
P:15
M:Object org.argouml.uml.diagram.activity.ui.SelectionActionState.getNewNodeType(int)
P:11
M:Object org.argouml.uml.diagram.activity.ui.SelectionActionState.getNewEdgeType(int)
P:11
M:boolean org.argouml.uml.diagram.activity.ui.SelectionActionState.isReverseEdge(int)
P:11
M:void org.argouml.uml.diagram.activity.ui.FigActionState.modelChanged(PropertyChangeEvent)
P:org.argouml.model.AddAssociationEvent[propertyName=outgoing; oldValue=null; newValue=Transition$Impl  ID: 10--1-6--94--6bfb704a:164ff089730:-8000:000000000000097F  MID: 10--1-6--94--6bfb704a:164ff089730:-8000:0000000000000507  OPCKG: 10--1-6--94--6bfb704a:164ff089730:-8000:000000000000087B; propagationId=null; source=CallState$Impl  ID: 10--1-6--94--6bfb704a:164ff089730:-8000:000000000000097C  MID: 10--1-6--94--6bfb704a:164ff089730:-8000:00000000000005EA  OPCKG: 10--1-6--94--6bfb704a:164ff089730:-8000:000000000000087B]: org.netbeans.api.mdr.events.AssociationEvent[source=AOutgoingSource$Impl  ID: 10--1-6--94--6bfb704a:164ff089730:-8000:0000000000000938  MID: 10--1-6--94--6bfb704a:164ff089730:-8000:0000000000000546  OPCKG: 10--1-6--94--6bfb704a:164ff089730:-8000:000000000000087B]
M:void org.argouml.uml.diagram.activity.ui.FigActionState.modelChanged(PropertyChangeEvent)
P:org.argouml.model.AttributeChangeEvent[propertyName=outgoing; oldValue=null; newValue=Transition$Impl  ID: 10--1-6--94--6bfb704a:164ff089730:-8000:000000000000097F  MID: 10--1-6--94--6bfb704a:164ff089730:-8000:0000000000000507  OPCKG: 10--1-6--94--6bfb704a:164ff089730:-8000:000000000000087B; propagationId=null; source=CallState$Impl  ID: 10--1-6--94--6bfb704a:164ff089730:-8000:000000000000097C  MID: 10--1-6--94--6bfb704a:164ff089730:-8000:00000000000005EA  OPCKG: 10--1-6--94--6bfb704a:164ff089730:-8000:000000000000087B]: org.netbeans.api.mdr.events.AssociationEvent[source=AOutgoingSource$Impl  ID: 10--1-6--94--6bfb704a:164ff089730:-8000:0000000000000938  MID: 10--1-6--94--6bfb704a:164ff089730:-8000:0000000000000546  OPCKG: 10--1-6--94--6bfb704a:164ff089730:-8000:000000000000087B]
M:Dimension org.argouml.uml.diagram.activity.ui.FigActionState.getMinimumSize()
M:Dimension org.argouml.uml.diagram.activity.ui.FigActionState.getMinimumSize()
M:FigNode org.argouml.uml.diagram.activity.ui.ActivityDiagramRenderer.getFigNodeFor(GraphModel, Layer, Object, Map)
P:org.argouml.uml.diagram.activity.ActivityDiagramGraphModel@2389015d
P:org.tigris.gef.base.LayerPerspectiveMutable@1283850e[untitledModel]
P:ObjectFlowState$Impl  ID: 10--1-6--94--6bfb704a:164ff089730:-8000:0000000000000980  MID: 10--1-6--94--6bfb704a:164ff089730:-8000:00000000000005EE  OPCKG: 10--1-6--94--6bfb704a:164ff089730:-8000:000000000000087B
M:boolean org.argouml.uml.diagram.activity.ui.UMLActivityDiagram.doesAccept(Object)
P:ObjectFlowState$Impl  ID: 10--1-6--94--6bfb704a:164ff089730:-8000:0000000000000980  MID: 10--1-6--94--6bfb704a:164ff089730:-8000:00000000000005EE  OPCKG: 10--1-6--94--6bfb704a:164ff089730:-8000:000000000000087B
M:DiagramElement org.argouml.uml.diagram.activity.ui.UMLActivityDiagram.createDiagramElement(Object, Rectangle)
P:ObjectFlowState$Impl  ID: 10--1-6--94--6bfb704a:164ff089730:-8000:0000000000000980  MID: 10--1-6--94--6bfb704a:164ff089730:-8000:00000000000005EE  OPCKG: 10--1-6--94--6bfb704a:164ff089730:-8000:000000000000087B
M:int org.argouml.uml.diagram.activity.ui.FigObjectFlowState.getNotationProviderType()
M:void org.argouml.uml.diagram.activity.ui.FigObjectFlowState.initFigs(Rectangle)
M:void org.argouml.uml.diagram.activity.ui.FigObjectFlowState.renderingChanged()
M:void org.argouml.uml.diagram.activity.ui.FigObjectFlowState.initNotationProviders(Object)
P:ObjectFlowState$Impl  ID: 10--1-6--94--6bfb704a:164ff089730:-8000:0000000000000980  MID: 10--1-6--94--6bfb704a:164ff089730:-8000:00000000000005EE  OPCKG: 10--1-6--94--6bfb704a:164ff089730:-8000:000000000000087B
M:int org.argouml.uml.diagram.activity.ui.FigObjectFlowState.getNotationProviderType()
M:void org.argouml.uml.diagram.activity.ui.FigObjectFlowState.setStandardBounds(int, int, int, int)
P:10
P:10
P:138
P:50
M:void org.argouml.uml.diagram.activity.ui.FigObjectFlowState.updateStateText()
M:void org.argouml.uml.diagram.activity.ui.FigObjectFlowState.setStandardBounds(int, int, int, int)
P:10
P:10
P:138
P:50
M:void org.argouml.uml.diagram.activity.ui.FigObjectFlowState.setEnclosingFig(Fig)
M:void org.argouml.uml.diagram.activity.ui.UMLActivityDiagram.encloserChanged(FigNode, FigNode, FigNode)
P:org.argouml.uml.diagram.activity.ui.FigObjectFlowState@77286f1f
M:Object org.argouml.uml.diagram.activity.ui.FigObjectFlowState.getOwner(NotationProvider)
P:org.argouml.notation.providers.uml.ObjectFlowStateStateNotationUml@7d6791d2
M:Selection org.argouml.uml.diagram.activity.ui.FigObjectFlowState.makeSelection()
M:NotationSettings org.argouml.uml.diagram.activity.ui.FigObjectFlowState.getNotationSettings(NotationProvider)
P:org.argouml.notation.providers.uml.ObjectFlowStateStateNotationUml@7d6791d2
M:void org.argouml.uml.diagram.activity.ui.FigObjectFlowState.notationRenderingChanged(NotationProvider, String)
P:org.argouml.notation.providers.uml.ObjectFlowStateStateNotationUml@7d6791d2
P:
M:Dimension org.argouml.uml.diagram.activity.ui.FigObjectFlowState.getMinimumSize()
M:void org.argouml.uml.diagram.activity.ui.FigObjectFlowState.setStandardBounds(int, int, int, int)
P:288
P:176
P:138
P:66
M:void org.argouml.uml.diagram.activity.ui.FigObjectFlowState.modelChanged(PropertyChangeEvent)
P:org.argouml.model.AddAssociationEvent[propertyName=container; oldValue=null; newValue=CompositeState$Impl  ID: 10--1-6--94--6bfb704a:164ff089730:-8000:0000000000000978  MID: 10--1-6--94--6bfb704a:164ff089730:-8000:000000000000050A  OPCKG: 10--1-6--94--6bfb704a:164ff089730:-8000:000000000000087B; propagationId=null; source=ObjectFlowState$Impl  ID: 10--1-6--94--6bfb704a:164ff089730:-8000:0000000000000980  MID: 10--1-6--94--6bfb704a:164ff089730:-8000:00000000000005EE  OPCKG: 10--1-6--94--6bfb704a:164ff089730:-8000:000000000000087B]: org.netbeans.api.mdr.events.AssociationEvent[source=AContainerSubvertex$Impl  ID: 10--1-6--94--6bfb704a:164ff089730:-8000:0000000000000933  MID: 10--1-6--94--6bfb704a:164ff089730:-8000:0000000000000537  OPCKG: 10--1-6--94--6bfb704a:164ff089730:-8000:000000000000087B]
M:void org.argouml.uml.diagram.activity.ui.FigObjectFlowState.updateListeners(Object, Object)
P:ObjectFlowState$Impl  ID: 10--1-6--94--6bfb704a:164ff089730:-8000:0000000000000980  MID: 10--1-6--94--6bfb704a:164ff089730:-8000:00000000000005EE  OPCKG: 10--1-6--94--6bfb704a:164ff089730:-8000:000000000000087B
P:ObjectFlowState$Impl  ID: 10--1-6--94--6bfb704a:164ff089730:-8000:0000000000000980  MID: 10--1-6--94--6bfb704a:164ff089730:-8000:00000000000005EE  OPCKG: 10--1-6--94--6bfb704a:164ff089730:-8000:000000000000087B
M:void org.argouml.uml.diagram.activity.ui.FigObjectFlowState.renderingChanged()
M:void org.argouml.uml.diagram.activity.ui.FigObjectFlowState.initNotationProviders(Object)
P:ObjectFlowState$Impl  ID: 10--1-6--94--6bfb704a:164ff089730:-8000:0000000000000980  MID: 10--1-6--94--6bfb704a:164ff089730:-8000:00000000000005EE  OPCKG: 10--1-6--94--6bfb704a:164ff089730:-8000:000000000000087B
M:int org.argouml.uml.diagram.activity.ui.FigObjectFlowState.getNotationProviderType()
M:Dimension org.argouml.uml.diagram.activity.ui.FigObjectFlowState.getMinimumSize()
M:Dimension org.argouml.uml.diagram.activity.ui.FigObjectFlowState.getMinimumSize()
M:void org.argouml.uml.diagram.activity.ui.FigObjectFlowState.setStandardBounds(int, int, int, int)
P:288
P:176
P:138
P:66
M:Dimension org.argouml.uml.diagram.activity.ui.FigObjectFlowState.getMinimumSize()
M:void org.argouml.uml.diagram.activity.ui.FigObjectFlowState.updateStateText()
M:Dimension org.argouml.uml.diagram.activity.ui.FigObjectFlowState.getMinimumSize()
M:void org.argouml.uml.diagram.activity.ui.FigObjectFlowState.updateListeners(Object, Object)
P:ObjectFlowState$Impl  ID: 10--1-6--94--6bfb704a:164ff089730:-8000:0000000000000980  MID: 10--1-6--94--6bfb704a:164ff089730:-8000:00000000000005EE  OPCKG: 10--1-6--94--6bfb704a:164ff089730:-8000:000000000000087B
P:ObjectFlowState$Impl  ID: 10--1-6--94--6bfb704a:164ff089730:-8000:0000000000000980  MID: 10--1-6--94--6bfb704a:164ff089730:-8000:00000000000005EE  OPCKG: 10--1-6--94--6bfb704a:164ff089730:-8000:000000000000087B
M:Object org.argouml.uml.diagram.activity.ui.FigObjectFlowState.getOwner(NotationProvider)
P:org.argouml.notation.providers.uml.ObjectFlowStateTypeNotationUml@103fc2f
M:NotationSettings org.argouml.uml.diagram.activity.ui.FigObjectFlowState.getNotationSettings(NotationProvider)
P:org.argouml.notation.providers.uml.ObjectFlowStateTypeNotationUml@103fc2f
M:void org.argouml.uml.diagram.activity.ui.FigObjectFlowState.notationRenderingChanged(NotationProvider, String)
P:org.argouml.notation.providers.uml.ObjectFlowStateTypeNotationUml@103fc2f
P:
M:Object org.argouml.uml.diagram.activity.ui.FigObjectFlowState.getOwner(NotationProvider)
P:org.argouml.notation.providers.uml.ObjectFlowStateStateNotationUml@7d6791d2
M:NotationSettings org.argouml.uml.diagram.activity.ui.FigObjectFlowState.getNotationSettings(NotationProvider)
P:org.argouml.notation.providers.uml.ObjectFlowStateStateNotationUml@7d6791d2
M:void org.argouml.uml.diagram.activity.ui.FigObjectFlowState.notationRenderingChanged(NotationProvider, String)
P:org.argouml.notation.providers.uml.ObjectFlowStateStateNotationUml@7d6791d2
P:
M:Object org.argouml.uml.diagram.activity.ui.FigObjectFlowState.getOwner(NotationProvider)
P:org.argouml.notation.providers.uml.ObjectFlowStateTypeNotationUml@544a37f0
M:NotationSettings org.argouml.uml.diagram.activity.ui.FigObjectFlowState.getNotationSettings(NotationProvider)
P:org.argouml.notation.providers.uml.ObjectFlowStateTypeNotationUml@544a37f0
M:void org.argouml.uml.diagram.activity.ui.FigObjectFlowState.notationRenderingChanged(NotationProvider, String)
P:org.argouml.notation.providers.uml.ObjectFlowStateTypeNotationUml@544a37f0
P:
M:Dimension org.argouml.uml.diagram.activity.ui.FigObjectFlowState.getMinimumSize()
M:Object org.argouml.uml.diagram.activity.ui.FigObjectFlowState.getOwner(NotationProvider)
P:org.argouml.notation.providers.uml.ObjectFlowStateTypeNotationUml@103fc2f
M:NotationSettings org.argouml.uml.diagram.activity.ui.FigObjectFlowState.getNotationSettings(NotationProvider)
P:org.argouml.notation.providers.uml.ObjectFlowStateTypeNotationUml@103fc2f
M:void org.argouml.uml.diagram.activity.ui.FigObjectFlowState.notationRenderingChanged(NotationProvider, String)
P:org.argouml.notation.providers.uml.ObjectFlowStateTypeNotationUml@103fc2f
P:
M:Object org.argouml.uml.diagram.activity.ui.FigObjectFlowState.getOwner(NotationProvider)
P:org.argouml.notation.providers.uml.ObjectFlowStateStateNotationUml@2ac8d935
M:NotationSettings org.argouml.uml.diagram.activity.ui.FigObjectFlowState.getNotationSettings(NotationProvider)
P:org.argouml.notation.providers.uml.ObjectFlowStateStateNotationUml@2ac8d935
M:void org.argouml.uml.diagram.activity.ui.FigObjectFlowState.notationRenderingChanged(NotationProvider, String)
P:org.argouml.notation.providers.uml.ObjectFlowStateStateNotationUml@2ac8d935
P:
M:Dimension org.argouml.uml.diagram.activity.ui.FigObjectFlowState.getMinimumSize()
M:boolean org.argouml.uml.diagram.activity.ui.FigObjectFlowState.isFilled()
M:Color org.argouml.uml.diagram.activity.ui.FigObjectFlowState.getFillColor()
M:int org.argouml.uml.diagram.activity.ui.FigObjectFlowState.getLineWidth()
M:Color org.argouml.uml.diagram.activity.ui.FigObjectFlowState.getLineColor()
M:boolean org.argouml.uml.diagram.activity.ui.FigObjectFlowState.isFilled()
M:Color org.argouml.uml.diagram.activity.ui.FigObjectFlowState.getFillColor()
M:int org.argouml.uml.diagram.activity.ui.FigObjectFlowState.getLineWidth()
M:Color org.argouml.uml.diagram.activity.ui.FigObjectFlowState.getLineColor()
M:Icon[] org.argouml.uml.diagram.activity.ui.SelectionActionState.getIcons()
M:String org.argouml.uml.diagram.activity.ui.SelectionActionState.getInstructions(int)
P:15
M:void org.argouml.uml.diagram.activity.ui.FigObjectFlowState.setEnclosingFig(Fig)
M:void org.argouml.uml.diagram.activity.ui.UMLActivityDiagram.encloserChanged(FigNode, FigNode, FigNode)
P:org.argouml.uml.diagram.activity.ui.FigObjectFlowState@77286f1f
M:Icon[] org.argouml.uml.diagram.activity.ui.SelectionActionState.getIcons()
M:Dimension org.argouml.uml.diagram.activity.ui.FigObjectFlowState.getMinimumSize()
M:Icon[] org.argouml.uml.diagram.activity.ui.SelectionActionState.getIcons()
M:void org.argouml.uml.diagram.activity.ui.FigObjectFlowState.textEditStarted(FigText)
P:org.argouml.uml.diagram.ui.FigNameWithAbstractAndBold@39a5a694
M:Icon[] org.argouml.uml.diagram.activity.ui.SelectionActionState.getIcons()
M:Icon[] org.argouml.uml.diagram.activity.ui.SelectionActionState.getIcons()
M:Icon[] org.argouml.uml.diagram.activity.ui.SelectionActionState.getIcons()
M:Icon[] org.argouml.uml.diagram.activity.ui.SelectionActionState.getIcons()
M:String org.argouml.uml.diagram.activity.ui.SelectionActionState.getInstructions(int)
P:15
M:Icon[] org.argouml.uml.diagram.activity.ui.SelectionActionState.getIcons()
M:void org.argouml.uml.diagram.activity.ui.UMLActivityDiagram.encloserChanged(FigNode, FigNode, FigNode)
P:org.argouml.uml.diagram.state.ui.FigJunctionState@1f038b87
M:Icon[] org.argouml.uml.diagram.activity.ui.SelectionActionState.getIcons()
M:Icon[] org.argouml.uml.diagram.activity.ui.SelectionActionState.getIcons()
M:String org.argouml.uml.diagram.activity.ui.SelectionActionState.getInstructions(int)
P:13
M:Icon[] org.argouml.uml.diagram.activity.ui.SelectionActionState.getIcons()
M:String org.argouml.uml.diagram.activity.ui.SelectionActionState.getInstructions(int)
P:13
M:Icon[] org.argouml.uml.diagram.activity.ui.SelectionActionState.getIcons()
M:String org.argouml.uml.diagram.activity.ui.SelectionActionState.getInstructions(int)
P:13
M:Icon[] org.argouml.uml.diagram.activity.ui.SelectionActionState.getIcons()
M:String org.argouml.uml.diagram.activity.ui.SelectionActionState.getInstructions(int)
P:13
M:Icon[] org.argouml.uml.diagram.activity.ui.SelectionActionState.getIcons()
M:String org.argouml.uml.diagram.activity.ui.SelectionActionState.getInstructions(int)
P:13
M:Icon[] org.argouml.uml.diagram.activity.ui.SelectionActionState.getIcons()
M:Icon[] org.argouml.uml.diagram.activity.ui.SelectionActionState.getIcons()
M:String org.argouml.uml.diagram.activity.ui.SelectionActionState.getInstructions(int)
P:13
M:Icon[] org.argouml.uml.diagram.activity.ui.SelectionActionState.getIcons()
M:String org.argouml.uml.diagram.activity.ui.SelectionActionState.getInstructions(int)
P:15
M:Object org.argouml.uml.diagram.activity.ui.SelectionActionState.getNewNodeType(int)
P:13
M:Object org.argouml.uml.diagram.activity.ui.SelectionActionState.getNewEdgeType(int)
P:13
M:boolean org.argouml.uml.diagram.activity.ui.SelectionActionState.isReverseEdge(int)
P:13
M:Object org.argouml.uml.diagram.activity.ui.FigObjectFlowState.getOwner(NotationProvider)
P:org.argouml.notation.providers.uml.ObjectFlowStateStateNotationUml@7d6791d2
M:NotationSettings org.argouml.uml.diagram.activity.ui.FigObjectFlowState.getNotationSettings(NotationProvider)
P:org.argouml.notation.providers.uml.ObjectFlowStateStateNotationUml@7d6791d2
M:void org.argouml.uml.diagram.activity.ui.FigObjectFlowState.notationRenderingChanged(NotationProvider, String)
P:org.argouml.notation.providers.uml.ObjectFlowStateStateNotationUml@7d6791d2
P:
M:Object org.argouml.uml.diagram.activity.ui.FigObjectFlowState.getOwner(NotationProvider)
P:org.argouml.notation.providers.uml.ObjectFlowStateTypeNotationUml@544a37f0
M:NotationSettings org.argouml.uml.diagram.activity.ui.FigObjectFlowState.getNotationSettings(NotationProvider)
P:org.argouml.notation.providers.uml.ObjectFlowStateTypeNotationUml@544a37f0
M:void org.argouml.uml.diagram.activity.ui.FigObjectFlowState.notationRenderingChanged(NotationProvider, String)
P:org.argouml.notation.providers.uml.ObjectFlowStateTypeNotationUml@544a37f0
P:
M:Dimension org.argouml.uml.diagram.activity.ui.FigObjectFlowState.getMinimumSize()
M:Object org.argouml.uml.diagram.activity.ui.FigObjectFlowState.getOwner(NotationProvider)
P:org.argouml.notation.providers.uml.ObjectFlowStateTypeNotationUml@103fc2f
M:NotationSettings org.argouml.uml.diagram.activity.ui.FigObjectFlowState.getNotationSettings(NotationProvider)
P:org.argouml.notation.providers.uml.ObjectFlowStateTypeNotationUml@103fc2f
M:void org.argouml.uml.diagram.activity.ui.FigObjectFlowState.notationRenderingChanged(NotationProvider, String)
P:org.argouml.notation.providers.uml.ObjectFlowStateTypeNotationUml@103fc2f
P:
M:Object org.argouml.uml.diagram.activity.ui.FigObjectFlowState.getOwner(NotationProvider)
P:org.argouml.notation.providers.uml.ObjectFlowStateStateNotationUml@2ac8d935
M:NotationSettings org.argouml.uml.diagram.activity.ui.FigObjectFlowState.getNotationSettings(NotationProvider)
P:org.argouml.notation.providers.uml.ObjectFlowStateStateNotationUml@2ac8d935
M:void org.argouml.uml.diagram.activity.ui.FigObjectFlowState.notationRenderingChanged(NotationProvider, String)
P:org.argouml.notation.providers.uml.ObjectFlowStateStateNotationUml@2ac8d935
P:
M:Dimension org.argouml.uml.diagram.activity.ui.FigObjectFlowState.getMinimumSize()
M:Object org.argouml.uml.diagram.activity.ui.FigObjectFlowState.getOwner(NotationProvider)
P:org.argouml.notation.providers.uml.ObjectFlowStateStateNotationUml@7d6791d2
M:NotationSettings org.argouml.uml.diagram.activity.ui.FigObjectFlowState.getNotationSettings(NotationProvider)
P:org.argouml.notation.providers.uml.ObjectFlowStateStateNotationUml@7d6791d2
M:void org.argouml.uml.diagram.activity.ui.FigObjectFlowState.notationRenderingChanged(NotationProvider, String)
P:org.argouml.notation.providers.uml.ObjectFlowStateStateNotationUml@7d6791d2
P:
M:Object org.argouml.uml.diagram.activity.ui.FigObjectFlowState.getOwner(NotationProvider)
P:org.argouml.notation.providers.uml.ObjectFlowStateTypeNotationUml@544a37f0
M:NotationSettings org.argouml.uml.diagram.activity.ui.FigObjectFlowState.getNotationSettings(NotationProvider)
P:org.argouml.notation.providers.uml.ObjectFlowStateTypeNotationUml@544a37f0
M:void org.argouml.uml.diagram.activity.ui.FigObjectFlowState.notationRenderingChanged(NotationProvider, String)
P:org.argouml.notation.providers.uml.ObjectFlowStateTypeNotationUml@544a37f0
P:
M:Dimension org.argouml.uml.diagram.activity.ui.FigObjectFlowState.getMinimumSize()
M:Object org.argouml.uml.diagram.activity.ui.FigObjectFlowState.getOwner(NotationProvider)
P:org.argouml.notation.providers.uml.ObjectFlowStateTypeNotationUml@103fc2f
M:NotationSettings org.argouml.uml.diagram.activity.ui.FigObjectFlowState.getNotationSettings(NotationProvider)
P:org.argouml.notation.providers.uml.ObjectFlowStateTypeNotationUml@103fc2f
M:void org.argouml.uml.diagram.activity.ui.FigObjectFlowState.notationRenderingChanged(NotationProvider, String)
P:org.argouml.notation.providers.uml.ObjectFlowStateTypeNotationUml@103fc2f
P:
M:Object org.argouml.uml.diagram.activity.ui.FigObjectFlowState.getOwner(NotationProvider)
P:org.argouml.notation.providers.uml.ObjectFlowStateStateNotationUml@2ac8d935
M:NotationSettings org.argouml.uml.diagram.activity.ui.FigObjectFlowState.getNotationSettings(NotationProvider)
P:org.argouml.notation.providers.uml.ObjectFlowStateStateNotationUml@2ac8d935
M:void org.argouml.uml.diagram.activity.ui.FigObjectFlowState.notationRenderingChanged(NotationProvider, String)
P:org.argouml.notation.providers.uml.ObjectFlowStateStateNotationUml@2ac8d935
P:
M:Dimension org.argouml.uml.diagram.activity.ui.FigObjectFlowState.getMinimumSize()
M:FigNode org.argouml.uml.diagram.activity.ui.ActivityDiagramRenderer.getFigNodeFor(GraphModel, Layer, Object, Map)
P:org.argouml.uml.diagram.activity.ActivityDiagramGraphModel@2389015d
P:org.tigris.gef.base.LayerPerspectiveMutable@1283850e[untitledModel]
P:FinalState$Impl  ID: 10--1-6--94--6bfb704a:164ff089730:-8000:0000000000000982  MID: 10--1-6--94--6bfb704a:164ff089730:-8000:0000000000000519  OPCKG: 10--1-6--94--6bfb704a:164ff089730:-8000:000000000000087B
M:boolean org.argouml.uml.diagram.activity.ui.UMLActivityDiagram.doesAccept(Object)
P:FinalState$Impl  ID: 10--1-6--94--6bfb704a:164ff089730:-8000:0000000000000982  MID: 10--1-6--94--6bfb704a:164ff089730:-8000:0000000000000519  OPCKG: 10--1-6--94--6bfb704a:164ff089730:-8000:000000000000087B
M:DiagramElement org.argouml.uml.diagram.activity.ui.UMLActivityDiagram.createDiagramElement(Object, Rectangle)
P:FinalState$Impl  ID: 10--1-6--94--6bfb704a:164ff089730:-8000:0000000000000982  MID: 10--1-6--94--6bfb704a:164ff089730:-8000:0000000000000519  OPCKG: 10--1-6--94--6bfb704a:164ff089730:-8000:000000000000087B
M:void org.argouml.uml.diagram.activity.ui.UMLActivityDiagram.encloserChanged(FigNode, FigNode, FigNode)
P:org.argouml.uml.diagram.state.ui.FigFinalState@1d00286e
M:void org.argouml.uml.diagram.activity.ui.SelectionActionState.setOutgoingButtonEnabled(boolean)
P:false
M:void org.argouml.uml.diagram.activity.ui.SelectionActionState.setOutgoingRightButtonEnabled(boolean)
P:false
M:void org.argouml.uml.diagram.activity.ui.SelectionActionState.setOutgoingBelowButtonEnabled(boolean)
P:false
M:Icon[] org.argouml.uml.diagram.activity.ui.SelectionActionState.getIcons()
M:Icon[] org.argouml.uml.diagram.activity.ui.SelectionActionState.getIcons()
M:Icon[] org.argouml.uml.diagram.activity.ui.SelectionActionState.getIcons()
M:String org.argouml.uml.diagram.activity.ui.SelectionActionState.getInstructions(int)
P:15
M:Icon[] org.argouml.uml.diagram.activity.ui.SelectionActionState.getIcons()
M:String org.argouml.uml.diagram.activity.ui.SelectionActionState.getInstructions(int)
P:15
M:Icon[] org.argouml.uml.diagram.activity.ui.SelectionActionState.getIcons()
M:String org.argouml.uml.diagram.activity.ui.SelectionActionState.getInstructions(int)
P:15
M:Icon[] org.argouml.uml.diagram.activity.ui.SelectionActionState.getIcons()
M:String org.argouml.uml.diagram.activity.ui.SelectionActionState.getInstructions(int)
P:15
M:Selection org.argouml.uml.diagram.activity.ui.FigObjectFlowState.makeSelection()
M:boolean org.argouml.uml.diagram.activity.ui.FigObjectFlowState.isFilled()
M:Color org.argouml.uml.diagram.activity.ui.FigObjectFlowState.getFillColor()
M:int org.argouml.uml.diagram.activity.ui.FigObjectFlowState.getLineWidth()
M:Color org.argouml.uml.diagram.activity.ui.FigObjectFlowState.getLineColor()
M:boolean org.argouml.uml.diagram.activity.ui.FigObjectFlowState.isFilled()
M:Color org.argouml.uml.diagram.activity.ui.FigObjectFlowState.getFillColor()
M:int org.argouml.uml.diagram.activity.ui.FigObjectFlowState.getLineWidth()
M:Color org.argouml.uml.diagram.activity.ui.FigObjectFlowState.getLineColor()
M:Icon[] org.argouml.uml.diagram.activity.ui.SelectionActionState.getIcons()
M:void org.argouml.uml.diagram.activity.ui.FigObjectFlowState.setEnclosingFig(Fig)
M:void org.argouml.uml.diagram.activity.ui.UMLActivityDiagram.encloserChanged(FigNode, FigNode, FigNode)
P:org.argouml.uml.diagram.activity.ui.FigObjectFlowState@77286f1f
M:Icon[] org.argouml.uml.diagram.activity.ui.SelectionActionState.getIcons()
M:Icon[] org.argouml.uml.diagram.activity.ui.SelectionActionState.getIcons()
M:String org.argouml.uml.diagram.activity.ui.SelectionActionState.getInstructions(int)
P:11
M:Icon[] org.argouml.uml.diagram.activity.ui.SelectionActionState.getIcons()
M:String org.argouml.uml.diagram.activity.ui.SelectionActionState.getInstructions(int)
P:11
M:Icon[] org.argouml.uml.diagram.activity.ui.SelectionActionState.getIcons()
M:String org.argouml.uml.diagram.activity.ui.SelectionActionState.getInstructions(int)
P:11
M:Icon[] org.argouml.uml.diagram.activity.ui.SelectionActionState.getIcons()
M:String org.argouml.uml.diagram.activity.ui.SelectionActionState.getInstructions(int)
P:11
M:Icon[] org.argouml.uml.diagram.activity.ui.SelectionActionState.getIcons()
M:String org.argouml.uml.diagram.activity.ui.SelectionActionState.getInstructions(int)
P:11
M:Icon[] org.argouml.uml.diagram.activity.ui.SelectionActionState.getIcons()
M:Icon[] org.argouml.uml.diagram.activity.ui.SelectionActionState.getIcons()
M:String org.argouml.uml.diagram.activity.ui.SelectionActionState.getInstructions(int)
P:11
M:Icon[] org.argouml.uml.diagram.activity.ui.SelectionActionState.getIcons()
M:String org.argouml.uml.diagram.activity.ui.SelectionActionState.getInstructions(int)
P:11
M:Icon[] org.argouml.uml.diagram.activity.ui.SelectionActionState.getIcons()
M:String org.argouml.uml.diagram.activity.ui.SelectionActionState.getInstructions(int)
P:11
M:Icon[] org.argouml.uml.diagram.activity.ui.SelectionActionState.getIcons()
M:String org.argouml.uml.diagram.activity.ui.SelectionActionState.getInstructions(int)
P:15
M:Object org.argouml.uml.diagram.activity.ui.SelectionActionState.getNewNodeType(int)
P:11
M:Object org.argouml.uml.diagram.activity.ui.SelectionActionState.getNewEdgeType(int)
P:11
M:boolean org.argouml.uml.diagram.activity.ui.SelectionActionState.isReverseEdge(int)
P:11
M:Object org.argouml.uml.diagram.activity.ui.FigObjectFlowState.getOwner(NotationProvider)
P:org.argouml.notation.providers.uml.ObjectFlowStateStateNotationUml@7d6791d2
M:NotationSettings org.argouml.uml.diagram.activity.ui.FigObjectFlowState.getNotationSettings(NotationProvider)
P:org.argouml.notation.providers.uml.ObjectFlowStateStateNotationUml@7d6791d2
M:void org.argouml.uml.diagram.activity.ui.FigObjectFlowState.notationRenderingChanged(NotationProvider, String)
P:org.argouml.notation.providers.uml.ObjectFlowStateStateNotationUml@7d6791d2
P:
M:Object org.argouml.uml.diagram.activity.ui.FigObjectFlowState.getOwner(NotationProvider)
P:org.argouml.notation.providers.uml.ObjectFlowStateTypeNotationUml@544a37f0
M:NotationSettings org.argouml.uml.diagram.activity.ui.FigObjectFlowState.getNotationSettings(NotationProvider)
P:org.argouml.notation.providers.uml.ObjectFlowStateTypeNotationUml@544a37f0
M:void org.argouml.uml.diagram.activity.ui.FigObjectFlowState.notationRenderingChanged(NotationProvider, String)
P:org.argouml.notation.providers.uml.ObjectFlowStateTypeNotationUml@544a37f0
P:
M:Dimension org.argouml.uml.diagram.activity.ui.FigObjectFlowState.getMinimumSize()
M:Object org.argouml.uml.diagram.activity.ui.FigObjectFlowState.getOwner(NotationProvider)
P:org.argouml.notation.providers.uml.ObjectFlowStateTypeNotationUml@103fc2f
M:NotationSettings org.argouml.uml.diagram.activity.ui.FigObjectFlowState.getNotationSettings(NotationProvider)
P:org.argouml.notation.providers.uml.ObjectFlowStateTypeNotationUml@103fc2f
M:void org.argouml.uml.diagram.activity.ui.FigObjectFlowState.notationRenderingChanged(NotationProvider, String)
P:org.argouml.notation.providers.uml.ObjectFlowStateTypeNotationUml@103fc2f
P:
M:Object org.argouml.uml.diagram.activity.ui.FigObjectFlowState.getOwner(NotationProvider)
P:org.argouml.notation.providers.uml.ObjectFlowStateStateNotationUml@2ac8d935
M:NotationSettings org.argouml.uml.diagram.activity.ui.FigObjectFlowState.getNotationSettings(NotationProvider)
P:org.argouml.notation.providers.uml.ObjectFlowStateStateNotationUml@2ac8d935
M:void org.argouml.uml.diagram.activity.ui.FigObjectFlowState.notationRenderingChanged(NotationProvider, String)
P:org.argouml.notation.providers.uml.ObjectFlowStateStateNotationUml@2ac8d935
P:
M:Dimension org.argouml.uml.diagram.activity.ui.FigObjectFlowState.getMinimumSize()
M:Object org.argouml.uml.diagram.activity.ui.FigObjectFlowState.getOwner(NotationProvider)
P:org.argouml.notation.providers.uml.ObjectFlowStateStateNotationUml@7d6791d2
M:NotationSettings org.argouml.uml.diagram.activity.ui.FigObjectFlowState.getNotationSettings(NotationProvider)
P:org.argouml.notation.providers.uml.ObjectFlowStateStateNotationUml@7d6791d2
M:void org.argouml.uml.diagram.activity.ui.FigObjectFlowState.notationRenderingChanged(NotationProvider, String)
P:org.argouml.notation.providers.uml.ObjectFlowStateStateNotationUml@7d6791d2
P:
M:Object org.argouml.uml.diagram.activity.ui.FigObjectFlowState.getOwner(NotationProvider)
P:org.argouml.notation.providers.uml.ObjectFlowStateTypeNotationUml@544a37f0
M:NotationSettings org.argouml.uml.diagram.activity.ui.FigObjectFlowState.getNotationSettings(NotationProvider)
P:org.argouml.notation.providers.uml.ObjectFlowStateTypeNotationUml@544a37f0
M:void org.argouml.uml.diagram.activity.ui.FigObjectFlowState.notationRenderingChanged(NotationProvider, String)
P:org.argouml.notation.providers.uml.ObjectFlowStateTypeNotationUml@544a37f0
P:
M:Dimension org.argouml.uml.diagram.activity.ui.FigObjectFlowState.getMinimumSize()
M:Object org.argouml.uml.diagram.activity.ui.FigObjectFlowState.getOwner(NotationProvider)
P:org.argouml.notation.providers.uml.ObjectFlowStateTypeNotationUml@103fc2f
M:NotationSettings org.argouml.uml.diagram.activity.ui.FigObjectFlowState.getNotationSettings(NotationProvider)
P:org.argouml.notation.providers.uml.ObjectFlowStateTypeNotationUml@103fc2f
M:void org.argouml.uml.diagram.activity.ui.FigObjectFlowState.notationRenderingChanged(NotationProvider, String)
P:org.argouml.notation.providers.uml.ObjectFlowStateTypeNotationUml@103fc2f
P:
M:Object org.argouml.uml.diagram.activity.ui.FigObjectFlowState.getOwner(NotationProvider)
P:org.argouml.notation.providers.uml.ObjectFlowStateStateNotationUml@2ac8d935
M:NotationSettings org.argouml.uml.diagram.activity.ui.FigObjectFlowState.getNotationSettings(NotationProvider)
P:org.argouml.notation.providers.uml.ObjectFlowStateStateNotationUml@2ac8d935
M:void org.argouml.uml.diagram.activity.ui.FigObjectFlowState.notationRenderingChanged(NotationProvider, String)
P:org.argouml.notation.providers.uml.ObjectFlowStateStateNotationUml@2ac8d935
P:
M:Dimension org.argouml.uml.diagram.activity.ui.FigObjectFlowState.getMinimumSize()
M:FigNode org.argouml.uml.diagram.activity.ui.ActivityDiagramRenderer.getFigNodeFor(GraphModel, Layer, Object, Map)
P:org.argouml.uml.diagram.activity.ActivityDiagramGraphModel@2389015d
P:org.tigris.gef.base.LayerPerspectiveMutable@1283850e[untitledModel]
P:ActionState$Impl  ID: 10--1-6--94--6bfb704a:164ff089730:-8000:0000000000000984  MID: 10--1-6--94--6bfb704a:164ff089730:-8000:00000000000005E9  OPCKG: 10--1-6--94--6bfb704a:164ff089730:-8000:000000000000087B
M:boolean org.argouml.uml.diagram.activity.ui.UMLActivityDiagram.doesAccept(Object)
P:ActionState$Impl  ID: 10--1-6--94--6bfb704a:164ff089730:-8000:0000000000000984  MID: 10--1-6--94--6bfb704a:164ff089730:-8000:00000000000005E9  OPCKG: 10--1-6--94--6bfb704a:164ff089730:-8000:000000000000087B
M:DiagramElement org.argouml.uml.diagram.activity.ui.UMLActivityDiagram.createDiagramElement(Object, Rectangle)
P:ActionState$Impl  ID: 10--1-6--94--6bfb704a:164ff089730:-8000:0000000000000984  MID: 10--1-6--94--6bfb704a:164ff089730:-8000:00000000000005E9  OPCKG: 10--1-6--94--6bfb704a:164ff089730:-8000:000000000000087B
M:Fig org.argouml.uml.diagram.activity.ui.FigActionState.createBigPortFig()
M:int org.argouml.uml.diagram.activity.ui.FigActionState.getNotationProviderType()
M:void org.argouml.uml.diagram.activity.ui.FigActionState.initializeActionState()
M:void org.argouml.uml.diagram.activity.ui.FigActionState.setStandardBounds(int, int, int, int)
P:10
P:10
P:117
P:30
M:void org.argouml.uml.diagram.activity.ui.UMLActivityDiagram.encloserChanged(FigNode, FigNode, FigNode)
P:org.argouml.uml.diagram.activity.ui.FigActionState@58540d44
M:void org.argouml.uml.diagram.activity.ui.FigActionState.modelChanged(PropertyChangeEvent)
P:org.argouml.model.AddAssociationEvent[propertyName=container; oldValue=null; newValue=CompositeState$Impl  ID: 10--1-6--94--6bfb704a:164ff089730:-8000:0000000000000978  MID: 10--1-6--94--6bfb704a:164ff089730:-8000:000000000000050A  OPCKG: 10--1-6--94--6bfb704a:164ff089730:-8000:000000000000087B; propagationId=null; source=ActionState$Impl  ID: 10--1-6--94--6bfb704a:164ff089730:-8000:0000000000000984  MID: 10--1-6--94--6bfb704a:164ff089730:-8000:00000000000005E9  OPCKG: 10--1-6--94--6bfb704a:164ff089730:-8000:000000000000087B]: org.netbeans.api.mdr.events.AssociationEvent[source=AContainerSubvertex$Impl  ID: 10--1-6--94--6bfb704a:164ff089730:-8000:0000000000000933  MID: 10--1-6--94--6bfb704a:164ff089730:-8000:0000000000000537  OPCKG: 10--1-6--94--6bfb704a:164ff089730:-8000:000000000000087B]
M:int org.argouml.uml.diagram.activity.ui.FigActionState.getNotationProviderType()
M:Dimension org.argouml.uml.diagram.activity.ui.FigActionState.getMinimumSize()
M:void org.argouml.uml.diagram.activity.ui.FigActionState.setStandardBounds(int, int, int, int)
P:136
P:240
P:117
P:36
M:Dimension org.argouml.uml.diagram.activity.ui.FigActionState.getMinimumSize()
M:void org.argouml.uml.diagram.activity.ui.FigActionState.setStandardBounds(int, int, int, int)
P:136
P:240
P:117
P:36
M:Dimension org.argouml.uml.diagram.activity.ui.FigActionState.getMinimumSize()
M:void org.argouml.uml.diagram.activity.ui.FigActionState.modelChanged(PropertyChangeEvent)
P:org.argouml.model.AttributeChangeEvent[propertyName=container; oldValue=null; newValue=CompositeState$Impl  ID: 10--1-6--94--6bfb704a:164ff089730:-8000:0000000000000978  MID: 10--1-6--94--6bfb704a:164ff089730:-8000:000000000000050A  OPCKG: 10--1-6--94--6bfb704a:164ff089730:-8000:000000000000087B; propagationId=null; source=ActionState$Impl  ID: 10--1-6--94--6bfb704a:164ff089730:-8000:0000000000000984  MID: 10--1-6--94--6bfb704a:164ff089730:-8000:00000000000005E9  OPCKG: 10--1-6--94--6bfb704a:164ff089730:-8000:000000000000087B]: org.netbeans.api.mdr.events.AssociationEvent[source=AContainerSubvertex$Impl  ID: 10--1-6--94--6bfb704a:164ff089730:-8000:0000000000000933  MID: 10--1-6--94--6bfb704a:164ff089730:-8000:0000000000000537  OPCKG: 10--1-6--94--6bfb704a:164ff089730:-8000:000000000000087B]
M:int org.argouml.uml.diagram.activity.ui.FigActionState.getNotationProviderType()
M:Dimension org.argouml.uml.diagram.activity.ui.FigActionState.getMinimumSize()
M:Dimension org.argouml.uml.diagram.activity.ui.FigActionState.getMinimumSize()
M:void org.argouml.uml.diagram.activity.ui.FigActionState.setStandardBounds(int, int, int, int)
P:136
P:240
P:117
P:36
M:Dimension org.argouml.uml.diagram.activity.ui.FigActionState.getMinimumSize()
M:boolean org.argouml.uml.diagram.activity.ui.FigActionState.isFilled()
M:Color org.argouml.uml.diagram.activity.ui.FigActionState.getFillColor()
M:int org.argouml.uml.diagram.activity.ui.FigActionState.getLineWidth()
M:Color org.argouml.uml.diagram.activity.ui.FigActionState.getLineColor()
M:boolean org.argouml.uml.diagram.activity.ui.FigActionState.isFilled()
M:Color org.argouml.uml.diagram.activity.ui.FigActionState.getFillColor()
M:int org.argouml.uml.diagram.activity.ui.FigActionState.getLineWidth()
M:Color org.argouml.uml.diagram.activity.ui.FigActionState.getLineColor()
M:Icon[] org.argouml.uml.diagram.activity.ui.SelectionActionState.getIcons()
M:String org.argouml.uml.diagram.activity.ui.SelectionActionState.getInstructions(int)
P:15
M:void org.argouml.uml.diagram.activity.ui.UMLActivityDiagram.encloserChanged(FigNode, FigNode, FigNode)
P:org.argouml.uml.diagram.activity.ui.FigActionState@58540d44
M:Icon[] org.argouml.uml.diagram.activity.ui.SelectionActionState.getIcons()
M:Dimension org.argouml.uml.diagram.activity.ui.FigActionState.getMinimumSize()
M:Dimension org.argouml.uml.diagram.activity.ui.FigActionState.getMinimumSize()
M:Icon[] org.argouml.uml.diagram.activity.ui.SelectionActionState.getIcons()
M:Icon[] org.argouml.uml.diagram.activity.ui.SelectionActionState.getIcons()
M:Icon[] org.argouml.uml.diagram.activity.ui.SelectionActionState.getIcons()
M:Icon[] org.argouml.uml.diagram.activity.ui.SelectionActionState.getIcons()
M:Icon[] org.argouml.uml.diagram.activity.ui.SelectionActionState.getIcons()
M:String org.argouml.uml.diagram.activity.ui.SelectionActionState.getInstructions(int)
P:15
M:Icon[] org.argouml.uml.diagram.activity.ui.SelectionActionState.getIcons()
M:void org.argouml.uml.diagram.activity.ui.UMLActivityDiagram.encloserChanged(FigNode, FigNode, FigNode)
P:org.argouml.uml.diagram.state.ui.FigJunctionState@1f038b87
M:Icon[] org.argouml.uml.diagram.activity.ui.SelectionActionState.getIcons()
M:Icon[] org.argouml.uml.diagram.activity.ui.SelectionActionState.getIcons()
M:String org.argouml.uml.diagram.activity.ui.SelectionActionState.getInstructions(int)
P:11
M:Icon[] org.argouml.uml.diagram.activity.ui.SelectionActionState.getIcons()
M:String org.argouml.uml.diagram.activity.ui.SelectionActionState.getInstructions(int)
P:11
M:Icon[] org.argouml.uml.diagram.activity.ui.SelectionActionState.getIcons()
M:String org.argouml.uml.diagram.activity.ui.SelectionActionState.getInstructions(int)
P:11
M:Icon[] org.argouml.uml.diagram.activity.ui.SelectionActionState.getIcons()
M:String org.argouml.uml.diagram.activity.ui.SelectionActionState.getInstructions(int)
P:11
M:Icon[] org.argouml.uml.diagram.activity.ui.SelectionActionState.getIcons()
M:String org.argouml.uml.diagram.activity.ui.SelectionActionState.getInstructions(int)
P:11
M:Icon[] org.argouml.uml.diagram.activity.ui.SelectionActionState.getIcons()
M:Icon[] org.argouml.uml.diagram.activity.ui.SelectionActionState.getIcons()
M:String org.argouml.uml.diagram.activity.ui.SelectionActionState.getInstructions(int)
P:11
M:Object org.argouml.uml.diagram.activity.ui.SelectionActionState.getNewNodeType(int)
P:11
M:Object org.argouml.uml.diagram.activity.ui.SelectionActionState.getNewEdgeType(int)
P:11
M:boolean org.argouml.uml.diagram.activity.ui.SelectionActionState.isReverseEdge(int)
P:11
M:Icon[] org.argouml.uml.diagram.activity.ui.SelectionActionState.getIcons()
M:Icon[] org.argouml.uml.diagram.activity.ui.SelectionActionState.getIcons()
M:String org.argouml.uml.diagram.activity.ui.SelectionActionState.getInstructions(int)
P:11
M:Icon[] org.argouml.uml.diagram.activity.ui.SelectionActionState.getIcons()
M:Icon[] org.argouml.uml.diagram.activity.ui.SelectionActionState.getIcons()
M:String org.argouml.uml.diagram.activity.ui.SelectionActionState.getInstructions(int)
P:11
M:Icon[] org.argouml.uml.diagram.activity.ui.SelectionActionState.getIcons()
M:Icon[] org.argouml.uml.diagram.activity.ui.SelectionActionState.getIcons()
M:String org.argouml.uml.diagram.activity.ui.SelectionActionState.getInstructions(int)
P:15
M:void org.argouml.uml.diagram.activity.ui.FigActionState.modelChanged(PropertyChangeEvent)
P:org.argouml.model.AddAssociationEvent[propertyName=incoming; oldValue=null; newValue=Transition$Impl  ID: 10--1-6--94--6bfb704a:164ff089730:-8000:0000000000000985  MID: 10--1-6--94--6bfb704a:164ff089730:-8000:0000000000000507  OPCKG: 10--1-6--94--6bfb704a:164ff089730:-8000:000000000000087B; propagationId=null; source=ActionState$Impl  ID: 10--1-6--94--6bfb704a:164ff089730:-8000:0000000000000984  MID: 10--1-6--94--6bfb704a:164ff089730:-8000:00000000000005E9  OPCKG: 10--1-6--94--6bfb704a:164ff089730:-8000:000000000000087B]: org.netbeans.api.mdr.events.AssociationEvent[source=AIncomingTarget$Impl  ID: 10--1-6--94--6bfb704a:164ff089730:-8000:0000000000000939  MID: 10--1-6--94--6bfb704a:164ff089730:-8000:0000000000000549  OPCKG: 10--1-6--94--6bfb704a:164ff089730:-8000:000000000000087B]
M:void org.argouml.uml.diagram.activity.ui.FigActionState.modelChanged(PropertyChangeEvent)
P:org.argouml.model.AttributeChangeEvent[propertyName=incoming; oldValue=null; newValue=Transition$Impl  ID: 10--1-6--94--6bfb704a:164ff089730:-8000:0000000000000985  MID: 10--1-6--94--6bfb704a:164ff089730:-8000:0000000000000507  OPCKG: 10--1-6--94--6bfb704a:164ff089730:-8000:000000000000087B; propagationId=null; source=ActionState$Impl  ID: 10--1-6--94--6bfb704a:164ff089730:-8000:0000000000000984  MID: 10--1-6--94--6bfb704a:164ff089730:-8000:00000000000005E9  OPCKG: 10--1-6--94--6bfb704a:164ff089730:-8000:000000000000087B]: org.netbeans.api.mdr.events.AssociationEvent[source=AIncomingTarget$Impl  ID: 10--1-6--94--6bfb704a:164ff089730:-8000:0000000000000939  MID: 10--1-6--94--6bfb704a:164ff089730:-8000:0000000000000549  OPCKG: 10--1-6--94--6bfb704a:164ff089730:-8000:000000000000087B]
M:Dimension org.argouml.uml.diagram.activity.ui.FigActionState.getMinimumSize()
M:Dimension org.argouml.uml.diagram.activity.ui.FigActionState.getMinimumSize()
M:FigNode org.argouml.uml.diagram.activity.ui.ActivityDiagramRenderer.getFigNodeFor(GraphModel, Layer, Object, Map)
P:org.argouml.uml.diagram.activity.ActivityDiagramGraphModel@2389015d
P:org.tigris.gef.base.LayerPerspectiveMutable@1283850e[untitledModel]
P:Pseudostate$Impl  ID: 10--1-6--94--6bfb704a:164ff089730:-8000:0000000000000986  MID: 10--1-6--94--6bfb704a:164ff089730:-8000:0000000000000511  OPCKG: 10--1-6--94--6bfb704a:164ff089730:-8000:000000000000087B
M:boolean org.argouml.uml.diagram.activity.ui.UMLActivityDiagram.doesAccept(Object)
P:Pseudostate$Impl  ID: 10--1-6--94--6bfb704a:164ff089730:-8000:0000000000000986  MID: 10--1-6--94--6bfb704a:164ff089730:-8000:0000000000000511  OPCKG: 10--1-6--94--6bfb704a:164ff089730:-8000:000000000000087B
M:DiagramElement org.argouml.uml.diagram.activity.ui.UMLActivityDiagram.createDiagramElement(Object, Rectangle)
P:Pseudostate$Impl  ID: 10--1-6--94--6bfb704a:164ff089730:-8000:0000000000000986  MID: 10--1-6--94--6bfb704a:164ff089730:-8000:0000000000000511  OPCKG: 10--1-6--94--6bfb704a:164ff089730:-8000:000000000000087B
M:void org.argouml.uml.diagram.activity.ui.UMLActivityDiagram.encloserChanged(FigNode, FigNode, FigNode)
P:org.argouml.uml.diagram.state.ui.FigForkState@366039a6
M:Icon[] org.argouml.uml.diagram.activity.ui.SelectionActionState.getIcons()
M:Icon[] org.argouml.uml.diagram.activity.ui.SelectionActionState.getIcons()
M:Icon[] org.argouml.uml.diagram.activity.ui.SelectionActionState.getIcons()
M:String org.argouml.uml.diagram.activity.ui.SelectionActionState.getInstructions(int)
P:15
M:Icon[] org.argouml.uml.diagram.activity.ui.SelectionActionState.getIcons()
M:String org.argouml.uml.diagram.activity.ui.SelectionActionState.getInstructions(int)
P:15
M:Icon[] org.argouml.uml.diagram.activity.ui.SelectionActionState.getIcons()
M:String org.argouml.uml.diagram.activity.ui.SelectionActionState.getInstructions(int)
P:15
M:Icon[] org.argouml.uml.diagram.activity.ui.SelectionActionState.getIcons()
M:String org.argouml.uml.diagram.activity.ui.SelectionActionState.getInstructions(int)
P:15
M:FigNode org.argouml.uml.diagram.activity.ui.ActivityDiagramRenderer.getFigNodeFor(GraphModel, Layer, Object, Map)
P:org.argouml.uml.diagram.activity.ActivityDiagramGraphModel@2389015d
P:org.tigris.gef.base.LayerPerspectiveMutable@1283850e[untitledModel]
P:FinalState$Impl  ID: 10--1-6--94--6bfb704a:164ff089730:-8000:0000000000000987  MID: 10--1-6--94--6bfb704a:164ff089730:-8000:0000000000000519  OPCKG: 10--1-6--94--6bfb704a:164ff089730:-8000:000000000000087B
M:boolean org.argouml.uml.diagram.activity.ui.UMLActivityDiagram.doesAccept(Object)
P:FinalState$Impl  ID: 10--1-6--94--6bfb704a:164ff089730:-8000:0000000000000987  MID: 10--1-6--94--6bfb704a:164ff089730:-8000:0000000000000519  OPCKG: 10--1-6--94--6bfb704a:164ff089730:-8000:000000000000087B
M:DiagramElement org.argouml.uml.diagram.activity.ui.UMLActivityDiagram.createDiagramElement(Object, Rectangle)
P:FinalState$Impl  ID: 10--1-6--94--6bfb704a:164ff089730:-8000:0000000000000987  MID: 10--1-6--94--6bfb704a:164ff089730:-8000:0000000000000519  OPCKG: 10--1-6--94--6bfb704a:164ff089730:-8000:000000000000087B
M:void org.argouml.uml.diagram.activity.ui.UMLActivityDiagram.encloserChanged(FigNode, FigNode, FigNode)
P:org.argouml.uml.diagram.state.ui.FigFinalState@74a18ebb
M:void org.argouml.uml.diagram.activity.ui.SelectionActionState.setOutgoingButtonEnabled(boolean)
P:false
M:void org.argouml.uml.diagram.activity.ui.SelectionActionState.setOutgoingRightButtonEnabled(boolean)
P:false
M:void org.argouml.uml.diagram.activity.ui.SelectionActionState.setOutgoingBelowButtonEnabled(boolean)
P:false
M:Icon[] org.argouml.uml.diagram.activity.ui.SelectionActionState.getIcons()
M:Icon[] org.argouml.uml.diagram.activity.ui.SelectionActionState.getIcons()
M:Icon[] org.argouml.uml.diagram.activity.ui.SelectionActionState.getIcons()
M:String org.argouml.uml.diagram.activity.ui.SelectionActionState.getInstructions(int)
P:15
M:Icon[] org.argouml.uml.diagram.activity.ui.SelectionActionState.getIcons()
M:String org.argouml.uml.diagram.activity.ui.SelectionActionState.getInstructions(int)
P:15
M:Icon[] org.argouml.uml.diagram.activity.ui.SelectionActionState.getIcons()
M:String org.argouml.uml.diagram.activity.ui.SelectionActionState.getInstructions(int)
P:15
M:Icon[] org.argouml.uml.diagram.activity.ui.SelectionActionState.getIcons()
M:String org.argouml.uml.diagram.activity.ui.SelectionActionState.getInstructions(int)
P:15
M:FigNode org.argouml.uml.diagram.activity.ui.ActivityDiagramRenderer.getFigNodeFor(GraphModel, Layer, Object, Map)
P:org.argouml.uml.diagram.activity.ActivityDiagramGraphModel@2389015d
P:org.tigris.gef.base.LayerPerspectiveMutable@1283850e[untitledModel]
P:CallState$Impl  ID: 10--1-6--94--6bfb704a:164ff089730:-8000:0000000000000988  MID: 10--1-6--94--6bfb704a:164ff089730:-8000:00000000000005EA  OPCKG: 10--1-6--94--6bfb704a:164ff089730:-8000:000000000000087B
M:boolean org.argouml.uml.diagram.activity.ui.UMLActivityDiagram.doesAccept(Object)
P:CallState$Impl  ID: 10--1-6--94--6bfb704a:164ff089730:-8000:0000000000000988  MID: 10--1-6--94--6bfb704a:164ff089730:-8000:00000000000005EA  OPCKG: 10--1-6--94--6bfb704a:164ff089730:-8000:000000000000087B
M:DiagramElement org.argouml.uml.diagram.activity.ui.UMLActivityDiagram.createDiagramElement(Object, Rectangle)
P:CallState$Impl  ID: 10--1-6--94--6bfb704a:164ff089730:-8000:0000000000000988  MID: 10--1-6--94--6bfb704a:164ff089730:-8000:00000000000005EA  OPCKG: 10--1-6--94--6bfb704a:164ff089730:-8000:000000000000087B
M:Fig org.argouml.uml.diagram.activity.ui.FigActionState.createBigPortFig()
M:int org.argouml.uml.diagram.activity.ui.FigActionState.getNotationProviderType()
M:void org.argouml.uml.diagram.activity.ui.FigActionState.initializeActionState()
M:void org.argouml.uml.diagram.activity.ui.FigActionState.setStandardBounds(int, int, int, int)
P:10
P:10
P:100
P:30
M:void org.argouml.uml.diagram.activity.ui.UMLActivityDiagram.encloserChanged(FigNode, FigNode, FigNode)
P:org.argouml.uml.diagram.activity.ui.FigActionState@644d0d7f
M:void org.argouml.uml.diagram.activity.ui.FigActionState.modelChanged(PropertyChangeEvent)
P:org.argouml.model.AddAssociationEvent[propertyName=container; oldValue=null; newValue=CompositeState$Impl  ID: 10--1-6--94--6bfb704a:164ff089730:-8000:0000000000000978  MID: 10--1-6--94--6bfb704a:164ff089730:-8000:000000000000050A  OPCKG: 10--1-6--94--6bfb704a:164ff089730:-8000:000000000000087B; propagationId=null; source=CallState$Impl  ID: 10--1-6--94--6bfb704a:164ff089730:-8000:0000000000000988  MID: 10--1-6--94--6bfb704a:164ff089730:-8000:00000000000005EA  OPCKG: 10--1-6--94--6bfb704a:164ff089730:-8000:000000000000087B]: org.netbeans.api.mdr.events.AssociationEvent[source=AContainerSubvertex$Impl  ID: 10--1-6--94--6bfb704a:164ff089730:-8000:0000000000000933  MID: 10--1-6--94--6bfb704a:164ff089730:-8000:0000000000000537  OPCKG: 10--1-6--94--6bfb704a:164ff089730:-8000:000000000000087B]
M:int org.argouml.uml.diagram.activity.ui.FigActionState.getNotationProviderType()
M:Dimension org.argouml.uml.diagram.activity.ui.FigActionState.getMinimumSize()
M:void org.argouml.uml.diagram.activity.ui.FigActionState.setStandardBounds(int, int, int, int)
P:16
P:336
P:100
P:36
M:Dimension org.argouml.uml.diagram.activity.ui.FigActionState.getMinimumSize()
M:void org.argouml.uml.diagram.activity.ui.FigActionState.setStandardBounds(int, int, int, int)
P:16
P:336
P:100
P:36
M:Dimension org.argouml.uml.diagram.activity.ui.FigActionState.getMinimumSize()
M:void org.argouml.uml.diagram.activity.ui.FigActionState.modelChanged(PropertyChangeEvent)
P:org.argouml.model.AttributeChangeEvent[propertyName=container; oldValue=null; newValue=CompositeState$Impl  ID: 10--1-6--94--6bfb704a:164ff089730:-8000:0000000000000978  MID: 10--1-6--94--6bfb704a:164ff089730:-8000:000000000000050A  OPCKG: 10--1-6--94--6bfb704a:164ff089730:-8000:000000000000087B; propagationId=null; source=CallState$Impl  ID: 10--1-6--94--6bfb704a:164ff089730:-8000:0000000000000988  MID: 10--1-6--94--6bfb704a:164ff089730:-8000:00000000000005EA  OPCKG: 10--1-6--94--6bfb704a:164ff089730:-8000:000000000000087B]: org.netbeans.api.mdr.events.AssociationEvent[source=AContainerSubvertex$Impl  ID: 10--1-6--94--6bfb704a:164ff089730:-8000:0000000000000933  MID: 10--1-6--94--6bfb704a:164ff089730:-8000:0000000000000537  OPCKG: 10--1-6--94--6bfb704a:164ff089730:-8000:000000000000087B]
M:int org.argouml.uml.diagram.activity.ui.FigActionState.getNotationProviderType()
M:Dimension org.argouml.uml.diagram.activity.ui.FigActionState.getMinimumSize()
M:Dimension org.argouml.uml.diagram.activity.ui.FigActionState.getMinimumSize()
M:void org.argouml.uml.diagram.activity.ui.FigActionState.setStandardBounds(int, int, int, int)
P:16
P:336
P:100
P:36
M:Dimension org.argouml.uml.diagram.activity.ui.FigActionState.getMinimumSize()
M:boolean org.argouml.uml.diagram.activity.ui.FigActionState.isFilled()
M:Color org.argouml.uml.diagram.activity.ui.FigActionState.getFillColor()
M:int org.argouml.uml.diagram.activity.ui.FigActionState.getLineWidth()
M:Color org.argouml.uml.diagram.activity.ui.FigActionState.getLineColor()
M:boolean org.argouml.uml.diagram.activity.ui.FigActionState.isFilled()
M:Color org.argouml.uml.diagram.activity.ui.FigActionState.getFillColor()
M:int org.argouml.uml.diagram.activity.ui.FigActionState.getLineWidth()
M:Color org.argouml.uml.diagram.activity.ui.FigActionState.getLineColor()
M:Icon[] org.argouml.uml.diagram.activity.ui.SelectionActionState.getIcons()
M:String org.argouml.uml.diagram.activity.ui.SelectionActionState.getInstructions(int)
P:15
M:void org.argouml.uml.diagram.activity.ui.UMLActivityDiagram.encloserChanged(FigNode, FigNode, FigNode)
P:org.argouml.uml.diagram.activity.ui.FigActionState@644d0d7f
M:Icon[] org.argouml.uml.diagram.activity.ui.SelectionActionState.getIcons()
M:Dimension org.argouml.uml.diagram.activity.ui.FigActionState.getMinimumSize()
M:Dimension org.argouml.uml.diagram.activity.ui.FigActionState.getMinimumSize()
M:Icon[] org.argouml.uml.diagram.activity.ui.SelectionActionState.getIcons()
M:Icon[] org.argouml.uml.diagram.activity.ui.SelectionActionState.getIcons()
M:Icon[] org.argouml.uml.diagram.activity.ui.SelectionActionState.getIcons()
M:Icon[] org.argouml.uml.diagram.activity.ui.SelectionActionState.getIcons()
M:String org.argouml.uml.diagram.activity.ui.SelectionActionState.getInstructions(int)
P:15
M:Icon[] org.argouml.uml.diagram.activity.ui.SelectionActionState.getIcons()
M:String org.argouml.uml.diagram.activity.ui.SelectionActionState.getInstructions(int)
P:15
M:Icon[] org.argouml.uml.diagram.activity.ui.SelectionActionState.getIcons()
M:String org.argouml.uml.diagram.activity.ui.SelectionActionState.getInstructions(int)
P:15
M:Icon[] org.argouml.uml.diagram.activity.ui.SelectionActionState.getIcons()
M:String org.argouml.uml.diagram.activity.ui.SelectionActionState.getInstructions(int)
P:15
M:boolean org.argouml.uml.diagram.activity.ui.FigActionState.isFilled()
M:Color org.argouml.uml.diagram.activity.ui.FigActionState.getFillColor()
M:int org.argouml.uml.diagram.activity.ui.FigActionState.getLineWidth()
M:Color org.argouml.uml.diagram.activity.ui.FigActionState.getLineColor()
M:boolean org.argouml.uml.diagram.activity.ui.FigActionState.isFilled()
M:Color org.argouml.uml.diagram.activity.ui.FigActionState.getFillColor()
M:int org.argouml.uml.diagram.activity.ui.FigActionState.getLineWidth()
M:Color org.argouml.uml.diagram.activity.ui.FigActionState.getLineColor()
M:Icon[] org.argouml.uml.diagram.activity.ui.SelectionActionState.getIcons()
M:void org.argouml.uml.diagram.activity.ui.UMLActivityDiagram.encloserChanged(FigNode, FigNode, FigNode)
P:org.argouml.uml.diagram.activity.ui.FigActionState@58540d44
M:Icon[] org.argouml.uml.diagram.activity.ui.SelectionActionState.getIcons()
M:Icon[] org.argouml.uml.diagram.activity.ui.SelectionActionState.getIcons()
M:Icon[] org.argouml.uml.diagram.activity.ui.SelectionActionState.getIcons()
M:String org.argouml.uml.diagram.activity.ui.SelectionActionState.getInstructions(int)
P:11
M:Icon[] org.argouml.uml.diagram.activity.ui.SelectionActionState.getIcons()
M:String org.argouml.uml.diagram.activity.ui.SelectionActionState.getInstructions(int)
P:11
M:Icon[] org.argouml.uml.diagram.activity.ui.SelectionActionState.getIcons()
M:String org.argouml.uml.diagram.activity.ui.SelectionActionState.getInstructions(int)
P:11
M:Icon[] org.argouml.uml.diagram.activity.ui.SelectionActionState.getIcons()
M:String org.argouml.uml.diagram.activity.ui.SelectionActionState.getInstructions(int)
P:11
M:Icon[] org.argouml.uml.diagram.activity.ui.SelectionActionState.getIcons()
M:String org.argouml.uml.diagram.activity.ui.SelectionActionState.getInstructions(int)
P:11
M:Icon[] org.argouml.uml.diagram.activity.ui.SelectionActionState.getIcons()
M:Icon[] org.argouml.uml.diagram.activity.ui.SelectionActionState.getIcons()
M:String org.argouml.uml.diagram.activity.ui.SelectionActionState.getInstructions(int)
P:15
M:Object org.argouml.uml.diagram.activity.ui.SelectionActionState.getNewNodeType(int)
P:11
M:Object org.argouml.uml.diagram.activity.ui.SelectionActionState.getNewEdgeType(int)
P:11
M:boolean org.argouml.uml.diagram.activity.ui.SelectionActionState.isReverseEdge(int)
P:11
M:void org.argouml.uml.diagram.activity.ui.FigActionState.modelChanged(PropertyChangeEvent)
P:org.argouml.model.AddAssociationEvent[propertyName=outgoing; oldValue=null; newValue=Transition$Impl  ID: 10--1-6--94--6bfb704a:164ff089730:-8000:0000000000000989  MID: 10--1-6--94--6bfb704a:164ff089730:-8000:0000000000000507  OPCKG: 10--1-6--94--6bfb704a:164ff089730:-8000:000000000000087B; propagationId=null; source=ActionState$Impl  ID: 10--1-6--94--6bfb704a:164ff089730:-8000:0000000000000984  MID: 10--1-6--94--6bfb704a:164ff089730:-8000:00000000000005E9  OPCKG: 10--1-6--94--6bfb704a:164ff089730:-8000:000000000000087B]: org.netbeans.api.mdr.events.AssociationEvent[source=AOutgoingSource$Impl  ID: 10--1-6--94--6bfb704a:164ff089730:-8000:0000000000000938  MID: 10--1-6--94--6bfb704a:164ff089730:-8000:0000000000000546  OPCKG: 10--1-6--94--6bfb704a:164ff089730:-8000:000000000000087B]
M:void org.argouml.uml.diagram.activity.ui.FigActionState.modelChanged(PropertyChangeEvent)
P:org.argouml.model.AttributeChangeEvent[propertyName=outgoing; oldValue=null; newValue=Transition$Impl  ID: 10--1-6--94--6bfb704a:164ff089730:-8000:0000000000000989  MID: 10--1-6--94--6bfb704a:164ff089730:-8000:0000000000000507  OPCKG: 10--1-6--94--6bfb704a:164ff089730:-8000:000000000000087B; propagationId=null; source=ActionState$Impl  ID: 10--1-6--94--6bfb704a:164ff089730:-8000:0000000000000984  MID: 10--1-6--94--6bfb704a:164ff089730:-8000:00000000000005E9  OPCKG: 10--1-6--94--6bfb704a:164ff089730:-8000:000000000000087B]: org.netbeans.api.mdr.events.AssociationEvent[source=AOutgoingSource$Impl  ID: 10--1-6--94--6bfb704a:164ff089730:-8000:0000000000000938  MID: 10--1-6--94--6bfb704a:164ff089730:-8000:0000000000000546  OPCKG: 10--1-6--94--6bfb704a:164ff089730:-8000:000000000000087B]
M:Dimension org.argouml.uml.diagram.activity.ui.FigActionState.getMinimumSize()
M:Dimension org.argouml.uml.diagram.activity.ui.FigActionState.getMinimumSize()
M:Icon[] org.argouml.uml.diagram.activity.ui.SelectionActionState.getIcons()
M:void org.argouml.uml.diagram.activity.ui.UMLActivityDiagram.encloserChanged(FigNode, FigNode, FigNode)
P:org.argouml.uml.diagram.state.ui.FigForkState@366039a6
M:Icon[] org.argouml.uml.diagram.activity.ui.SelectionActionState.getIcons()
M:Icon[] org.argouml.uml.diagram.activity.ui.SelectionActionState.getIcons()
M:Icon[] org.argouml.uml.diagram.activity.ui.SelectionActionState.getIcons()
M:String org.argouml.uml.diagram.activity.ui.SelectionActionState.getInstructions(int)
P:11
M:Icon[] org.argouml.uml.diagram.activity.ui.SelectionActionState.getIcons()
M:String org.argouml.uml.diagram.activity.ui.SelectionActionState.getInstructions(int)
P:11
M:Icon[] org.argouml.uml.diagram.activity.ui.SelectionActionState.getIcons()
M:String org.argouml.uml.diagram.activity.ui.SelectionActionState.getInstructions(int)
P:11
M:Icon[] org.argouml.uml.diagram.activity.ui.SelectionActionState.getIcons()
M:String org.argouml.uml.diagram.activity.ui.SelectionActionState.getInstructions(int)
P:11
M:Icon[] org.argouml.uml.diagram.activity.ui.SelectionActionState.getIcons()
M:String org.argouml.uml.diagram.activity.ui.SelectionActionState.getInstructions(int)
P:11
M:Icon[] org.argouml.uml.diagram.activity.ui.SelectionActionState.getIcons()
M:Icon[] org.argouml.uml.diagram.activity.ui.SelectionActionState.getIcons()
M:String org.argouml.uml.diagram.activity.ui.SelectionActionState.getInstructions(int)
P:11
M:Icon[] org.argouml.uml.diagram.activity.ui.SelectionActionState.getIcons()
M:String org.argouml.uml.diagram.activity.ui.SelectionActionState.getInstructions(int)
P:11
M:Icon[] org.argouml.uml.diagram.activity.ui.SelectionActionState.getIcons()
M:String org.argouml.uml.diagram.activity.ui.SelectionActionState.getInstructions(int)
P:15
M:Object org.argouml.uml.diagram.activity.ui.SelectionActionState.getNewNodeType(int)
P:11
M:Object org.argouml.uml.diagram.activity.ui.SelectionActionState.getNewEdgeType(int)
P:11
M:boolean org.argouml.uml.diagram.activity.ui.SelectionActionState.isReverseEdge(int)
P:11
M:void org.argouml.uml.diagram.activity.ui.FigActionState.modelChanged(PropertyChangeEvent)
P:org.argouml.model.AddAssociationEvent[propertyName=incoming; oldValue=null; newValue=Transition$Impl  ID: 10--1-6--94--6bfb704a:164ff089730:-8000:000000000000098A  MID: 10--1-6--94--6bfb704a:164ff089730:-8000:0000000000000507  OPCKG: 10--1-6--94--6bfb704a:164ff089730:-8000:000000000000087B; propagationId=null; source=CallState$Impl  ID: 10--1-6--94--6bfb704a:164ff089730:-8000:0000000000000988  MID: 10--1-6--94--6bfb704a:164ff089730:-8000:00000000000005EA  OPCKG: 10--1-6--94--6bfb704a:164ff089730:-8000:000000000000087B]: org.netbeans.api.mdr.events.AssociationEvent[source=AIncomingTarget$Impl  ID: 10--1-6--94--6bfb704a:164ff089730:-8000:0000000000000939  MID: 10--1-6--94--6bfb704a:164ff089730:-8000:0000000000000549  OPCKG: 10--1-6--94--6bfb704a:164ff089730:-8000:000000000000087B]
M:void org.argouml.uml.diagram.activity.ui.FigActionState.modelChanged(PropertyChangeEvent)
P:org.argouml.model.AttributeChangeEvent[propertyName=incoming; oldValue=null; newValue=Transition$Impl  ID: 10--1-6--94--6bfb704a:164ff089730:-8000:000000000000098A  MID: 10--1-6--94--6bfb704a:164ff089730:-8000:0000000000000507  OPCKG: 10--1-6--94--6bfb704a:164ff089730:-8000:000000000000087B; propagationId=null; source=CallState$Impl  ID: 10--1-6--94--6bfb704a:164ff089730:-8000:0000000000000988  MID: 10--1-6--94--6bfb704a:164ff089730:-8000:00000000000005EA  OPCKG: 10--1-6--94--6bfb704a:164ff089730:-8000:000000000000087B]: org.netbeans.api.mdr.events.AssociationEvent[source=AIncomingTarget$Impl  ID: 10--1-6--94--6bfb704a:164ff089730:-8000:0000000000000939  MID: 10--1-6--94--6bfb704a:164ff089730:-8000:0000000000000549  OPCKG: 10--1-6--94--6bfb704a:164ff089730:-8000:000000000000087B]
M:Dimension org.argouml.uml.diagram.activity.ui.FigActionState.getMinimumSize()
M:Dimension org.argouml.uml.diagram.activity.ui.FigActionState.getMinimumSize()
M:Icon[] org.argouml.uml.diagram.activity.ui.SelectionActionState.getIcons()
M:void org.argouml.uml.diagram.activity.ui.UMLActivityDiagram.encloserChanged(FigNode, FigNode, FigNode)
P:org.argouml.uml.diagram.state.ui.FigForkState@366039a6
M:Icon[] org.argouml.uml.diagram.activity.ui.SelectionActionState.getIcons()
M:Icon[] org.argouml.uml.diagram.activity.ui.SelectionActionState.getIcons()
M:Icon[] org.argouml.uml.diagram.activity.ui.SelectionActionState.getIcons()
M:String org.argouml.uml.diagram.activity.ui.SelectionActionState.getInstructions(int)
P:11
M:Icon[] org.argouml.uml.diagram.activity.ui.SelectionActionState.getIcons()
M:String org.argouml.uml.diagram.activity.ui.SelectionActionState.getInstructions(int)
P:11
M:Icon[] org.argouml.uml.diagram.activity.ui.SelectionActionState.getIcons()
M:String org.argouml.uml.diagram.activity.ui.SelectionActionState.getInstructions(int)
P:11
M:Icon[] org.argouml.uml.diagram.activity.ui.SelectionActionState.getIcons()
M:String org.argouml.uml.diagram.activity.ui.SelectionActionState.getInstructions(int)
P:11
M:Icon[] org.argouml.uml.diagram.activity.ui.SelectionActionState.getIcons()
M:String org.argouml.uml.diagram.activity.ui.SelectionActionState.getInstructions(int)
P:11
M:Icon[] org.argouml.uml.diagram.activity.ui.SelectionActionState.getIcons()
M:Icon[] org.argouml.uml.diagram.activity.ui.SelectionActionState.getIcons()
M:String org.argouml.uml.diagram.activity.ui.SelectionActionState.getInstructions(int)
P:15
M:Object org.argouml.uml.diagram.activity.ui.SelectionActionState.getNewNodeType(int)
P:11
M:Object org.argouml.uml.diagram.activity.ui.SelectionActionState.getNewEdgeType(int)
P:11
M:boolean org.argouml.uml.diagram.activity.ui.SelectionActionState.isReverseEdge(int)
P:11
