M:String org.argouml.uml.diagram.activity.ui.UMLActivityDiagram.getLabelName()
M:ActivityDiagramGraphModel org.argouml.uml.diagram.activity.ui.UMLActivityDiagram.createGraphModel()
M:void org.argouml.uml.diagram.activity.ui.UMLActivityDiagram.setup(Object, Object)
P:Model$Impl  ID: -64--88-1-5-1bc09c84:16520cc1caf:-8000:000000000000096F  MID: -64--88-1-5-1bc09c84:16520cc1caf:-8000:000000000000060D  OPCKG: -64--88-1-5-1bc09c84:16520cc1caf:-8000:0000000000000874
P:ActivityGraph$Impl  ID: -64--88-1-5-1bc09c84:16520cc1caf:-8000:0000000000000970  MID: -64--88-1-5-1bc09c84:16520cc1caf:-8000:00000000000005DC  OPCKG: -64--88-1-5-1bc09c84:16520cc1caf:-8000:0000000000000874
M:ActivityDiagramGraphModel org.argouml.uml.diagram.activity.ui.UMLActivityDiagram.createGraphModel()
M:PropPanel org.argouml.uml.diagram.activity.ui.ActivityDiagramPropPanelFactory.createPropPanel(Object)
P:Diagram: untitledModel activity 1
M:Object org.argouml.uml.diagram.activity.ui.UMLActivityDiagram.getOwner()
M:Object org.argouml.uml.diagram.activity.ui.UMLActivityDiagram.getOwner()
M:Object org.argouml.uml.diagram.activity.ui.UMLActivityDiagram.getOwner()
M:Object org.argouml.uml.diagram.activity.ui.UMLActivityDiagram.getOwner()
M:Object org.argouml.uml.diagram.activity.ui.UMLActivityDiagram.getOwner()
M:Object org.argouml.uml.diagram.activity.ui.UMLActivityDiagram.getOwner()
M:Object org.argouml.uml.diagram.activity.ui.UMLActivityDiagram.getOwner()
M:Object org.argouml.uml.diagram.activity.ui.UMLActivityDiagram.getOwner()
M:Object[] org.argouml.uml.diagram.activity.ui.UMLActivityDiagram.getUmlActions()
M:Action org.argouml.uml.diagram.activity.ui.UMLActivityDiagram.getActionState()
M:Action org.argouml.uml.diagram.activity.ui.UMLActivityDiagram.getActionTransition()
M:Action org.argouml.uml.diagram.activity.ui.UMLActivityDiagram.getActionStartPseudoState()
M:Action org.argouml.uml.diagram.activity.ui.UMLActivityDiagram.getActionFinalPseudoState()
M:Action org.argouml.uml.diagram.activity.ui.UMLActivityDiagram.getActionJunctionPseudoState()
M:Action org.argouml.uml.diagram.activity.ui.UMLActivityDiagram.getActionForkPseudoState()
M:Action org.argouml.uml.diagram.activity.ui.UMLActivityDiagram.getActionJoinPseudoState()
M:Action org.argouml.uml.diagram.activity.ui.UMLActivityDiagram.getActionSwimlane()
M:Object org.argouml.uml.diagram.activity.ui.UMLActivityDiagram.getStateMachine()
M:Action org.argouml.uml.diagram.activity.ui.UMLActivityDiagram.getActionCallState()
M:Action org.argouml.uml.diagram.activity.ui.UMLActivityDiagram.getActionObjectFlowState()
M:Object[] org.argouml.uml.diagram.activity.ui.UMLActivityDiagram.getTriggerActions()
M:Action org.argouml.uml.diagram.activity.ui.UMLActivityDiagram.getActionCallEvent()
M:Action org.argouml.uml.diagram.activity.ui.UMLActivityDiagram.getActionChangeEvent()
M:Action org.argouml.uml.diagram.activity.ui.UMLActivityDiagram.getActionSignalEvent()
M:Action org.argouml.uml.diagram.activity.ui.UMLActivityDiagram.getActionTimeEvent()
M:Action org.argouml.uml.diagram.activity.ui.UMLActivityDiagram.getActionGuard()
M:Object[] org.argouml.uml.diagram.activity.ui.UMLActivityDiagram.getEffectActions()
M:Action org.argouml.uml.diagram.activity.ui.UMLActivityDiagram.getActionCallAction()
M:Action org.argouml.uml.diagram.activity.ui.UMLActivityDiagram.getActionCreateAction()
M:Action org.argouml.uml.diagram.activity.ui.UMLActivityDiagram.getActionDestroyAction()
M:Action org.argouml.uml.diagram.activity.ui.UMLActivityDiagram.getActionReturnAction()
M:Action org.argouml.uml.diagram.activity.ui.UMLActivityDiagram.getActionSendAction()
M:Action org.argouml.uml.diagram.activity.ui.UMLActivityDiagram.getActionTerminateAction()
M:Action org.argouml.uml.diagram.activity.ui.UMLActivityDiagram.getActionUninterpretedAction()
M:Action org.argouml.uml.diagram.activity.ui.UMLActivityDiagram.getActionActionSequence()
M:FigNode org.argouml.uml.diagram.activity.ui.ActivityDiagramRenderer.getFigNodeFor(GraphModel, Layer, Object, Map)
P:org.argouml.uml.diagram.activity.ActivityDiagramGraphModel@232539fa
P:org.tigris.gef.base.LayerPerspectiveMutable@79fbf62a[untitledModel]
P:Pseudostate$Impl  ID: -64--88-1-5-1bc09c84:16520cc1caf:-8000:0000000000000972  MID: -64--88-1-5-1bc09c84:16520cc1caf:-8000:0000000000000511  OPCKG: -64--88-1-5-1bc09c84:16520cc1caf:-8000:0000000000000874
M:boolean org.argouml.uml.diagram.activity.ui.UMLActivityDiagram.doesAccept(Object)
P:Pseudostate$Impl  ID: -64--88-1-5-1bc09c84:16520cc1caf:-8000:0000000000000972  MID: -64--88-1-5-1bc09c84:16520cc1caf:-8000:0000000000000511  OPCKG: -64--88-1-5-1bc09c84:16520cc1caf:-8000:0000000000000874
M:DiagramElement org.argouml.uml.diagram.activity.ui.UMLActivityDiagram.createDiagramElement(Object, Rectangle)
P:Pseudostate$Impl  ID: -64--88-1-5-1bc09c84:16520cc1caf:-8000:0000000000000972  MID: -64--88-1-5-1bc09c84:16520cc1caf:-8000:0000000000000511  OPCKG: -64--88-1-5-1bc09c84:16520cc1caf:-8000:0000000000000874
M:void org.argouml.uml.diagram.activity.ui.UMLActivityDiagram.encloserChanged(FigNode, FigNode, FigNode)
P:org.argouml.uml.diagram.state.ui.FigInitialState@36e8ae60
M:void org.argouml.uml.diagram.activity.ui.SelectionActionState.setIncomingButtonEnabled(boolean)
P:false
M:void org.argouml.uml.diagram.activity.ui.SelectionActionState.setIncomingAboveButtonEnabled(boolean)
P:false
M:void org.argouml.uml.diagram.activity.ui.SelectionActionState.setIncomingLeftButtonEnabled(boolean)
P:false
M:void org.argouml.uml.diagram.activity.ui.SelectionActionState.setOutgoingButtonEnabled(boolean)
P:true
M:void org.argouml.uml.diagram.activity.ui.SelectionActionState.setOutgoingRightButtonEnabled(boolean)
P:true
M:void org.argouml.uml.diagram.activity.ui.SelectionActionState.setOutgoingBelowButtonEnabled(boolean)
P:true
M:Icon[] org.argouml.uml.diagram.activity.ui.SelectionActionState.getIcons()
M:String org.argouml.uml.diagram.activity.ui.SelectionActionState.getInstructions(int)
P:15
M:Icon[] org.argouml.uml.diagram.activity.ui.SelectionActionState.getIcons()
M:String org.argouml.uml.diagram.activity.ui.SelectionActionState.getInstructions(int)
P:15
M:Icon[] org.argouml.uml.diagram.activity.ui.SelectionActionState.getIcons()
M:void org.argouml.uml.diagram.activity.ui.UMLActivityDiagram.encloserChanged(FigNode, FigNode, FigNode)
P:org.argouml.uml.diagram.state.ui.FigInitialState@36e8ae60
M:Icon[] org.argouml.uml.diagram.activity.ui.SelectionActionState.getIcons()
M:Icon[] org.argouml.uml.diagram.activity.ui.SelectionActionState.getIcons()
M:Icon[] org.argouml.uml.diagram.activity.ui.SelectionActionState.getIcons()
M:String org.argouml.uml.diagram.activity.ui.SelectionActionState.getInstructions(int)
P:15
M:Icon[] org.argouml.uml.diagram.activity.ui.SelectionActionState.getIcons()
M:String org.argouml.uml.diagram.activity.ui.SelectionActionState.getInstructions(int)
P:15
M:Icon[] org.argouml.uml.diagram.activity.ui.SelectionActionState.getIcons()
M:String org.argouml.uml.diagram.activity.ui.SelectionActionState.getInstructions(int)
P:15
M:Icon[] org.argouml.uml.diagram.activity.ui.SelectionActionState.getIcons()
M:String org.argouml.uml.diagram.activity.ui.SelectionActionState.getInstructions(int)
P:15
M:Icon[] org.argouml.uml.diagram.activity.ui.SelectionActionState.getIcons()
M:String org.argouml.uml.diagram.activity.ui.SelectionActionState.getInstructions(int)
P:15
M:FigNode org.argouml.uml.diagram.activity.ui.ActivityDiagramRenderer.getFigNodeFor(GraphModel, Layer, Object, Map)
P:org.argouml.uml.diagram.activity.ActivityDiagramGraphModel@232539fa
P:org.tigris.gef.base.LayerPerspectiveMutable@79fbf62a[untitledModel]
P:ActionState$Impl  ID: -64--88-1-5-1bc09c84:16520cc1caf:-8000:0000000000000973  MID: -64--88-1-5-1bc09c84:16520cc1caf:-8000:00000000000005E9  OPCKG: -64--88-1-5-1bc09c84:16520cc1caf:-8000:0000000000000874
M:boolean org.argouml.uml.diagram.activity.ui.UMLActivityDiagram.doesAccept(Object)
P:ActionState$Impl  ID: -64--88-1-5-1bc09c84:16520cc1caf:-8000:0000000000000973  MID: -64--88-1-5-1bc09c84:16520cc1caf:-8000:00000000000005E9  OPCKG: -64--88-1-5-1bc09c84:16520cc1caf:-8000:0000000000000874
M:DiagramElement org.argouml.uml.diagram.activity.ui.UMLActivityDiagram.createDiagramElement(Object, Rectangle)
P:ActionState$Impl  ID: -64--88-1-5-1bc09c84:16520cc1caf:-8000:0000000000000973  MID: -64--88-1-5-1bc09c84:16520cc1caf:-8000:00000000000005E9  OPCKG: -64--88-1-5-1bc09c84:16520cc1caf:-8000:0000000000000874
M:Fig org.argouml.uml.diagram.activity.ui.FigActionState.createBigPortFig()
M:int org.argouml.uml.diagram.activity.ui.FigActionState.getNotationProviderType()
M:void org.argouml.uml.diagram.activity.ui.FigActionState.initializeActionState()
M:void org.argouml.uml.diagram.activity.ui.FigActionState.setStandardBounds(int, int, int, int)
P:10
P:10
P:117
P:30
M:void org.argouml.uml.diagram.activity.ui.UMLActivityDiagram.encloserChanged(FigNode, FigNode, FigNode)
P:org.argouml.uml.diagram.activity.ui.FigActionState@4fc08654
M:void org.argouml.uml.diagram.activity.ui.FigActionState.modelChanged(PropertyChangeEvent)
P:org.argouml.model.AddAssociationEvent[propertyName=container; oldValue=null; newValue=CompositeState$Impl  ID: -64--88-1-5-1bc09c84:16520cc1caf:-8000:0000000000000971  MID: -64--88-1-5-1bc09c84:16520cc1caf:-8000:000000000000050A  OPCKG: -64--88-1-5-1bc09c84:16520cc1caf:-8000:0000000000000874; propagationId=null; source=ActionState$Impl  ID: -64--88-1-5-1bc09c84:16520cc1caf:-8000:0000000000000973  MID: -64--88-1-5-1bc09c84:16520cc1caf:-8000:00000000000005E9  OPCKG: -64--88-1-5-1bc09c84:16520cc1caf:-8000:0000000000000874]: org.netbeans.api.mdr.events.AssociationEvent[source=AContainerSubvertex$Impl  ID: -64--88-1-5-1bc09c84:16520cc1caf:-8000:000000000000092C  MID: -64--88-1-5-1bc09c84:16520cc1caf:-8000:0000000000000537  OPCKG: -64--88-1-5-1bc09c84:16520cc1caf:-8000:0000000000000874]
M:int org.argouml.uml.diagram.activity.ui.FigActionState.getNotationProviderType()
M:Dimension org.argouml.uml.diagram.activity.ui.FigActionState.getMinimumSize()
M:void org.argouml.uml.diagram.activity.ui.FigActionState.setStandardBounds(int, int, int, int)
P:240
P:64
P:117
P:36
M:Dimension org.argouml.uml.diagram.activity.ui.FigActionState.getMinimumSize()
M:void org.argouml.uml.diagram.activity.ui.FigActionState.setStandardBounds(int, int, int, int)
P:240
P:64
P:117
P:36
M:Dimension org.argouml.uml.diagram.activity.ui.FigActionState.getMinimumSize()
M:void org.argouml.uml.diagram.activity.ui.FigActionState.modelChanged(PropertyChangeEvent)
P:org.argouml.model.AttributeChangeEvent[propertyName=container; oldValue=null; newValue=CompositeState$Impl  ID: -64--88-1-5-1bc09c84:16520cc1caf:-8000:0000000000000971  MID: -64--88-1-5-1bc09c84:16520cc1caf:-8000:000000000000050A  OPCKG: -64--88-1-5-1bc09c84:16520cc1caf:-8000:0000000000000874; propagationId=null; source=ActionState$Impl  ID: -64--88-1-5-1bc09c84:16520cc1caf:-8000:0000000000000973  MID: -64--88-1-5-1bc09c84:16520cc1caf:-8000:00000000000005E9  OPCKG: -64--88-1-5-1bc09c84:16520cc1caf:-8000:0000000000000874]: org.netbeans.api.mdr.events.AssociationEvent[source=AContainerSubvertex$Impl  ID: -64--88-1-5-1bc09c84:16520cc1caf:-8000:000000000000092C  MID: -64--88-1-5-1bc09c84:16520cc1caf:-8000:0000000000000537  OPCKG: -64--88-1-5-1bc09c84:16520cc1caf:-8000:0000000000000874]
M:int org.argouml.uml.diagram.activity.ui.FigActionState.getNotationProviderType()
M:Dimension org.argouml.uml.diagram.activity.ui.FigActionState.getMinimumSize()
M:Dimension org.argouml.uml.diagram.activity.ui.FigActionState.getMinimumSize()
M:void org.argouml.uml.diagram.activity.ui.FigActionState.setStandardBounds(int, int, int, int)
P:240
P:64
P:117
P:36
M:Dimension org.argouml.uml.diagram.activity.ui.FigActionState.getMinimumSize()
M:boolean org.argouml.uml.diagram.activity.ui.FigActionState.isFilled()
M:Color org.argouml.uml.diagram.activity.ui.FigActionState.getFillColor()
M:int org.argouml.uml.diagram.activity.ui.FigActionState.getLineWidth()
M:Color org.argouml.uml.diagram.activity.ui.FigActionState.getLineColor()
M:boolean org.argouml.uml.diagram.activity.ui.FigActionState.isFilled()
M:Color org.argouml.uml.diagram.activity.ui.FigActionState.getFillColor()
M:int org.argouml.uml.diagram.activity.ui.FigActionState.getLineWidth()
M:Color org.argouml.uml.diagram.activity.ui.FigActionState.getLineColor()
M:Icon[] org.argouml.uml.diagram.activity.ui.SelectionActionState.getIcons()
M:String org.argouml.uml.diagram.activity.ui.SelectionActionState.getInstructions(int)
P:15
M:void org.argouml.uml.diagram.activity.ui.UMLActivityDiagram.encloserChanged(FigNode, FigNode, FigNode)
P:org.argouml.uml.diagram.activity.ui.FigActionState@4fc08654
M:Icon[] org.argouml.uml.diagram.activity.ui.SelectionActionState.getIcons()
M:Dimension org.argouml.uml.diagram.activity.ui.FigActionState.getMinimumSize()
M:Dimension org.argouml.uml.diagram.activity.ui.FigActionState.getMinimumSize()
M:Icon[] org.argouml.uml.diagram.activity.ui.SelectionActionState.getIcons()
M:Icon[] org.argouml.uml.diagram.activity.ui.SelectionActionState.getIcons()
M:Icon[] org.argouml.uml.diagram.activity.ui.SelectionActionState.getIcons()
M:Icon[] org.argouml.uml.diagram.activity.ui.SelectionActionState.getIcons()
M:String org.argouml.uml.diagram.activity.ui.SelectionActionState.getInstructions(int)
P:15
M:Icon[] org.argouml.uml.diagram.activity.ui.SelectionActionState.getIcons()
M:String org.argouml.uml.diagram.activity.ui.SelectionActionState.getInstructions(int)
P:15
M:Icon[] org.argouml.uml.diagram.activity.ui.SelectionActionState.getIcons()
M:String org.argouml.uml.diagram.activity.ui.SelectionActionState.getInstructions(int)
P:15
M:Icon[] org.argouml.uml.diagram.activity.ui.SelectionActionState.getIcons()
M:String org.argouml.uml.diagram.activity.ui.SelectionActionState.getInstructions(int)
P:15
M:void org.argouml.uml.diagram.activity.ui.SelectionActionState.setIncomingButtonEnabled(boolean)
P:false
M:void org.argouml.uml.diagram.activity.ui.SelectionActionState.setIncomingAboveButtonEnabled(boolean)
P:false
M:void org.argouml.uml.diagram.activity.ui.SelectionActionState.setIncomingLeftButtonEnabled(boolean)
P:false
M:void org.argouml.uml.diagram.activity.ui.SelectionActionState.setOutgoingButtonEnabled(boolean)
P:true
M:void org.argouml.uml.diagram.activity.ui.SelectionActionState.setOutgoingRightButtonEnabled(boolean)
P:true
M:void org.argouml.uml.diagram.activity.ui.SelectionActionState.setOutgoingBelowButtonEnabled(boolean)
P:true
M:Icon[] org.argouml.uml.diagram.activity.ui.SelectionActionState.getIcons()
M:void org.argouml.uml.diagram.activity.ui.UMLActivityDiagram.encloserChanged(FigNode, FigNode, FigNode)
P:org.argouml.uml.diagram.state.ui.FigInitialState@36e8ae60
M:Icon[] org.argouml.uml.diagram.activity.ui.SelectionActionState.getIcons()
M:Icon[] org.argouml.uml.diagram.activity.ui.SelectionActionState.getIcons()
M:Icon[] org.argouml.uml.diagram.activity.ui.SelectionActionState.getIcons()
M:String org.argouml.uml.diagram.activity.ui.SelectionActionState.getInstructions(int)
P:13
M:Icon[] org.argouml.uml.diagram.activity.ui.SelectionActionState.getIcons()
M:String org.argouml.uml.diagram.activity.ui.SelectionActionState.getInstructions(int)
P:13
M:Icon[] org.argouml.uml.diagram.activity.ui.SelectionActionState.getIcons()
M:String org.argouml.uml.diagram.activity.ui.SelectionActionState.getInstructions(int)
P:13
M:Icon[] org.argouml.uml.diagram.activity.ui.SelectionActionState.getIcons()
M:String org.argouml.uml.diagram.activity.ui.SelectionActionState.getInstructions(int)
P:13
M:Icon[] org.argouml.uml.diagram.activity.ui.SelectionActionState.getIcons()
M:String org.argouml.uml.diagram.activity.ui.SelectionActionState.getInstructions(int)
P:13
M:Icon[] org.argouml.uml.diagram.activity.ui.SelectionActionState.getIcons()
M:Icon[] org.argouml.uml.diagram.activity.ui.SelectionActionState.getIcons()
M:String org.argouml.uml.diagram.activity.ui.SelectionActionState.getInstructions(int)
P:15
M:Object org.argouml.uml.diagram.activity.ui.SelectionActionState.getNewNodeType(int)
P:13
M:Object org.argouml.uml.diagram.activity.ui.SelectionActionState.getNewEdgeType(int)
P:13
M:boolean org.argouml.uml.diagram.activity.ui.SelectionActionState.isReverseEdge(int)
P:13
M:void org.argouml.uml.diagram.activity.ui.FigActionState.modelChanged(PropertyChangeEvent)
P:org.argouml.model.AddAssociationEvent[propertyName=incoming; oldValue=null; newValue=Transition$Impl  ID: -64--88-1-5-1bc09c84:16520cc1caf:-8000:0000000000000974  MID: -64--88-1-5-1bc09c84:16520cc1caf:-8000:0000000000000507  OPCKG: -64--88-1-5-1bc09c84:16520cc1caf:-8000:0000000000000874; propagationId=null; source=ActionState$Impl  ID: -64--88-1-5-1bc09c84:16520cc1caf:-8000:0000000000000973  MID: -64--88-1-5-1bc09c84:16520cc1caf:-8000:00000000000005E9  OPCKG: -64--88-1-5-1bc09c84:16520cc1caf:-8000:0000000000000874]: org.netbeans.api.mdr.events.AssociationEvent[source=AIncomingTarget$Impl  ID: -64--88-1-5-1bc09c84:16520cc1caf:-8000:0000000000000932  MID: -64--88-1-5-1bc09c84:16520cc1caf:-8000:0000000000000549  OPCKG: -64--88-1-5-1bc09c84:16520cc1caf:-8000:0000000000000874]
M:void org.argouml.uml.diagram.activity.ui.FigActionState.modelChanged(PropertyChangeEvent)
P:org.argouml.model.AttributeChangeEvent[propertyName=incoming; oldValue=null; newValue=Transition$Impl  ID: -64--88-1-5-1bc09c84:16520cc1caf:-8000:0000000000000974  MID: -64--88-1-5-1bc09c84:16520cc1caf:-8000:0000000000000507  OPCKG: -64--88-1-5-1bc09c84:16520cc1caf:-8000:0000000000000874; propagationId=null; source=ActionState$Impl  ID: -64--88-1-5-1bc09c84:16520cc1caf:-8000:0000000000000973  MID: -64--88-1-5-1bc09c84:16520cc1caf:-8000:00000000000005E9  OPCKG: -64--88-1-5-1bc09c84:16520cc1caf:-8000:0000000000000874]: org.netbeans.api.mdr.events.AssociationEvent[source=AIncomingTarget$Impl  ID: -64--88-1-5-1bc09c84:16520cc1caf:-8000:0000000000000932  MID: -64--88-1-5-1bc09c84:16520cc1caf:-8000:0000000000000549  OPCKG: -64--88-1-5-1bc09c84:16520cc1caf:-8000:0000000000000874]
M:Dimension org.argouml.uml.diagram.activity.ui.FigActionState.getMinimumSize()
M:Dimension org.argouml.uml.diagram.activity.ui.FigActionState.getMinimumSize()
M:FigNode org.argouml.uml.diagram.activity.ui.ActivityDiagramRenderer.getFigNodeFor(GraphModel, Layer, Object, Map)
P:org.argouml.uml.diagram.activity.ActivityDiagramGraphModel@232539fa
P:org.tigris.gef.base.LayerPerspectiveMutable@79fbf62a[untitledModel]
P:ActionState$Impl  ID: -64--88-1-5-1bc09c84:16520cc1caf:-8000:0000000000000975  MID: -64--88-1-5-1bc09c84:16520cc1caf:-8000:00000000000005E9  OPCKG: -64--88-1-5-1bc09c84:16520cc1caf:-8000:0000000000000874
M:boolean org.argouml.uml.diagram.activity.ui.UMLActivityDiagram.doesAccept(Object)
P:ActionState$Impl  ID: -64--88-1-5-1bc09c84:16520cc1caf:-8000:0000000000000975  MID: -64--88-1-5-1bc09c84:16520cc1caf:-8000:00000000000005E9  OPCKG: -64--88-1-5-1bc09c84:16520cc1caf:-8000:0000000000000874
M:DiagramElement org.argouml.uml.diagram.activity.ui.UMLActivityDiagram.createDiagramElement(Object, Rectangle)
P:ActionState$Impl  ID: -64--88-1-5-1bc09c84:16520cc1caf:-8000:0000000000000975  MID: -64--88-1-5-1bc09c84:16520cc1caf:-8000:00000000000005E9  OPCKG: -64--88-1-5-1bc09c84:16520cc1caf:-8000:0000000000000874
M:Fig org.argouml.uml.diagram.activity.ui.FigActionState.createBigPortFig()
M:int org.argouml.uml.diagram.activity.ui.FigActionState.getNotationProviderType()
M:void org.argouml.uml.diagram.activity.ui.FigActionState.initializeActionState()
M:void org.argouml.uml.diagram.activity.ui.FigActionState.setStandardBounds(int, int, int, int)
P:10
P:10
P:117
P:30
M:void org.argouml.uml.diagram.activity.ui.UMLActivityDiagram.encloserChanged(FigNode, FigNode, FigNode)
P:org.argouml.uml.diagram.activity.ui.FigActionState@2c2588ba
M:void org.argouml.uml.diagram.activity.ui.FigActionState.modelChanged(PropertyChangeEvent)
P:org.argouml.model.AddAssociationEvent[propertyName=container; oldValue=null; newValue=CompositeState$Impl  ID: -64--88-1-5-1bc09c84:16520cc1caf:-8000:0000000000000971  MID: -64--88-1-5-1bc09c84:16520cc1caf:-8000:000000000000050A  OPCKG: -64--88-1-5-1bc09c84:16520cc1caf:-8000:0000000000000874; propagationId=null; source=ActionState$Impl  ID: -64--88-1-5-1bc09c84:16520cc1caf:-8000:0000000000000975  MID: -64--88-1-5-1bc09c84:16520cc1caf:-8000:00000000000005E9  OPCKG: -64--88-1-5-1bc09c84:16520cc1caf:-8000:0000000000000874]: org.netbeans.api.mdr.events.AssociationEvent[source=AContainerSubvertex$Impl  ID: -64--88-1-5-1bc09c84:16520cc1caf:-8000:000000000000092C  MID: -64--88-1-5-1bc09c84:16520cc1caf:-8000:0000000000000537  OPCKG: -64--88-1-5-1bc09c84:16520cc1caf:-8000:0000000000000874]
M:int org.argouml.uml.diagram.activity.ui.FigActionState.getNotationProviderType()
M:Dimension org.argouml.uml.diagram.activity.ui.FigActionState.getMinimumSize()
M:void org.argouml.uml.diagram.activity.ui.FigActionState.setStandardBounds(int, int, int, int)
P:496
P:64
P:117
P:36
M:Dimension org.argouml.uml.diagram.activity.ui.FigActionState.getMinimumSize()
M:void org.argouml.uml.diagram.activity.ui.FigActionState.setStandardBounds(int, int, int, int)
P:496
P:64
P:117
P:36
M:Dimension org.argouml.uml.diagram.activity.ui.FigActionState.getMinimumSize()
M:void org.argouml.uml.diagram.activity.ui.FigActionState.modelChanged(PropertyChangeEvent)
P:org.argouml.model.AttributeChangeEvent[propertyName=container; oldValue=null; newValue=CompositeState$Impl  ID: -64--88-1-5-1bc09c84:16520cc1caf:-8000:0000000000000971  MID: -64--88-1-5-1bc09c84:16520cc1caf:-8000:000000000000050A  OPCKG: -64--88-1-5-1bc09c84:16520cc1caf:-8000:0000000000000874; propagationId=null; source=ActionState$Impl  ID: -64--88-1-5-1bc09c84:16520cc1caf:-8000:0000000000000975  MID: -64--88-1-5-1bc09c84:16520cc1caf:-8000:00000000000005E9  OPCKG: -64--88-1-5-1bc09c84:16520cc1caf:-8000:0000000000000874]: org.netbeans.api.mdr.events.AssociationEvent[source=AContainerSubvertex$Impl  ID: -64--88-1-5-1bc09c84:16520cc1caf:-8000:000000000000092C  MID: -64--88-1-5-1bc09c84:16520cc1caf:-8000:0000000000000537  OPCKG: -64--88-1-5-1bc09c84:16520cc1caf:-8000:0000000000000874]
M:int org.argouml.uml.diagram.activity.ui.FigActionState.getNotationProviderType()
M:Dimension org.argouml.uml.diagram.activity.ui.FigActionState.getMinimumSize()
M:Dimension org.argouml.uml.diagram.activity.ui.FigActionState.getMinimumSize()
M:void org.argouml.uml.diagram.activity.ui.FigActionState.setStandardBounds(int, int, int, int)
P:496
P:64
P:117
P:36
M:Dimension org.argouml.uml.diagram.activity.ui.FigActionState.getMinimumSize()
M:boolean org.argouml.uml.diagram.activity.ui.FigActionState.isFilled()
M:Color org.argouml.uml.diagram.activity.ui.FigActionState.getFillColor()
M:int org.argouml.uml.diagram.activity.ui.FigActionState.getLineWidth()
M:Color org.argouml.uml.diagram.activity.ui.FigActionState.getLineColor()
M:boolean org.argouml.uml.diagram.activity.ui.FigActionState.isFilled()
M:Color org.argouml.uml.diagram.activity.ui.FigActionState.getFillColor()
M:int org.argouml.uml.diagram.activity.ui.FigActionState.getLineWidth()
M:Color org.argouml.uml.diagram.activity.ui.FigActionState.getLineColor()
M:Icon[] org.argouml.uml.diagram.activity.ui.SelectionActionState.getIcons()
M:String org.argouml.uml.diagram.activity.ui.SelectionActionState.getInstructions(int)
P:15
M:void org.argouml.uml.diagram.activity.ui.UMLActivityDiagram.encloserChanged(FigNode, FigNode, FigNode)
P:org.argouml.uml.diagram.activity.ui.FigActionState@2c2588ba
M:Icon[] org.argouml.uml.diagram.activity.ui.SelectionActionState.getIcons()
M:Dimension org.argouml.uml.diagram.activity.ui.FigActionState.getMinimumSize()
M:Dimension org.argouml.uml.diagram.activity.ui.FigActionState.getMinimumSize()
M:Icon[] org.argouml.uml.diagram.activity.ui.SelectionActionState.getIcons()
M:Icon[] org.argouml.uml.diagram.activity.ui.SelectionActionState.getIcons()
M:Icon[] org.argouml.uml.diagram.activity.ui.SelectionActionState.getIcons()
M:Icon[] org.argouml.uml.diagram.activity.ui.SelectionActionState.getIcons()
M:String org.argouml.uml.diagram.activity.ui.SelectionActionState.getInstructions(int)
P:15
M:Icon[] org.argouml.uml.diagram.activity.ui.SelectionActionState.getIcons()
M:String org.argouml.uml.diagram.activity.ui.SelectionActionState.getInstructions(int)
P:15
M:Icon[] org.argouml.uml.diagram.activity.ui.SelectionActionState.getIcons()
M:String org.argouml.uml.diagram.activity.ui.SelectionActionState.getInstructions(int)
P:15
M:boolean org.argouml.uml.diagram.activity.ui.FigActionState.isFilled()
M:Color org.argouml.uml.diagram.activity.ui.FigActionState.getFillColor()
M:int org.argouml.uml.diagram.activity.ui.FigActionState.getLineWidth()
M:Color org.argouml.uml.diagram.activity.ui.FigActionState.getLineColor()
M:boolean org.argouml.uml.diagram.activity.ui.FigActionState.isFilled()
M:Color org.argouml.uml.diagram.activity.ui.FigActionState.getFillColor()
M:int org.argouml.uml.diagram.activity.ui.FigActionState.getLineWidth()
M:Color org.argouml.uml.diagram.activity.ui.FigActionState.getLineColor()
M:Icon[] org.argouml.uml.diagram.activity.ui.SelectionActionState.getIcons()
M:void org.argouml.uml.diagram.activity.ui.UMLActivityDiagram.encloserChanged(FigNode, FigNode, FigNode)
P:org.argouml.uml.diagram.activity.ui.FigActionState@4fc08654
M:Icon[] org.argouml.uml.diagram.activity.ui.SelectionActionState.getIcons()
M:Icon[] org.argouml.uml.diagram.activity.ui.SelectionActionState.getIcons()
M:String org.argouml.uml.diagram.activity.ui.SelectionActionState.getInstructions(int)
P:13
M:Icon[] org.argouml.uml.diagram.activity.ui.SelectionActionState.getIcons()
M:String org.argouml.uml.diagram.activity.ui.SelectionActionState.getInstructions(int)
P:13
M:Icon[] org.argouml.uml.diagram.activity.ui.SelectionActionState.getIcons()
M:String org.argouml.uml.diagram.activity.ui.SelectionActionState.getInstructions(int)
P:13
M:Icon[] org.argouml.uml.diagram.activity.ui.SelectionActionState.getIcons()
M:String org.argouml.uml.diagram.activity.ui.SelectionActionState.getInstructions(int)
P:13
M:Icon[] org.argouml.uml.diagram.activity.ui.SelectionActionState.getIcons()
M:String org.argouml.uml.diagram.activity.ui.SelectionActionState.getInstructions(int)
P:13
M:Icon[] org.argouml.uml.diagram.activity.ui.SelectionActionState.getIcons()
M:Icon[] org.argouml.uml.diagram.activity.ui.SelectionActionState.getIcons()
M:String org.argouml.uml.diagram.activity.ui.SelectionActionState.getInstructions(int)
P:15
M:Object org.argouml.uml.diagram.activity.ui.SelectionActionState.getNewNodeType(int)
P:13
M:Object org.argouml.uml.diagram.activity.ui.SelectionActionState.getNewEdgeType(int)
P:13
M:boolean org.argouml.uml.diagram.activity.ui.SelectionActionState.isReverseEdge(int)
P:13
M:void org.argouml.uml.diagram.activity.ui.FigActionState.modelChanged(PropertyChangeEvent)
P:org.argouml.model.AddAssociationEvent[propertyName=outgoing; oldValue=null; newValue=Transition$Impl  ID: -64--88-1-5-1bc09c84:16520cc1caf:-8000:0000000000000976  MID: -64--88-1-5-1bc09c84:16520cc1caf:-8000:0000000000000507  OPCKG: -64--88-1-5-1bc09c84:16520cc1caf:-8000:0000000000000874; propagationId=null; source=ActionState$Impl  ID: -64--88-1-5-1bc09c84:16520cc1caf:-8000:0000000000000973  MID: -64--88-1-5-1bc09c84:16520cc1caf:-8000:00000000000005E9  OPCKG: -64--88-1-5-1bc09c84:16520cc1caf:-8000:0000000000000874]: org.netbeans.api.mdr.events.AssociationEvent[source=AOutgoingSource$Impl  ID: -64--88-1-5-1bc09c84:16520cc1caf:-8000:0000000000000931  MID: -64--88-1-5-1bc09c84:16520cc1caf:-8000:0000000000000546  OPCKG: -64--88-1-5-1bc09c84:16520cc1caf:-8000:0000000000000874]
M:void org.argouml.uml.diagram.activity.ui.FigActionState.modelChanged(PropertyChangeEvent)
P:org.argouml.model.AttributeChangeEvent[propertyName=outgoing; oldValue=null; newValue=Transition$Impl  ID: -64--88-1-5-1bc09c84:16520cc1caf:-8000:0000000000000976  MID: -64--88-1-5-1bc09c84:16520cc1caf:-8000:0000000000000507  OPCKG: -64--88-1-5-1bc09c84:16520cc1caf:-8000:0000000000000874; propagationId=null; source=ActionState$Impl  ID: -64--88-1-5-1bc09c84:16520cc1caf:-8000:0000000000000973  MID: -64--88-1-5-1bc09c84:16520cc1caf:-8000:00000000000005E9  OPCKG: -64--88-1-5-1bc09c84:16520cc1caf:-8000:0000000000000874]: org.netbeans.api.mdr.events.AssociationEvent[source=AOutgoingSource$Impl  ID: -64--88-1-5-1bc09c84:16520cc1caf:-8000:0000000000000931  MID: -64--88-1-5-1bc09c84:16520cc1caf:-8000:0000000000000546  OPCKG: -64--88-1-5-1bc09c84:16520cc1caf:-8000:0000000000000874]
M:void org.argouml.uml.diagram.activity.ui.FigActionState.modelChanged(PropertyChangeEvent)
P:org.argouml.model.AddAssociationEvent[propertyName=incoming; oldValue=null; newValue=Transition$Impl  ID: -64--88-1-5-1bc09c84:16520cc1caf:-8000:0000000000000976  MID: -64--88-1-5-1bc09c84:16520cc1caf:-8000:0000000000000507  OPCKG: -64--88-1-5-1bc09c84:16520cc1caf:-8000:0000000000000874; propagationId=null; source=ActionState$Impl  ID: -64--88-1-5-1bc09c84:16520cc1caf:-8000:0000000000000975  MID: -64--88-1-5-1bc09c84:16520cc1caf:-8000:00000000000005E9  OPCKG: -64--88-1-5-1bc09c84:16520cc1caf:-8000:0000000000000874]: org.netbeans.api.mdr.events.AssociationEvent[source=AIncomingTarget$Impl  ID: -64--88-1-5-1bc09c84:16520cc1caf:-8000:0000000000000932  MID: -64--88-1-5-1bc09c84:16520cc1caf:-8000:0000000000000549  OPCKG: -64--88-1-5-1bc09c84:16520cc1caf:-8000:0000000000000874]
M:void org.argouml.uml.diagram.activity.ui.FigActionState.modelChanged(PropertyChangeEvent)
P:org.argouml.model.AttributeChangeEvent[propertyName=incoming; oldValue=null; newValue=Transition$Impl  ID: -64--88-1-5-1bc09c84:16520cc1caf:-8000:0000000000000976  MID: -64--88-1-5-1bc09c84:16520cc1caf:-8000:0000000000000507  OPCKG: -64--88-1-5-1bc09c84:16520cc1caf:-8000:0000000000000874; propagationId=null; source=ActionState$Impl  ID: -64--88-1-5-1bc09c84:16520cc1caf:-8000:0000000000000975  MID: -64--88-1-5-1bc09c84:16520cc1caf:-8000:00000000000005E9  OPCKG: -64--88-1-5-1bc09c84:16520cc1caf:-8000:0000000000000874]: org.netbeans.api.mdr.events.AssociationEvent[source=AIncomingTarget$Impl  ID: -64--88-1-5-1bc09c84:16520cc1caf:-8000:0000000000000932  MID: -64--88-1-5-1bc09c84:16520cc1caf:-8000:0000000000000549  OPCKG: -64--88-1-5-1bc09c84:16520cc1caf:-8000:0000000000000874]
M:Dimension org.argouml.uml.diagram.activity.ui.FigActionState.getMinimumSize()
M:Dimension org.argouml.uml.diagram.activity.ui.FigActionState.getMinimumSize()
M:Dimension org.argouml.uml.diagram.activity.ui.FigActionState.getMinimumSize()
M:Dimension org.argouml.uml.diagram.activity.ui.FigActionState.getMinimumSize()
M:FigNode org.argouml.uml.diagram.activity.ui.ActivityDiagramRenderer.getFigNodeFor(GraphModel, Layer, Object, Map)
P:org.argouml.uml.diagram.activity.ActivityDiagramGraphModel@232539fa
P:org.tigris.gef.base.LayerPerspectiveMutable@79fbf62a[untitledModel]
P:Pseudostate$Impl  ID: -64--88-1-5-1bc09c84:16520cc1caf:-8000:0000000000000977  MID: -64--88-1-5-1bc09c84:16520cc1caf:-8000:0000000000000511  OPCKG: -64--88-1-5-1bc09c84:16520cc1caf:-8000:0000000000000874
M:boolean org.argouml.uml.diagram.activity.ui.UMLActivityDiagram.doesAccept(Object)
P:Pseudostate$Impl  ID: -64--88-1-5-1bc09c84:16520cc1caf:-8000:0000000000000977  MID: -64--88-1-5-1bc09c84:16520cc1caf:-8000:0000000000000511  OPCKG: -64--88-1-5-1bc09c84:16520cc1caf:-8000:0000000000000874
M:DiagramElement org.argouml.uml.diagram.activity.ui.UMLActivityDiagram.createDiagramElement(Object, Rectangle)
P:Pseudostate$Impl  ID: -64--88-1-5-1bc09c84:16520cc1caf:-8000:0000000000000977  MID: -64--88-1-5-1bc09c84:16520cc1caf:-8000:0000000000000511  OPCKG: -64--88-1-5-1bc09c84:16520cc1caf:-8000:0000000000000874
M:void org.argouml.uml.diagram.activity.ui.UMLActivityDiagram.encloserChanged(FigNode, FigNode, FigNode)
P:org.argouml.uml.diagram.state.ui.FigJunctionState@52db604b
M:Icon[] org.argouml.uml.diagram.activity.ui.SelectionActionState.getIcons()
M:String org.argouml.uml.diagram.activity.ui.SelectionActionState.getInstructions(int)
P:15
M:Icon[] org.argouml.uml.diagram.activity.ui.SelectionActionState.getIcons()
M:String org.argouml.uml.diagram.activity.ui.SelectionActionState.getInstructions(int)
P:15
M:Icon[] org.argouml.uml.diagram.activity.ui.SelectionActionState.getIcons()
M:void org.argouml.uml.diagram.activity.ui.UMLActivityDiagram.encloserChanged(FigNode, FigNode, FigNode)
P:org.argouml.uml.diagram.state.ui.FigJunctionState@52db604b
M:Icon[] org.argouml.uml.diagram.activity.ui.SelectionActionState.getIcons()
M:Icon[] org.argouml.uml.diagram.activity.ui.SelectionActionState.getIcons()
M:Icon[] org.argouml.uml.diagram.activity.ui.SelectionActionState.getIcons()
M:Icon[] org.argouml.uml.diagram.activity.ui.SelectionActionState.getIcons()
M:String org.argouml.uml.diagram.activity.ui.SelectionActionState.getInstructions(int)
P:15
M:boolean org.argouml.uml.diagram.activity.ui.FigActionState.isFilled()
M:Color org.argouml.uml.diagram.activity.ui.FigActionState.getFillColor()
M:int org.argouml.uml.diagram.activity.ui.FigActionState.getLineWidth()
M:Color org.argouml.uml.diagram.activity.ui.FigActionState.getLineColor()
M:boolean org.argouml.uml.diagram.activity.ui.FigActionState.isFilled()
M:Color org.argouml.uml.diagram.activity.ui.FigActionState.getFillColor()
M:int org.argouml.uml.diagram.activity.ui.FigActionState.getLineWidth()
M:Color org.argouml.uml.diagram.activity.ui.FigActionState.getLineColor()
M:Icon[] org.argouml.uml.diagram.activity.ui.SelectionActionState.getIcons()
M:void org.argouml.uml.diagram.activity.ui.UMLActivityDiagram.encloserChanged(FigNode, FigNode, FigNode)
P:org.argouml.uml.diagram.activity.ui.FigActionState@2c2588ba
M:Icon[] org.argouml.uml.diagram.activity.ui.SelectionActionState.getIcons()
M:Icon[] org.argouml.uml.diagram.activity.ui.SelectionActionState.getIcons()
M:Icon[] org.argouml.uml.diagram.activity.ui.SelectionActionState.getIcons()
M:String org.argouml.uml.diagram.activity.ui.SelectionActionState.getInstructions(int)
P:13
M:Icon[] org.argouml.uml.diagram.activity.ui.SelectionActionState.getIcons()
M:String org.argouml.uml.diagram.activity.ui.SelectionActionState.getInstructions(int)
P:13
M:Icon[] org.argouml.uml.diagram.activity.ui.SelectionActionState.getIcons()
M:String org.argouml.uml.diagram.activity.ui.SelectionActionState.getInstructions(int)
P:13
M:Icon[] org.argouml.uml.diagram.activity.ui.SelectionActionState.getIcons()
M:String org.argouml.uml.diagram.activity.ui.SelectionActionState.getInstructions(int)
P:13
M:Icon[] org.argouml.uml.diagram.activity.ui.SelectionActionState.getIcons()
M:String org.argouml.uml.diagram.activity.ui.SelectionActionState.getInstructions(int)
P:13
M:Icon[] org.argouml.uml.diagram.activity.ui.SelectionActionState.getIcons()
M:Icon[] org.argouml.uml.diagram.activity.ui.SelectionActionState.getIcons()
M:String org.argouml.uml.diagram.activity.ui.SelectionActionState.getInstructions(int)
P:15
M:Object org.argouml.uml.diagram.activity.ui.SelectionActionState.getNewNodeType(int)
P:13
M:Object org.argouml.uml.diagram.activity.ui.SelectionActionState.getNewEdgeType(int)
P:13
M:boolean org.argouml.uml.diagram.activity.ui.SelectionActionState.isReverseEdge(int)
P:13
M:void org.argouml.uml.diagram.activity.ui.FigActionState.modelChanged(PropertyChangeEvent)
P:org.argouml.model.AddAssociationEvent[propertyName=outgoing; oldValue=null; newValue=Transition$Impl  ID: -64--88-1-5-1bc09c84:16520cc1caf:-8000:0000000000000978  MID: -64--88-1-5-1bc09c84:16520cc1caf:-8000:0000000000000507  OPCKG: -64--88-1-5-1bc09c84:16520cc1caf:-8000:0000000000000874; propagationId=null; source=ActionState$Impl  ID: -64--88-1-5-1bc09c84:16520cc1caf:-8000:0000000000000975  MID: -64--88-1-5-1bc09c84:16520cc1caf:-8000:00000000000005E9  OPCKG: -64--88-1-5-1bc09c84:16520cc1caf:-8000:0000000000000874]: org.netbeans.api.mdr.events.AssociationEvent[source=AOutgoingSource$Impl  ID: -64--88-1-5-1bc09c84:16520cc1caf:-8000:0000000000000931  MID: -64--88-1-5-1bc09c84:16520cc1caf:-8000:0000000000000546  OPCKG: -64--88-1-5-1bc09c84:16520cc1caf:-8000:0000000000000874]
M:void org.argouml.uml.diagram.activity.ui.FigActionState.modelChanged(PropertyChangeEvent)
P:org.argouml.model.AttributeChangeEvent[propertyName=outgoing; oldValue=null; newValue=Transition$Impl  ID: -64--88-1-5-1bc09c84:16520cc1caf:-8000:0000000000000978  MID: -64--88-1-5-1bc09c84:16520cc1caf:-8000:0000000000000507  OPCKG: -64--88-1-5-1bc09c84:16520cc1caf:-8000:0000000000000874; propagationId=null; source=ActionState$Impl  ID: -64--88-1-5-1bc09c84:16520cc1caf:-8000:0000000000000975  MID: -64--88-1-5-1bc09c84:16520cc1caf:-8000:00000000000005E9  OPCKG: -64--88-1-5-1bc09c84:16520cc1caf:-8000:0000000000000874]: org.netbeans.api.mdr.events.AssociationEvent[source=AOutgoingSource$Impl  ID: -64--88-1-5-1bc09c84:16520cc1caf:-8000:0000000000000931  MID: -64--88-1-5-1bc09c84:16520cc1caf:-8000:0000000000000546  OPCKG: -64--88-1-5-1bc09c84:16520cc1caf:-8000:0000000000000874]
M:Dimension org.argouml.uml.diagram.activity.ui.FigActionState.getMinimumSize()
M:Dimension org.argouml.uml.diagram.activity.ui.FigActionState.getMinimumSize()
M:FigNode org.argouml.uml.diagram.activity.ui.ActivityDiagramRenderer.getFigNodeFor(GraphModel, Layer, Object, Map)
P:org.argouml.uml.diagram.activity.ActivityDiagramGraphModel@232539fa
P:org.tigris.gef.base.LayerPerspectiveMutable@79fbf62a[untitledModel]
P:ActionState$Impl  ID: -64--88-1-5-1bc09c84:16520cc1caf:-8000:0000000000000979  MID: -64--88-1-5-1bc09c84:16520cc1caf:-8000:00000000000005E9  OPCKG: -64--88-1-5-1bc09c84:16520cc1caf:-8000:0000000000000874
M:boolean org.argouml.uml.diagram.activity.ui.UMLActivityDiagram.doesAccept(Object)
P:ActionState$Impl  ID: -64--88-1-5-1bc09c84:16520cc1caf:-8000:0000000000000979  MID: -64--88-1-5-1bc09c84:16520cc1caf:-8000:00000000000005E9  OPCKG: -64--88-1-5-1bc09c84:16520cc1caf:-8000:0000000000000874
M:DiagramElement org.argouml.uml.diagram.activity.ui.UMLActivityDiagram.createDiagramElement(Object, Rectangle)
P:ActionState$Impl  ID: -64--88-1-5-1bc09c84:16520cc1caf:-8000:0000000000000979  MID: -64--88-1-5-1bc09c84:16520cc1caf:-8000:00000000000005E9  OPCKG: -64--88-1-5-1bc09c84:16520cc1caf:-8000:0000000000000874
M:Fig org.argouml.uml.diagram.activity.ui.FigActionState.createBigPortFig()
M:int org.argouml.uml.diagram.activity.ui.FigActionState.getNotationProviderType()
M:void org.argouml.uml.diagram.activity.ui.FigActionState.initializeActionState()
M:void org.argouml.uml.diagram.activity.ui.FigActionState.setStandardBounds(int, int, int, int)
P:10
P:10
P:117
P:30
M:void org.argouml.uml.diagram.activity.ui.UMLActivityDiagram.encloserChanged(FigNode, FigNode, FigNode)
P:org.argouml.uml.diagram.activity.ui.FigActionState@60f6cc5f
M:void org.argouml.uml.diagram.activity.ui.FigActionState.modelChanged(PropertyChangeEvent)
P:org.argouml.model.AddAssociationEvent[propertyName=container; oldValue=null; newValue=CompositeState$Impl  ID: -64--88-1-5-1bc09c84:16520cc1caf:-8000:0000000000000971  MID: -64--88-1-5-1bc09c84:16520cc1caf:-8000:000000000000050A  OPCKG: -64--88-1-5-1bc09c84:16520cc1caf:-8000:0000000000000874; propagationId=null; source=ActionState$Impl  ID: -64--88-1-5-1bc09c84:16520cc1caf:-8000:0000000000000979  MID: -64--88-1-5-1bc09c84:16520cc1caf:-8000:00000000000005E9  OPCKG: -64--88-1-5-1bc09c84:16520cc1caf:-8000:0000000000000874]: org.netbeans.api.mdr.events.AssociationEvent[source=AContainerSubvertex$Impl  ID: -64--88-1-5-1bc09c84:16520cc1caf:-8000:000000000000092C  MID: -64--88-1-5-1bc09c84:16520cc1caf:-8000:0000000000000537  OPCKG: -64--88-1-5-1bc09c84:16520cc1caf:-8000:0000000000000874]
M:int org.argouml.uml.diagram.activity.ui.FigActionState.getNotationProviderType()
M:Dimension org.argouml.uml.diagram.activity.ui.FigActionState.getMinimumSize()
M:void org.argouml.uml.diagram.activity.ui.FigActionState.setStandardBounds(int, int, int, int)
P:680
P:168
P:117
P:36
M:Dimension org.argouml.uml.diagram.activity.ui.FigActionState.getMinimumSize()
M:void org.argouml.uml.diagram.activity.ui.FigActionState.setStandardBounds(int, int, int, int)
P:680
P:168
P:117
P:36
M:Dimension org.argouml.uml.diagram.activity.ui.FigActionState.getMinimumSize()
M:void org.argouml.uml.diagram.activity.ui.FigActionState.modelChanged(PropertyChangeEvent)
P:org.argouml.model.AttributeChangeEvent[propertyName=container; oldValue=null; newValue=CompositeState$Impl  ID: -64--88-1-5-1bc09c84:16520cc1caf:-8000:0000000000000971  MID: -64--88-1-5-1bc09c84:16520cc1caf:-8000:000000000000050A  OPCKG: -64--88-1-5-1bc09c84:16520cc1caf:-8000:0000000000000874; propagationId=null; source=ActionState$Impl  ID: -64--88-1-5-1bc09c84:16520cc1caf:-8000:0000000000000979  MID: -64--88-1-5-1bc09c84:16520cc1caf:-8000:00000000000005E9  OPCKG: -64--88-1-5-1bc09c84:16520cc1caf:-8000:0000000000000874]: org.netbeans.api.mdr.events.AssociationEvent[source=AContainerSubvertex$Impl  ID: -64--88-1-5-1bc09c84:16520cc1caf:-8000:000000000000092C  MID: -64--88-1-5-1bc09c84:16520cc1caf:-8000:0000000000000537  OPCKG: -64--88-1-5-1bc09c84:16520cc1caf:-8000:0000000000000874]
M:int org.argouml.uml.diagram.activity.ui.FigActionState.getNotationProviderType()
M:Dimension org.argouml.uml.diagram.activity.ui.FigActionState.getMinimumSize()
M:Dimension org.argouml.uml.diagram.activity.ui.FigActionState.getMinimumSize()
M:void org.argouml.uml.diagram.activity.ui.FigActionState.setStandardBounds(int, int, int, int)
P:680
P:168
P:117
P:36
M:Dimension org.argouml.uml.diagram.activity.ui.FigActionState.getMinimumSize()
M:boolean org.argouml.uml.diagram.activity.ui.FigActionState.isFilled()
M:Color org.argouml.uml.diagram.activity.ui.FigActionState.getFillColor()
M:int org.argouml.uml.diagram.activity.ui.FigActionState.getLineWidth()
M:Color org.argouml.uml.diagram.activity.ui.FigActionState.getLineColor()
M:boolean org.argouml.uml.diagram.activity.ui.FigActionState.isFilled()
M:Color org.argouml.uml.diagram.activity.ui.FigActionState.getFillColor()
M:int org.argouml.uml.diagram.activity.ui.FigActionState.getLineWidth()
M:Color org.argouml.uml.diagram.activity.ui.FigActionState.getLineColor()
M:Icon[] org.argouml.uml.diagram.activity.ui.SelectionActionState.getIcons()
M:String org.argouml.uml.diagram.activity.ui.SelectionActionState.getInstructions(int)
P:15
M:void org.argouml.uml.diagram.activity.ui.UMLActivityDiagram.encloserChanged(FigNode, FigNode, FigNode)
P:org.argouml.uml.diagram.activity.ui.FigActionState@60f6cc5f
M:Icon[] org.argouml.uml.diagram.activity.ui.SelectionActionState.getIcons()
M:Dimension org.argouml.uml.diagram.activity.ui.FigActionState.getMinimumSize()
M:Dimension org.argouml.uml.diagram.activity.ui.FigActionState.getMinimumSize()
M:Icon[] org.argouml.uml.diagram.activity.ui.SelectionActionState.getIcons()
M:Icon[] org.argouml.uml.diagram.activity.ui.SelectionActionState.getIcons()
M:Icon[] org.argouml.uml.diagram.activity.ui.SelectionActionState.getIcons()
M:Icon[] org.argouml.uml.diagram.activity.ui.SelectionActionState.getIcons()
M:String org.argouml.uml.diagram.activity.ui.SelectionActionState.getInstructions(int)
P:15
M:Icon[] org.argouml.uml.diagram.activity.ui.SelectionActionState.getIcons()
M:String org.argouml.uml.diagram.activity.ui.SelectionActionState.getInstructions(int)
P:15
M:Icon[] org.argouml.uml.diagram.activity.ui.SelectionActionState.getIcons()
M:String org.argouml.uml.diagram.activity.ui.SelectionActionState.getInstructions(int)
P:15
M:Icon[] org.argouml.uml.diagram.activity.ui.SelectionActionState.getIcons()
M:String org.argouml.uml.diagram.activity.ui.SelectionActionState.getInstructions(int)
P:15
M:FigNode org.argouml.uml.diagram.activity.ui.ActivityDiagramRenderer.getFigNodeFor(GraphModel, Layer, Object, Map)
P:org.argouml.uml.diagram.activity.ActivityDiagramGraphModel@232539fa
P:org.tigris.gef.base.LayerPerspectiveMutable@79fbf62a[untitledModel]
P:FinalState$Impl  ID: -64--88-1-5-1bc09c84:16520cc1caf:-8000:000000000000097A  MID: -64--88-1-5-1bc09c84:16520cc1caf:-8000:0000000000000519  OPCKG: -64--88-1-5-1bc09c84:16520cc1caf:-8000:0000000000000874
M:boolean org.argouml.uml.diagram.activity.ui.UMLActivityDiagram.doesAccept(Object)
P:FinalState$Impl  ID: -64--88-1-5-1bc09c84:16520cc1caf:-8000:000000000000097A  MID: -64--88-1-5-1bc09c84:16520cc1caf:-8000:0000000000000519  OPCKG: -64--88-1-5-1bc09c84:16520cc1caf:-8000:0000000000000874
M:DiagramElement org.argouml.uml.diagram.activity.ui.UMLActivityDiagram.createDiagramElement(Object, Rectangle)
P:FinalState$Impl  ID: -64--88-1-5-1bc09c84:16520cc1caf:-8000:000000000000097A  MID: -64--88-1-5-1bc09c84:16520cc1caf:-8000:0000000000000519  OPCKG: -64--88-1-5-1bc09c84:16520cc1caf:-8000:0000000000000874
M:void org.argouml.uml.diagram.activity.ui.UMLActivityDiagram.encloserChanged(FigNode, FigNode, FigNode)
P:org.argouml.uml.diagram.state.ui.FigFinalState@526a5f17
M:void org.argouml.uml.diagram.activity.ui.SelectionActionState.setOutgoingButtonEnabled(boolean)
P:false
M:void org.argouml.uml.diagram.activity.ui.SelectionActionState.setOutgoingRightButtonEnabled(boolean)
P:false
M:void org.argouml.uml.diagram.activity.ui.SelectionActionState.setOutgoingBelowButtonEnabled(boolean)
P:false
M:Icon[] org.argouml.uml.diagram.activity.ui.SelectionActionState.getIcons()
M:Icon[] org.argouml.uml.diagram.activity.ui.SelectionActionState.getIcons()
M:Icon[] org.argouml.uml.diagram.activity.ui.SelectionActionState.getIcons()
M:Icon[] org.argouml.uml.diagram.activity.ui.SelectionActionState.getIcons()
M:String org.argouml.uml.diagram.activity.ui.SelectionActionState.getInstructions(int)
P:15
M:Icon[] org.argouml.uml.diagram.activity.ui.SelectionActionState.getIcons()
M:void org.argouml.uml.diagram.activity.ui.UMLActivityDiagram.encloserChanged(FigNode, FigNode, FigNode)
P:org.argouml.uml.diagram.state.ui.FigJunctionState@52db604b
M:Icon[] org.argouml.uml.diagram.activity.ui.SelectionActionState.getIcons()
M:Icon[] org.argouml.uml.diagram.activity.ui.SelectionActionState.getIcons()
M:Icon[] org.argouml.uml.diagram.activity.ui.SelectionActionState.getIcons()
M:String org.argouml.uml.diagram.activity.ui.SelectionActionState.getInstructions(int)
P:11
M:Icon[] org.argouml.uml.diagram.activity.ui.SelectionActionState.getIcons()
M:String org.argouml.uml.diagram.activity.ui.SelectionActionState.getInstructions(int)
P:11
M:Icon[] org.argouml.uml.diagram.activity.ui.SelectionActionState.getIcons()
M:String org.argouml.uml.diagram.activity.ui.SelectionActionState.getInstructions(int)
P:11
M:Icon[] org.argouml.uml.diagram.activity.ui.SelectionActionState.getIcons()
M:String org.argouml.uml.diagram.activity.ui.SelectionActionState.getInstructions(int)
P:11
M:Icon[] org.argouml.uml.diagram.activity.ui.SelectionActionState.getIcons()
M:String org.argouml.uml.diagram.activity.ui.SelectionActionState.getInstructions(int)
P:11
M:Icon[] org.argouml.uml.diagram.activity.ui.SelectionActionState.getIcons()
M:Icon[] org.argouml.uml.diagram.activity.ui.SelectionActionState.getIcons()
M:String org.argouml.uml.diagram.activity.ui.SelectionActionState.getInstructions(int)
P:15
M:Object org.argouml.uml.diagram.activity.ui.SelectionActionState.getNewNodeType(int)
P:11
M:Object org.argouml.uml.diagram.activity.ui.SelectionActionState.getNewEdgeType(int)
P:11
M:boolean org.argouml.uml.diagram.activity.ui.SelectionActionState.isReverseEdge(int)
P:11
M:void org.argouml.uml.diagram.activity.ui.FigActionState.modelChanged(PropertyChangeEvent)
P:org.argouml.model.AddAssociationEvent[propertyName=incoming; oldValue=null; newValue=Transition$Impl  ID: -64--88-1-5-1bc09c84:16520cc1caf:-8000:000000000000097B  MID: -64--88-1-5-1bc09c84:16520cc1caf:-8000:0000000000000507  OPCKG: -64--88-1-5-1bc09c84:16520cc1caf:-8000:0000000000000874; propagationId=null; source=ActionState$Impl  ID: -64--88-1-5-1bc09c84:16520cc1caf:-8000:0000000000000979  MID: -64--88-1-5-1bc09c84:16520cc1caf:-8000:00000000000005E9  OPCKG: -64--88-1-5-1bc09c84:16520cc1caf:-8000:0000000000000874]: org.netbeans.api.mdr.events.AssociationEvent[source=AIncomingTarget$Impl  ID: -64--88-1-5-1bc09c84:16520cc1caf:-8000:0000000000000932  MID: -64--88-1-5-1bc09c84:16520cc1caf:-8000:0000000000000549  OPCKG: -64--88-1-5-1bc09c84:16520cc1caf:-8000:0000000000000874]
M:void org.argouml.uml.diagram.activity.ui.FigActionState.modelChanged(PropertyChangeEvent)
P:org.argouml.model.AttributeChangeEvent[propertyName=incoming; oldValue=null; newValue=Transition$Impl  ID: -64--88-1-5-1bc09c84:16520cc1caf:-8000:000000000000097B  MID: -64--88-1-5-1bc09c84:16520cc1caf:-8000:0000000000000507  OPCKG: -64--88-1-5-1bc09c84:16520cc1caf:-8000:0000000000000874; propagationId=null; source=ActionState$Impl  ID: -64--88-1-5-1bc09c84:16520cc1caf:-8000:0000000000000979  MID: -64--88-1-5-1bc09c84:16520cc1caf:-8000:00000000000005E9  OPCKG: -64--88-1-5-1bc09c84:16520cc1caf:-8000:0000000000000874]: org.netbeans.api.mdr.events.AssociationEvent[source=AIncomingTarget$Impl  ID: -64--88-1-5-1bc09c84:16520cc1caf:-8000:0000000000000932  MID: -64--88-1-5-1bc09c84:16520cc1caf:-8000:0000000000000549  OPCKG: -64--88-1-5-1bc09c84:16520cc1caf:-8000:0000000000000874]
M:Dimension org.argouml.uml.diagram.activity.ui.FigActionState.getMinimumSize()
M:Dimension org.argouml.uml.diagram.activity.ui.FigActionState.getMinimumSize()
M:boolean org.argouml.uml.diagram.activity.ui.FigActionState.isFilled()
M:Color org.argouml.uml.diagram.activity.ui.FigActionState.getFillColor()
M:int org.argouml.uml.diagram.activity.ui.FigActionState.getLineWidth()
M:Color org.argouml.uml.diagram.activity.ui.FigActionState.getLineColor()
M:boolean org.argouml.uml.diagram.activity.ui.FigActionState.isFilled()
M:Color org.argouml.uml.diagram.activity.ui.FigActionState.getFillColor()
M:int org.argouml.uml.diagram.activity.ui.FigActionState.getLineWidth()
M:Color org.argouml.uml.diagram.activity.ui.FigActionState.getLineColor()
M:Icon[] org.argouml.uml.diagram.activity.ui.SelectionActionState.getIcons()
M:void org.argouml.uml.diagram.activity.ui.UMLActivityDiagram.encloserChanged(FigNode, FigNode, FigNode)
P:org.argouml.uml.diagram.activity.ui.FigActionState@60f6cc5f
M:Icon[] org.argouml.uml.diagram.activity.ui.SelectionActionState.getIcons()
M:Icon[] org.argouml.uml.diagram.activity.ui.SelectionActionState.getIcons()
M:Icon[] org.argouml.uml.diagram.activity.ui.SelectionActionState.getIcons()
M:String org.argouml.uml.diagram.activity.ui.SelectionActionState.getInstructions(int)
P:11
M:Icon[] org.argouml.uml.diagram.activity.ui.SelectionActionState.getIcons()
M:String org.argouml.uml.diagram.activity.ui.SelectionActionState.getInstructions(int)
P:11
M:Icon[] org.argouml.uml.diagram.activity.ui.SelectionActionState.getIcons()
M:String org.argouml.uml.diagram.activity.ui.SelectionActionState.getInstructions(int)
P:11
M:Icon[] org.argouml.uml.diagram.activity.ui.SelectionActionState.getIcons()
M:String org.argouml.uml.diagram.activity.ui.SelectionActionState.getInstructions(int)
P:11
M:Icon[] org.argouml.uml.diagram.activity.ui.SelectionActionState.getIcons()
M:String org.argouml.uml.diagram.activity.ui.SelectionActionState.getInstructions(int)
P:11
M:Icon[] org.argouml.uml.diagram.activity.ui.SelectionActionState.getIcons()
M:Icon[] org.argouml.uml.diagram.activity.ui.SelectionActionState.getIcons()
M:String org.argouml.uml.diagram.activity.ui.SelectionActionState.getInstructions(int)
P:15
M:Object org.argouml.uml.diagram.activity.ui.SelectionActionState.getNewNodeType(int)
P:11
M:Object org.argouml.uml.diagram.activity.ui.SelectionActionState.getNewEdgeType(int)
P:11
M:boolean org.argouml.uml.diagram.activity.ui.SelectionActionState.isReverseEdge(int)
P:11
M:void org.argouml.uml.diagram.activity.ui.FigActionState.modelChanged(PropertyChangeEvent)
P:org.argouml.model.AddAssociationEvent[propertyName=outgoing; oldValue=null; newValue=Transition$Impl  ID: -64--88-1-5-1bc09c84:16520cc1caf:-8000:000000000000097C  MID: -64--88-1-5-1bc09c84:16520cc1caf:-8000:0000000000000507  OPCKG: -64--88-1-5-1bc09c84:16520cc1caf:-8000:0000000000000874; propagationId=null; source=ActionState$Impl  ID: -64--88-1-5-1bc09c84:16520cc1caf:-8000:0000000000000979  MID: -64--88-1-5-1bc09c84:16520cc1caf:-8000:00000000000005E9  OPCKG: -64--88-1-5-1bc09c84:16520cc1caf:-8000:0000000000000874]: org.netbeans.api.mdr.events.AssociationEvent[source=AOutgoingSource$Impl  ID: -64--88-1-5-1bc09c84:16520cc1caf:-8000:0000000000000931  MID: -64--88-1-5-1bc09c84:16520cc1caf:-8000:0000000000000546  OPCKG: -64--88-1-5-1bc09c84:16520cc1caf:-8000:0000000000000874]
M:void org.argouml.uml.diagram.activity.ui.FigActionState.modelChanged(PropertyChangeEvent)
P:org.argouml.model.AttributeChangeEvent[propertyName=outgoing; oldValue=null; newValue=Transition$Impl  ID: -64--88-1-5-1bc09c84:16520cc1caf:-8000:000000000000097C  MID: -64--88-1-5-1bc09c84:16520cc1caf:-8000:0000000000000507  OPCKG: -64--88-1-5-1bc09c84:16520cc1caf:-8000:0000000000000874; propagationId=null; source=ActionState$Impl  ID: -64--88-1-5-1bc09c84:16520cc1caf:-8000:0000000000000979  MID: -64--88-1-5-1bc09c84:16520cc1caf:-8000:00000000000005E9  OPCKG: -64--88-1-5-1bc09c84:16520cc1caf:-8000:0000000000000874]: org.netbeans.api.mdr.events.AssociationEvent[source=AOutgoingSource$Impl  ID: -64--88-1-5-1bc09c84:16520cc1caf:-8000:0000000000000931  MID: -64--88-1-5-1bc09c84:16520cc1caf:-8000:0000000000000546  OPCKG: -64--88-1-5-1bc09c84:16520cc1caf:-8000:0000000000000874]
M:Dimension org.argouml.uml.diagram.activity.ui.FigActionState.getMinimumSize()
M:Dimension org.argouml.uml.diagram.activity.ui.FigActionState.getMinimumSize()
M:Icon[] org.argouml.uml.diagram.activity.ui.SelectionActionState.getIcons()
M:void org.argouml.uml.diagram.activity.ui.UMLActivityDiagram.encloserChanged(FigNode, FigNode, FigNode)
P:org.argouml.uml.diagram.state.ui.FigJunctionState@52db604b
M:Icon[] org.argouml.uml.diagram.activity.ui.SelectionActionState.getIcons()
M:Icon[] org.argouml.uml.diagram.activity.ui.SelectionActionState.getIcons()
M:Icon[] org.argouml.uml.diagram.activity.ui.SelectionActionState.getIcons()
M:String org.argouml.uml.diagram.activity.ui.SelectionActionState.getInstructions(int)
P:13
M:Icon[] org.argouml.uml.diagram.activity.ui.SelectionActionState.getIcons()
M:String org.argouml.uml.diagram.activity.ui.SelectionActionState.getInstructions(int)
P:13
M:Icon[] org.argouml.uml.diagram.activity.ui.SelectionActionState.getIcons()
M:String org.argouml.uml.diagram.activity.ui.SelectionActionState.getInstructions(int)
P:13
M:Icon[] org.argouml.uml.diagram.activity.ui.SelectionActionState.getIcons()
M:String org.argouml.uml.diagram.activity.ui.SelectionActionState.getInstructions(int)
P:13
M:Icon[] org.argouml.uml.diagram.activity.ui.SelectionActionState.getIcons()
M:String org.argouml.uml.diagram.activity.ui.SelectionActionState.getInstructions(int)
P:13
M:Icon[] org.argouml.uml.diagram.activity.ui.SelectionActionState.getIcons()
M:Icon[] org.argouml.uml.diagram.activity.ui.SelectionActionState.getIcons()
M:String org.argouml.uml.diagram.activity.ui.SelectionActionState.getInstructions(int)
P:13
M:Icon[] org.argouml.uml.diagram.activity.ui.SelectionActionState.getIcons()
M:String org.argouml.uml.diagram.activity.ui.SelectionActionState.getInstructions(int)
P:13
M:Icon[] org.argouml.uml.diagram.activity.ui.SelectionActionState.getIcons()
M:String org.argouml.uml.diagram.activity.ui.SelectionActionState.getInstructions(int)
P:15
M:Object org.argouml.uml.diagram.activity.ui.SelectionActionState.getNewNodeType(int)
P:13
M:Object org.argouml.uml.diagram.activity.ui.SelectionActionState.getNewEdgeType(int)
P:13
M:boolean org.argouml.uml.diagram.activity.ui.SelectionActionState.isReverseEdge(int)
P:13
M:void org.argouml.uml.diagram.activity.ui.FigActionState.modelChanged(PropertyChangeEvent)
P:org.argouml.model.AddAssociationEvent[propertyName=incoming; oldValue=null; newValue=Transition$Impl  ID: -64--88-1-5-1bc09c84:16520cc1caf:-8000:000000000000097D  MID: -64--88-1-5-1bc09c84:16520cc1caf:-8000:0000000000000507  OPCKG: -64--88-1-5-1bc09c84:16520cc1caf:-8000:0000000000000874; propagationId=null; source=ActionState$Impl  ID: -64--88-1-5-1bc09c84:16520cc1caf:-8000:0000000000000973  MID: -64--88-1-5-1bc09c84:16520cc1caf:-8000:00000000000005E9  OPCKG: -64--88-1-5-1bc09c84:16520cc1caf:-8000:0000000000000874]: org.netbeans.api.mdr.events.AssociationEvent[source=AIncomingTarget$Impl  ID: -64--88-1-5-1bc09c84:16520cc1caf:-8000:0000000000000932  MID: -64--88-1-5-1bc09c84:16520cc1caf:-8000:0000000000000549  OPCKG: -64--88-1-5-1bc09c84:16520cc1caf:-8000:0000000000000874]
M:void org.argouml.uml.diagram.activity.ui.FigActionState.modelChanged(PropertyChangeEvent)
P:org.argouml.model.AttributeChangeEvent[propertyName=incoming; oldValue=null; newValue=Transition$Impl  ID: -64--88-1-5-1bc09c84:16520cc1caf:-8000:000000000000097D  MID: -64--88-1-5-1bc09c84:16520cc1caf:-8000:0000000000000507  OPCKG: -64--88-1-5-1bc09c84:16520cc1caf:-8000:0000000000000874; propagationId=null; source=ActionState$Impl  ID: -64--88-1-5-1bc09c84:16520cc1caf:-8000:0000000000000973  MID: -64--88-1-5-1bc09c84:16520cc1caf:-8000:00000000000005E9  OPCKG: -64--88-1-5-1bc09c84:16520cc1caf:-8000:0000000000000874]: org.netbeans.api.mdr.events.AssociationEvent[source=AIncomingTarget$Impl  ID: -64--88-1-5-1bc09c84:16520cc1caf:-8000:0000000000000932  MID: -64--88-1-5-1bc09c84:16520cc1caf:-8000:0000000000000549  OPCKG: -64--88-1-5-1bc09c84:16520cc1caf:-8000:0000000000000874]
M:Dimension org.argouml.uml.diagram.activity.ui.FigActionState.getMinimumSize()
M:Dimension org.argouml.uml.diagram.activity.ui.FigActionState.getMinimumSize()
