S:F;T;T;T;T;T;F;T;T;F;U;T;U;T;F;T;F;F;F;T;T;T;F;T;T;U;F;T;F;F;T;F;F;T;F;F;T;F;T;F;T;T;T;F;U;T;F;U;U;U;U;T;T;T;T;T;T;F;F;T;T;U;F;F;F;F;F;F;T;F;T;F;T;U;U;F;U;U;T;F;F;T;F;F;F;T;T;F;F;F;T;F;T;T;T;F;F;F;T;F;F;F;F;T;F;F;T;F;U;T;F;F;T;T;F;F;F;F;F;F;F;F;F;F;F;T;F;T;F;F;F;T;T;F;F;F;T;F;T;T;F;F;F;F;F;T;F;F;F;T;U;F;T;T;F;U;U;T;T
A:clickOnFigPartition
M:Icon[] org.argouml.uml.diagram.activity.ui.SelectionActionState.getIcons()
M:String org.argouml.uml.diagram.activity.ui.SelectionActionState.getInstructions(int)
P:11
M:Icon[] org.argouml.uml.diagram.activity.ui.SelectionActionState.getIcons()
M:String org.argouml.uml.diagram.activity.ui.SelectionActionState.getInstructions(int)
P:11
M:Icon[] org.argouml.uml.diagram.activity.ui.SelectionActionState.getIcons()
M:String org.argouml.uml.diagram.activity.ui.SelectionActionState.getInstructions(int)
P:11
M:Icon[] org.argouml.uml.diagram.activity.ui.SelectionActionState.getIcons()
M:Icon[] org.argouml.uml.diagram.activity.ui.SelectionActionState.getIcons()
M:String org.argouml.uml.diagram.activity.ui.SelectionActionState.getInstructions(int)
P:11
M:Icon[] org.argouml.uml.diagram.activity.ui.SelectionActionState.getIcons()
M:String org.argouml.uml.diagram.activity.ui.SelectionActionState.getInstructions(int)
P:15
M:Object org.argouml.uml.diagram.activity.ui.SelectionActionState.getNewNodeType(int)
P:11
M:Object org.argouml.uml.diagram.activity.ui.SelectionActionState.getNewEdgeType(int)
P:11
M:boolean org.argouml.uml.diagram.activity.ui.SelectionActionState.isReverseEdge(int)
P:11
M:void org.argouml.uml.diagram.activity.ui.FigActionState.modelChanged(PropertyChangeEvent)
P:org.argouml.model.AddAssociationEvent[propertyName=incoming; oldValue=null; newValue=Transition$Impl  ID: 127-0-0-1-3aa6726e:1652f4bf51e:-8000:000000000000097B  MID: 127-0-0-1-3aa6726e:1652f4bf51e:-8000:0000000000000507  OPCKG: 127-0-0-1-3aa6726e:1652f4bf51e:-8000:0000000000000879; propagationId=null; source=ActionState$Impl  ID: 127-0-0-1-3aa6726e:1652f4bf51e:-8000:000000000000097A  MID: 127-0-0-1-3aa6726e:1652f4bf51e:-8000:00000000000005E9  OPCKG: 127-0-0-1-3aa6726e:1652f4bf51e:-8000:0000000000000879]: org.netbeans.api.mdr.events.AssociationEvent[source=AIncomingTarget$Impl  ID: 127-0-0-1-3aa6726e:1652f4bf51e:-8000:0000000000000937  MID: 127-0-0-1-3aa6726e:1652f4bf51e:-8000:0000000000000549  OPCKG: 127-0-0-1-3aa6726e:1652f4bf51e:-8000:0000000000000879]
M:void org.argouml.uml.diagram.activity.ui.FigActionState.modelChanged(PropertyChangeEvent)
P:org.argouml.model.AttributeChangeEvent[propertyName=incoming; oldValue=null; newValue=Transition$Impl  ID: 127-0-0-1-3aa6726e:1652f4bf51e:-8000:000000000000097B  MID: 127-0-0-1-3aa6726e:1652f4bf51e:-8000:0000000000000507  OPCKG: 127-0-0-1-3aa6726e:1652f4bf51e:-8000:0000000000000879; propagationId=null; source=ActionState$Impl  ID: 127-0-0-1-3aa6726e:1652f4bf51e:-8000:000000000000097A  MID: 127-0-0-1-3aa6726e:1652f4bf51e:-8000:00000000000005E9  OPCKG: 127-0-0-1-3aa6726e:1652f4bf51e:-8000:0000000000000879]: org.netbeans.api.mdr.events.AssociationEvent[source=AIncomingTarget$Impl  ID: 127-0-0-1-3aa6726e:1652f4bf51e:-8000:0000000000000937  MID: 127-0-0-1-3aa6726e:1652f4bf51e:-8000:0000000000000549  OPCKG: 127-0-0-1-3aa6726e:1652f4bf51e:-8000:0000000000000879]
M:Dimension org.argouml.uml.diagram.activity.ui.FigActionState.getMinimumSize()
M:Dimension org.argouml.uml.diagram.activity.ui.FigActionState.getMinimumSize()
S:F;T;T;T;T;T;F;T;T;F;U;T;U;T;F;T;F;F;F;T;T;T;F;T;T;U;F;T;F;F;T;F;F;T;F;F;T;F;T;F;T;T;T;F;U;T;F;U;U;U;U;T;T;T;T;T;T;F;F;T;T;U;F;F;F;F;F;F;T;F;T;F;T;U;T;F;U;F;T;F;F;T;F;F;F;T;T;F;F;F;T;F;T;T;T;F;F;F;T;F;F;F;F;T;F;F;T;F;U;T;F;F;T;T;F;F;F;F;F;F;F;F;F;F;F;T;F;T;F;F;F;T;T;F;F;F;T;F;T;T;F;F;F;F;F;T;F;F;F;T;T;F;T;T;F;U;U;T;T
