S:F;T;T;T;T;T;F;T;T;F;U;T;U;T;F;T;F;F;F;T;T;T;F;T;U;U;F;T;F;F;T;F;F;T;F;F;T;F;T;F;T;T;U;F;U;T;F;U;U;U;U;T;T;T;T;T;T;F;F;T;T;U;F;F;F;F;F;F;T;F;T;F;T;U;U;F;U;U;T;F;F;T;F;F;F;T;T;F;F;F;T;F;T;T;T;U;U;U;T;F;F;F;F;T;F;F;T;F;U;T;F;F;T;T;F;F;F;F;F;F;F;F;F;F;F;T;F;T;F;F;F;T;T;F;F;F;T;F;T;T;F;F;F;F;F;T;U;F;F;T;T;F;T;T;F;U;U;T;T
A:clickOnFigActionState
M:Icon[] org.argouml.uml.diagram.activity.ui.SelectionActionState.getIcons()
M:String org.argouml.uml.diagram.activity.ui.SelectionActionState.getInstructions(int)
P:15
M:Icon[] org.argouml.uml.diagram.activity.ui.SelectionActionState.getIcons()
M:String org.argouml.uml.diagram.activity.ui.SelectionActionState.getInstructions(int)
P:15
M:boolean org.argouml.uml.diagram.activity.ui.FigActionState.isFilled()
M:Color org.argouml.uml.diagram.activity.ui.FigActionState.getFillColor()
M:int org.argouml.uml.diagram.activity.ui.FigActionState.getLineWidth()
M:Color org.argouml.uml.diagram.activity.ui.FigActionState.getLineColor()
M:boolean org.argouml.uml.diagram.activity.ui.FigActionState.isFilled()
M:Color org.argouml.uml.diagram.activity.ui.FigActionState.getFillColor()
M:int org.argouml.uml.diagram.activity.ui.FigActionState.getLineWidth()
M:Color org.argouml.uml.diagram.activity.ui.FigActionState.getLineColor()
M:Icon[] org.argouml.uml.diagram.activity.ui.SelectionActionState.getIcons()
M:boolean org.argouml.uml.diagram.activity.ui.FigPool.getUseTrapRect()
M:void org.argouml.uml.diagram.activity.ui.UMLActivityDiagram.encloserChanged(FigNode, FigNode, FigNode)
P:org.argouml.uml.diagram.activity.ui.FigActionState@76b8d9ba
P:org.argouml.uml.diagram.activity.ui.FigPool@26a41b34
P:org.argouml.uml.diagram.activity.ui.FigPool@26a41b34
M:void org.argouml.uml.diagram.activity.ui.UMLActivityDiagram.changePartition(FigNode)
P:org.argouml.uml.diagram.activity.ui.FigActionState@76b8d9ba
M:boolean org.argouml.uml.diagram.activity.ui.UMLActivityDiagram.isStateInPartition(Object, Object)
P:ActionState$Impl  ID: 127-0-0-1-3aa6726e:1652f4bf51e:-8000:000000000000097C  MID: 127-0-0-1-3aa6726e:1652f4bf51e:-8000:00000000000005E9  OPCKG: 127-0-0-1-3aa6726e:1652f4bf51e:-8000:0000000000000879
P:Partition$Impl  ID: 127-0-0-1-3aa6726e:1652f4bf51e:-8000:0000000000000977  MID: 127-0-0-1-3aa6726e:1652f4bf51e:-8000:00000000000005DF  OPCKG: 127-0-0-1-3aa6726e:1652f4bf51e:-8000:0000000000000879
M:void org.argouml.uml.diagram.activity.ui.FigActionState.modelChanged(PropertyChangeEvent)
P:org.argouml.model.AddAssociationEvent[propertyName=partition; oldValue=null; newValue=Partition$Impl  ID: 127-0-0-1-3aa6726e:1652f4bf51e:-8000:0000000000000978  MID: 127-0-0-1-3aa6726e:1652f4bf51e:-8000:00000000000005DF  OPCKG: 127-0-0-1-3aa6726e:1652f4bf51e:-8000:0000000000000879; propagationId=null; source=ActionState$Impl  ID: 127-0-0-1-3aa6726e:1652f4bf51e:-8000:000000000000097C  MID: 127-0-0-1-3aa6726e:1652f4bf51e:-8000:00000000000005E9  OPCKG: 127-0-0-1-3aa6726e:1652f4bf51e:-8000:0000000000000879]: org.netbeans.api.mdr.events.AssociationEvent[source=AContentsPartition$Impl  ID: 127-0-0-1-3aa6726e:1652f4bf51e:-8000:0000000000000969  MID: 127-0-0-1-3aa6726e:1652f4bf51e:-8000:00000000000005FB  OPCKG: 127-0-0-1-3aa6726e:1652f4bf51e:-8000:0000000000000879]
M:int org.argouml.uml.diagram.activity.ui.FigActionState.getNotationProviderType()
M:Dimension org.argouml.uml.diagram.activity.ui.FigActionState.getMinimumSize()
M:Dimension org.argouml.uml.diagram.activity.ui.FigActionState.getMinimumSize()
M:void org.argouml.uml.diagram.activity.ui.FigActionState.setStandardBounds(int, int, int, int)
P:200
P:168
P:117
P:36
M:Dimension org.argouml.uml.diagram.activity.ui.FigActionState.getMinimumSize()
M:void org.argouml.uml.diagram.activity.ui.FigActionState.modelChanged(PropertyChangeEvent)
P:org.argouml.model.AttributeChangeEvent[propertyName=partition; oldValue=null; newValue=Partition$Impl  ID: 127-0-0-1-3aa6726e:1652f4bf51e:-8000:0000000000000978  MID: 127-0-0-1-3aa6726e:1652f4bf51e:-8000:00000000000005DF  OPCKG: 127-0-0-1-3aa6726e:1652f4bf51e:-8000:0000000000000879; propagationId=null; source=ActionState$Impl  ID: 127-0-0-1-3aa6726e:1652f4bf51e:-8000:000000000000097C  MID: 127-0-0-1-3aa6726e:1652f4bf51e:-8000:00000000000005E9  OPCKG: 127-0-0-1-3aa6726e:1652f4bf51e:-8000:0000000000000879]: org.netbeans.api.mdr.events.AssociationEvent[source=AContentsPartition$Impl  ID: 127-0-0-1-3aa6726e:1652f4bf51e:-8000:0000000000000969  MID: 127-0-0-1-3aa6726e:1652f4bf51e:-8000:00000000000005FB  OPCKG: 127-0-0-1-3aa6726e:1652f4bf51e:-8000:0000000000000879]
M:int org.argouml.uml.diagram.activity.ui.FigActionState.getNotationProviderType()
M:Dimension org.argouml.uml.diagram.activity.ui.FigActionState.getMinimumSize()
M:Dimension org.argouml.uml.diagram.activity.ui.FigActionState.getMinimumSize()
M:Icon[] org.argouml.uml.diagram.activity.ui.SelectionActionState.getIcons()
M:void org.argouml.uml.diagram.activity.ui.FigActionState.setStandardBounds(int, int, int, int)
P:200
P:168
P:117
P:36
M:Dimension org.argouml.uml.diagram.activity.ui.FigActionState.getMinimumSize()
M:Icon[] org.argouml.uml.diagram.activity.ui.SelectionActionState.getIcons()
M:Dimension org.argouml.uml.diagram.activity.ui.FigActionState.getMinimumSize()
M:Dimension org.argouml.uml.diagram.activity.ui.FigActionState.getMinimumSize()
M:Dimension org.argouml.uml.diagram.activity.ui.FigPartition.getMinimumSize()
M:Dimension org.argouml.uml.diagram.activity.ui.FigPartition.getMinimumSize()
M:Icon[] org.argouml.uml.diagram.activity.ui.SelectionActionState.getIcons()
M:Icon[] org.argouml.uml.diagram.activity.ui.SelectionActionState.getIcons()
M:String org.argouml.uml.diagram.activity.ui.SelectionActionState.getInstructions(int)
P:11
S:F;T;T;T;T;T;F;T;T;F;U;T;U;T;F;T;F;F;F;T;T;T;F;T;U;U;F;T;F;F;T;F;F;T;F;F;T;F;T;F;T;T;U;F;U;T;F;U;U;U;U;T;T;T;T;T;T;F;F;T;T;U;F;F;F;F;F;F;T;F;T;F;T;U;U;F;U;U;T;F;F;T;F;F;F;T;T;F;F;F;T;F;T;T;T;U;U;U;T;F;F;F;F;T;F;F;T;F;U;T;F;F;T;T;F;F;F;F;F;F;F;F;F;F;F;T;F;T;F;F;F;T;T;F;F;F;T;F;T;T;F;F;F;F;F;T;U;F;F;T;U;F;T;T;F;T;U;T;T
