S:F;T;T;T;T;T;F;T;T;F;U;T;U;T;F;T;F;F;F;T;T;T;F;T;T;U;F;T;F;F;T;F;F;T;F;F;T;F;T;F;T;T;T;F;U;T;F;U;U;U;U;T;T;T;T;T;T;F;F;T;T;U;F;F;F;F;F;F;T;F;T;F;T;U;U;F;U;U;T;F;F;T;F;F;F;T;T;F;F;F;T;F;T;T;T;F;F;F;T;F;F;F;F;T;F;F;T;F;U;T;F;F;T;T;F;F;F;F;F;F;F;F;F;F;F;T;F;T;F;F;F;T;T;F;F;F;T;F;T;T;F;F;F;F;F;T;F;F;F;T;U;F;T;T;F;T;U;T;T
A:clickOnFigPartition
M:FigNode org.argouml.uml.diagram.activity.ui.ActivityDiagramRenderer.getFigNodeFor(GraphModel, Layer, Object, Map)
P:org.argouml.uml.diagram.activity.ActivityDiagramGraphModel@6abab1e0
P:org.tigris.gef.base.LayerPerspectiveMutable@2ba9b664[untitledModel]
P:Pseudostate$Impl  ID: 127-0-0-1-3aa6726e:1652f4bf51e:-8000:0000000000000980  MID: 127-0-0-1-3aa6726e:1652f4bf51e:-8000:0000000000000511  OPCKG: 127-0-0-1-3aa6726e:1652f4bf51e:-8000:0000000000000879
M:boolean org.argouml.uml.diagram.activity.ui.UMLActivityDiagram.doesAccept(Object)
P:Pseudostate$Impl  ID: 127-0-0-1-3aa6726e:1652f4bf51e:-8000:0000000000000980  MID: 127-0-0-1-3aa6726e:1652f4bf51e:-8000:0000000000000511  OPCKG: 127-0-0-1-3aa6726e:1652f4bf51e:-8000:0000000000000879
M:DiagramElement org.argouml.uml.diagram.activity.ui.UMLActivityDiagram.createDiagramElement(Object, Rectangle)
P:Pseudostate$Impl  ID: 127-0-0-1-3aa6726e:1652f4bf51e:-8000:0000000000000980  MID: 127-0-0-1-3aa6726e:1652f4bf51e:-8000:0000000000000511  OPCKG: 127-0-0-1-3aa6726e:1652f4bf51e:-8000:0000000000000879
M:boolean org.argouml.uml.diagram.activity.ui.FigPool.getUseTrapRect()
M:void org.argouml.uml.diagram.activity.ui.UMLActivityDiagram.encloserChanged(FigNode, FigNode, FigNode)
P:org.argouml.uml.diagram.state.ui.FigJunctionState@1d57f12d
P:org.argouml.uml.diagram.activity.ui.FigPool@26a41b34
M:void org.argouml.uml.diagram.activity.ui.UMLActivityDiagram.changePartition(FigNode)
P:org.argouml.uml.diagram.state.ui.FigJunctionState@1d57f12d
M:boolean org.argouml.uml.diagram.activity.ui.UMLActivityDiagram.isStateInPartition(Object, Object)
P:Pseudostate$Impl  ID: 127-0-0-1-3aa6726e:1652f4bf51e:-8000:0000000000000980  MID: 127-0-0-1-3aa6726e:1652f4bf51e:-8000:0000000000000511  OPCKG: 127-0-0-1-3aa6726e:1652f4bf51e:-8000:0000000000000879
P:Partition$Impl  ID: 127-0-0-1-3aa6726e:1652f4bf51e:-8000:0000000000000978  MID: 127-0-0-1-3aa6726e:1652f4bf51e:-8000:00000000000005DF  OPCKG: 127-0-0-1-3aa6726e:1652f4bf51e:-8000:0000000000000879
M:void org.argouml.uml.diagram.activity.ui.FigPool.addEnclosedFig(Fig)
P:org.argouml.uml.diagram.state.ui.FigJunctionState@1d57f12d
S:F;T;T;T;T;T;F;T;T;F;U;T;U;T;F;T;F;F;F;T;T;T;F;T;T;U;F;T;F;F;T;F;F;T;F;F;T;F;T;F;T;T;T;F;U;T;F;U;U;U;U;T;T;T;T;T;T;F;F;T;T;U;F;F;F;F;F;F;T;F;T;F;T;U;T;F;U;F;T;F;F;T;F;F;F;T;T;F;F;F;T;F;T;T;T;F;F;F;T;F;F;F;F;T;F;F;T;F;U;T;F;F;T;T;F;F;F;F;F;F;F;F;F;F;F;T;F;T;F;F;F;T;T;F;F;F;T;F;T;T;F;F;F;F;F;T;F;F;F;T;T;F;T;T;F;T;U;T;T
