M:void org.argouml.uml.diagram.activity.ui.FigPartition.SelectionPartition.paint(Graphics)
P:sun.java2d.SunGraphics2D[font=java.awt.Font[family=Lucida Grande,name=Lucida Grande,style=plain,size=13],color=java.awt.Color[r=0,g=0,b=0]]
M:void org.argouml.uml.diagram.activity.ui.FigPartition.SelectionPartition.updateHandleBox()
M:boolean org.argouml.uml.diagram.activity.ui.FigPool.getUseTrapRect()
M:void org.argouml.uml.diagram.activity.ui.UMLActivityDiagram.encloserChanged(FigNode, FigNode, FigNode)
P:org.argouml.uml.diagram.activity.ui.FigPartition@2c15277d
M:void org.argouml.uml.diagram.activity.ui.FigPartition.SelectionPartition.paint(Graphics)
P:sun.java2d.SunGraphics2D[font=java.awt.Font[family=Lucida Grande,name=Lucida Grande,style=plain,size=13],color=java.awt.Color[r=0,g=0,b=0]]
M:void org.argouml.uml.diagram.activity.ui.FigPartition.SelectionPartition.updateHandleBox()
M:void org.argouml.uml.diagram.activity.ui.FigPartition.SelectionPartition.hitHandle(Rectangle, Handle)
P:java.awt.Rectangle[x=93,y=13,width=0,height=0]
P:org.tigris.gef.presentation.Handle@29e80d44
M:void org.argouml.uml.diagram.activity.ui.FigPartition.SelectionPartition.updateHandleBox()
M:void org.argouml.uml.diagram.activity.ui.FigPartition.SelectionPartition.hitHandle(Rectangle, Handle)
P:java.awt.Rectangle[x=85,y=-14,width=0,height=0]
P:org.tigris.gef.presentation.Handle@145cc945
M:void org.argouml.uml.diagram.activity.ui.FigPartition.SelectionPartition.updateHandleBox()
M:FigNode org.argouml.uml.diagram.activity.ui.ActivityDiagramRenderer.getFigNodeFor(GraphModel, Layer, Object, Map)
P:org.argouml.uml.diagram.activity.ActivityDiagramGraphModel@1db6c11
P:org.tigris.gef.base.LayerPerspectiveMutable@498f990f[untitledModel]
P:ActionState$Impl  ID: -84-20-10-3-2e1ec37e:1652a0c7ba1:-8000:000000000000097A  MID: -84-20-10-3-2e1ec37e:1652a0c7ba1:-8000:00000000000005E9  OPCKG: -84-20-10-3-2e1ec37e:1652a0c7ba1:-8000:0000000000000877
M:boolean org.argouml.uml.diagram.activity.ui.UMLActivityDiagram.doesAccept(Object)
P:ActionState$Impl  ID: -84-20-10-3-2e1ec37e:1652a0c7ba1:-8000:000000000000097A  MID: -84-20-10-3-2e1ec37e:1652a0c7ba1:-8000:00000000000005E9  OPCKG: -84-20-10-3-2e1ec37e:1652a0c7ba1:-8000:0000000000000877
M:DiagramElement org.argouml.uml.diagram.activity.ui.UMLActivityDiagram.createDiagramElement(Object, Rectangle)
P:ActionState$Impl  ID: -84-20-10-3-2e1ec37e:1652a0c7ba1:-8000:000000000000097A  MID: -84-20-10-3-2e1ec37e:1652a0c7ba1:-8000:00000000000005E9  OPCKG: -84-20-10-3-2e1ec37e:1652a0c7ba1:-8000:0000000000000877
M:Fig org.argouml.uml.diagram.activity.ui.FigActionState.createBigPortFig()
M:int org.argouml.uml.diagram.activity.ui.FigActionState.getNotationProviderType()
M:void org.argouml.uml.diagram.activity.ui.FigActionState.initializeActionState()
M:void org.argouml.uml.diagram.activity.ui.FigActionState.setStandardBounds(int, int, int, int)
P:10
P:10
P:117
P:30
M:boolean org.argouml.uml.diagram.activity.ui.FigPool.getUseTrapRect()
M:void org.argouml.uml.diagram.activity.ui.FigActionState.modelChanged(PropertyChangeEvent)
P:org.argouml.model.AddAssociationEvent[propertyName=container; oldValue=null; newValue=CompositeState$Impl  ID: -84-20-10-3-2e1ec37e:1652a0c7ba1:-8000:0000000000000974  MID: -84-20-10-3-2e1ec37e:1652a0c7ba1:-8000:000000000000050A  OPCKG: -84-20-10-3-2e1ec37e:1652a0c7ba1:-8000:0000000000000877; propagationId=null; source=ActionState$Impl  ID: -84-20-10-3-2e1ec37e:1652a0c7ba1:-8000:000000000000097A  MID: -84-20-10-3-2e1ec37e:1652a0c7ba1:-8000:00000000000005E9  OPCKG: -84-20-10-3-2e1ec37e:1652a0c7ba1:-8000:0000000000000877]: org.netbeans.api.mdr.events.AssociationEvent[source=AContainerSubvertex$Impl  ID: -84-20-10-3-2e1ec37e:1652a0c7ba1:-8000:000000000000092F  MID: -84-20-10-3-2e1ec37e:1652a0c7ba1:-8000:0000000000000537  OPCKG: -84-20-10-3-2e1ec37e:1652a0c7ba1:-8000:0000000000000877]
M:void org.argouml.uml.diagram.activity.ui.UMLActivityDiagram.encloserChanged(FigNode, FigNode, FigNode)
P:org.argouml.uml.diagram.activity.ui.FigActionState@251d373
P:org.argouml.uml.diagram.activity.ui.FigPool@40f57b26
M:int org.argouml.uml.diagram.activity.ui.FigActionState.getNotationProviderType()
M:void org.argouml.uml.diagram.activity.ui.UMLActivityDiagram.changePartition(FigNode)
P:org.argouml.uml.diagram.activity.ui.FigActionState@251d373
M:Dimension org.argouml.uml.diagram.activity.ui.FigActionState.getMinimumSize()
M:void org.argouml.uml.diagram.activity.ui.FigPool.addEnclosedFig(Fig)
P:org.argouml.uml.diagram.activity.ui.FigActionState@251d373
M:void org.argouml.uml.diagram.activity.ui.FigActionState.setStandardBounds(int, int, int, int)
P:64
P:288
P:117
P:36
M:Dimension org.argouml.uml.diagram.activity.ui.FigActionState.getMinimumSize()
M:void org.argouml.uml.diagram.activity.ui.FigActionState.setStandardBounds(int, int, int, int)
P:64
P:288
P:117
P:36
M:Dimension org.argouml.uml.diagram.activity.ui.FigActionState.getMinimumSize()
M:void org.argouml.uml.diagram.activity.ui.FigActionState.modelChanged(PropertyChangeEvent)
P:org.argouml.model.AttributeChangeEvent[propertyName=container; oldValue=null; newValue=CompositeState$Impl  ID: -84-20-10-3-2e1ec37e:1652a0c7ba1:-8000:0000000000000974  MID: -84-20-10-3-2e1ec37e:1652a0c7ba1:-8000:000000000000050A  OPCKG: -84-20-10-3-2e1ec37e:1652a0c7ba1:-8000:0000000000000877; propagationId=null; source=ActionState$Impl  ID: -84-20-10-3-2e1ec37e:1652a0c7ba1:-8000:000000000000097A  MID: -84-20-10-3-2e1ec37e:1652a0c7ba1:-8000:00000000000005E9  OPCKG: -84-20-10-3-2e1ec37e:1652a0c7ba1:-8000:0000000000000877]: org.netbeans.api.mdr.events.AssociationEvent[source=AContainerSubvertex$Impl  ID: -84-20-10-3-2e1ec37e:1652a0c7ba1:-8000:000000000000092F  MID: -84-20-10-3-2e1ec37e:1652a0c7ba1:-8000:0000000000000537  OPCKG: -84-20-10-3-2e1ec37e:1652a0c7ba1:-8000:0000000000000877]
M:int org.argouml.uml.diagram.activity.ui.FigActionState.getNotationProviderType()
M:Dimension org.argouml.uml.diagram.activity.ui.FigActionState.getMinimumSize()
