M:Icon[] org.argouml.uml.diagram.activity.ui.SelectionActionState.getIcons()
M:Icon[] org.argouml.uml.diagram.activity.ui.SelectionActionState.getIcons()
M:String org.argouml.uml.diagram.activity.ui.SelectionActionState.getInstructions(int)
P:15
M:Icon[] org.argouml.uml.diagram.activity.ui.SelectionActionState.getIcons()
M:String org.argouml.uml.diagram.activity.ui.SelectionActionState.getInstructions(int)
P:15
M:Icon[] org.argouml.uml.diagram.activity.ui.SelectionActionState.getIcons()
M:String org.argouml.uml.diagram.activity.ui.SelectionActionState.getInstructions(int)
P:15
M:boolean org.argouml.uml.diagram.activity.ui.FigActionState.isFilled()
M:Color org.argouml.uml.diagram.activity.ui.FigActionState.getFillColor()
M:int org.argouml.uml.diagram.activity.ui.FigActionState.getLineWidth()
M:Color org.argouml.uml.diagram.activity.ui.FigActionState.getLineColor()
M:boolean org.argouml.uml.diagram.activity.ui.FigActionState.isFilled()
M:Color org.argouml.uml.diagram.activity.ui.FigActionState.getFillColor()
M:int org.argouml.uml.diagram.activity.ui.FigActionState.getLineWidth()
M:Color org.argouml.uml.diagram.activity.ui.FigActionState.getLineColor()
M:Icon[] org.argouml.uml.diagram.activity.ui.SelectionActionState.getIcons()
M:boolean org.argouml.uml.diagram.activity.ui.FigPool.getUseTrapRect()
M:void org.argouml.uml.diagram.activity.ui.UMLActivityDiagram.encloserChanged(FigNode, FigNode, FigNode)
P:org.argouml.uml.diagram.activity.ui.FigActionState@f4cf649
P:org.argouml.uml.diagram.activity.ui.FigPool@40f57b26
P:org.argouml.uml.diagram.activity.ui.FigPool@40f57b26
M:void org.argouml.uml.diagram.activity.ui.UMLActivityDiagram.changePartition(FigNode)
P:org.argouml.uml.diagram.activity.ui.FigActionState@f4cf649
M:void org.argouml.uml.diagram.activity.ui.FigActionState.modelChanged(PropertyChangeEvent)
P:org.argouml.model.AddAssociationEvent[propertyName=partition; oldValue=null; newValue=Partition$Impl  ID: -84-20-10-3-2e1ec37e:1652a0c7ba1:-8000:0000000000000975  MID: -84-20-10-3-2e1ec37e:1652a0c7ba1:-8000:00000000000005DF  OPCKG: -84-20-10-3-2e1ec37e:1652a0c7ba1:-8000:0000000000000877; propagationId=null; source=ActionState$Impl  ID: -84-20-10-3-2e1ec37e:1652a0c7ba1:-8000:0000000000000977  MID: -84-20-10-3-2e1ec37e:1652a0c7ba1:-8000:00000000000005E9  OPCKG: -84-20-10-3-2e1ec37e:1652a0c7ba1:-8000:0000000000000877]: org.netbeans.api.mdr.events.AssociationEvent[source=AContentsPartition$Impl  ID: -84-20-10-3-2e1ec37e:1652a0c7ba1:-8000:0000000000000967  MID: -84-20-10-3-2e1ec37e:1652a0c7ba1:-8000:00000000000005FB  OPCKG: -84-20-10-3-2e1ec37e:1652a0c7ba1:-8000:0000000000000877]
M:int org.argouml.uml.diagram.activity.ui.FigActionState.getNotationProviderType()
M:Dimension org.argouml.uml.diagram.activity.ui.FigActionState.getMinimumSize()
M:Dimension org.argouml.uml.diagram.activity.ui.FigActionState.getMinimumSize()
M:void org.argouml.uml.diagram.activity.ui.FigActionState.setStandardBounds(int, int, int, int)
P:64
P:128
P:117
P:36
M:Dimension org.argouml.uml.diagram.activity.ui.FigActionState.getMinimumSize()
M:void org.argouml.uml.diagram.activity.ui.FigActionState.modelChanged(PropertyChangeEvent)
P:org.argouml.model.AttributeChangeEvent[propertyName=partition; oldValue=null; newValue=Partition$Impl  ID: -84-20-10-3-2e1ec37e:1652a0c7ba1:-8000:0000000000000975  MID: -84-20-10-3-2e1ec37e:1652a0c7ba1:-8000:00000000000005DF  OPCKG: -84-20-10-3-2e1ec37e:1652a0c7ba1:-8000:0000000000000877; propagationId=null; source=ActionState$Impl  ID: -84-20-10-3-2e1ec37e:1652a0c7ba1:-8000:0000000000000977  MID: -84-20-10-3-2e1ec37e:1652a0c7ba1:-8000:00000000000005E9  OPCKG: -84-20-10-3-2e1ec37e:1652a0c7ba1:-8000:0000000000000877]: org.netbeans.api.mdr.events.AssociationEvent[source=AContentsPartition$Impl  ID: -84-20-10-3-2e1ec37e:1652a0c7ba1:-8000:0000000000000967  MID: -84-20-10-3-2e1ec37e:1652a0c7ba1:-8000:00000000000005FB  OPCKG: -84-20-10-3-2e1ec37e:1652a0c7ba1:-8000:0000000000000877]
M:int org.argouml.uml.diagram.activity.ui.FigActionState.getNotationProviderType()
M:Dimension org.argouml.uml.diagram.activity.ui.FigActionState.getMinimumSize()
M:Dimension org.argouml.uml.diagram.activity.ui.FigActionState.getMinimumSize()
M:void org.argouml.uml.diagram.activity.ui.FigActionState.setStandardBounds(int, int, int, int)
P:64
P:128
P:117
P:36
M:Dimension org.argouml.uml.diagram.activity.ui.FigActionState.getMinimumSize()
M:Icon[] org.argouml.uml.diagram.activity.ui.SelectionActionState.getIcons()
M:Object org.argouml.uml.diagram.activity.ui.SelectionActionState.getNewEdgeType(int)
P:11
M:FigNode org.argouml.uml.diagram.activity.ui.ActivityDiagramRenderer.getFigNodeFor(GraphModel, Layer, Object, Map)
P:org.argouml.uml.diagram.activity.ActivityDiagramGraphModel@1db6c11
P:org.tigris.gef.base.LayerPerspectiveMutable@498f990f[untitledModel]
P:Partition$Impl  ID: -84-20-10-3-2e1ec37e:1652a0c7ba1:-8000:000000000000097D  MID: -84-20-10-3-2e1ec37e:1652a0c7ba1:-8000:00000000000005DF  OPCKG: -84-20-10-3-2e1ec37e:1652a0c7ba1:-8000:0000000000000877
M:void org.argouml.uml.diagram.activity.ui.FigPartition.setStandardBounds(int, int, int, int)
P:10
P:10
P:160
P:290
M:void org.argouml.uml.diagram.activity.ui.FigPartition.SelectionPartition.updateHandleBox()
M:void org.argouml.uml.diagram.activity.ui.FigActionState.setStandardBounds(int, int, int, int)
P:10
P:10
P:117
P:30
M:int org.argouml.uml.diagram.activity.ui.FigActionState.getNotationProviderType()
M:void org.argouml.uml.diagram.activity.ui.FigActionState.setStandardBounds(int, int, int, int)
P:224
P:240
P:117
P:36
M:String org.argouml.uml.diagram.activity.ui.SelectionActionState.getInstructions(int)
P:15
M:void org.argouml.uml.diagram.activity.ui.UMLActivityDiagram.encloserChanged(FigNode, FigNode, FigNode)
P:org.argouml.uml.diagram.activity.ui.FigActionState@4c18151e
P:org.argouml.uml.diagram.activity.ui.FigPool@40f57b26
P:org.argouml.uml.diagram.activity.ui.FigPool@40f57b26
M:void org.argouml.uml.diagram.activity.ui.FigActionState.modelChanged(PropertyChangeEvent)
P:org.argouml.model.AddAssociationEvent[propertyName=partition; oldValue=null; newValue=Partition$Impl  ID: -84-20-10-3-2e1ec37e:1652a0c7ba1:-8000:000000000000097D  MID: -84-20-10-3-2e1ec37e:1652a0c7ba1:-8000:00000000000005DF  OPCKG: -84-20-10-3-2e1ec37e:1652a0c7ba1:-8000:0000000000000877; propagationId=null; source=ActionState$Impl  ID: -84-20-10-3-2e1ec37e:1652a0c7ba1:-8000:000000000000097E  MID: -84-20-10-3-2e1ec37e:1652a0c7ba1:-8000:00000000000005E9  OPCKG: -84-20-10-3-2e1ec37e:1652a0c7ba1:-8000:0000000000000877]: org.netbeans.api.mdr.events.AssociationEvent[source=AContentsPartition$Impl  ID: -84-20-10-3-2e1ec37e:1652a0c7ba1:-8000:0000000000000967  MID: -84-20-10-3-2e1ec37e:1652a0c7ba1:-8000:00000000000005FB  OPCKG: -84-20-10-3-2e1ec37e:1652a0c7ba1:-8000:0000000000000877]
M:void org.argouml.uml.diagram.activity.ui.FigActionState.modelChanged(PropertyChangeEvent)
P:org.argouml.model.AttributeChangeEvent[propertyName=partition; oldValue=null; newValue=Partition$Impl  ID: -84-20-10-3-2e1ec37e:1652a0c7ba1:-8000:000000000000097D  MID: -84-20-10-3-2e1ec37e:1652a0c7ba1:-8000:00000000000005DF  OPCKG: -84-20-10-3-2e1ec37e:1652a0c7ba1:-8000:0000000000000877; propagationId=null; source=ActionState$Impl  ID: -84-20-10-3-2e1ec37e:1652a0c7ba1:-8000:000000000000097E  MID: -84-20-10-3-2e1ec37e:1652a0c7ba1:-8000:00000000000005E9  OPCKG: -84-20-10-3-2e1ec37e:1652a0c7ba1:-8000:0000000000000877]: org.netbeans.api.mdr.events.AssociationEvent[source=AContentsPartition$Impl  ID: -84-20-10-3-2e1ec37e:1652a0c7ba1:-8000:0000000000000967  MID: -84-20-10-3-2e1ec37e:1652a0c7ba1:-8000:00000000000005FB  OPCKG: -84-20-10-3-2e1ec37e:1652a0c7ba1:-8000:0000000000000877]
M:Icon[] org.argouml.uml.diagram.activity.ui.SelectionActionState.getIcons()
M:String org.argouml.uml.diagram.activity.ui.SelectionActionState.getInstructions(int)
P:15
M:Color org.argouml.uml.diagram.activity.ui.FigPartition.getLineColor()
M:void org.argouml.uml.diagram.activity.ui.FigPartition.SelectionPartition.updateHandleBox()
M:void org.argouml.uml.diagram.activity.ui.FigPartition.SelectionPartition.paint(Graphics)
P:sun.java2d.SunGraphics2D[font=java.awt.Font[family=Lucida Grande,name=Lucida Grande,style=plain,size=13],color=java.awt.Color[r=0,g=0,b=0]]
M:boolean org.argouml.uml.diagram.activity.ui.UMLActivityDiagram.doesAccept(Object)
P:Partition$Impl  ID: -84-20-10-3-2e1ec37e:1652a0c7ba1:-8000:000000000000097F  MID: -84-20-10-3-2e1ec37e:1652a0c7ba1:-8000:00000000000005DF  OPCKG: -84-20-10-3-2e1ec37e:1652a0c7ba1:-8000:0000000000000877
M:String org.argouml.uml.diagram.activity.ui.FigPartition.placeString()
M:void org.argouml.uml.diagram.activity.ui.UMLActivityDiagram.encloserChanged(FigNode, FigNode, FigNode)
P:org.argouml.uml.diagram.activity.ui.FigPartition@72822191
M:int org.argouml.uml.diagram.activity.ui.FigPartition.getLineWidth()
M:void org.argouml.uml.diagram.activity.ui.FigPartition.SelectionPartition.paint(Graphics)
P:sun.java2d.SunGraphics2D[font=java.awt.Font[family=Lucida Grande,name=Lucida Grande,style=plain,size=13],color=java.awt.Color[r=0,g=0,b=0]]
M:void org.argouml.uml.diagram.activity.ui.UMLActivityDiagram.encloserChanged(FigNode, FigNode, FigNode)
P:org.argouml.uml.diagram.state.ui.FigJoinState@2adbc276
P:org.argouml.uml.diagram.activity.ui.FigPool@40f57b26
M:Icon[] org.argouml.uml.diagram.activity.ui.SelectionActionState.getIcons()
M:int org.argouml.uml.diagram.activity.ui.FigActionState.getLineWidth()
M:Dimension org.argouml.uml.diagram.activity.ui.FigActionState.getMinimumSize()
M:Dimension org.argouml.uml.diagram.activity.ui.FigPartition.getMinimumSize()
M:Icon[] org.argouml.uml.diagram.activity.ui.SelectionActionState.getIcons()
M:Dimension org.argouml.uml.diagram.activity.ui.FigPartition.getMinimumSize()
M:String org.argouml.uml.diagram.activity.ui.SelectionActionState.getInstructions(int)
P:11
M:Icon[] org.argouml.uml.diagram.activity.ui.SelectionActionState.getIcons()
M:Selection org.argouml.uml.diagram.activity.ui.FigPartition.makeSelection()
M:void org.argouml.uml.diagram.activity.ui.FigPartition.SelectionPartition.updateHandleBox()
