S:F;T;T;T;T;T;F;T;T;F;U;T;U;T;F;T;F;F;F;T;T;T;F;T;T;U;F;T;F;F;T;F;F;T;F;F;T;F;T;F;T;T;T;F;U;T;F;U;U;U;U;T;T;T;T;T;T;F;F;T;T;U;F;F;F;F;F;F;T;F;T;F;T;U;U;F;U;U;T;F;F;T;F;F;F;T;F;F;F;F;T;F;T;T;T;F;F;F;T;F;F;F;F;T;F;F;T;F;U;T;F;F;T;T;T;F;F;F;F;F;F;F;F;F;F;T;F;T;F;F;F;T;T;F;F;F;T;F;T;T;F;F;F;F;F;F;F;F;F;T;U;F;T;T;F;T;U;T;T
A:clickOnFigPartition
M:Icon[] org.argouml.uml.diagram.activity.ui.SelectionActionState.getIcons()
M:String org.argouml.uml.diagram.activity.ui.SelectionActionState.getInstructions(int)
P:15
M:FigNode org.argouml.uml.diagram.activity.ui.ActivityDiagramRenderer.getFigNodeFor(GraphModel, Layer, Object, Map)
P:org.argouml.uml.diagram.activity.ActivityDiagramGraphModel@1305f7b7
P:org.tigris.gef.base.LayerPerspectiveMutable@35a5f758[untitledModel]
P:CallState$Impl  ID: -84-20-10-5-422b0e2c:16528647121:-8000:000000000000097B  MID: -84-20-10-5-422b0e2c:16528647121:-8000:00000000000005EA  OPCKG: -84-20-10-5-422b0e2c:16528647121:-8000:0000000000000879
M:boolean org.argouml.uml.diagram.activity.ui.UMLActivityDiagram.doesAccept(Object)
P:CallState$Impl  ID: -84-20-10-5-422b0e2c:16528647121:-8000:000000000000097B  MID: -84-20-10-5-422b0e2c:16528647121:-8000:00000000000005EA  OPCKG: -84-20-10-5-422b0e2c:16528647121:-8000:0000000000000879
M:DiagramElement org.argouml.uml.diagram.activity.ui.UMLActivityDiagram.createDiagramElement(Object, Rectangle)
P:CallState$Impl  ID: -84-20-10-5-422b0e2c:16528647121:-8000:000000000000097B  MID: -84-20-10-5-422b0e2c:16528647121:-8000:00000000000005EA  OPCKG: -84-20-10-5-422b0e2c:16528647121:-8000:0000000000000879
M:Fig org.argouml.uml.diagram.activity.ui.FigActionState.createBigPortFig()
M:int org.argouml.uml.diagram.activity.ui.FigActionState.getNotationProviderType()
M:void org.argouml.uml.diagram.activity.ui.FigActionState.initializeActionState()
M:void org.argouml.uml.diagram.activity.ui.FigActionState.setStandardBounds(int, int, int, int)
P:10
P:10
P:100
P:30
M:boolean org.argouml.uml.diagram.activity.ui.FigPool.getUseTrapRect()
M:void org.argouml.uml.diagram.activity.ui.FigActionState.modelChanged(PropertyChangeEvent)
P:org.argouml.model.AddAssociationEvent[propertyName=container; oldValue=null; newValue=CompositeState$Impl  ID: -84-20-10-5-422b0e2c:16528647121:-8000:0000000000000976  MID: -84-20-10-5-422b0e2c:16528647121:-8000:000000000000050A  OPCKG: -84-20-10-5-422b0e2c:16528647121:-8000:0000000000000879; propagationId=null; source=CallState$Impl  ID: -84-20-10-5-422b0e2c:16528647121:-8000:000000000000097B  MID: -84-20-10-5-422b0e2c:16528647121:-8000:00000000000005EA  OPCKG: -84-20-10-5-422b0e2c:16528647121:-8000:0000000000000879]: org.netbeans.api.mdr.events.AssociationEvent[source=AContainerSubvertex$Impl  ID: -84-20-10-5-422b0e2c:16528647121:-8000:0000000000000931  MID: -84-20-10-5-422b0e2c:16528647121:-8000:0000000000000537  OPCKG: -84-20-10-5-422b0e2c:16528647121:-8000:0000000000000879]
M:void org.argouml.uml.diagram.activity.ui.UMLActivityDiagram.encloserChanged(FigNode, FigNode, FigNode)
P:org.argouml.uml.diagram.activity.ui.FigActionState@7c3c4ee0
P:org.argouml.uml.diagram.activity.ui.FigPool@6e36fa4b
M:int org.argouml.uml.diagram.activity.ui.FigActionState.getNotationProviderType()
M:void org.argouml.uml.diagram.activity.ui.UMLActivityDiagram.changePartition(FigNode)
P:org.argouml.uml.diagram.activity.ui.FigActionState@7c3c4ee0
M:Dimension org.argouml.uml.diagram.activity.ui.FigActionState.getMinimumSize()
M:void org.argouml.uml.diagram.activity.ui.FigPool.addEnclosedFig(Fig)
P:org.argouml.uml.diagram.activity.ui.FigActionState@7c3c4ee0
M:void org.argouml.uml.diagram.activity.ui.FigActionState.setStandardBounds(int, int, int, int)
P:144
P:224
P:100
P:36
M:Dimension org.argouml.uml.diagram.activity.ui.FigActionState.getMinimumSize()
M:void org.argouml.uml.diagram.activity.ui.FigActionState.setStandardBounds(int, int, int, int)
P:144
P:224
P:100
P:36
M:Dimension org.argouml.uml.diagram.activity.ui.FigActionState.getMinimumSize()
M:void org.argouml.uml.diagram.activity.ui.FigActionState.modelChanged(PropertyChangeEvent)
P:org.argouml.model.AttributeChangeEvent[propertyName=container; oldValue=null; newValue=CompositeState$Impl  ID: -84-20-10-5-422b0e2c:16528647121:-8000:0000000000000976  MID: -84-20-10-5-422b0e2c:16528647121:-8000:000000000000050A  OPCKG: -84-20-10-5-422b0e2c:16528647121:-8000:0000000000000879; propagationId=null; source=CallState$Impl  ID: -84-20-10-5-422b0e2c:16528647121:-8000:000000000000097B  MID: -84-20-10-5-422b0e2c:16528647121:-8000:00000000000005EA  OPCKG: -84-20-10-5-422b0e2c:16528647121:-8000:0000000000000879]: org.netbeans.api.mdr.events.AssociationEvent[source=AContainerSubvertex$Impl  ID: -84-20-10-5-422b0e2c:16528647121:-8000:0000000000000931  MID: -84-20-10-5-422b0e2c:16528647121:-8000:0000000000000537  OPCKG: -84-20-10-5-422b0e2c:16528647121:-8000:0000000000000879]
M:int org.argouml.uml.diagram.activity.ui.FigActionState.getNotationProviderType()
M:Dimension org.argouml.uml.diagram.activity.ui.FigActionState.getMinimumSize()
M:Dimension org.argouml.uml.diagram.activity.ui.FigActionState.getMinimumSize()
M:void org.argouml.uml.diagram.activity.ui.FigActionState.setStandardBounds(int, int, int, int)
P:144
P:224
P:100
P:36
M:Dimension org.argouml.uml.diagram.activity.ui.FigActionState.getMinimumSize()
M:void org.argouml.uml.diagram.activity.ui.FigActionState.modelChanged(PropertyChangeEvent)
P:org.argouml.model.AddAssociationEvent[propertyName=partition; oldValue=null; newValue=Partition$Impl  ID: -84-20-10-5-422b0e2c:16528647121:-8000:0000000000000977  MID: -84-20-10-5-422b0e2c:16528647121:-8000:00000000000005DF  OPCKG: -84-20-10-5-422b0e2c:16528647121:-8000:0000000000000879; propagationId=null; source=CallState$Impl  ID: -84-20-10-5-422b0e2c:16528647121:-8000:000000000000097B  MID: -84-20-10-5-422b0e2c:16528647121:-8000:00000000000005EA  OPCKG: -84-20-10-5-422b0e2c:16528647121:-8000:0000000000000879]: org.netbeans.api.mdr.events.AssociationEvent[source=AContentsPartition$Impl  ID: -84-20-10-5-422b0e2c:16528647121:-8000:0000000000000969  MID: -84-20-10-5-422b0e2c:16528647121:-8000:00000000000005FB  OPCKG: -84-20-10-5-422b0e2c:16528647121:-8000:0000000000000879]
M:int org.argouml.uml.diagram.activity.ui.FigActionState.getNotationProviderType()
M:Dimension org.argouml.uml.diagram.activity.ui.FigActionState.getMinimumSize()
M:Dimension org.argouml.uml.diagram.activity.ui.FigActionState.getMinimumSize()
M:void org.argouml.uml.diagram.activity.ui.FigActionState.setStandardBounds(int, int, int, int)
P:144
P:224
P:100
P:36
M:Dimension org.argouml.uml.diagram.activity.ui.FigActionState.getMinimumSize()
M:void org.argouml.uml.diagram.activity.ui.FigActionState.modelChanged(PropertyChangeEvent)
P:org.argouml.model.AttributeChangeEvent[propertyName=partition; oldValue=null; newValue=Partition$Impl  ID: -84-20-10-5-422b0e2c:16528647121:-8000:0000000000000977  MID: -84-20-10-5-422b0e2c:16528647121:-8000:00000000000005DF  OPCKG: -84-20-10-5-422b0e2c:16528647121:-8000:0000000000000879; propagationId=null; source=CallState$Impl  ID: -84-20-10-5-422b0e2c:16528647121:-8000:000000000000097B  MID: -84-20-10-5-422b0e2c:16528647121:-8000:00000000000005EA  OPCKG: -84-20-10-5-422b0e2c:16528647121:-8000:0000000000000879]: org.netbeans.api.mdr.events.AssociationEvent[source=AContentsPartition$Impl  ID: -84-20-10-5-422b0e2c:16528647121:-8000:0000000000000969  MID: -84-20-10-5-422b0e2c:16528647121:-8000:00000000000005FB  OPCKG: -84-20-10-5-422b0e2c:16528647121:-8000:0000000000000879]
M:int org.argouml.uml.diagram.activity.ui.FigActionState.getNotationProviderType()
M:Dimension org.argouml.uml.diagram.activity.ui.FigActionState.getMinimumSize()
M:Dimension org.argouml.uml.diagram.activity.ui.FigActionState.getMinimumSize()
M:void org.argouml.uml.diagram.activity.ui.FigActionState.setStandardBounds(int, int, int, int)
P:144
P:224
P:100
P:36
M:Dimension org.argouml.uml.diagram.activity.ui.FigActionState.getMinimumSize()
M:void org.argouml.uml.diagram.activity.ui.FigActionState.modelChanged(PropertyChangeEvent)
P:org.argouml.model.AddAssociationEvent[propertyName=partition; oldValue=null; newValue=Partition$Impl  ID: -84-20-10-5-422b0e2c:16528647121:-8000:0000000000000977  MID: -84-20-10-5-422b0e2c:16528647121:-8000:00000000000005DF  OPCKG: -84-20-10-5-422b0e2c:16528647121:-8000:0000000000000879; propagationId=null; source=CallState$Impl  ID: -84-20-10-5-422b0e2c:16528647121:-8000:000000000000097B  MID: -84-20-10-5-422b0e2c:16528647121:-8000:00000000000005EA  OPCKG: -84-20-10-5-422b0e2c:16528647121:-8000:0000000000000879]: org.netbeans.api.mdr.events.AssociationEvent[source=AContentsPartition$Impl  ID: -84-20-10-5-422b0e2c:16528647121:-8000:0000000000000969  MID: -84-20-10-5-422b0e2c:16528647121:-8000:00000000000005FB  OPCKG: -84-20-10-5-422b0e2c:16528647121:-8000:0000000000000879]
M:int org.argouml.uml.diagram.activity.ui.FigActionState.getNotationProviderType()
M:Dimension org.argouml.uml.diagram.activity.ui.FigActionState.getMinimumSize()
M:Dimension org.argouml.uml.diagram.activity.ui.FigActionState.getMinimumSize()
M:void org.argouml.uml.diagram.activity.ui.FigActionState.setStandardBounds(int, int, int, int)
P:144
P:224
P:100
P:36
M:Dimension org.argouml.uml.diagram.activity.ui.FigActionState.getMinimumSize()
M:void org.argouml.uml.diagram.activity.ui.FigActionState.modelChanged(PropertyChangeEvent)
P:org.argouml.model.AttributeChangeEvent[propertyName=partition; oldValue=null; newValue=Partition$Impl  ID: -84-20-10-5-422b0e2c:16528647121:-8000:0000000000000977  MID: -84-20-10-5-422b0e2c:16528647121:-8000:00000000000005DF  OPCKG: -84-20-10-5-422b0e2c:16528647121:-8000:0000000000000879; propagationId=null; source=CallState$Impl  ID: -84-20-10-5-422b0e2c:16528647121:-8000:000000000000097B  MID: -84-20-10-5-422b0e2c:16528647121:-8000:00000000000005EA  OPCKG: -84-20-10-5-422b0e2c:16528647121:-8000:0000000000000879]: org.netbeans.api.mdr.events.AssociationEvent[source=AContentsPartition$Impl  ID: -84-20-10-5-422b0e2c:16528647121:-8000:0000000000000969  MID: -84-20-10-5-422b0e2c:16528647121:-8000:00000000000005FB  OPCKG: -84-20-10-5-422b0e2c:16528647121:-8000:0000000000000879]
M:int org.argouml.uml.diagram.activity.ui.FigActionState.getNotationProviderType()
M:Dimension org.argouml.uml.diagram.activity.ui.FigActionState.getMinimumSize()
M:Dimension org.argouml.uml.diagram.activity.ui.FigActionState.getMinimumSize()
M:void org.argouml.uml.diagram.activity.ui.FigActionState.setStandardBounds(int, int, int, int)
P:144
P:224
P:100
P:36
M:Dimension org.argouml.uml.diagram.activity.ui.FigActionState.getMinimumSize()
M:boolean org.argouml.uml.diagram.activity.ui.FigActionState.isFilled()
M:Color org.argouml.uml.diagram.activity.ui.FigActionState.getFillColor()
M:int org.argouml.uml.diagram.activity.ui.FigActionState.getLineWidth()
M:Color org.argouml.uml.diagram.activity.ui.FigActionState.getLineColor()
M:boolean org.argouml.uml.diagram.activity.ui.FigActionState.isFilled()
M:Color org.argouml.uml.diagram.activity.ui.FigActionState.getFillColor()
M:int org.argouml.uml.diagram.activity.ui.FigActionState.getLineWidth()
M:Color org.argouml.uml.diagram.activity.ui.FigActionState.getLineColor()
S:F;T;T;T;T;T;F;T;T;F;U;T;T;T;F;T;F;F;F;T;T;T;F;T;T;U;F;T;F;F;T;F;F;T;F;F;T;F;T;F;T;T;T;F;U;T;F;U;U;U;U;T;T;T;T;T;T;F;F;T;T;U;F;F;F;F;F;F;T;F;T;F;T;U;U;F;U;U;T;F;F;T;F;F;F;T;F;F;F;F;T;F;T;T;T;F;F;F;T;F;F;F;F;T;F;F;T;F;U;T;F;F;T;T;T;F;F;F;F;F;F;F;F;F;F;T;F;T;F;F;F;T;T;F;F;F;T;F;T;T;F;F;F;F;F;F;F;F;F;T;U;F;T;T;F;T;U;T;T
