S:F;T;T;T;T;T;F;T;T;F;U;T;U;T;F;T;F;F;F;T;T;T;F;T;U;U;F;T;F;F;T;F;F;T;F;F;T;F;T;F;T;T;U;F;U;T;F;U;U;U;U;T;T;T;T;T;T;F;F;T;T;U;F;F;F;F;F;F;T;F;T;F;T;U;U;F;U;U;T;F;F;T;F;F;F;T;T;F;F;F;T;F;T;T;T;U;U;U;T;F;F;F;F;T;F;F;T;F;U;T;F;F;T;T;T;F;F;F;F;F;F;F;F;F;F;T;F;T;F;F;F;T;T;F;F;F;T;F;T;T;F;F;F;F;F;F;U;F;F;T;U;F;T;T;F;T;U;T;T
A:clickOnFigJunctionState
M:Icon[] org.argouml.uml.diagram.activity.ui.SelectionActionState.getIcons()
M:boolean org.argouml.uml.diagram.activity.ui.FigPool.getUseTrapRect()
M:void org.argouml.uml.diagram.activity.ui.UMLActivityDiagram.encloserChanged(FigNode, FigNode, FigNode)
P:org.argouml.uml.diagram.state.ui.FigJunctionState@7afdaa6c
P:org.argouml.uml.diagram.activity.ui.FigPool@6e36fa4b
P:org.argouml.uml.diagram.activity.ui.FigPool@6e36fa4b
M:void org.argouml.uml.diagram.activity.ui.UMLActivityDiagram.changePartition(FigNode)
P:org.argouml.uml.diagram.state.ui.FigJunctionState@7afdaa6c
M:boolean org.argouml.uml.diagram.activity.ui.UMLActivityDiagram.isStateInPartition(Object, Object)
P:Pseudostate$Impl  ID: -84-20-10-5-422b0e2c:16528647121:-8000:000000000000097A  MID: -84-20-10-5-422b0e2c:16528647121:-8000:0000000000000511  OPCKG: -84-20-10-5-422b0e2c:16528647121:-8000:0000000000000879
P:Partition$Impl  ID: -84-20-10-5-422b0e2c:16528647121:-8000:000000000000097C  MID: -84-20-10-5-422b0e2c:16528647121:-8000:00000000000005DF  OPCKG: -84-20-10-5-422b0e2c:16528647121:-8000:0000000000000879
M:Icon[] org.argouml.uml.diagram.activity.ui.SelectionActionState.getIcons()
M:Dimension org.argouml.uml.diagram.activity.ui.FigPartition.getMinimumSize()
M:Dimension org.argouml.uml.diagram.activity.ui.FigPartition.getMinimumSize()
M:Icon[] org.argouml.uml.diagram.activity.ui.SelectionActionState.getIcons()
M:Icon[] org.argouml.uml.diagram.activity.ui.SelectionActionState.getIcons()
M:String org.argouml.uml.diagram.activity.ui.SelectionActionState.getInstructions(int)
P:11
S:F;T;T;T;T;T;F;T;T;F;U;T;U;T;F;T;F;F;F;T;T;T;F;T;U;U;F;T;F;F;T;F;F;T;F;F;T;F;T;F;T;T;U;F;U;T;F;U;U;U;U;T;T;T;T;T;T;F;F;T;T;U;F;F;F;F;F;F;T;F;T;F;T;U;U;F;U;U;T;F;F;T;F;F;F;T;T;F;F;F;T;F;T;T;T;U;U;U;T;F;F;F;F;T;F;F;T;F;U;T;F;F;T;T;T;F;F;F;F;F;F;F;F;F;F;T;F;T;F;F;F;T;T;F;F;F;T;F;T;T;F;F;F;F;F;F;U;F;F;T;U;F;T;T;F;T;U;T;T
