M:void org.argouml.uml.diagram.activity.ui.FigPartition.SelectionPartition.paint(Graphics)
P:sun.java2d.SunGraphics2D[font=java.awt.Font[family=Lucida Grande,name=Lucida Grande,style=plain,size=13],color=java.awt.Color[r=0,g=0,b=0]]
M:void org.argouml.uml.diagram.activity.ui.FigPartition.SelectionPartition.updateHandleBox()
M:Dimension org.argouml.uml.diagram.activity.ui.FigPartition.getMinimumSize()
M:Dimension org.argouml.uml.diagram.activity.ui.FigPartition.getMinimumSize()
M:void org.argouml.uml.diagram.activity.ui.FigPartition.SelectionPartition.paint(Graphics)
P:sun.java2d.SunGraphics2D[font=java.awt.Font[family=Lucida Grande,name=Lucida Grande,style=plain,size=13],color=java.awt.Color[r=0,g=0,b=0]]
M:void org.argouml.uml.diagram.activity.ui.FigPartition.SelectionPartition.updateHandleBox()
M:void org.argouml.uml.diagram.activity.ui.FigPartition.SelectionPartition.hitHandle(Rectangle, Handle)
P:java.awt.Rectangle[x=17,y=7,width=0,height=0]
P:org.tigris.gef.presentation.Handle@7f12beea
M:void org.argouml.uml.diagram.activity.ui.FigPartition.SelectionPartition.updateHandleBox()
M:void org.argouml.uml.diagram.activity.ui.FigPartition.SelectionPartition.hitHandle(Rectangle, Handle)
P:java.awt.Rectangle[x=177,y=297,width=0,height=0]
P:org.tigris.gef.presentation.Handle@74d2845e
M:void org.argouml.uml.diagram.activity.ui.FigPartition.SelectionPartition.updateHandleBox()
M:void org.argouml.uml.diagram.activity.ui.FigPartition.SelectionPartition.hitHandle(Rectangle, Handle)
P:java.awt.Rectangle[x=173,y=293,width=8,height=8]
P:org.tigris.gef.presentation.Handle@1078ed1d
M:void org.argouml.uml.diagram.activity.ui.FigPartition.SelectionPartition.updateHandleBox()
M:void org.argouml.uml.diagram.activity.ui.FigPartition.SelectionPartition.hitHandle(Rectangle, Handle)
P:java.awt.Rectangle[x=173,y=293,width=8,height=8]
P:org.tigris.gef.presentation.Handle@9cf9e
M:void org.argouml.uml.diagram.activity.ui.FigPartition.SelectionPartition.updateHandleBox()
M:boolean org.argouml.uml.diagram.activity.ui.FigPool.getUseTrapRect()
M:void org.argouml.uml.diagram.activity.ui.UMLActivityDiagram.encloserChanged(FigNode, FigNode, FigNode)
P:org.argouml.uml.diagram.activity.ui.FigPartition@5119addd
M:void org.argouml.uml.diagram.activity.ui.FigPartition.SelectionPartition.paint(Graphics)
P:sun.java2d.SunGraphics2D[font=java.awt.Font[family=Lucida Grande,name=Lucida Grande,style=plain,size=13],color=java.awt.Color[r=0,g=0,b=0]]
M:void org.argouml.uml.diagram.activity.ui.FigPartition.SelectionPartition.updateHandleBox()
M:void org.argouml.uml.diagram.activity.ui.FigPartition.SelectionPartition.hitHandle(Rectangle, Handle)
P:java.awt.Rectangle[x=177,y=297,width=0,height=0]
P:org.tigris.gef.presentation.Handle@7d4604e9
M:void org.argouml.uml.diagram.activity.ui.FigPartition.SelectionPartition.updateHandleBox()
M:void org.argouml.uml.diagram.activity.ui.FigPartition.SelectionPartition.hitHandle(Rectangle, Handle)
P:java.awt.Rectangle[x=177,y=297,width=0,height=0]
P:org.tigris.gef.presentation.Handle@501642a8
M:void org.argouml.uml.diagram.activity.ui.FigPartition.SelectionPartition.updateHandleBox()
M:void org.argouml.uml.diagram.activity.ui.FigPartition.SelectionPartition.hitHandle(Rectangle, Handle)
P:java.awt.Rectangle[x=173,y=293,width=8,height=8]
P:org.tigris.gef.presentation.Handle@4f618f37
M:void org.argouml.uml.diagram.activity.ui.FigPartition.SelectionPartition.updateHandleBox()
M:void org.argouml.uml.diagram.activity.ui.FigPartition.SelectionPartition.hitHandle(Rectangle, Handle)
P:java.awt.Rectangle[x=173,y=293,width=8,height=8]
P:org.tigris.gef.presentation.Handle@7a12d71f
M:void org.argouml.uml.diagram.activity.ui.FigPartition.SelectionPartition.updateHandleBox()
M:void org.argouml.uml.diagram.activity.ui.FigPartition.SelectionPartition.paint(Graphics)
P:sun.java2d.SunGraphics2D[font=java.awt.Font[family=Lucida Grande,name=Lucida Grande,style=plain,size=13],color=java.awt.Color[r=0,g=0,b=0]]
M:void org.argouml.uml.diagram.activity.ui.FigPartition.SelectionPartition.updateHandleBox()
