M:FigPool org.argouml.uml.diagram.activity.ui.FigPartition.getFigPool()
M:List org.argouml.uml.diagram.activity.ui.FigPartition.getDragDependencies()
M:List org.argouml.uml.diagram.activity.ui.FigPartition.getPartitions(Layer)
P:org.tigris.gef.base.LayerPerspectiveMutable@15518a5e[untitledModel]
M:FigPool org.argouml.uml.diagram.activity.ui.FigPartition.getFigPool()
M:FigPool org.argouml.uml.diagram.activity.ui.FigPartition.getFigPool()
M:void org.argouml.uml.diagram.activity.ui.FigPartition.SelectionPartition.dragHandle(int, int, int, int, Handle)
P:352
P:296
P:177
P:297
P:org.tigris.gef.presentation.Handle@7a12d71f
M:void org.argouml.uml.diagram.activity.ui.FigPartition.SelectionPartition.updateHandleBox()
M:Dimension org.argouml.uml.diagram.activity.ui.FigPartition.getMinimumSize()
M:FigPartition org.argouml.uml.diagram.activity.ui.FigPartition.access$100(FigPartition)
P:org.argouml.uml.diagram.activity.ui.FigPartition@5119addd
M:void org.argouml.uml.diagram.activity.ui.FigPartition.SelectionPartition.setHandleBox(FigPartition, int, int, int, int)
P:16
P:8
P:336
P:288
M:List org.argouml.uml.diagram.activity.ui.FigPartition.access$200(FigPartition, Layer)
P:org.argouml.uml.diagram.activity.ui.FigPartition@5119addd
P:org.tigris.gef.base.LayerPerspectiveMutable@15518a5e[untitledModel]
M:List org.argouml.uml.diagram.activity.ui.FigPartition.getPartitions(Layer)
P:org.tigris.gef.base.LayerPerspectiveMutable@15518a5e[untitledModel]
M:void org.argouml.uml.diagram.activity.ui.FigPartition.setStandardBounds(int, int, int, int)
P:16
P:8
P:336
P:288
M:FigPool org.argouml.uml.diagram.activity.ui.FigPartition.access$300(FigPartition)
P:org.argouml.uml.diagram.activity.ui.FigPartition@5119addd
M:FigPool org.argouml.uml.diagram.activity.ui.FigPartition.getFigPool()
M:void org.argouml.uml.diagram.activity.ui.FigPool.setStandardBounds(int, int, int, int)
P:16
P:8
P:336
P:288
M:void org.argouml.uml.diagram.activity.ui.FigPartition.SelectionPartition.hitHandle(Rectangle, Handle)
P:java.awt.Rectangle[x=377,y=297,width=0,height=0]
P:org.tigris.gef.presentation.Handle@4a72226b
M:void org.argouml.uml.diagram.activity.ui.FigPartition.SelectionPartition.updateHandleBox()
M:void org.argouml.uml.diagram.activity.ui.FigPartition.SelectionPartition.dragHandle(int, int, int, int, Handle)
P:376
P:296
P:177
P:297
P:org.tigris.gef.presentation.Handle@7a12d71f
M:void org.argouml.uml.diagram.activity.ui.FigPartition.SelectionPartition.updateHandleBox()
M:Dimension org.argouml.uml.diagram.activity.ui.FigPartition.getMinimumSize()
M:FigPartition org.argouml.uml.diagram.activity.ui.FigPartition.access$100(FigPartition)
P:org.argouml.uml.diagram.activity.ui.FigPartition@5119addd
M:void org.argouml.uml.diagram.activity.ui.FigPartition.SelectionPartition.setHandleBox(FigPartition, int, int, int, int)
P:16
P:8
P:360
P:288
M:List org.argouml.uml.diagram.activity.ui.FigPartition.access$200(FigPartition, Layer)
P:org.argouml.uml.diagram.activity.ui.FigPartition@5119addd
P:org.tigris.gef.base.LayerPerspectiveMutable@15518a5e[untitledModel]
M:List org.argouml.uml.diagram.activity.ui.FigPartition.getPartitions(Layer)
P:org.tigris.gef.base.LayerPerspectiveMutable@15518a5e[untitledModel]
M:void org.argouml.uml.diagram.activity.ui.FigPartition.setStandardBounds(int, int, int, int)
P:16
P:8
P:360
P:288
M:FigPool org.argouml.uml.diagram.activity.ui.FigPartition.access$300(FigPartition)
P:org.argouml.uml.diagram.activity.ui.FigPartition@5119addd
M:FigPool org.argouml.uml.diagram.activity.ui.FigPartition.getFigPool()
M:void org.argouml.uml.diagram.activity.ui.FigPool.setStandardBounds(int, int, int, int)
P:16
P:8
P:360
P:288
M:void org.argouml.uml.diagram.activity.ui.FigPartition.SelectionPartition.paint(Graphics)
P:sun.java2d.SunGraphics2D[font=java.awt.Font[family=Lucida Grande,name=Lucida Grande,style=plain,size=13],color=java.awt.Color[r=0,g=0,b=0]]
M:void org.argouml.uml.diagram.activity.ui.FigPartition.SelectionPartition.updateHandleBox()
M:void org.argouml.uml.diagram.activity.ui.UMLActivityDiagram.changePartition(FigNode)
P:org.argouml.uml.diagram.state.ui.FigInitialState@4ebf30e2
M:void org.argouml.uml.diagram.activity.ui.SelectionActionState.setOutgoingRightButtonEnabled(boolean)
P:true
M:String org.argouml.uml.diagram.activity.ui.SelectionActionState.getInstructions(int)
P:15
M:void org.argouml.uml.diagram.activity.ui.UMLActivityDiagram.encloserChanged(FigNode, FigNode, FigNode)
P:org.argouml.uml.diagram.state.ui.FigInitialState@4ebf30e2
P:org.argouml.uml.diagram.activity.ui.FigPool@3de88cb1
P:org.argouml.uml.diagram.activity.ui.FigPool@3de88cb1
M:void org.argouml.uml.diagram.activity.ui.FigPool.addEnclosedFig(Fig)
P:org.argouml.uml.diagram.activity.ui.FigActionState@6a1d846a
M:void org.argouml.uml.diagram.activity.ui.FigActionState.modelChanged(PropertyChangeEvent)
P:org.argouml.model.AttributeChangeEvent[propertyName=partition; oldValue=null; newValue=Partition$Impl  ID: 127-0-0-1-30a38b3c:1652a918575:-8000:0000000000000977  MID: 127-0-0-1-30a38b3c:1652a918575:-8000:00000000000005DF  OPCKG: 127-0-0-1-30a38b3c:1652a918575:-8000:0000000000000879; propagationId=null; source=ActionState$Impl  ID: 127-0-0-1-30a38b3c:1652a918575:-8000:0000000000000979  MID: 127-0-0-1-30a38b3c:1652a918575:-8000:00000000000005E9  OPCKG: 127-0-0-1-30a38b3c:1652a918575:-8000:0000000000000879]: org.netbeans.api.mdr.events.AssociationEvent[source=AContentsPartition$Impl  ID: 127-0-0-1-30a38b3c:1652a918575:-8000:0000000000000969  MID: 127-0-0-1-30a38b3c:1652a918575:-8000:00000000000005FB  OPCKG: 127-0-0-1-30a38b3c:1652a918575:-8000:0000000000000879]
M:Dimension org.argouml.uml.diagram.activity.ui.FigActionState.getMinimumSize()
M:boolean org.argouml.uml.diagram.activity.ui.FigActionState.isFilled()
M:String org.argouml.uml.diagram.activity.ui.SelectionActionState.getInstructions(int)
P:15
M:Dimension org.argouml.uml.diagram.activity.ui.FigPartition.getMinimumSize()
M:Dimension org.argouml.uml.diagram.activity.ui.FigPartition.getMinimumSize()
M:Icon[] org.argouml.uml.diagram.activity.ui.SelectionActionState.getIcons()
M:int org.argouml.uml.diagram.activity.ui.FigActionState.getNotationProviderType()
M:void org.argouml.uml.diagram.activity.ui.FigActionState.setStandardBounds(int, int, int, int)
P:144
P:224
P:100
P:36
M:Dimension org.argouml.uml.diagram.activity.ui.FigActionState.getMinimumSize()
M:Dimension org.argouml.uml.diagram.activity.ui.FigActionState.getMinimumSize()
M:Dimension org.argouml.uml.diagram.activity.ui.FigActionState.getMinimumSize()
M:Dimension org.argouml.uml.diagram.activity.ui.FigActionState.getMinimumSize()
M:Dimension org.argouml.uml.diagram.activity.ui.FigActionState.getMinimumSize()
M:Icon[] org.argouml.uml.diagram.activity.ui.SelectionActionState.getIcons()
M:String org.argouml.uml.diagram.activity.ui.FigPartition.placeString()
M:int org.argouml.uml.diagram.activity.ui.FigPartition.getLineWidth()
M:void org.argouml.uml.diagram.activity.ui.FigPartition.setStandardBounds(int, int, int, int)
P:376
P:8
P:160
P:288
M:Dimension org.argouml.uml.diagram.activity.ui.FigActionState.getMinimumSize()
M:Color org.argouml.uml.diagram.activity.ui.FigActionState.getFillColor()
M:Color org.argouml.uml.diagram.activity.ui.FigActionState.getFillColor()
M:Icon[] org.argouml.uml.diagram.activity.ui.SelectionActionState.getIcons()
M:FigNode org.argouml.uml.diagram.activity.ui.ActivityDiagramRenderer.getFigNodeFor(GraphModel, Layer, Object, Map)
P:org.argouml.uml.diagram.activity.ActivityDiagramGraphModel@64fe25c4
P:org.tigris.gef.base.LayerPerspectiveMutable@15518a5e[untitledModel]
P:Pseudostate$Impl  ID: 127-0-0-1-30a38b3c:1652a918575:-8000:000000000000097E  MID: 127-0-0-1-30a38b3c:1652a918575:-8000:0000000000000511  OPCKG: 127-0-0-1-30a38b3c:1652a918575:-8000:0000000000000879
M:Dimension org.argouml.uml.diagram.activity.ui.FigPartition.getMinimumSize()
M:Dimension org.argouml.uml.diagram.activity.ui.FigPartition.getMinimumSize()
M:String org.argouml.uml.diagram.activity.ui.SelectionActionState.getInstructions(int)
P:15
M:void org.argouml.uml.diagram.activity.ui.SelectionActionState.setIncomingButtonEnabled(boolean)
P:false
M:Icon[] org.argouml.uml.diagram.activity.ui.SelectionActionState.getIcons()
M:String org.argouml.uml.diagram.activity.ui.SelectionActionState.getInstructions(int)
P:15
M:void org.argouml.uml.diagram.activity.ui.FigActionState.modelChanged(PropertyChangeEvent)
P:org.argouml.model.AttributeChangeEvent[propertyName=incoming; oldValue=null; newValue=Transition$Impl  ID: 127-0-0-1-30a38b3c:1652a918575:-8000:000000000000097F  MID: 127-0-0-1-30a38b3c:1652a918575:-8000:0000000000000507  OPCKG: 127-0-0-1-30a38b3c:1652a918575:-8000:0000000000000879; propagationId=null; source=ActionState$Impl  ID: 127-0-0-1-30a38b3c:1652a918575:-8000:0000000000000979  MID: 127-0-0-1-30a38b3c:1652a918575:-8000:00000000000005E9  OPCKG: 127-0-0-1-30a38b3c:1652a918575:-8000:0000000000000879]: org.netbeans.api.mdr.events.AssociationEvent[source=AIncomingTarget$Impl  ID: 127-0-0-1-30a38b3c:1652a918575:-8000:0000000000000937  MID: 127-0-0-1-30a38b3c:1652a918575:-8000:0000000000000549  OPCKG: 127-0-0-1-30a38b3c:1652a918575:-8000:0000000000000879]
M:Color org.argouml.uml.diagram.activity.ui.FigActionState.getFillColor()
M:void org.argouml.uml.diagram.activity.ui.FigActionState.modelChanged(PropertyChangeEvent)
P:org.argouml.model.AttributeChangeEvent[propertyName=partition; oldValue=null; newValue=Partition$Impl  ID: 127-0-0-1-30a38b3c:1652a918575:-8000:0000000000000977  MID: 127-0-0-1-30a38b3c:1652a918575:-8000:00000000000005DF  OPCKG: 127-0-0-1-30a38b3c:1652a918575:-8000:0000000000000879; propagationId=null; source=ActionState$Impl  ID: 127-0-0-1-30a38b3c:1652a918575:-8000:0000000000000979  MID: 127-0-0-1-30a38b3c:1652a918575:-8000:00000000000005E9  OPCKG: 127-0-0-1-30a38b3c:1652a918575:-8000:0000000000000879]: org.netbeans.api.mdr.events.AssociationEvent[source=AContentsPartition$Impl  ID: 127-0-0-1-30a38b3c:1652a918575:-8000:0000000000000969  MID: 127-0-0-1-30a38b3c:1652a918575:-8000:00000000000005FB  OPCKG: 127-0-0-1-30a38b3c:1652a918575:-8000:0000000000000879]
M:Dimension org.argouml.uml.diagram.activity.ui.FigPartition.getMinimumSize()
M:String org.argouml.uml.diagram.activity.ui.SelectionActionState.getInstructions(int)
P:11
M:Object org.argouml.uml.diagram.activity.ui.SelectionActionState.getNewEdgeType(int)
P:11
M:String org.argouml.uml.diagram.activity.ui.SelectionActionState.getInstructions(int)
P:11
M:void org.argouml.uml.diagram.activity.ui.FigActionState.modelChanged(PropertyChangeEvent)
P:org.argouml.model.AddAssociationEvent[propertyName=outgoing; oldValue=null; newValue=Transition$Impl  ID: 127-0-0-1-30a38b3c:1652a918575:-8000:0000000000000980  MID: 127-0-0-1-30a38b3c:1652a918575:-8000:0000000000000507  OPCKG: 127-0-0-1-30a38b3c:1652a918575:-8000:0000000000000879; propagationId=null; source=ActionState$Impl  ID: 127-0-0-1-30a38b3c:1652a918575:-8000:0000000000000979  MID: 127-0-0-1-30a38b3c:1652a918575:-8000:00000000000005E9  OPCKG: 127-0-0-1-30a38b3c:1652a918575:-8000:0000000000000879]: org.netbeans.api.mdr.events.AssociationEvent[source=AOutgoingSource$Impl  ID: 127-0-0-1-30a38b3c:1652a918575:-8000:0000000000000936  MID: 127-0-0-1-30a38b3c:1652a918575:-8000:0000000000000546  OPCKG: 127-0-0-1-30a38b3c:1652a918575:-8000:0000000000000879]
M:Icon[] org.argouml.uml.diagram.activity.ui.SelectionActionState.getIcons()
M:void org.argouml.uml.diagram.activity.ui.FigActionState.modelChanged(PropertyChangeEvent)
P:org.argouml.model.AddAssociationEvent[propertyName=incoming; oldValue=null; newValue=Transition$Impl  ID: 127-0-0-1-30a38b3c:1652a918575:-8000:0000000000000981  MID: 127-0-0-1-30a38b3c:1652a918575:-8000:0000000000000507  OPCKG: 127-0-0-1-30a38b3c:1652a918575:-8000:0000000000000879; propagationId=null; source=CallState$Impl  ID: 127-0-0-1-30a38b3c:1652a918575:-8000:000000000000097B  MID: 127-0-0-1-30a38b3c:1652a918575:-8000:00000000000005EA  OPCKG: 127-0-0-1-30a38b3c:1652a918575:-8000:0000000000000879]: org.netbeans.api.mdr.events.AssociationEvent[source=AIncomingTarget$Impl  ID: 127-0-0-1-30a38b3c:1652a918575:-8000:0000000000000937  MID: 127-0-0-1-30a38b3c:1652a918575:-8000:0000000000000549  OPCKG: 127-0-0-1-30a38b3c:1652a918575:-8000:0000000000000879]
M:Dimension org.argouml.uml.diagram.activity.ui.FigPartition.getMinimumSize()
M:boolean org.argouml.uml.diagram.activity.ui.FigPool.getUseTrapRect()
M:Icon[] org.argouml.uml.diagram.activity.ui.SelectionActionState.getIcons()
M:Icon[] org.argouml.uml.diagram.activity.ui.SelectionActionState.getIcons()
M:Icon[] org.argouml.uml.diagram.activity.ui.SelectionActionState.getIcons()
M:Icon[] org.argouml.uml.diagram.activity.ui.SelectionActionState.getIcons()
M:int org.argouml.uml.diagram.activity.ui.FigPartition.getLineWidth()
M:void org.argouml.uml.diagram.activity.ui.UMLActivityDiagram.encloserChanged(FigNode, FigNode, FigNode)
P:org.argouml.uml.diagram.activity.ui.FigPartition@5119addd
M:void org.argouml.uml.diagram.activity.ui.FigPartition.SelectionPartition.updateHandleBox()
M:Color org.argouml.uml.diagram.activity.ui.FigPartition.getLineColor()
M:void org.argouml.uml.diagram.activity.ui.FigPartition.SelectionPartition.updateHandleBox()
M:void org.argouml.uml.diagram.activity.ui.FigPartition.SelectionPartition.hitHandle(Rectangle, Handle)
P:java.awt.Rectangle[x=444,y=14,width=8,height=8]
P:org.tigris.gef.presentation.Handle@4e444cd9
M:void org.argouml.uml.diagram.activity.ui.FigPartition.SelectionPartition.hitHandle(Rectangle, Handle)
P:java.awt.Rectangle[x=531,y=292,width=8,height=8]
P:org.tigris.gef.presentation.Handle@58cebd3f
M:List org.argouml.uml.diagram.activity.ui.FigPartition.getDragDependencies()
M:List org.argouml.uml.diagram.activity.ui.FigPartition.getPartitions(Layer)
P:org.tigris.gef.base.LayerPerspectiveMutable@15518a5e[untitledModel]
M:void org.argouml.uml.diagram.activity.ui.FigPartition.SelectionPartition.hitHandle(Rectangle, Handle)
P:java.awt.Rectangle[x=164,y=311,width=0,height=0]
P:org.tigris.gef.presentation.Handle@4586b00a
M:void org.argouml.uml.diagram.activity.ui.SelectionActionState.setOutgoingBelowButtonEnabled(boolean)
P:false
M:String org.argouml.uml.diagram.activity.ui.SelectionActionState.getInstructions(int)
P:15
M:Dimension org.argouml.uml.diagram.activity.ui.FigActionState.getMinimumSize()
M:Dimension org.argouml.uml.diagram.activity.ui.FigPartition.getMinimumSize()
M:String org.argouml.uml.diagram.activity.ui.SelectionActionState.getInstructions(int)
P:11
M:void org.argouml.uml.diagram.activity.ui.FigActionState.modelChanged(PropertyChangeEvent)
P:org.argouml.model.AttributeChangeEvent[propertyName=outgoing; oldValue=null; newValue=Transition$Impl  ID: 127-0-0-1-30a38b3c:1652a918575:-8000:0000000000000986  MID: 127-0-0-1-30a38b3c:1652a918575:-8000:0000000000000507  OPCKG: 127-0-0-1-30a38b3c:1652a918575:-8000:0000000000000879; propagationId=null; source=CallState$Impl  ID: 127-0-0-1-30a38b3c:1652a918575:-8000:000000000000097B  MID: 127-0-0-1-30a38b3c:1652a918575:-8000:00000000000005EA  OPCKG: 127-0-0-1-30a38b3c:1652a918575:-8000:0000000000000879]: org.netbeans.api.mdr.events.AssociationEvent[source=AOutgoingSource$Impl  ID: 127-0-0-1-30a38b3c:1652a918575:-8000:0000000000000936  MID: 127-0-0-1-30a38b3c:1652a918575:-8000:0000000000000546  OPCKG: 127-0-0-1-30a38b3c:1652a918575:-8000:0000000000000879]
M:Dimension org.argouml.uml.diagram.activity.ui.FigPartition.getMinimumSize()
M:String org.argouml.uml.diagram.activity.ui.SelectionActionState.getInstructions(int)
P:11
