S:F;T;T;T;T;T;F;T;T;F;U;T;T;T;F;T;F;F;F;T;T;T;F;T;T;U;F;T;F;F;T;F;F;T;F;F;T;F;T;F;T;T;T;F;U;T;F;U;U;U;U;T;T;T;T;T;T;F;F;T;T;U;F;F;F;F;F;F;T;F;T;F;T;U;U;F;U;F;U;F;F;T;F;F;F;T;T;F;F;F;T;F;T;T;T;F;F;F;T;F;F;F;F;T;F;F;T;F;U;T;F;F;T;T;F;F;F;F;F;F;F;F;F;F;F;T;F;T;F;F;F;T;T;F;F;F;T;F;T;T;F;F;F;F;F;F;F;F;T;T;T;U;T;T;F;U;U;T;T
A:clickOnFigPartition
M:FigNode org.argouml.uml.diagram.activity.ui.ActivityDiagramRenderer.getFigNodeFor(GraphModel, Layer, Object, Map)
P:org.argouml.uml.diagram.activity.ActivityDiagramGraphModel@4faee189
P:org.tigris.gef.base.LayerPerspectiveMutable@3d6c51e6[untitledModel]
P:Pseudostate$Impl  ID: -64--88-1-3-71983f96:16508fe7d1a:-8000:0000000000000980  MID: -64--88-1-3-71983f96:16508fe7d1a:-8000:0000000000000511  OPCKG: -64--88-1-3-71983f96:16508fe7d1a:-8000:0000000000000879
M:boolean org.argouml.uml.diagram.activity.ui.UMLActivityDiagram.doesAccept(Object)
P:Pseudostate$Impl  ID: -64--88-1-3-71983f96:16508fe7d1a:-8000:0000000000000980  MID: -64--88-1-3-71983f96:16508fe7d1a:-8000:0000000000000511  OPCKG: -64--88-1-3-71983f96:16508fe7d1a:-8000:0000000000000879
M:DiagramElement org.argouml.uml.diagram.activity.ui.UMLActivityDiagram.createDiagramElement(Object, Rectangle)
P:Pseudostate$Impl  ID: -64--88-1-3-71983f96:16508fe7d1a:-8000:0000000000000980  MID: -64--88-1-3-71983f96:16508fe7d1a:-8000:0000000000000511  OPCKG: -64--88-1-3-71983f96:16508fe7d1a:-8000:0000000000000879
M:boolean org.argouml.uml.diagram.activity.ui.FigPool.getUseTrapRect()
M:void org.argouml.uml.diagram.activity.ui.UMLActivityDiagram.encloserChanged(FigNode, FigNode, FigNode)
P:org.argouml.uml.diagram.state.ui.FigJoinState@396bc45e
P:org.argouml.uml.diagram.activity.ui.FigPool@479751a6
M:void org.argouml.uml.diagram.activity.ui.UMLActivityDiagram.changePartition(FigNode)
P:org.argouml.uml.diagram.state.ui.FigJoinState@396bc45e
M:boolean org.argouml.uml.diagram.activity.ui.UMLActivityDiagram.isStateInPartition(Object, Object)
P:Pseudostate$Impl  ID: -64--88-1-3-71983f96:16508fe7d1a:-8000:0000000000000980  MID: -64--88-1-3-71983f96:16508fe7d1a:-8000:0000000000000511  OPCKG: -64--88-1-3-71983f96:16508fe7d1a:-8000:0000000000000879
P:Partition$Impl  ID: -64--88-1-3-71983f96:16508fe7d1a:-8000:0000000000000977  MID: -64--88-1-3-71983f96:16508fe7d1a:-8000:00000000000005DF  OPCKG: -64--88-1-3-71983f96:16508fe7d1a:-8000:0000000000000879
M:void org.argouml.uml.diagram.activity.ui.FigPool.addEnclosedFig(Fig)
P:org.argouml.uml.diagram.state.ui.FigJoinState@396bc45e
M:Icon[] org.argouml.uml.diagram.activity.ui.SelectionActionState.getIcons()
M:Dimension org.argouml.uml.diagram.activity.ui.FigPartition.getMinimumSize()
M:Dimension org.argouml.uml.diagram.activity.ui.FigPartition.getMinimumSize()
M:Dimension org.argouml.uml.diagram.activity.ui.FigPartition.getMinimumSize()
M:Dimension org.argouml.uml.diagram.activity.ui.FigPartition.getMinimumSize()
M:Icon[] org.argouml.uml.diagram.activity.ui.SelectionActionState.getIcons()
M:Icon[] org.argouml.uml.diagram.activity.ui.SelectionActionState.getIcons()
M:String org.argouml.uml.diagram.activity.ui.SelectionActionState.getInstructions(int)
P:12
M:Icon[] org.argouml.uml.diagram.activity.ui.SelectionActionState.getIcons()
M:Icon[] org.argouml.uml.diagram.activity.ui.SelectionActionState.getIcons()
M:String org.argouml.uml.diagram.activity.ui.SelectionActionState.getInstructions(int)
P:15
S:F;T;T;T;T;T;F;T;T;F;U;T;T;T;F;T;F;F;F;T;T;T;F;T;T;U;F;T;F;F;T;F;F;T;F;F;T;F;T;F;T;T;T;F;U;T;F;U;U;U;U;T;T;T;T;T;T;F;F;T;T;U;F;F;F;F;F;F;T;F;T;F;T;U;U;F;U;F;U;F;F;T;F;F;F;T;T;F;F;F;T;F;T;T;T;F;F;F;T;F;F;F;F;T;F;F;T;F;U;T;F;F;T;T;F;F;F;F;F;F;F;F;F;F;F;T;F;T;F;F;F;T;T;F;F;F;T;F;T;T;F;F;F;F;F;F;F;F;T;T;T;U;T;T;F;U;U;T;T
