M:String org.argouml.uml.diagram.activity.ui.FigPartition.placeString()
M:String org.argouml.uml.diagram.activity.ui.FigPartition.placeString()
M:void org.argouml.uml.diagram.activity.ui.FigPartition.initFigs()
M:void org.argouml.uml.diagram.activity.ui.FigPartition.setFilled(boolean)
P:false
M:void org.argouml.uml.diagram.activity.ui.FigPartition.setStandardBounds(int, int, int, int)
P:10
P:10
P:160
P:290
M:void org.argouml.uml.diagram.activity.ui.ModePlacePartition.mouseReleased(MouseEvent)
P:java.awt.event.MouseEvent[MOUSE_RELEASED,(16,17),absolute(334,125),button=1,modifiers=Button1,clickCount=1] on org.tigris.gef.graph.presentation.JGraphInternalPane[,0,0,6000x6000,invalid,alignmentX=0.0,alignmentY=0.0,border=,flags=296,maximumSize=,minimumSize=,preferredSize=java.awt.Dimension[width=6000,height=6000]]
M:void org.argouml.uml.diagram.activity.ui.UMLActivityDiagram.encloserChanged(FigNode, FigNode, FigNode)
P:org.argouml.uml.diagram.activity.ui.FigPartition@df1dcbd
M:Selection org.argouml.uml.diagram.activity.ui.FigPartition.makeSelection()
M:boolean org.argouml.uml.diagram.activity.ui.FigPartition.isFilled()
M:int org.argouml.uml.diagram.activity.ui.FigPartition.getLineWidth()
M:Color org.argouml.uml.diagram.activity.ui.FigPartition.getLineColor()
M:boolean org.argouml.uml.diagram.activity.ui.FigPartition.isFilled()
M:int org.argouml.uml.diagram.activity.ui.FigPartition.getLineWidth()
M:Color org.argouml.uml.diagram.activity.ui.FigPartition.getLineColor()
M:void org.argouml.uml.diagram.activity.ui.FigPartition.appendToPool(Object)
P:ActivityGraph$Impl  ID: -84-20-10-3--2d48f12:1652d1887e9:-8000:0000000000000974  MID: -84-20-10-3--2d48f12:1652d1887e9:-8000:00000000000005DC  OPCKG: -84-20-10-3--2d48f12:1652d1887e9:-8000:0000000000000878
M:List org.argouml.uml.diagram.activity.ui.FigPartition.getPartitions(Layer)
P:org.tigris.gef.base.LayerPerspectiveMutable@63b7de15[untitledModel]
M:FigStereotypesGroup org.argouml.uml.diagram.activity.ui.FigPool.createStereotypeFig()
M:void org.argouml.uml.diagram.activity.ui.FigPool.initialize(Rectangle)
P:java.awt.Rectangle[x=16,y=16,width=160,height=290]
M:void org.argouml.uml.diagram.activity.ui.FigPool.setStandardBounds(int, int, int, int)
P:16
P:16
P:160
P:290
M:void org.argouml.uml.diagram.activity.ui.FigPartition.SelectionPartition.paint(Graphics)
P:sun.java2d.SunGraphics2D[font=java.awt.Font[family=Lucida Grande,name=Lucida Grande,style=plain,size=13],color=java.awt.Color[r=0,g=0,b=0]]
M:void org.argouml.uml.diagram.activity.ui.FigPartition.SelectionPartition.updateHandleBox()
M:Dimension org.argouml.uml.diagram.activity.ui.FigPartition.getMinimumSize()
M:Dimension org.argouml.uml.diagram.activity.ui.FigPartition.getMinimumSize()
M:void org.argouml.uml.diagram.activity.ui.FigPartition.SelectionPartition.paint(Graphics)
P:sun.java2d.SunGraphics2D[font=java.awt.Font[family=Lucida Grande,name=Lucida Grande,style=plain,size=13],color=java.awt.Color[r=0,g=0,b=0]]
M:void org.argouml.uml.diagram.activity.ui.FigPartition.SelectionPartition.updateHandleBox()
M:void org.argouml.uml.diagram.activity.ui.FigPartition.SelectionPartition.hitHandle(Rectangle, Handle)
P:java.awt.Rectangle[x=170,y=301,width=8,height=8]
P:org.tigris.gef.presentation.Handle@11fcfd71
M:void org.argouml.uml.diagram.activity.ui.FigPartition.SelectionPartition.updateHandleBox()
M:void org.argouml.uml.diagram.activity.ui.FigPartition.SelectionPartition.hitHandle(Rectangle, Handle)
P:java.awt.Rectangle[x=170,y=301,width=8,height=8]
P:org.tigris.gef.presentation.Handle@30ea2387
M:void org.argouml.uml.diagram.activity.ui.FigPartition.SelectionPartition.updateHandleBox()
M:void org.argouml.uml.diagram.activity.ui.UMLActivityDiagram.encloserChanged(FigNode, FigNode, FigNode)
P:org.argouml.uml.diagram.activity.ui.FigPartition@df1dcbd
M:FigPool org.argouml.uml.diagram.activity.ui.FigPartition.getFigPool()
M:void org.argouml.uml.diagram.activity.ui.FigPartition.SelectionPartition.setHandleBox(FigPartition, int, int, int, int)
P:16
P:16
P:456
P:288
M:void org.argouml.uml.diagram.activity.ui.FigPartition.setStandardBounds(int, int, int, int)
P:16
P:16
P:456
P:288
M:void org.argouml.uml.diagram.activity.ui.SelectionActionState.setIncomingLeftButtonEnabled(boolean)
P:false
M:Icon[] org.argouml.uml.diagram.activity.ui.SelectionActionState.getIcons()
M:void org.argouml.uml.diagram.activity.ui.UMLActivityDiagram.encloserChanged(FigNode, FigNode, FigNode)
P:org.argouml.uml.diagram.state.ui.FigInitialState@237b9ddc
P:org.argouml.uml.diagram.activity.ui.FigPool@5db94ce7
P:org.argouml.uml.diagram.activity.ui.FigPool@5db94ce7
M:Icon[] org.argouml.uml.diagram.activity.ui.SelectionActionState.getIcons()
M:int org.argouml.uml.diagram.activity.ui.FigActionState.getNotationProviderType()
M:void org.argouml.uml.diagram.activity.ui.FigActionState.modelChanged(PropertyChangeEvent)
P:org.argouml.model.AttributeChangeEvent[propertyName=container; oldValue=null; newValue=CompositeState$Impl  ID: -84-20-10-3--2d48f12:1652d1887e9:-8000:0000000000000975  MID: -84-20-10-3--2d48f12:1652d1887e9:-8000:000000000000050A  OPCKG: -84-20-10-3--2d48f12:1652d1887e9:-8000:0000000000000878; propagationId=null; source=ActionState$Impl  ID: -84-20-10-3--2d48f12:1652d1887e9:-8000:0000000000000978  MID: -84-20-10-3--2d48f12:1652d1887e9:-8000:00000000000005E9  OPCKG: -84-20-10-3--2d48f12:1652d1887e9:-8000:0000000000000878]: org.netbeans.api.mdr.events.AssociationEvent[source=AContainerSubvertex$Impl  ID: -84-20-10-3--2d48f12:1652d1887e9:-8000:0000000000000930  MID: -84-20-10-3--2d48f12:1652d1887e9:-8000:0000000000000537  OPCKG: -84-20-10-3--2d48f12:1652d1887e9:-8000:0000000000000878]
M:void org.argouml.uml.diagram.activity.ui.FigActionState.modelChanged(PropertyChangeEvent)
P:org.argouml.model.AddAssociationEvent[propertyName=partition; oldValue=null; newValue=Partition$Impl  ID: -84-20-10-3--2d48f12:1652d1887e9:-8000:0000000000000976  MID: -84-20-10-3--2d48f12:1652d1887e9:-8000:00000000000005DF  OPCKG: -84-20-10-3--2d48f12:1652d1887e9:-8000:0000000000000878; propagationId=null; source=ActionState$Impl  ID: -84-20-10-3--2d48f12:1652d1887e9:-8000:0000000000000978  MID: -84-20-10-3--2d48f12:1652d1887e9:-8000:00000000000005E9  OPCKG: -84-20-10-3--2d48f12:1652d1887e9:-8000:0000000000000878]: org.netbeans.api.mdr.events.AssociationEvent[source=AContentsPartition$Impl  ID: -84-20-10-3--2d48f12:1652d1887e9:-8000:0000000000000968  MID: -84-20-10-3--2d48f12:1652d1887e9:-8000:00000000000005FB  OPCKG: -84-20-10-3--2d48f12:1652d1887e9:-8000:0000000000000878]
M:void org.argouml.uml.diagram.activity.ui.FigActionState.setStandardBounds(int, int, int, int)
P:128
P:128
P:117
P:36
M:void org.argouml.uml.diagram.activity.ui.FigActionState.modelChanged(PropertyChangeEvent)
P:org.argouml.model.AddAssociationEvent[propertyName=partition; oldValue=null; newValue=Partition$Impl  ID: -84-20-10-3--2d48f12:1652d1887e9:-8000:0000000000000976  MID: -84-20-10-3--2d48f12:1652d1887e9:-8000:00000000000005DF  OPCKG: -84-20-10-3--2d48f12:1652d1887e9:-8000:0000000000000878; propagationId=null; source=ActionState$Impl  ID: -84-20-10-3--2d48f12:1652d1887e9:-8000:0000000000000978  MID: -84-20-10-3--2d48f12:1652d1887e9:-8000:00000000000005E9  OPCKG: -84-20-10-3--2d48f12:1652d1887e9:-8000:0000000000000878]: org.netbeans.api.mdr.events.AssociationEvent[source=AContentsPartition$Impl  ID: -84-20-10-3--2d48f12:1652d1887e9:-8000:0000000000000968  MID: -84-20-10-3--2d48f12:1652d1887e9:-8000:00000000000005FB  OPCKG: -84-20-10-3--2d48f12:1652d1887e9:-8000:0000000000000878]
M:Dimension org.argouml.uml.diagram.activity.ui.FigActionState.getMinimumSize()
M:boolean org.argouml.uml.diagram.activity.ui.FigActionState.isFilled()
M:void org.argouml.uml.diagram.activity.ui.FigActionState.modelChanged(PropertyChangeEvent)
P:org.argouml.model.AddAssociationEvent[propertyName=partition; oldValue=null; newValue=Partition$Impl  ID: -84-20-10-3--2d48f12:1652d1887e9:-8000:0000000000000976  MID: -84-20-10-3--2d48f12:1652d1887e9:-8000:00000000000005DF  OPCKG: -84-20-10-3--2d48f12:1652d1887e9:-8000:0000000000000878; propagationId=null; source=ActionState$Impl  ID: -84-20-10-3--2d48f12:1652d1887e9:-8000:0000000000000978  MID: -84-20-10-3--2d48f12:1652d1887e9:-8000:00000000000005E9  OPCKG: -84-20-10-3--2d48f12:1652d1887e9:-8000:0000000000000878]: org.netbeans.api.mdr.events.AssociationEvent[source=AContentsPartition$Impl  ID: -84-20-10-3--2d48f12:1652d1887e9:-8000:0000000000000968  MID: -84-20-10-3--2d48f12:1652d1887e9:-8000:00000000000005FB  OPCKG: -84-20-10-3--2d48f12:1652d1887e9:-8000:0000000000000878]
M:Dimension org.argouml.uml.diagram.activity.ui.FigActionState.getMinimumSize()
M:Dimension org.argouml.uml.diagram.activity.ui.FigActionState.getMinimumSize()
M:void org.argouml.uml.diagram.activity.ui.SelectionActionState.setIncomingLeftButtonEnabled(boolean)
P:false
M:Icon[] org.argouml.uml.diagram.activity.ui.SelectionActionState.getIcons()
M:Icon[] org.argouml.uml.diagram.activity.ui.SelectionActionState.getIcons()
M:Object org.argouml.uml.diagram.activity.ui.FigObjectFlowState.getOwner(NotationProvider)
P:org.argouml.notation.providers.uml.ObjectFlowStateTypeNotationUml@66b75163
M:Dimension org.argouml.uml.diagram.activity.ui.FigObjectFlowState.getMinimumSize()
M:Dimension org.argouml.uml.diagram.activity.ui.FigObjectFlowState.getMinimumSize()
M:void org.argouml.uml.diagram.activity.ui.FigObjectFlowState.notationRenderingChanged(NotationProvider, String)
P:org.argouml.notation.providers.uml.ObjectFlowStateStateNotationUml@3162dcfb
P:
M:NotationSettings org.argouml.uml.diagram.activity.ui.FigObjectFlowState.getNotationSettings(NotationProvider)
P:org.argouml.notation.providers.uml.ObjectFlowStateStateNotationUml@478c5b97
M:NotationSettings org.argouml.uml.diagram.activity.ui.FigObjectFlowState.getNotationSettings(NotationProvider)
P:org.argouml.notation.providers.uml.ObjectFlowStateTypeNotationUml@66b75163
M:Object org.argouml.uml.diagram.activity.ui.FigObjectFlowState.getOwner(NotationProvider)
P:org.argouml.notation.providers.uml.ObjectFlowStateStateNotationUml@478c5b97
M:void org.argouml.uml.diagram.activity.ui.FigObjectFlowState.notationRenderingChanged(NotationProvider, String)
P:org.argouml.notation.providers.uml.ObjectFlowStateStateNotationUml@478c5b97
P:
M:boolean org.argouml.uml.diagram.activity.ui.FigObjectFlowState.isFilled()
M:int org.argouml.uml.diagram.activity.ui.FigObjectFlowState.getLineWidth()
M:int org.argouml.uml.diagram.activity.ui.FigObjectFlowState.getLineWidth()
M:Object org.argouml.uml.diagram.activity.ui.FigObjectFlowState.getOwner(NotationProvider)
P:org.argouml.notation.providers.uml.ObjectFlowStateStateNotationUml@3162dcfb
M:Dimension org.argouml.uml.diagram.activity.ui.FigObjectFlowState.getMinimumSize()
M:NotationSettings org.argouml.uml.diagram.activity.ui.FigObjectFlowState.getNotationSettings(NotationProvider)
P:org.argouml.notation.providers.uml.ObjectFlowStateTypeNotationUml@66b75163
M:void org.argouml.uml.diagram.activity.ui.FigObjectFlowState.notationRenderingChanged(NotationProvider, String)
P:org.argouml.notation.providers.uml.ObjectFlowStateStateNotationUml@3162dcfb
P:
M:Icon[] org.argouml.uml.diagram.activity.ui.SelectionActionState.getIcons()
M:int org.argouml.uml.diagram.activity.ui.FigObjectFlowState.getNotationProviderType()
M:void org.argouml.uml.diagram.activity.ui.FigObjectFlowState.notationRenderingChanged(NotationProvider, String)
P:org.argouml.notation.providers.uml.ObjectFlowStateStateNotationUml@746dd736
P:
M:Color org.argouml.uml.diagram.activity.ui.FigObjectFlowState.getFillColor()
M:Object org.argouml.uml.diagram.activity.ui.FigObjectFlowState.getOwner(NotationProvider)
P:org.argouml.notation.providers.uml.ObjectFlowStateStateNotationUml@3162dcfb
M:Object org.argouml.uml.diagram.activity.ui.FigObjectFlowState.getOwner(NotationProvider)
P:org.argouml.notation.providers.uml.ObjectFlowStateStateNotationUml@478c5b97
M:Dimension org.argouml.uml.diagram.activity.ui.FigObjectFlowState.getMinimumSize()
M:Dimension org.argouml.uml.diagram.activity.ui.FigObjectFlowState.getMinimumSize()
M:Icon[] org.argouml.uml.diagram.activity.ui.SelectionActionState.getIcons()
M:Dimension org.argouml.uml.diagram.activity.ui.FigActionState.getMinimumSize()
M:String org.argouml.uml.diagram.activity.ui.SelectionActionState.getInstructions(int)
P:13
M:Icon[] org.argouml.uml.diagram.activity.ui.SelectionActionState.getIcons()
M:Object org.argouml.uml.diagram.activity.ui.SelectionActionState.getNewEdgeType(int)
P:13
M:NotationSettings org.argouml.uml.diagram.activity.ui.FigObjectFlowState.getNotationSettings(NotationProvider)
P:org.argouml.notation.providers.uml.ObjectFlowStateTypeNotationUml@2c9ad39f
M:Object org.argouml.uml.diagram.activity.ui.FigObjectFlowState.getOwner(NotationProvider)
P:org.argouml.notation.providers.uml.ObjectFlowStateStateNotationUml@746dd736
M:boolean org.argouml.uml.diagram.activity.ui.FigPool.getUseTrapRect()
M:String org.argouml.uml.diagram.activity.ui.SelectionActionState.getInstructions(int)
P:15
M:boolean org.argouml.uml.diagram.activity.ui.FigActionState.isFilled()
M:Dimension org.argouml.uml.diagram.activity.ui.FigPartition.getMinimumSize()
M:Icon[] org.argouml.uml.diagram.activity.ui.SelectionActionState.getIcons()
M:Dimension org.argouml.uml.diagram.activity.ui.FigActionState.getMinimumSize()
M:void org.argouml.uml.diagram.activity.ui.FigActionState.setStandardBounds(int, int, int, int)
P:336
P:88
P:117
P:36
M:Dimension org.argouml.uml.diagram.activity.ui.FigActionState.getMinimumSize()
M:Dimension org.argouml.uml.diagram.activity.ui.FigActionState.getMinimumSize()
M:boolean org.argouml.uml.diagram.activity.ui.FigActionState.isFilled()
M:int org.argouml.uml.diagram.activity.ui.FigActionState.getLineWidth()
M:boolean org.argouml.uml.diagram.activity.ui.FigActionState.isFilled()
M:int org.argouml.uml.diagram.activity.ui.FigActionState.getNotationProviderType()
M:Icon[] org.argouml.uml.diagram.activity.ui.SelectionActionState.getIcons()
M:boolean org.argouml.uml.diagram.activity.ui.UMLActivityDiagram.doesAccept(Object)
P:FinalState$Impl  ID: -84-20-10-3--2d48f12:1652d1887e9:-8000:0000000000000982  MID: -84-20-10-3--2d48f12:1652d1887e9:-8000:0000000000000519  OPCKG: -84-20-10-3--2d48f12:1652d1887e9:-8000:0000000000000878
M:Icon[] org.argouml.uml.diagram.activity.ui.SelectionActionState.getIcons()
M:String org.argouml.uml.diagram.activity.ui.SelectionActionState.getInstructions(int)
P:15
M:Icon[] org.argouml.uml.diagram.activity.ui.SelectionActionState.getIcons()
M:String org.argouml.uml.diagram.activity.ui.SelectionActionState.getInstructions(int)
P:11
M:boolean org.argouml.uml.diagram.activity.ui.FigPool.getUseTrapRect()
M:Dimension org.argouml.uml.diagram.activity.ui.FigActionState.getMinimumSize()
M:void org.argouml.uml.diagram.activity.ui.FigActionState.modelChanged(PropertyChangeEvent)
P:org.argouml.model.AttributeChangeEvent[propertyName=partition; oldValue=null; newValue=Partition$Impl  ID: -84-20-10-3--2d48f12:1652d1887e9:-8000:0000000000000976  MID: -84-20-10-3--2d48f12:1652d1887e9:-8000:00000000000005DF  OPCKG: -84-20-10-3--2d48f12:1652d1887e9:-8000:0000000000000878; propagationId=null; source=ActionState$Impl  ID: -84-20-10-3--2d48f12:1652d1887e9:-8000:0000000000000980  MID: -84-20-10-3--2d48f12:1652d1887e9:-8000:00000000000005E9  OPCKG: -84-20-10-3--2d48f12:1652d1887e9:-8000:0000000000000878]: org.netbeans.api.mdr.events.AssociationEvent[source=AContentsPartition$Impl  ID: -84-20-10-3--2d48f12:1652d1887e9:-8000:0000000000000968  MID: -84-20-10-3--2d48f12:1652d1887e9:-8000:00000000000005FB  OPCKG: -84-20-10-3--2d48f12:1652d1887e9:-8000:0000000000000878]
M:Dimension org.argouml.uml.diagram.activity.ui.FigActionState.getMinimumSize()
M:Dimension org.argouml.uml.diagram.activity.ui.FigActionState.getMinimumSize()
M:String org.argouml.uml.diagram.activity.ui.SelectionActionState.getInstructions(int)
P:11
M:void org.argouml.uml.diagram.activity.ui.FigPartition.SelectionPartition.updateHandleBox()
M:void org.argouml.uml.diagram.activity.ui.UMLActivityDiagram.encloserChanged(FigNode, FigNode, FigNode)
P:org.argouml.uml.diagram.activity.ui.FigPartition@df1dcbd
M:Dimension org.argouml.uml.diagram.activity.ui.FigPartition.getMinimumSize()
M:FigPool org.argouml.uml.diagram.activity.ui.FigPartition.access$300(FigPartition)
P:org.argouml.uml.diagram.activity.ui.FigPartition@df1dcbd
M:void org.argouml.uml.diagram.activity.ui.FigPool.setStandardBounds(int, int, int, int)
P:16
P:16
P:456
P:368
M:void org.argouml.uml.diagram.activity.ui.FigObjectFlowState.notationRenderingChanged(NotationProvider, String)
P:org.argouml.notation.providers.uml.ObjectFlowStateTypeNotationUml@2c9ad39f
P:
M:NotationSettings org.argouml.uml.diagram.activity.ui.FigObjectFlowState.getNotationSettings(NotationProvider)
P:org.argouml.notation.providers.uml.ObjectFlowStateStateNotationUml@746dd736
M:Object org.argouml.uml.diagram.activity.ui.FigObjectFlowState.getOwner(NotationProvider)
P:org.argouml.notation.providers.uml.ObjectFlowStateTypeNotationUml@2c9ad39f
M:void org.argouml.uml.diagram.activity.ui.FigObjectFlowState.notationRenderingChanged(NotationProvider, String)
P:org.argouml.notation.providers.uml.ObjectFlowStateStateNotationUml@61f8c3d2
P:
M:Object org.argouml.uml.diagram.activity.ui.FigObjectFlowState.getOwner(NotationProvider)
P:org.argouml.notation.providers.uml.ObjectFlowStateTypeNotationUml@2c9ad39f
M:void org.argouml.uml.diagram.activity.ui.UMLActivityDiagram.encloserChanged(FigNode, FigNode, FigNode)
P:org.argouml.uml.diagram.static_structure.ui.FigComment@52e47766
P:org.argouml.uml.diagram.activity.ui.FigPool@5db94ce7
P:org.argouml.uml.diagram.activity.ui.FigPool@5db94ce7
