M:void org.argouml.uml.diagram.activity.ui.SelectionActionState.setOutgoingBelowButtonEnabled(boolean)
P:true
M:Icon[] org.argouml.uml.diagram.activity.ui.SelectionActionState.getIcons()
M:String org.argouml.uml.diagram.activity.ui.SelectionActionState.getInstructions(int)
P:15
M:Icon[] org.argouml.uml.diagram.activity.ui.SelectionActionState.getIcons()
M:String org.argouml.uml.diagram.activity.ui.SelectionActionState.getInstructions(int)
P:15
M:Icon[] org.argouml.uml.diagram.activity.ui.SelectionActionState.getIcons()
M:void org.argouml.uml.diagram.activity.ui.UMLActivityDiagram.encloserChanged(FigNode, FigNode, FigNode)
P:org.argouml.uml.diagram.state.ui.FigInitialState@2c13f95e
M:Icon[] org.argouml.uml.diagram.activity.ui.SelectionActionState.getIcons()
M:Icon[] org.argouml.uml.diagram.activity.ui.SelectionActionState.getIcons()
M:Icon[] org.argouml.uml.diagram.activity.ui.SelectionActionState.getIcons()
M:String org.argouml.uml.diagram.activity.ui.SelectionActionState.getInstructions(int)
P:15
M:Icon[] org.argouml.uml.diagram.activity.ui.SelectionActionState.getIcons()
M:String org.argouml.uml.diagram.activity.ui.SelectionActionState.getInstructions(int)
P:15
M:Icon[] org.argouml.uml.diagram.activity.ui.SelectionActionState.getIcons()
M:String org.argouml.uml.diagram.activity.ui.SelectionActionState.getInstructions(int)
P:15
M:Icon[] org.argouml.uml.diagram.activity.ui.SelectionActionState.getIcons()
M:String org.argouml.uml.diagram.activity.ui.SelectionActionState.getInstructions(int)
P:15
M:Icon[] org.argouml.uml.diagram.activity.ui.SelectionActionState.getIcons()
M:String org.argouml.uml.diagram.activity.ui.SelectionActionState.getInstructions(int)
P:15
M:FigNode org.argouml.uml.diagram.activity.ui.ActivityDiagramRenderer.getFigNodeFor(GraphModel, Layer, Object, Map)
P:org.argouml.uml.diagram.activity.ActivityDiagramGraphModel@1e116410
P:org.tigris.gef.base.LayerPerspectiveMutable@23e17876[untitledModel]
P:ActionState$Impl  ID: 127-0-0-1-4e98a8e7:1652aa45e9d:-8000:000000000000097A  MID: 127-0-0-1-4e98a8e7:1652aa45e9d:-8000:00000000000005E9  OPCKG: 127-0-0-1-4e98a8e7:1652aa45e9d:-8000:000000000000087B
M:boolean org.argouml.uml.diagram.activity.ui.UMLActivityDiagram.doesAccept(Object)
P:ActionState$Impl  ID: 127-0-0-1-4e98a8e7:1652aa45e9d:-8000:000000000000097A  MID: 127-0-0-1-4e98a8e7:1652aa45e9d:-8000:00000000000005E9  OPCKG: 127-0-0-1-4e98a8e7:1652aa45e9d:-8000:000000000000087B
M:DiagramElement org.argouml.uml.diagram.activity.ui.UMLActivityDiagram.createDiagramElement(Object, Rectangle)
P:ActionState$Impl  ID: 127-0-0-1-4e98a8e7:1652aa45e9d:-8000:000000000000097A  MID: 127-0-0-1-4e98a8e7:1652aa45e9d:-8000:00000000000005E9  OPCKG: 127-0-0-1-4e98a8e7:1652aa45e9d:-8000:000000000000087B
M:Fig org.argouml.uml.diagram.activity.ui.FigActionState.createBigPortFig()
M:int org.argouml.uml.diagram.activity.ui.FigActionState.getNotationProviderType()
M:void org.argouml.uml.diagram.activity.ui.FigActionState.initializeActionState()
M:void org.argouml.uml.diagram.activity.ui.FigActionState.setStandardBounds(int, int, int, int)
P:10
P:10
P:117
P:30
M:void org.argouml.uml.diagram.activity.ui.UMLActivityDiagram.encloserChanged(FigNode, FigNode, FigNode)
P:org.argouml.uml.diagram.activity.ui.FigActionState@927c02c
M:void org.argouml.uml.diagram.activity.ui.FigActionState.modelChanged(PropertyChangeEvent)
P:org.argouml.model.AddAssociationEvent[propertyName=container; oldValue=null; newValue=CompositeState$Impl  ID: 127-0-0-1-4e98a8e7:1652aa45e9d:-8000:0000000000000978  MID: 127-0-0-1-4e98a8e7:1652aa45e9d:-8000:000000000000050A  OPCKG: 127-0-0-1-4e98a8e7:1652aa45e9d:-8000:000000000000087B; propagationId=null; source=ActionState$Impl  ID: 127-0-0-1-4e98a8e7:1652aa45e9d:-8000:000000000000097A  MID: 127-0-0-1-4e98a8e7:1652aa45e9d:-8000:00000000000005E9  OPCKG: 127-0-0-1-4e98a8e7:1652aa45e9d:-8000:000000000000087B]: org.netbeans.api.mdr.events.AssociationEvent[source=AContainerSubvertex$Impl  ID: 127-0-0-1-4e98a8e7:1652aa45e9d:-8000:0000000000000933  MID: 127-0-0-1-4e98a8e7:1652aa45e9d:-8000:0000000000000537  OPCKG: 127-0-0-1-4e98a8e7:1652aa45e9d:-8000:000000000000087B]
M:int org.argouml.uml.diagram.activity.ui.FigActionState.getNotationProviderType()
