M:Dimension org.argouml.uml.diagram.activity.ui.FigActionState.getMinimumSize()
M:void org.argouml.uml.diagram.activity.ui.FigActionState.modelChanged(PropertyChangeEvent)
P:org.argouml.model.AttributeChangeEvent[propertyName=container; oldValue=null; newValue=CompositeState$Impl  ID: 127-0-0-1-4e98a8e7:1652aa45e9d:-8000:0000000000000978  MID: 127-0-0-1-4e98a8e7:1652aa45e9d:-8000:000000000000050A  OPCKG: 127-0-0-1-4e98a8e7:1652aa45e9d:-8000:000000000000087B; propagationId=null; source=ActionState$Impl  ID: 127-0-0-1-4e98a8e7:1652aa45e9d:-8000:000000000000097A  MID: 127-0-0-1-4e98a8e7:1652aa45e9d:-8000:00000000000005E9  OPCKG: 127-0-0-1-4e98a8e7:1652aa45e9d:-8000:000000000000087B]: org.netbeans.api.mdr.events.AssociationEvent[source=AContainerSubvertex$Impl  ID: 127-0-0-1-4e98a8e7:1652aa45e9d:-8000:0000000000000933  MID: 127-0-0-1-4e98a8e7:1652aa45e9d:-8000:0000000000000537  OPCKG: 127-0-0-1-4e98a8e7:1652aa45e9d:-8000:000000000000087B]
M:int org.argouml.uml.diagram.activity.ui.FigActionState.getNotationProviderType()
M:Dimension org.argouml.uml.diagram.activity.ui.FigActionState.getMinimumSize()
M:Dimension org.argouml.uml.diagram.activity.ui.FigActionState.getMinimumSize()
M:void org.argouml.uml.diagram.activity.ui.FigActionState.setStandardBounds(int, int, int, int)
P:96
P:192
P:117
P:36
M:Dimension org.argouml.uml.diagram.activity.ui.FigActionState.getMinimumSize()
M:boolean org.argouml.uml.diagram.activity.ui.FigActionState.isFilled()
M:Color org.argouml.uml.diagram.activity.ui.FigActionState.getFillColor()
M:int org.argouml.uml.diagram.activity.ui.FigActionState.getLineWidth()
M:Color org.argouml.uml.diagram.activity.ui.FigActionState.getLineColor()
M:boolean org.argouml.uml.diagram.activity.ui.FigActionState.isFilled()
M:Color org.argouml.uml.diagram.activity.ui.FigActionState.getFillColor()
M:int org.argouml.uml.diagram.activity.ui.FigActionState.getLineWidth()
M:Color org.argouml.uml.diagram.activity.ui.FigActionState.getLineColor()
M:Icon[] org.argouml.uml.diagram.activity.ui.SelectionActionState.getIcons()
M:String org.argouml.uml.diagram.activity.ui.SelectionActionState.getInstructions(int)
P:15
M:void org.argouml.uml.diagram.activity.ui.UMLActivityDiagram.encloserChanged(FigNode, FigNode, FigNode)
P:org.argouml.uml.diagram.activity.ui.FigActionState@927c02c
M:Icon[] org.argouml.uml.diagram.activity.ui.SelectionActionState.getIcons()
M:Dimension org.argouml.uml.diagram.activity.ui.FigActionState.getMinimumSize()
M:Dimension org.argouml.uml.diagram.activity.ui.FigActionState.getMinimumSize()
M:Icon[] org.argouml.uml.diagram.activity.ui.SelectionActionState.getIcons()
M:Icon[] org.argouml.uml.diagram.activity.ui.SelectionActionState.getIcons()
M:Icon[] org.argouml.uml.diagram.activity.ui.SelectionActionState.getIcons()
M:Icon[] org.argouml.uml.diagram.activity.ui.SelectionActionState.getIcons()
M:Icon[] org.argouml.uml.diagram.activity.ui.SelectionActionState.getIcons()
M:String org.argouml.uml.diagram.activity.ui.SelectionActionState.getInstructions(int)
P:15
M:void org.argouml.uml.diagram.activity.ui.SelectionActionState.setIncomingButtonEnabled(boolean)
P:false
M:void org.argouml.uml.diagram.activity.ui.SelectionActionState.setIncomingAboveButtonEnabled(boolean)
P:false
M:void org.argouml.uml.diagram.activity.ui.SelectionActionState.setIncomingLeftButtonEnabled(boolean)
P:false
M:boolean org.argouml.uml.diagram.activity.ui.UMLActivityDiagram.doesAccept(Object)
P:CallState$Impl  ID: 127-0-0-1-4e98a8e7:1652aa45e9d:-8000:000000000000097C  MID: 127-0-0-1-4e98a8e7:1652aa45e9d:-8000:00000000000005EA  OPCKG: 127-0-0-1-4e98a8e7:1652aa45e9d:-8000:000000000000087B
M:Dimension org.argouml.uml.diagram.activity.ui.FigActionState.getMinimumSize()
M:int org.argouml.uml.diagram.activity.ui.FigActionState.getLineWidth()
M:Dimension org.argouml.uml.diagram.activity.ui.FigActionState.getMinimumSize()
M:String org.argouml.uml.diagram.activity.ui.SelectionActionState.getInstructions(int)
P:15
M:Color org.argouml.uml.diagram.activity.ui.FigActionState.getFillColor()
M:String org.argouml.uml.diagram.activity.ui.SelectionActionState.getInstructions(int)
P:13
M:boolean org.argouml.uml.diagram.activity.ui.UMLActivityDiagram.doesAccept(Object)
P:Pseudostate$Impl  ID: 127-0-0-1-4e98a8e7:1652aa45e9d:-8000:000000000000097E  MID: 127-0-0-1-4e98a8e7:1652aa45e9d:-8000:0000000000000511  OPCKG: 127-0-0-1-4e98a8e7:1652aa45e9d:-8000:000000000000087B
M:Icon[] org.argouml.uml.diagram.activity.ui.SelectionActionState.getIcons()
M:void org.argouml.uml.diagram.activity.ui.UMLActivityDiagram.encloserChanged(FigNode, FigNode, FigNode)
P:org.argouml.uml.diagram.activity.ui.FigActionState@10427571
M:Icon[] org.argouml.uml.diagram.activity.ui.SelectionActionState.getIcons()
M:void org.argouml.uml.diagram.activity.ui.FigActionState.modelChanged(PropertyChangeEvent)
P:org.argouml.model.AttributeChangeEvent[propertyName=outgoing; oldValue=null; newValue=Transition$Impl  ID: 127-0-0-1-4e98a8e7:1652aa45e9d:-8000:000000000000097F  MID: 127-0-0-1-4e98a8e7:1652aa45e9d:-8000:0000000000000507  OPCKG: 127-0-0-1-4e98a8e7:1652aa45e9d:-8000:000000000000087B; propagationId=null; source=CallState$Impl  ID: 127-0-0-1-4e98a8e7:1652aa45e9d:-8000:000000000000097C  MID: 127-0-0-1-4e98a8e7:1652aa45e9d:-8000:00000000000005EA  OPCKG: 127-0-0-1-4e98a8e7:1652aa45e9d:-8000:000000000000087B]: org.netbeans.api.mdr.events.AssociationEvent[source=AOutgoingSource$Impl  ID: 127-0-0-1-4e98a8e7:1652aa45e9d:-8000:0000000000000938  MID: 127-0-0-1-4e98a8e7:1652aa45e9d:-8000:0000000000000546  OPCKG: 127-0-0-1-4e98a8e7:1652aa45e9d:-8000:000000000000087B]
M:DiagramElement org.argouml.uml.diagram.activity.ui.UMLActivityDiagram.createDiagramElement(Object, Rectangle)
P:ActionState$Impl  ID: 127-0-0-1-4e98a8e7:1652aa45e9d:-8000:0000000000000980  MID: 127-0-0-1-4e98a8e7:1652aa45e9d:-8000:00000000000005E9  OPCKG: 127-0-0-1-4e98a8e7:1652aa45e9d:-8000:000000000000087B
M:void org.argouml.uml.diagram.activity.ui.UMLActivityDiagram.encloserChanged(FigNode, FigNode, FigNode)
P:org.argouml.uml.diagram.activity.ui.FigActionState@56f9acbb
M:int org.argouml.uml.diagram.activity.ui.FigActionState.getLineWidth()
M:Dimension org.argouml.uml.diagram.activity.ui.FigActionState.getMinimumSize()
M:String org.argouml.uml.diagram.activity.ui.SelectionActionState.getInstructions(int)
P:13
M:FigNode org.argouml.uml.diagram.activity.ui.ActivityDiagramRenderer.getFigNodeFor(GraphModel, Layer, Object, Map)
P:org.argouml.uml.diagram.activity.ActivityDiagramGraphModel@1e116410
P:org.tigris.gef.base.LayerPerspectiveMutable@23e17876[untitledModel]
P:ActionState$Impl  ID: 127-0-0-1-4e98a8e7:1652aa45e9d:-8000:0000000000000982  MID: 127-0-0-1-4e98a8e7:1652aa45e9d:-8000:00000000000005E9  OPCKG: 127-0-0-1-4e98a8e7:1652aa45e9d:-8000:000000000000087B
M:void org.argouml.uml.diagram.activity.ui.UMLActivityDiagram.encloserChanged(FigNode, FigNode, FigNode)
P:org.argouml.uml.diagram.activity.ui.FigActionState@66de377
M:void org.argouml.uml.diagram.activity.ui.FigActionState.modelChanged(PropertyChangeEvent)
P:org.argouml.model.AttributeChangeEvent[propertyName=container; oldValue=null; newValue=CompositeState$Impl  ID: 127-0-0-1-4e98a8e7:1652aa45e9d:-8000:0000000000000978  MID: 127-0-0-1-4e98a8e7:1652aa45e9d:-8000:000000000000050A  OPCKG: 127-0-0-1-4e98a8e7:1652aa45e9d:-8000:000000000000087B; propagationId=null; source=ActionState$Impl  ID: 127-0-0-1-4e98a8e7:1652aa45e9d:-8000:0000000000000982  MID: 127-0-0-1-4e98a8e7:1652aa45e9d:-8000:00000000000005E9  OPCKG: 127-0-0-1-4e98a8e7:1652aa45e9d:-8000:000000000000087B]: org.netbeans.api.mdr.events.AssociationEvent[source=AContainerSubvertex$Impl  ID: 127-0-0-1-4e98a8e7:1652aa45e9d:-8000:0000000000000933  MID: 127-0-0-1-4e98a8e7:1652aa45e9d:-8000:0000000000000537  OPCKG: 127-0-0-1-4e98a8e7:1652aa45e9d:-8000:000000000000087B]
M:void org.argouml.uml.diagram.activity.ui.FigActionState.setStandardBounds(int, int, int, int)
P:448
P:224
P:117
P:36
M:Object org.argouml.uml.diagram.activity.ui.SelectionActionState.getNewNodeType(int)
P:13
M:Icon[] org.argouml.uml.diagram.activity.ui.SelectionActionState.getIcons()
M:void org.argouml.uml.diagram.activity.ui.UMLActivityDiagram.encloserChanged(FigNode, FigNode, FigNode)
P:org.argouml.uml.diagram.activity.ui.FigActionState@56f9acbb
M:String org.argouml.uml.diagram.activity.ui.SelectionActionState.getInstructions(int)
P:13
M:boolean org.argouml.uml.diagram.activity.ui.FigActionState.isFilled()
M:String org.argouml.uml.diagram.activity.ui.SelectionActionState.getInstructions(int)
P:13
M:boolean org.argouml.uml.diagram.activity.ui.UMLActivityDiagram.doesAccept(Object)
P:Pseudostate$Impl  ID: 127-0-0-1-4e98a8e7:1652aa45e9d:-8000:0000000000000987  MID: 127-0-0-1-4e98a8e7:1652aa45e9d:-8000:0000000000000511  OPCKG: 127-0-0-1-4e98a8e7:1652aa45e9d:-8000:000000000000087B
M:String org.argouml.uml.diagram.activity.ui.SelectionActionState.getInstructions(int)
P:15
M:void org.argouml.uml.diagram.activity.ui.UMLActivityDiagram.encloserChanged(FigNode, FigNode, FigNode)
P:org.argouml.uml.diagram.state.ui.FigJunctionState@2f9ff74e
M:Icon[] org.argouml.uml.diagram.activity.ui.SelectionActionState.getIcons()
M:Icon[] org.argouml.uml.diagram.activity.ui.SelectionActionState.getIcons()
M:Icon[] org.argouml.uml.diagram.activity.ui.SelectionActionState.getIcons()
M:Icon[] org.argouml.uml.diagram.activity.ui.SelectionActionState.getIcons()
M:Icon[] org.argouml.uml.diagram.activity.ui.SelectionActionState.getIcons()
M:void org.argouml.uml.diagram.activity.ui.UMLActivityDiagram.encloserChanged(FigNode, FigNode, FigNode)
P:org.argouml.uml.diagram.state.ui.FigJunctionState@2f9ff74e
M:String org.argouml.uml.diagram.activity.ui.SelectionActionState.getInstructions(int)
P:13
