M:Icon[] org.argouml.uml.diagram.activity.ui.SelectionActionState.getIcons()
M:Icon[] org.argouml.uml.diagram.activity.ui.SelectionActionState.getIcons()
M:String org.argouml.uml.diagram.activity.ui.SelectionActionState.getInstructions(int)
P:13
M:Icon[] org.argouml.uml.diagram.activity.ui.SelectionActionState.getIcons()
M:Icon[] org.argouml.uml.diagram.activity.ui.SelectionActionState.getIcons()
M:String org.argouml.uml.diagram.activity.ui.SelectionActionState.getInstructions(int)
P:13
M:Icon[] org.argouml.uml.diagram.activity.ui.SelectionActionState.getIcons()
M:String org.argouml.uml.diagram.activity.ui.SelectionActionState.getInstructions(int)
P:13
M:Icon[] org.argouml.uml.diagram.activity.ui.SelectionActionState.getIcons()
M:String org.argouml.uml.diagram.activity.ui.SelectionActionState.getInstructions(int)
P:13
M:Icon[] org.argouml.uml.diagram.activity.ui.SelectionActionState.getIcons()
M:String org.argouml.uml.diagram.activity.ui.SelectionActionState.getInstructions(int)
P:13
M:Icon[] org.argouml.uml.diagram.activity.ui.SelectionActionState.getIcons()
M:String org.argouml.uml.diagram.activity.ui.SelectionActionState.getInstructions(int)
P:13
M:Icon[] org.argouml.uml.diagram.activity.ui.SelectionActionState.getIcons()
M:Icon[] org.argouml.uml.diagram.activity.ui.SelectionActionState.getIcons()
M:String org.argouml.uml.diagram.activity.ui.SelectionActionState.getInstructions(int)
P:13
M:Icon[] org.argouml.uml.diagram.activity.ui.SelectionActionState.getIcons()
M:String org.argouml.uml.diagram.activity.ui.SelectionActionState.getInstructions(int)
P:15
M:Object org.argouml.uml.diagram.activity.ui.SelectionActionState.getNewNodeType(int)
P:13
M:Object org.argouml.uml.diagram.activity.ui.SelectionActionState.getNewEdgeType(int)
P:13
M:boolean org.argouml.uml.diagram.activity.ui.SelectionActionState.isReverseEdge(int)
P:13
M:void org.argouml.uml.diagram.activity.ui.FigActionState.modelChanged(PropertyChangeEvent)
P:org.argouml.model.AddAssociationEvent[propertyName=incoming; oldValue=null; newValue=Transition$Impl  ID: 127-0-0-1--3660e1cb:1652a2fd2a2:-8000:000000000000097B  MID: 127-0-0-1--3660e1cb:1652a2fd2a2:-8000:0000000000000507  OPCKG: 127-0-0-1--3660e1cb:1652a2fd2a2:-8000:000000000000087B; propagationId=null; source=ActionState$Impl  ID: 127-0-0-1--3660e1cb:1652a2fd2a2:-8000:000000000000097A  MID: 127-0-0-1--3660e1cb:1652a2fd2a2:-8000:00000000000005E9  OPCKG: 127-0-0-1--3660e1cb:1652a2fd2a2:-8000:000000000000087B]: org.netbeans.api.mdr.events.AssociationEvent[source=AIncomingTarget$Impl  ID: 127-0-0-1--3660e1cb:1652a2fd2a2:-8000:0000000000000939  MID: 127-0-0-1--3660e1cb:1652a2fd2a2:-8000:0000000000000549  OPCKG: 127-0-0-1--3660e1cb:1652a2fd2a2:-8000:000000000000087B]
M:void org.argouml.uml.diagram.activity.ui.FigActionState.modelChanged(PropertyChangeEvent)
P:org.argouml.model.AttributeChangeEvent[propertyName=incoming; oldValue=null; newValue=Transition$Impl  ID: 127-0-0-1--3660e1cb:1652a2fd2a2:-8000:000000000000097B  MID: 127-0-0-1--3660e1cb:1652a2fd2a2:-8000:0000000000000507  OPCKG: 127-0-0-1--3660e1cb:1652a2fd2a2:-8000:000000000000087B; propagationId=null; source=ActionState$Impl  ID: 127-0-0-1--3660e1cb:1652a2fd2a2:-8000:000000000000097A  MID: 127-0-0-1--3660e1cb:1652a2fd2a2:-8000:00000000000005E9  OPCKG: 127-0-0-1--3660e1cb:1652a2fd2a2:-8000:000000000000087B]: org.netbeans.api.mdr.events.AssociationEvent[source=AIncomingTarget$Impl  ID: 127-0-0-1--3660e1cb:1652a2fd2a2:-8000:0000000000000939  MID: 127-0-0-1--3660e1cb:1652a2fd2a2:-8000:0000000000000549  OPCKG: 127-0-0-1--3660e1cb:1652a2fd2a2:-8000:000000000000087B]
M:Dimension org.argouml.uml.diagram.activity.ui.FigActionState.getMinimumSize()
M:Dimension org.argouml.uml.diagram.activity.ui.FigActionState.getMinimumSize()
M:FigNode org.argouml.uml.diagram.activity.ui.ActivityDiagramRenderer.getFigNodeFor(GraphModel, Layer, Object, Map)
P:org.argouml.uml.diagram.activity.ActivityDiagramGraphModel@2cdc9dab
P:org.tigris.gef.base.LayerPerspectiveMutable@707cecd9[untitledModel]
P:CallState$Impl  ID: 127-0-0-1--3660e1cb:1652a2fd2a2:-8000:000000000000097C  MID: 127-0-0-1--3660e1cb:1652a2fd2a2:-8000:00000000000005EA  OPCKG: 127-0-0-1--3660e1cb:1652a2fd2a2:-8000:000000000000087B
M:boolean org.argouml.uml.diagram.activity.ui.UMLActivityDiagram.doesAccept(Object)
P:CallState$Impl  ID: 127-0-0-1--3660e1cb:1652a2fd2a2:-8000:000000000000097C  MID: 127-0-0-1--3660e1cb:1652a2fd2a2:-8000:00000000000005EA  OPCKG: 127-0-0-1--3660e1cb:1652a2fd2a2:-8000:000000000000087B
M:DiagramElement org.argouml.uml.diagram.activity.ui.UMLActivityDiagram.createDiagramElement(Object, Rectangle)
P:CallState$Impl  ID: 127-0-0-1--3660e1cb:1652a2fd2a2:-8000:000000000000097C  MID: 127-0-0-1--3660e1cb:1652a2fd2a2:-8000:00000000000005EA  OPCKG: 127-0-0-1--3660e1cb:1652a2fd2a2:-8000:000000000000087B
M:Fig org.argouml.uml.diagram.activity.ui.FigActionState.createBigPortFig()
M:int org.argouml.uml.diagram.activity.ui.FigActionState.getNotationProviderType()
M:void org.argouml.uml.diagram.activity.ui.FigActionState.initializeActionState()
M:void org.argouml.uml.diagram.activity.ui.FigActionState.setStandardBounds(int, int, int, int)
P:10
P:10
P:100
P:30
M:Dimension org.argouml.uml.diagram.activity.ui.FigActionState.getMinimumSize()
M:Icon[] org.argouml.uml.diagram.activity.ui.SelectionActionState.getIcons()
M:String org.argouml.uml.diagram.activity.ui.SelectionActionState.getInstructions(int)
P:15
M:void org.argouml.uml.diagram.activity.ui.UMLActivityDiagram.encloserChanged(FigNode, FigNode, FigNode)
P:org.argouml.uml.diagram.activity.ui.FigActionState@76e2c2f3
M:Icon[] org.argouml.uml.diagram.activity.ui.SelectionActionState.getIcons()
M:String org.argouml.uml.diagram.activity.ui.SelectionActionState.getInstructions(int)
P:11
M:String org.argouml.uml.diagram.activity.ui.SelectionActionState.getInstructions(int)
P:15
M:Icon[] org.argouml.uml.diagram.activity.ui.SelectionActionState.getIcons()
M:void org.argouml.uml.diagram.activity.ui.UMLActivityDiagram.encloserChanged(FigNode, FigNode, FigNode)
P:org.argouml.uml.diagram.activity.ui.FigActionState@72d90e85
M:Icon[] org.argouml.uml.diagram.activity.ui.SelectionActionState.getIcons()
M:Dimension org.argouml.uml.diagram.activity.ui.FigActionState.getMinimumSize()
M:void org.argouml.uml.diagram.activity.ui.FigObjectFlowState.setStandardBounds(int, int, int, int)
P:288
P:176
P:138
P:66
M:Object org.argouml.uml.diagram.activity.ui.FigObjectFlowState.getOwner(NotationProvider)
P:org.argouml.notation.providers.uml.ObjectFlowStateTypeNotationUml@6587724d
M:NotationSettings org.argouml.uml.diagram.activity.ui.FigObjectFlowState.getNotationSettings(NotationProvider)
P:org.argouml.notation.providers.uml.ObjectFlowStateStateNotationUml@4bf35da1
M:NotationSettings org.argouml.uml.diagram.activity.ui.FigObjectFlowState.getNotationSettings(NotationProvider)
P:org.argouml.notation.providers.uml.ObjectFlowStateStateNotationUml@2e311b5b
M:Color org.argouml.uml.diagram.activity.ui.FigObjectFlowState.getFillColor()
M:Icon[] org.argouml.uml.diagram.activity.ui.SelectionActionState.getIcons()
M:Icon[] org.argouml.uml.diagram.activity.ui.SelectionActionState.getIcons()
M:NotationSettings org.argouml.uml.diagram.activity.ui.FigObjectFlowState.getNotationSettings(NotationProvider)
P:org.argouml.notation.providers.uml.ObjectFlowStateStateNotationUml@4bf35da1
M:NotationSettings org.argouml.uml.diagram.activity.ui.FigObjectFlowState.getNotationSettings(NotationProvider)
P:org.argouml.notation.providers.uml.ObjectFlowStateStateNotationUml@4bf35da1
M:int org.argouml.uml.diagram.activity.ui.FigObjectFlowState.getLineWidth()
M:Icon[] org.argouml.uml.diagram.activity.ui.SelectionActionState.getIcons()
M:Icon[] org.argouml.uml.diagram.activity.ui.SelectionActionState.getIcons()
M:String org.argouml.uml.diagram.activity.ui.SelectionActionState.getInstructions(int)
P:15
M:NotationSettings org.argouml.uml.diagram.activity.ui.FigObjectFlowState.getNotationSettings(NotationProvider)
P:org.argouml.notation.providers.uml.ObjectFlowStateTypeNotationUml@1de2cc10
M:NotationSettings org.argouml.uml.diagram.activity.ui.FigObjectFlowState.getNotationSettings(NotationProvider)
P:org.argouml.notation.providers.uml.ObjectFlowStateTypeNotationUml@6587724d
M:Dimension org.argouml.uml.diagram.activity.ui.FigObjectFlowState.getMinimumSize()
M:void org.argouml.uml.diagram.activity.ui.FigObjectFlowState.notationRenderingChanged(NotationProvider, String)
P:org.argouml.notation.providers.uml.ObjectFlowStateStateNotationUml@4bf35da1
P:
M:FigNode org.argouml.uml.diagram.activity.ui.ActivityDiagramRenderer.getFigNodeFor(GraphModel, Layer, Object, Map)
P:org.argouml.uml.diagram.activity.ActivityDiagramGraphModel@2cdc9dab
P:org.tigris.gef.base.LayerPerspectiveMutable@707cecd9[untitledModel]
P:ActionState$Impl  ID: 127-0-0-1--3660e1cb:1652a2fd2a2:-8000:0000000000000984  MID: 127-0-0-1--3660e1cb:1652a2fd2a2:-8000:00000000000005E9  OPCKG: 127-0-0-1--3660e1cb:1652a2fd2a2:-8000:000000000000087B
M:int org.argouml.uml.diagram.activity.ui.FigActionState.getLineWidth()
M:String org.argouml.uml.diagram.activity.ui.SelectionActionState.getInstructions(int)
P:15
M:String org.argouml.uml.diagram.activity.ui.SelectionActionState.getInstructions(int)
P:15
M:void org.argouml.uml.diagram.activity.ui.SelectionActionState.setOutgoingButtonEnabled(boolean)
P:false
M:boolean org.argouml.uml.diagram.activity.ui.UMLActivityDiagram.doesAccept(Object)
P:CallState$Impl  ID: 127-0-0-1--3660e1cb:1652a2fd2a2:-8000:0000000000000988  MID: 127-0-0-1--3660e1cb:1652a2fd2a2:-8000:00000000000005EA  OPCKG: 127-0-0-1--3660e1cb:1652a2fd2a2:-8000:000000000000087B
M:Dimension org.argouml.uml.diagram.activity.ui.FigActionState.getMinimumSize()
M:int org.argouml.uml.diagram.activity.ui.FigActionState.getLineWidth()
M:Icon[] org.argouml.uml.diagram.activity.ui.SelectionActionState.getIcons()
M:Icon[] org.argouml.uml.diagram.activity.ui.SelectionActionState.getIcons()
M:String org.argouml.uml.diagram.activity.ui.SelectionActionState.getInstructions(int)
P:11
M:void org.argouml.uml.diagram.activity.ui.FigActionState.modelChanged(PropertyChangeEvent)
P:org.argouml.model.AddAssociationEvent[propertyName=outgoing; oldValue=null; newValue=Transition$Impl  ID: 127-0-0-1--3660e1cb:1652a2fd2a2:-8000:0000000000000989  MID: 127-0-0-1--3660e1cb:1652a2fd2a2:-8000:0000000000000507  OPCKG: 127-0-0-1--3660e1cb:1652a2fd2a2:-8000:000000000000087B; propagationId=null; source=ActionState$Impl  ID: 127-0-0-1--3660e1cb:1652a2fd2a2:-8000:0000000000000984  MID: 127-0-0-1--3660e1cb:1652a2fd2a2:-8000:00000000000005E9  OPCKG: 127-0-0-1--3660e1cb:1652a2fd2a2:-8000:000000000000087B]: org.netbeans.api.mdr.events.AssociationEvent[source=AOutgoingSource$Impl  ID: 127-0-0-1--3660e1cb:1652a2fd2a2:-8000:0000000000000938  MID: 127-0-0-1--3660e1cb:1652a2fd2a2:-8000:0000000000000546  OPCKG: 127-0-0-1--3660e1cb:1652a2fd2a2:-8000:000000000000087B]
M:Icon[] org.argouml.uml.diagram.activity.ui.SelectionActionState.getIcons()
M:Dimension org.argouml.uml.diagram.activity.ui.FigActionState.getMinimumSize()
M:Icon[] org.argouml.uml.diagram.activity.ui.SelectionActionState.getIcons()
M:Icon[] org.argouml.uml.diagram.activity.ui.SelectionActionState.getIcons()
M:String org.argouml.uml.diagram.activity.ui.SelectionActionState.getInstructions(int)
P:11
