M:Action org.argouml.uml.diagram.activity.ui.UMLActivityDiagram.getActionSendAction()
M:Action org.argouml.uml.diagram.activity.ui.UMLActivityDiagram.getActionTerminateAction()
M:Action org.argouml.uml.diagram.activity.ui.UMLActivityDiagram.getActionUninterpretedAction()
M:Action org.argouml.uml.diagram.activity.ui.UMLActivityDiagram.getActionActionSequence()
M:Mode org.argouml.uml.diagram.activity.ui.ActionCreatePartition.createMode(String)
P:Click to place New Swimlane
M:FigNode org.argouml.uml.diagram.activity.ui.ActivityDiagramRenderer.getFigNodeFor(GraphModel, Layer, Object, Map)
P:org.argouml.uml.diagram.activity.ActivityDiagramGraphModel@201b8832
P:org.tigris.gef.base.LayerPerspectiveMutable@566b1eac[untitledModel]
P:Partition$Impl  ID: 127-0-0-1-4901bbb2:165290dca68:-8000:0000000000000971  MID: 127-0-0-1-4901bbb2:165290dca68:-8000:00000000000005DF  OPCKG: 127-0-0-1-4901bbb2:165290dca68:-8000:0000000000000873
M:boolean org.argouml.uml.diagram.activity.ui.UMLActivityDiagram.doesAccept(Object)
P:Partition$Impl  ID: 127-0-0-1-4901bbb2:165290dca68:-8000:0000000000000971  MID: 127-0-0-1-4901bbb2:165290dca68:-8000:00000000000005DF  OPCKG: 127-0-0-1-4901bbb2:165290dca68:-8000:0000000000000873
M:DiagramElement org.argouml.uml.diagram.activity.ui.UMLActivityDiagram.createDiagramElement(Object, Rectangle)
P:Partition$Impl  ID: 127-0-0-1-4901bbb2:165290dca68:-8000:0000000000000971  MID: 127-0-0-1-4901bbb2:165290dca68:-8000:00000000000005DF  OPCKG: 127-0-0-1-4901bbb2:165290dca68:-8000:0000000000000873
M:Fig org.argouml.uml.diagram.activity.ui.FigPartition.createBigPortFig()
M:String org.argouml.uml.diagram.activity.ui.FigPartition.placeString()
M:String org.argouml.uml.diagram.activity.ui.FigPartition.placeString()
M:void org.argouml.uml.diagram.activity.ui.FigPartition.initFigs()
M:void org.argouml.uml.diagram.activity.ui.FigPartition.setFilled(boolean)
P:false
M:void org.argouml.uml.diagram.activity.ui.FigPartition.setStandardBounds(int, int, int, int)
P:10
P:10
P:160
P:290
M:void org.argouml.uml.diagram.activity.ui.ModePlacePartition.mouseReleased(MouseEvent)
P:java.awt.event.MouseEvent[MOUSE_RELEASED,(43,24),absolute(361,132),button=1,modifiers=Button1,clickCount=1] on org.tigris.gef.graph.presentation.JGraphInternalPane[,0,0,6000x6000,invalid,alignmentX=0.0,alignmentY=0.0,border=,flags=296,maximumSize=,minimumSize=,preferredSize=java.awt.Dimension[width=6000,height=6000]]
M:void org.argouml.uml.diagram.activity.ui.UMLActivityDiagram.encloserChanged(FigNode, FigNode, FigNode)
P:org.argouml.uml.diagram.activity.ui.FigPartition@4cf28f1f
M:Selection org.argouml.uml.diagram.activity.ui.FigPartition.makeSelection()
M:boolean org.argouml.uml.diagram.activity.ui.FigPartition.isFilled()
M:int org.argouml.uml.diagram.activity.ui.FigPartition.getLineWidth()
M:Color org.argouml.uml.diagram.activity.ui.FigPartition.getLineColor()
M:boolean org.argouml.uml.diagram.activity.ui.FigPartition.isFilled()
M:int org.argouml.uml.diagram.activity.ui.FigPartition.getLineWidth()
M:Color org.argouml.uml.diagram.activity.ui.FigPartition.getLineColor()
M:void org.argouml.uml.diagram.activity.ui.FigPartition.appendToPool(Object)
P:ActivityGraph$Impl  ID: 127-0-0-1-4901bbb2:165290dca68:-8000:000000000000096F  MID: 127-0-0-1-4901bbb2:165290dca68:-8000:00000000000005DC  OPCKG: 127-0-0-1-4901bbb2:165290dca68:-8000:0000000000000873
M:List org.argouml.uml.diagram.activity.ui.FigPartition.getPartitions(Layer)
P:org.tigris.gef.base.LayerPerspectiveMutable@566b1eac[untitledModel]
M:FigStereotypesGroup org.argouml.uml.diagram.activity.ui.FigPool.createStereotypeFig()
M:void org.argouml.uml.diagram.activity.ui.FigPool.initialize(Rectangle)
P:java.awt.Rectangle[x=40,y=24,width=160,height=290]
M:void org.argouml.uml.diagram.activity.ui.FigPool.setStandardBounds(int, int, int, int)
P:40
P:24
P:160
P:290
M:void org.argouml.uml.diagram.activity.ui.FigPartition.SelectionPartition.paint(Graphics)
P:sun.java2d.SunGraphics2D[font=java.awt.Font[family=Lucida Grande,name=Lucida Grande,style=plain,size=13],color=java.awt.Color[r=0,g=0,b=0]]
M:void org.argouml.uml.diagram.activity.ui.FigPartition.SelectionPartition.updateHandleBox()
M:void org.argouml.uml.diagram.activity.ui.UMLActivityDiagram.encloserChanged(FigNode, FigNode, FigNode)
P:org.argouml.uml.diagram.state.ui.FigInitialState@2f9f3fba
P:org.argouml.uml.diagram.activity.ui.FigPool@740676ab
M:void org.argouml.uml.diagram.activity.ui.FigPool.addEnclosedFig(Fig)
P:org.argouml.uml.diagram.state.ui.FigInitialState@2f9f3fba
M:void org.argouml.uml.diagram.activity.ui.UMLActivityDiagram.encloserChanged(FigNode, FigNode, FigNode)
P:org.argouml.uml.diagram.state.ui.FigInitialState@2f9f3fba
P:org.argouml.uml.diagram.activity.ui.FigPool@740676ab
P:org.argouml.uml.diagram.activity.ui.FigPool@740676ab
M:Dimension org.argouml.uml.diagram.activity.ui.FigPartition.getMinimumSize()
M:Icon[] org.argouml.uml.diagram.activity.ui.SelectionActionState.getIcons()
M:Icon[] org.argouml.uml.diagram.activity.ui.SelectionActionState.getIcons()
M:Icon[] org.argouml.uml.diagram.activity.ui.SelectionActionState.getIcons()
M:Dimension org.argouml.uml.diagram.activity.ui.FigActionState.getMinimumSize()
M:int org.argouml.uml.diagram.activity.ui.FigActionState.getNotationProviderType()
M:Icon[] org.argouml.uml.diagram.activity.ui.SelectionActionState.getIcons()
M:boolean org.argouml.uml.diagram.activity.ui.FigPartition.isFilled()
M:Color org.argouml.uml.diagram.activity.ui.FigPartition.getLineColor()
M:void org.argouml.uml.diagram.activity.ui.FigPartition.setNextPartition(FigPartition)
P:org.argouml.uml.diagram.activity.ui.FigPartition@1fa7f3ac
M:void org.argouml.uml.diagram.activity.ui.FigPartition.SelectionPartition.paint(Graphics)
P:sun.java2d.SunGraphics2D[font=java.awt.Font[family=Lucida Grande,name=Lucida Grande,style=plain,size=13],color=java.awt.Color[r=0,g=0,b=0]]
M:void org.argouml.uml.diagram.activity.ui.UMLActivityDiagram.encloserChanged(FigNode, FigNode, FigNode)
P:org.argouml.uml.diagram.activity.ui.FigActionState@2bd8337
P:org.argouml.uml.diagram.activity.ui.FigPool@740676ab
M:void org.argouml.uml.diagram.activity.ui.FigPool.addEnclosedFig(Fig)
P:org.argouml.uml.diagram.activity.ui.FigActionState@2bd8337
M:void org.argouml.uml.diagram.activity.ui.FigActionState.modelChanged(PropertyChangeEvent)
P:org.argouml.model.AttributeChangeEvent[propertyName=container; oldValue=null; newValue=CompositeState$Impl  ID: 127-0-0-1-4901bbb2:165290dca68:-8000:0000000000000970  MID: 127-0-0-1-4901bbb2:165290dca68:-8000:000000000000050A  OPCKG: 127-0-0-1-4901bbb2:165290dca68:-8000:0000000000000873; propagationId=null; source=ActionState$Impl  ID: 127-0-0-1-4901bbb2:165290dca68:-8000:0000000000000976  MID: 127-0-0-1-4901bbb2:165290dca68:-8000:00000000000005E9  OPCKG: 127-0-0-1-4901bbb2:165290dca68:-8000:0000000000000873]: org.netbeans.api.mdr.events.AssociationEvent[source=AContainerSubvertex$Impl  ID: 127-0-0-1-4901bbb2:165290dca68:-8000:000000000000092B  MID: 127-0-0-1-4901bbb2:165290dca68:-8000:0000000000000537  OPCKG: 127-0-0-1-4901bbb2:165290dca68:-8000:0000000000000873]
M:int org.argouml.uml.diagram.activity.ui.FigActionState.getLineWidth()
M:int org.argouml.uml.diagram.activity.ui.FigActionState.getLineWidth()
M:Icon[] org.argouml.uml.diagram.activity.ui.SelectionActionState.getIcons()
M:int org.argouml.uml.diagram.activity.ui.FigActionState.getNotationProviderType()
M:Dimension org.argouml.uml.diagram.activity.ui.FigActionState.getMinimumSize()
M:Dimension org.argouml.uml.diagram.activity.ui.FigPartition.getMinimumSize()
M:void org.argouml.uml.diagram.activity.ui.FigPool.addEnclosedFig(Fig)
P:org.argouml.uml.diagram.activity.ui.FigActionState@5462eefe
M:void org.argouml.uml.diagram.activity.ui.FigActionState.modelChanged(PropertyChangeEvent)
P:org.argouml.model.AttributeChangeEvent[propertyName=container; oldValue=null; newValue=CompositeState$Impl  ID: 127-0-0-1-4901bbb2:165290dca68:-8000:0000000000000970  MID: 127-0-0-1-4901bbb2:165290dca68:-8000:000000000000050A  OPCKG: 127-0-0-1-4901bbb2:165290dca68:-8000:0000000000000873; propagationId=null; source=ActionState$Impl  ID: 127-0-0-1-4901bbb2:165290dca68:-8000:0000000000000978  MID: 127-0-0-1-4901bbb2:165290dca68:-8000:00000000000005E9  OPCKG: 127-0-0-1-4901bbb2:165290dca68:-8000:0000000000000873]: org.netbeans.api.mdr.events.AssociationEvent[source=AContainerSubvertex$Impl  ID: 127-0-0-1-4901bbb2:165290dca68:-8000:000000000000092B  MID: 127-0-0-1-4901bbb2:165290dca68:-8000:0000000000000537  OPCKG: 127-0-0-1-4901bbb2:165290dca68:-8000:0000000000000873]
M:int org.argouml.uml.diagram.activity.ui.FigActionState.getNotationProviderType()
M:Color org.argouml.uml.diagram.activity.ui.FigActionState.getFillColor()
M:void org.argouml.uml.diagram.activity.ui.FigActionState.modelChanged(PropertyChangeEvent)
P:org.argouml.model.AddAssociationEvent[propertyName=partition; oldValue=null; newValue=Partition$Impl  ID: 127-0-0-1-4901bbb2:165290dca68:-8000:0000000000000975  MID: 127-0-0-1-4901bbb2:165290dca68:-8000:00000000000005DF  OPCKG: 127-0-0-1-4901bbb2:165290dca68:-8000:0000000000000873; propagationId=null; source=ActionState$Impl  ID: 127-0-0-1-4901bbb2:165290dca68:-8000:0000000000000976  MID: 127-0-0-1-4901bbb2:165290dca68:-8000:00000000000005E9  OPCKG: 127-0-0-1-4901bbb2:165290dca68:-8000:0000000000000873]: org.netbeans.api.mdr.events.AssociationEvent[source=AContentsPartition$Impl  ID: 127-0-0-1-4901bbb2:165290dca68:-8000:0000000000000963  MID: 127-0-0-1-4901bbb2:165290dca68:-8000:00000000000005FB  OPCKG: 127-0-0-1-4901bbb2:165290dca68:-8000:0000000000000873]
M:boolean org.argouml.uml.diagram.activity.ui.FigPool.getUseTrapRect()
M:void org.argouml.uml.diagram.activity.ui.UMLActivityDiagram.changePartition(FigNode)
P:org.argouml.uml.diagram.state.ui.FigFinalState@198aede6
M:Dimension org.argouml.uml.diagram.activity.ui.FigPartition.getMinimumSize()
M:String org.argouml.uml.diagram.activity.ui.SelectionActionState.getInstructions(int)
P:15
M:Color org.argouml.uml.diagram.activity.ui.FigActionState.getLineColor()
M:Icon[] org.argouml.uml.diagram.activity.ui.SelectionActionState.getIcons()
M:Dimension org.argouml.uml.diagram.activity.ui.FigActionState.getMinimumSize()
M:Dimension org.argouml.uml.diagram.activity.ui.FigActionState.getMinimumSize()
M:Selection org.argouml.uml.diagram.activity.ui.FigPartition.makeSelection()
M:void org.argouml.uml.diagram.activity.ui.FigPartition.SelectionPartition.updateHandleBox()
M:void org.argouml.uml.diagram.activity.ui.FigPartition.SelectionPartition.hitHandle(Rectangle, Handle)
P:java.awt.Rectangle[x=264,y=31,width=8,height=8]
P:org.tigris.gef.presentation.Handle@5f3a5534
M:void org.argouml.uml.diagram.activity.ui.FigPartition.SelectionPartition.paint(Graphics)
P:sun.java2d.SunGraphics2D[font=java.awt.Font[family=Lucida Grande,name=Lucida Grande,style=plain,size=13],color=java.awt.Color[r=0,g=0,b=0]]
