M:Icon[] org.argouml.uml.diagram.activity.ui.SelectionActionState.getIcons()
M:String org.argouml.uml.diagram.activity.ui.SelectionActionState.getInstructions(int)
P:15
M:Icon[] org.argouml.uml.diagram.activity.ui.SelectionActionState.getIcons()
M:String org.argouml.uml.diagram.activity.ui.SelectionActionState.getInstructions(int)
P:15
M:Icon[] org.argouml.uml.diagram.activity.ui.SelectionActionState.getIcons()
M:String org.argouml.uml.diagram.activity.ui.SelectionActionState.getInstructions(int)
P:15
M:FigNode org.argouml.uml.diagram.activity.ui.ActivityDiagramRenderer.getFigNodeFor(GraphModel, Layer, Object, Map)
P:org.argouml.uml.diagram.activity.ActivityDiagramGraphModel@5b51f6f5
P:org.tigris.gef.base.LayerPerspectiveMutable@462c4d71[untitledModel]
P:ActionState$Impl  ID: 127-0-0-1--31033b3b:16529049177:-8000:0000000000000973  MID: 127-0-0-1--31033b3b:16529049177:-8000:00000000000005E9  OPCKG: 127-0-0-1--31033b3b:16529049177:-8000:0000000000000874
M:boolean org.argouml.uml.diagram.activity.ui.UMLActivityDiagram.doesAccept(Object)
P:ActionState$Impl  ID: 127-0-0-1--31033b3b:16529049177:-8000:0000000000000973  MID: 127-0-0-1--31033b3b:16529049177:-8000:00000000000005E9  OPCKG: 127-0-0-1--31033b3b:16529049177:-8000:0000000000000874
M:DiagramElement org.argouml.uml.diagram.activity.ui.UMLActivityDiagram.createDiagramElement(Object, Rectangle)
P:ActionState$Impl  ID: 127-0-0-1--31033b3b:16529049177:-8000:0000000000000973  MID: 127-0-0-1--31033b3b:16529049177:-8000:00000000000005E9  OPCKG: 127-0-0-1--31033b3b:16529049177:-8000:0000000000000874
M:Fig org.argouml.uml.diagram.activity.ui.FigActionState.createBigPortFig()
M:int org.argouml.uml.diagram.activity.ui.FigActionState.getNotationProviderType()
M:void org.argouml.uml.diagram.activity.ui.FigActionState.initializeActionState()
M:void org.argouml.uml.diagram.activity.ui.FigActionState.setStandardBounds(int, int, int, int)
P:10
P:10
P:117
P:30
M:void org.argouml.uml.diagram.activity.ui.UMLActivityDiagram.encloserChanged(FigNode, FigNode, FigNode)
P:org.argouml.uml.diagram.activity.ui.FigActionState@76b27cb3
M:void org.argouml.uml.diagram.activity.ui.FigActionState.modelChanged(PropertyChangeEvent)
P:org.argouml.model.AddAssociationEvent[propertyName=container; oldValue=null; newValue=CompositeState$Impl  ID: 127-0-0-1--31033b3b:16529049177:-8000:0000000000000971  MID: 127-0-0-1--31033b3b:16529049177:-8000:000000000000050A  OPCKG: 127-0-0-1--31033b3b:16529049177:-8000:0000000000000874; propagationId=null; source=ActionState$Impl  ID: 127-0-0-1--31033b3b:16529049177:-8000:0000000000000973  MID: 127-0-0-1--31033b3b:16529049177:-8000:00000000000005E9  OPCKG: 127-0-0-1--31033b3b:16529049177:-8000:0000000000000874]: org.netbeans.api.mdr.events.AssociationEvent[source=AContainerSubvertex$Impl  ID: 127-0-0-1--31033b3b:16529049177:-8000:000000000000092C  MID: 127-0-0-1--31033b3b:16529049177:-8000:0000000000000537  OPCKG: 127-0-0-1--31033b3b:16529049177:-8000:0000000000000874]
M:int org.argouml.uml.diagram.activity.ui.FigActionState.getNotationProviderType()
M:Dimension org.argouml.uml.diagram.activity.ui.FigActionState.getMinimumSize()
M:void org.argouml.uml.diagram.activity.ui.FigActionState.setStandardBounds(int, int, int, int)
P:240
P:64
P:117
P:36
M:Dimension org.argouml.uml.diagram.activity.ui.FigActionState.getMinimumSize()
M:void org.argouml.uml.diagram.activity.ui.FigActionState.setStandardBounds(int, int, int, int)
P:240
P:64
P:117
P:36
M:Dimension org.argouml.uml.diagram.activity.ui.FigActionState.getMinimumSize()
M:void org.argouml.uml.diagram.activity.ui.FigActionState.modelChanged(PropertyChangeEvent)
P:org.argouml.model.AttributeChangeEvent[propertyName=container; oldValue=null; newValue=CompositeState$Impl  ID: 127-0-0-1--31033b3b:16529049177:-8000:0000000000000971  MID: 127-0-0-1--31033b3b:16529049177:-8000:000000000000050A  OPCKG: 127-0-0-1--31033b3b:16529049177:-8000:0000000000000874; propagationId=null; source=ActionState$Impl  ID: 127-0-0-1--31033b3b:16529049177:-8000:0000000000000973  MID: 127-0-0-1--31033b3b:16529049177:-8000:00000000000005E9  OPCKG: 127-0-0-1--31033b3b:16529049177:-8000:0000000000000874]: org.netbeans.api.mdr.events.AssociationEvent[source=AContainerSubvertex$Impl  ID: 127-0-0-1--31033b3b:16529049177:-8000:000000000000092C  MID: 127-0-0-1--31033b3b:16529049177:-8000:0000000000000537  OPCKG: 127-0-0-1--31033b3b:16529049177:-8000:0000000000000874]
M:int org.argouml.uml.diagram.activity.ui.FigActionState.getNotationProviderType()
M:Dimension org.argouml.uml.diagram.activity.ui.FigActionState.getMinimumSize()
M:Dimension org.argouml.uml.diagram.activity.ui.FigActionState.getMinimumSize()
M:void org.argouml.uml.diagram.activity.ui.FigActionState.setStandardBounds(int, int, int, int)
P:240
P:64
P:117
P:36
M:Dimension org.argouml.uml.diagram.activity.ui.FigActionState.getMinimumSize()
M:boolean org.argouml.uml.diagram.activity.ui.FigActionState.isFilled()
M:Color org.argouml.uml.diagram.activity.ui.FigActionState.getFillColor()
M:int org.argouml.uml.diagram.activity.ui.FigActionState.getLineWidth()
