M:Icon[] org.argouml.uml.diagram.activity.ui.SelectionActionState.getIcons()
M:Icon[] org.argouml.uml.diagram.activity.ui.SelectionActionState.getIcons()
M:String org.argouml.uml.diagram.activity.ui.SelectionActionState.getInstructions(int)
P:13
M:Icon[] org.argouml.uml.diagram.activity.ui.SelectionActionState.getIcons()
M:String org.argouml.uml.diagram.activity.ui.SelectionActionState.getInstructions(int)
P:13
M:Icon[] org.argouml.uml.diagram.activity.ui.SelectionActionState.getIcons()
M:String org.argouml.uml.diagram.activity.ui.SelectionActionState.getInstructions(int)
P:13
M:Icon[] org.argouml.uml.diagram.activity.ui.SelectionActionState.getIcons()
M:String org.argouml.uml.diagram.activity.ui.SelectionActionState.getInstructions(int)
P:13
M:Icon[] org.argouml.uml.diagram.activity.ui.SelectionActionState.getIcons()
M:String org.argouml.uml.diagram.activity.ui.SelectionActionState.getInstructions(int)
P:13
M:Icon[] org.argouml.uml.diagram.activity.ui.SelectionActionState.getIcons()
M:Icon[] org.argouml.uml.diagram.activity.ui.SelectionActionState.getIcons()
M:String org.argouml.uml.diagram.activity.ui.SelectionActionState.getInstructions(int)
P:13
M:Icon[] org.argouml.uml.diagram.activity.ui.SelectionActionState.getIcons()
M:String org.argouml.uml.diagram.activity.ui.SelectionActionState.getInstructions(int)
P:15
M:Object org.argouml.uml.diagram.activity.ui.SelectionActionState.getNewNodeType(int)
P:13
M:Object org.argouml.uml.diagram.activity.ui.SelectionActionState.getNewEdgeType(int)
P:13
M:boolean org.argouml.uml.diagram.activity.ui.SelectionActionState.isReverseEdge(int)
P:13
M:void org.argouml.uml.diagram.activity.ui.FigActionState.modelChanged(PropertyChangeEvent)
P:org.argouml.model.AddAssociationEvent[propertyName=incoming; oldValue=null; newValue=Transition$Impl  ID: 127-0-0-1--31033b3b:16529049177:-8000:0000000000000974  MID: 127-0-0-1--31033b3b:16529049177:-8000:0000000000000507  OPCKG: 127-0-0-1--31033b3b:16529049177:-8000:0000000000000874; propagationId=null; source=ActionState$Impl  ID: 127-0-0-1--31033b3b:16529049177:-8000:0000000000000973  MID: 127-0-0-1--31033b3b:16529049177:-8000:00000000000005E9  OPCKG: 127-0-0-1--31033b3b:16529049177:-8000:0000000000000874]: org.netbeans.api.mdr.events.AssociationEvent[source=AIncomingTarget$Impl  ID: 127-0-0-1--31033b3b:16529049177:-8000:0000000000000932  MID: 127-0-0-1--31033b3b:16529049177:-8000:0000000000000549  OPCKG: 127-0-0-1--31033b3b:16529049177:-8000:0000000000000874]
M:void org.argouml.uml.diagram.activity.ui.FigActionState.modelChanged(PropertyChangeEvent)
P:org.argouml.model.AttributeChangeEvent[propertyName=incoming; oldValue=null; newValue=Transition$Impl  ID: 127-0-0-1--31033b3b:16529049177:-8000:0000000000000974  MID: 127-0-0-1--31033b3b:16529049177:-8000:0000000000000507  OPCKG: 127-0-0-1--31033b3b:16529049177:-8000:0000000000000874; propagationId=null; source=ActionState$Impl  ID: 127-0-0-1--31033b3b:16529049177:-8000:0000000000000973  MID: 127-0-0-1--31033b3b:16529049177:-8000:00000000000005E9  OPCKG: 127-0-0-1--31033b3b:16529049177:-8000:0000000000000874]: org.netbeans.api.mdr.events.AssociationEvent[source=AIncomingTarget$Impl  ID: 127-0-0-1--31033b3b:16529049177:-8000:0000000000000932  MID: 127-0-0-1--31033b3b:16529049177:-8000:0000000000000549  OPCKG: 127-0-0-1--31033b3b:16529049177:-8000:0000000000000874]
M:Dimension org.argouml.uml.diagram.activity.ui.FigActionState.getMinimumSize()
M:Dimension org.argouml.uml.diagram.activity.ui.FigActionState.getMinimumSize()
M:FigNode org.argouml.uml.diagram.activity.ui.ActivityDiagramRenderer.getFigNodeFor(GraphModel, Layer, Object, Map)
P:org.argouml.uml.diagram.activity.ActivityDiagramGraphModel@5b51f6f5
P:org.tigris.gef.base.LayerPerspectiveMutable@462c4d71[untitledModel]
P:ActionState$Impl  ID: 127-0-0-1--31033b3b:16529049177:-8000:0000000000000975  MID: 127-0-0-1--31033b3b:16529049177:-8000:00000000000005E9  OPCKG: 127-0-0-1--31033b3b:16529049177:-8000:0000000000000874
M:boolean org.argouml.uml.diagram.activity.ui.UMLActivityDiagram.doesAccept(Object)
P:ActionState$Impl  ID: 127-0-0-1--31033b3b:16529049177:-8000:0000000000000975  MID: 127-0-0-1--31033b3b:16529049177:-8000:00000000000005E9  OPCKG: 127-0-0-1--31033b3b:16529049177:-8000:0000000000000874
M:DiagramElement org.argouml.uml.diagram.activity.ui.UMLActivityDiagram.createDiagramElement(Object, Rectangle)
P:ActionState$Impl  ID: 127-0-0-1--31033b3b:16529049177:-8000:0000000000000975  MID: 127-0-0-1--31033b3b:16529049177:-8000:00000000000005E9  OPCKG: 127-0-0-1--31033b3b:16529049177:-8000:0000000000000874
M:Fig org.argouml.uml.diagram.activity.ui.FigActionState.createBigPortFig()
M:int org.argouml.uml.diagram.activity.ui.FigActionState.getNotationProviderType()
M:void org.argouml.uml.diagram.activity.ui.FigActionState.initializeActionState()
M:void org.argouml.uml.diagram.activity.ui.FigActionState.setStandardBounds(int, int, int, int)
P:10
P:10
P:117
P:30
