M:void org.argouml.uml.diagram.activity.ui.SelectionActionState.setOutgoingBelowButtonEnabled(boolean)
P:false
M:Icon[] org.argouml.uml.diagram.activity.ui.SelectionActionState.getIcons()
M:Icon[] org.argouml.uml.diagram.activity.ui.SelectionActionState.getIcons()
M:Icon[] org.argouml.uml.diagram.activity.ui.SelectionActionState.getIcons()
M:Icon[] org.argouml.uml.diagram.activity.ui.SelectionActionState.getIcons()
M:String org.argouml.uml.diagram.activity.ui.SelectionActionState.getInstructions(int)
P:15
M:Icon[] org.argouml.uml.diagram.activity.ui.SelectionActionState.getIcons()
M:void org.argouml.uml.diagram.activity.ui.UMLActivityDiagram.encloserChanged(FigNode, FigNode, FigNode)
P:org.argouml.uml.diagram.state.ui.FigJunctionState@2af45ee7
M:Icon[] org.argouml.uml.diagram.activity.ui.SelectionActionState.getIcons()
M:Icon[] org.argouml.uml.diagram.activity.ui.SelectionActionState.getIcons()
M:String org.argouml.uml.diagram.activity.ui.SelectionActionState.getInstructions(int)
P:11
M:Icon[] org.argouml.uml.diagram.activity.ui.SelectionActionState.getIcons()
M:String org.argouml.uml.diagram.activity.ui.SelectionActionState.getInstructions(int)
P:11
M:Icon[] org.argouml.uml.diagram.activity.ui.SelectionActionState.getIcons()
M:String org.argouml.uml.diagram.activity.ui.SelectionActionState.getInstructions(int)
P:11
M:Icon[] org.argouml.uml.diagram.activity.ui.SelectionActionState.getIcons()
M:String org.argouml.uml.diagram.activity.ui.SelectionActionState.getInstructions(int)
P:11
M:Icon[] org.argouml.uml.diagram.activity.ui.SelectionActionState.getIcons()
M:String org.argouml.uml.diagram.activity.ui.SelectionActionState.getInstructions(int)
P:11
M:Icon[] org.argouml.uml.diagram.activity.ui.SelectionActionState.getIcons()
M:Icon[] org.argouml.uml.diagram.activity.ui.SelectionActionState.getIcons()
M:String org.argouml.uml.diagram.activity.ui.SelectionActionState.getInstructions(int)
P:11
M:Icon[] org.argouml.uml.diagram.activity.ui.SelectionActionState.getIcons()
M:String org.argouml.uml.diagram.activity.ui.SelectionActionState.getInstructions(int)
P:15
M:Object org.argouml.uml.diagram.activity.ui.SelectionActionState.getNewNodeType(int)
P:11
M:Object org.argouml.uml.diagram.activity.ui.SelectionActionState.getNewEdgeType(int)
P:11
M:boolean org.argouml.uml.diagram.activity.ui.SelectionActionState.isReverseEdge(int)
P:11
M:void org.argouml.uml.diagram.activity.ui.FigActionState.modelChanged(PropertyChangeEvent)
P:org.argouml.model.AddAssociationEvent[propertyName=incoming; oldValue=null; newValue=Transition$Impl  ID: 127-0-0-1--31033b3b:16529049177:-8000:000000000000097B  MID: 127-0-0-1--31033b3b:16529049177:-8000:0000000000000507  OPCKG: 127-0-0-1--31033b3b:16529049177:-8000:0000000000000874; propagationId=null; source=ActionState$Impl  ID: 127-0-0-1--31033b3b:16529049177:-8000:0000000000000979  MID: 127-0-0-1--31033b3b:16529049177:-8000:00000000000005E9  OPCKG: 127-0-0-1--31033b3b:16529049177:-8000:0000000000000874]: org.netbeans.api.mdr.events.AssociationEvent[source=AIncomingTarget$Impl  ID: 127-0-0-1--31033b3b:16529049177:-8000:0000000000000932  MID: 127-0-0-1--31033b3b:16529049177:-8000:0000000000000549  OPCKG: 127-0-0-1--31033b3b:16529049177:-8000:0000000000000874]
M:void org.argouml.uml.diagram.activity.ui.FigActionState.modelChanged(PropertyChangeEvent)
P:org.argouml.model.AttributeChangeEvent[propertyName=incoming; oldValue=null; newValue=Transition$Impl  ID: 127-0-0-1--31033b3b:16529049177:-8000:000000000000097B  MID: 127-0-0-1--31033b3b:16529049177:-8000:0000000000000507  OPCKG: 127-0-0-1--31033b3b:16529049177:-8000:0000000000000874; propagationId=null; source=ActionState$Impl  ID: 127-0-0-1--31033b3b:16529049177:-8000:0000000000000979  MID: 127-0-0-1--31033b3b:16529049177:-8000:00000000000005E9  OPCKG: 127-0-0-1--31033b3b:16529049177:-8000:0000000000000874]: org.netbeans.api.mdr.events.AssociationEvent[source=AIncomingTarget$Impl  ID: 127-0-0-1--31033b3b:16529049177:-8000:0000000000000932  MID: 127-0-0-1--31033b3b:16529049177:-8000:0000000000000549  OPCKG: 127-0-0-1--31033b3b:16529049177:-8000:0000000000000874]
M:Dimension org.argouml.uml.diagram.activity.ui.FigActionState.getMinimumSize()
