S:F;T;T;T;T;T;F;T;T;F;U;T;U;T;F;T;F;F;F;T;T;T;F;T;T;U;F;T;F;F;T;F;F;T;F;F;T;F;T;F;T;T;T;F;U;T;F;U;U;U;U;T;T;T;T;T;T;F;F;T;T;U;F;F;F;F;F;F;T;F;T;F;T;U;T;F;U;U;T;F;F;T;F;F;F;T;T;F;F;F;T;F;T;T;T;F;F;F;T;F;F;F;F;T;F;F;T;F;U;T;F;F;T;T;F;F;F;F;F;F;F;F;F;F;F;T;F;T;F;F;F;T;T;F;F;F;T;F;T;T;F;F;F;F;F;F;F;F;F;T;T;F;T;T;F;U;F;T;T
A:clickOnFigPartition
M:void org.argouml.uml.diagram.activity.ui.FigPartition.SelectionPartition.hitHandle(Rectangle, Handle)
P:java.awt.Rectangle[x=336,y=300,width=8,height=8]
P:org.tigris.gef.presentation.Handle@11d227e8
M:void org.argouml.uml.diagram.activity.ui.FigPartition.SelectionPartition.updateHandleBox()
M:void org.argouml.uml.diagram.activity.ui.FigPartition.SelectionPartition.hitHandle(Rectangle, Handle)
P:java.awt.Rectangle[x=336,y=300,width=8,height=8]
P:org.tigris.gef.presentation.Handle@53bbe9fc
M:void org.argouml.uml.diagram.activity.ui.FigPartition.SelectionPartition.updateHandleBox()
M:void org.argouml.uml.diagram.activity.ui.FigPartition.SelectionPartition.paint(Graphics)
P:sun.java2d.SunGraphics2D[font=java.awt.Font[family=Lucida Grande,name=Lucida Grande,style=plain,size=13],color=java.awt.Color[r=0,g=0,b=0]]
M:void org.argouml.uml.diagram.activity.ui.FigPartition.SelectionPartition.updateHandleBox()
M:List org.argouml.uml.diagram.activity.ui.FigPartition.getDragDependencies()
M:List org.argouml.uml.diagram.activity.ui.FigPartition.getPartitions(Layer)
P:org.tigris.gef.base.LayerPerspectiveMutable@52f77cea[untitledModel]
M:FigPool org.argouml.uml.diagram.activity.ui.FigPartition.getFigPool()
M:FigPool org.argouml.uml.diagram.activity.ui.FigPartition.getFigPool()
M:List org.argouml.uml.diagram.activity.ui.FigPartition.getDragDependencies()
M:List org.argouml.uml.diagram.activity.ui.FigPartition.getPartitions(Layer)
P:org.tigris.gef.base.LayerPerspectiveMutable@52f77cea[untitledModel]
M:FigPool org.argouml.uml.diagram.activity.ui.FigPartition.getFigPool()
M:FigPool org.argouml.uml.diagram.activity.ui.FigPartition.getFigPool()
M:void org.argouml.uml.diagram.activity.ui.FigPartition.SelectionPartition.dragHandle(int, int, int, int, Handle)
P:344
P:304
P:340
P:304
P:org.tigris.gef.presentation.Handle@53bbe9fc
M:void org.argouml.uml.diagram.activity.ui.FigPartition.SelectionPartition.updateHandleBox()
M:Dimension org.argouml.uml.diagram.activity.ui.FigPartition.getMinimumSize()
M:FigPartition org.argouml.uml.diagram.activity.ui.FigPartition.access$100(FigPartition)
P:org.argouml.uml.diagram.activity.ui.FigPartition@4aaaab75
M:void org.argouml.uml.diagram.activity.ui.FigPartition.SelectionPartition.setHandleBox(FigPartition, int, int, int, int)
P:184
P:16
P:160
P:288
M:List org.argouml.uml.diagram.activity.ui.FigPartition.access$200(FigPartition, Layer)
P:org.argouml.uml.diagram.activity.ui.FigPartition@4aaaab75
P:org.tigris.gef.base.LayerPerspectiveMutable@52f77cea[untitledModel]
M:List org.argouml.uml.diagram.activity.ui.FigPartition.getPartitions(Layer)
P:org.tigris.gef.base.LayerPerspectiveMutable@52f77cea[untitledModel]
M:void org.argouml.uml.diagram.activity.ui.FigPartition.setStandardBounds(int, int, int, int)
P:24
P:16
P:160
P:288
M:void org.argouml.uml.diagram.activity.ui.FigPartition.setStandardBounds(int, int, int, int)
P:184
P:16
P:160
P:288
M:FigPool org.argouml.uml.diagram.activity.ui.FigPartition.access$300(FigPartition)
P:org.argouml.uml.diagram.activity.ui.FigPartition@4aaaab75
M:FigPool org.argouml.uml.diagram.activity.ui.FigPartition.getFigPool()
M:void org.argouml.uml.diagram.activity.ui.FigPool.setStandardBounds(int, int, int, int)
P:24
P:16
P:320
P:288
M:void org.argouml.uml.diagram.activity.ui.FigPartition.SelectionPartition.paint(Graphics)
P:sun.java2d.SunGraphics2D[font=java.awt.Font[family=Lucida Grande,name=Lucida Grande,style=plain,size=13],color=java.awt.Color[r=0,g=0,b=0]]
M:void org.argouml.uml.diagram.activity.ui.FigPartition.SelectionPartition.updateHandleBox()
M:void org.argouml.uml.diagram.activity.ui.FigPartition.SelectionPartition.hitHandle(Rectangle, Handle)
P:java.awt.Rectangle[x=340,y=404,width=0,height=0]
P:org.tigris.gef.presentation.Handle@397c5db7
M:void org.argouml.uml.diagram.activity.ui.FigPartition.SelectionPartition.updateHandleBox()
M:void org.argouml.uml.diagram.activity.ui.FigPartition.SelectionPartition.dragHandle(int, int, int, int, Handle)
P:344
P:408
P:340
P:304
P:org.tigris.gef.presentation.Handle@53bbe9fc
M:void org.argouml.uml.diagram.activity.ui.FigPartition.SelectionPartition.updateHandleBox()
M:Dimension org.argouml.uml.diagram.activity.ui.FigPartition.getMinimumSize()
M:FigPartition org.argouml.uml.diagram.activity.ui.FigPartition.access$100(FigPartition)
P:org.argouml.uml.diagram.activity.ui.FigPartition@4aaaab75
M:void org.argouml.uml.diagram.activity.ui.FigPartition.SelectionPartition.setHandleBox(FigPartition, int, int, int, int)
P:184
P:16
P:160
P:392
M:List org.argouml.uml.diagram.activity.ui.FigPartition.access$200(FigPartition, Layer)
P:org.argouml.uml.diagram.activity.ui.FigPartition@4aaaab75
P:org.tigris.gef.base.LayerPerspectiveMutable@52f77cea[untitledModel]
M:List org.argouml.uml.diagram.activity.ui.FigPartition.getPartitions(Layer)
P:org.tigris.gef.base.LayerPerspectiveMutable@52f77cea[untitledModel]
M:void org.argouml.uml.diagram.activity.ui.FigPartition.setStandardBounds(int, int, int, int)
P:24
P:16
P:160
P:392
M:void org.argouml.uml.diagram.activity.ui.FigPartition.setStandardBounds(int, int, int, int)
P:184
P:16
P:160
P:392
M:FigPool org.argouml.uml.diagram.activity.ui.FigPartition.access$300(FigPartition)
P:org.argouml.uml.diagram.activity.ui.FigPartition@4aaaab75
M:FigPool org.argouml.uml.diagram.activity.ui.FigPartition.getFigPool()
M:void org.argouml.uml.diagram.activity.ui.FigPool.setStandardBounds(int, int, int, int)
P:24
P:16
P:320
P:392
M:void org.argouml.uml.diagram.activity.ui.FigPartition.SelectionPartition.paint(Graphics)
P:sun.java2d.SunGraphics2D[font=java.awt.Font[family=Lucida Grande,name=Lucida Grande,style=plain,size=13],color=java.awt.Color[r=0,g=0,b=0]]
M:void org.argouml.uml.diagram.activity.ui.FigPartition.SelectionPartition.updateHandleBox()
M:void org.argouml.uml.diagram.activity.ui.FigPartition.SelectionPartition.dragHandle(int, int, int, int, Handle)
P:344
P:408
P:340
P:304
P:org.tigris.gef.presentation.Handle@53bbe9fc
M:void org.argouml.uml.diagram.activity.ui.FigPartition.SelectionPartition.updateHandleBox()
M:Dimension org.argouml.uml.diagram.activity.ui.FigPartition.getMinimumSize()
M:FigPartition org.argouml.uml.diagram.activity.ui.FigPartition.access$100(FigPartition)
P:org.argouml.uml.diagram.activity.ui.FigPartition@4aaaab75
M:void org.argouml.uml.diagram.activity.ui.FigPartition.SelectionPartition.setHandleBox(FigPartition, int, int, int, int)
P:184
P:16
P:160
P:392
M:List org.argouml.uml.diagram.activity.ui.FigPartition.access$200(FigPartition, Layer)
P:org.argouml.uml.diagram.activity.ui.FigPartition@4aaaab75
P:org.tigris.gef.base.LayerPerspectiveMutable@52f77cea[untitledModel]
M:List org.argouml.uml.diagram.activity.ui.FigPartition.getPartitions(Layer)
P:org.tigris.gef.base.LayerPerspectiveMutable@52f77cea[untitledModel]
M:void org.argouml.uml.diagram.activity.ui.FigPartition.setStandardBounds(int, int, int, int)
P:24
P:16
P:160
P:392
M:void org.argouml.uml.diagram.activity.ui.FigPartition.setStandardBounds(int, int, int, int)
P:184
P:16
P:160
P:392
M:FigPool org.argouml.uml.diagram.activity.ui.FigPartition.access$300(FigPartition)
P:org.argouml.uml.diagram.activity.ui.FigPartition@4aaaab75
M:FigPool org.argouml.uml.diagram.activity.ui.FigPartition.getFigPool()
M:void org.argouml.uml.diagram.activity.ui.FigPool.setStandardBounds(int, int, int, int)
P:24
P:16
P:320
P:392
M:void org.argouml.uml.diagram.activity.ui.FigPartition.SelectionPartition.paint(Graphics)
P:sun.java2d.SunGraphics2D[font=java.awt.Font[family=Lucida Grande,name=Lucida Grande,style=plain,size=13],color=java.awt.Color[r=0,g=0,b=0]]
M:void org.argouml.uml.diagram.activity.ui.FigPartition.SelectionPartition.updateHandleBox()
M:boolean org.argouml.uml.diagram.activity.ui.FigPool.getUseTrapRect()
M:void org.argouml.uml.diagram.activity.ui.UMLActivityDiagram.encloserChanged(FigNode, FigNode, FigNode)
P:org.argouml.uml.diagram.activity.ui.FigPartition@4aaaab75
M:void org.argouml.uml.diagram.activity.ui.FigPartition.SelectionPartition.paint(Graphics)
P:sun.java2d.SunGraphics2D[font=java.awt.Font[family=Lucida Grande,name=Lucida Grande,style=plain,size=13],color=java.awt.Color[r=0,g=0,b=0]]
M:void org.argouml.uml.diagram.activity.ui.FigPartition.SelectionPartition.updateHandleBox()
M:void org.argouml.uml.diagram.activity.ui.FigPartition.SelectionPartition.hitHandle(Rectangle, Handle)
P:java.awt.Rectangle[x=207,y=-13,width=0,height=0]
P:org.tigris.gef.presentation.Handle@43463afd
M:void org.argouml.uml.diagram.activity.ui.FigPartition.SelectionPartition.updateHandleBox()
S:F;T;T;T;T;T;F;T;T;F;U;T;U;T;F;T;F;F;F;T;T;T;F;T;T;U;F;T;F;F;T;F;F;T;F;F;T;F;T;F;T;T;T;F;U;T;F;U;U;U;U;T;T;T;T;T;T;F;F;T;T;U;F;F;F;F;F;F;T;F;T;F;T;U;T;F;U;U;T;F;F;T;F;F;F;T;T;F;F;F;T;F;T;T;T;F;F;F;T;F;F;F;F;T;F;F;T;F;U;T;F;F;T;T;F;F;F;F;F;F;F;F;F;F;F;T;F;T;F;F;F;T;T;F;F;F;T;F;T;T;F;F;F;F;F;F;F;F;F;T;T;F;T;T;F;U;F;T;T
