S:F;T;T;T;T;T;F;T;T;F;U;T;T;T;F;T;F;F;U;T;T;U;F;T;T;U;F;T;F;F;T;F;F;T;F;F;T;F;T;F;T;T;T;F;U;T;F;U;U;U;U;T;T;T;T;T;T;F;F;T;T;U;F;F;F;F;F;F;T;U;T;F;U;U;U;U;U;F;T;F;F;T;F;F;U;U;T;F;F;F;U;F;T;T;T;F;F;F;T;F;F;U;U;T;U;F;U;U;U;T;F;F;T;T;F;F;F;U;U;F;F;T;U;U;U;T;U;T;F;F;F;T;T;F;F;F;T;F;T;T;F;F;F;F;F;F;F;F;F;T;T;F;T;T;F;U;U;T;T
A:clickOnFigPartition
M:FigNode org.argouml.uml.diagram.activity.ui.ActivityDiagramRenderer.getFigNodeFor(GraphModel, Layer, Object, Map)
P:org.argouml.uml.diagram.activity.ActivityDiagramGraphModel@d9e7f66
P:org.tigris.gef.base.LayerPerspectiveMutable@4a54de35[untitledModel]
P:ActionState$Impl  ID: -84-20-10-3--53212bc8:1653297c370:-8000:000000000000097C  MID: -84-20-10-3--53212bc8:1653297c370:-8000:00000000000005E9  OPCKG: -84-20-10-3--53212bc8:1653297c370:-8000:0000000000000879
M:boolean org.argouml.uml.diagram.activity.ui.UMLActivityDiagram.doesAccept(Object)
P:ActionState$Impl  ID: -84-20-10-3--53212bc8:1653297c370:-8000:000000000000097C  MID: -84-20-10-3--53212bc8:1653297c370:-8000:00000000000005E9  OPCKG: -84-20-10-3--53212bc8:1653297c370:-8000:0000000000000879
M:DiagramElement org.argouml.uml.diagram.activity.ui.UMLActivityDiagram.createDiagramElement(Object, Rectangle)
P:ActionState$Impl  ID: -84-20-10-3--53212bc8:1653297c370:-8000:000000000000097C  MID: -84-20-10-3--53212bc8:1653297c370:-8000:00000000000005E9  OPCKG: -84-20-10-3--53212bc8:1653297c370:-8000:0000000000000879
M:Fig org.argouml.uml.diagram.activity.ui.FigActionState.createBigPortFig()
M:int org.argouml.uml.diagram.activity.ui.FigActionState.getNotationProviderType()
M:void org.argouml.uml.diagram.activity.ui.FigActionState.initializeActionState()
M:void org.argouml.uml.diagram.activity.ui.FigActionState.setStandardBounds(int, int, int, int)
P:10
P:10
P:117
P:30
M:boolean org.argouml.uml.diagram.activity.ui.FigPool.getUseTrapRect()
M:void org.argouml.uml.diagram.activity.ui.UMLActivityDiagram.encloserChanged(FigNode, FigNode, FigNode)
P:org.argouml.uml.diagram.activity.ui.FigActionState@f60c329
P:org.argouml.uml.diagram.activity.ui.FigPool@2bf6e873
M:void org.argouml.uml.diagram.activity.ui.UMLActivityDiagram.changePartition(FigNode)
P:org.argouml.uml.diagram.activity.ui.FigActionState@f60c329
M:void org.argouml.uml.diagram.activity.ui.FigActionState.modelChanged(PropertyChangeEvent)
P:org.argouml.model.AddAssociationEvent[propertyName=container; oldValue=null; newValue=CompositeState$Impl  ID: -84-20-10-3--53212bc8:1653297c370:-8000:0000000000000976  MID: -84-20-10-3--53212bc8:1653297c370:-8000:000000000000050A  OPCKG: -84-20-10-3--53212bc8:1653297c370:-8000:0000000000000879; propagationId=null; source=ActionState$Impl  ID: -84-20-10-3--53212bc8:1653297c370:-8000:000000000000097C  MID: -84-20-10-3--53212bc8:1653297c370:-8000:00000000000005E9  OPCKG: -84-20-10-3--53212bc8:1653297c370:-8000:0000000000000879]: org.netbeans.api.mdr.events.AssociationEvent[source=AContainerSubvertex$Impl  ID: -84-20-10-3--53212bc8:1653297c370:-8000:0000000000000931  MID: -84-20-10-3--53212bc8:1653297c370:-8000:0000000000000537  OPCKG: -84-20-10-3--53212bc8:1653297c370:-8000:0000000000000879]
M:int org.argouml.uml.diagram.activity.ui.FigActionState.getNotationProviderType()
M:boolean org.argouml.uml.diagram.activity.ui.UMLActivityDiagram.isStateInPartition(Object, Object)
P:ActionState$Impl  ID: -84-20-10-3--53212bc8:1653297c370:-8000:000000000000097C  MID: -84-20-10-3--53212bc8:1653297c370:-8000:00000000000005E9  OPCKG: -84-20-10-3--53212bc8:1653297c370:-8000:0000000000000879
P:Partition$Impl  ID: -84-20-10-3--53212bc8:1653297c370:-8000:0000000000000978  MID: -84-20-10-3--53212bc8:1653297c370:-8000:00000000000005DF  OPCKG: -84-20-10-3--53212bc8:1653297c370:-8000:0000000000000879
M:Dimension org.argouml.uml.diagram.activity.ui.FigActionState.getMinimumSize()
M:void org.argouml.uml.diagram.activity.ui.FigActionState.setStandardBounds(int, int, int, int)
P:48
P:184
P:117
P:36
M:Dimension org.argouml.uml.diagram.activity.ui.FigActionState.getMinimumSize()
M:void org.argouml.uml.diagram.activity.ui.FigActionState.setStandardBounds(int, int, int, int)
P:48
P:184
P:117
P:36
M:Dimension org.argouml.uml.diagram.activity.ui.FigActionState.getMinimumSize()
M:void org.argouml.uml.diagram.activity.ui.FigActionState.modelChanged(PropertyChangeEvent)
P:org.argouml.model.AttributeChangeEvent[propertyName=container; oldValue=null; newValue=CompositeState$Impl  ID: -84-20-10-3--53212bc8:1653297c370:-8000:0000000000000976  MID: -84-20-10-3--53212bc8:1653297c370:-8000:000000000000050A  OPCKG: -84-20-10-3--53212bc8:1653297c370:-8000:0000000000000879; propagationId=null; source=ActionState$Impl  ID: -84-20-10-3--53212bc8:1653297c370:-8000:000000000000097C  MID: -84-20-10-3--53212bc8:1653297c370:-8000:00000000000005E9  OPCKG: -84-20-10-3--53212bc8:1653297c370:-8000:0000000000000879]: org.netbeans.api.mdr.events.AssociationEvent[source=AContainerSubvertex$Impl  ID: -84-20-10-3--53212bc8:1653297c370:-8000:0000000000000931  MID: -84-20-10-3--53212bc8:1653297c370:-8000:0000000000000537  OPCKG: -84-20-10-3--53212bc8:1653297c370:-8000:0000000000000879]
M:int org.argouml.uml.diagram.activity.ui.FigActionState.getNotationProviderType()
M:Dimension org.argouml.uml.diagram.activity.ui.FigActionState.getMinimumSize()
M:Dimension org.argouml.uml.diagram.activity.ui.FigActionState.getMinimumSize()
M:void org.argouml.uml.diagram.activity.ui.FigActionState.setStandardBounds(int, int, int, int)
P:48
P:184
P:117
P:36
M:Dimension org.argouml.uml.diagram.activity.ui.FigActionState.getMinimumSize()
M:void org.argouml.uml.diagram.activity.ui.FigActionState.modelChanged(PropertyChangeEvent)
P:org.argouml.model.AddAssociationEvent[propertyName=partition; oldValue=null; newValue=Partition$Impl  ID: -84-20-10-3--53212bc8:1653297c370:-8000:0000000000000977  MID: -84-20-10-3--53212bc8:1653297c370:-8000:00000000000005DF  OPCKG: -84-20-10-3--53212bc8:1653297c370:-8000:0000000000000879; propagationId=null; source=ActionState$Impl  ID: -84-20-10-3--53212bc8:1653297c370:-8000:000000000000097C  MID: -84-20-10-3--53212bc8:1653297c370:-8000:00000000000005E9  OPCKG: -84-20-10-3--53212bc8:1653297c370:-8000:0000000000000879]: org.netbeans.api.mdr.events.AssociationEvent[source=AContentsPartition$Impl  ID: -84-20-10-3--53212bc8:1653297c370:-8000:0000000000000969  MID: -84-20-10-3--53212bc8:1653297c370:-8000:00000000000005FB  OPCKG: -84-20-10-3--53212bc8:1653297c370:-8000:0000000000000879]
M:int org.argouml.uml.diagram.activity.ui.FigActionState.getNotationProviderType()
M:void org.argouml.uml.diagram.activity.ui.FigPool.addEnclosedFig(Fig)
P:org.argouml.uml.diagram.activity.ui.FigActionState@f60c329
M:Dimension org.argouml.uml.diagram.activity.ui.FigActionState.getMinimumSize()
M:Dimension org.argouml.uml.diagram.activity.ui.FigActionState.getMinimumSize()
M:void org.argouml.uml.diagram.activity.ui.FigActionState.setStandardBounds(int, int, int, int)
P:48
P:184
P:117
P:36
M:Dimension org.argouml.uml.diagram.activity.ui.FigActionState.getMinimumSize()
M:void org.argouml.uml.diagram.activity.ui.FigActionState.modelChanged(PropertyChangeEvent)
P:org.argouml.model.AttributeChangeEvent[propertyName=partition; oldValue=null; newValue=Partition$Impl  ID: -84-20-10-3--53212bc8:1653297c370:-8000:0000000000000977  MID: -84-20-10-3--53212bc8:1653297c370:-8000:00000000000005DF  OPCKG: -84-20-10-3--53212bc8:1653297c370:-8000:0000000000000879; propagationId=null; source=ActionState$Impl  ID: -84-20-10-3--53212bc8:1653297c370:-8000:000000000000097C  MID: -84-20-10-3--53212bc8:1653297c370:-8000:00000000000005E9  OPCKG: -84-20-10-3--53212bc8:1653297c370:-8000:0000000000000879]: org.netbeans.api.mdr.events.AssociationEvent[source=AContentsPartition$Impl  ID: -84-20-10-3--53212bc8:1653297c370:-8000:0000000000000969  MID: -84-20-10-3--53212bc8:1653297c370:-8000:00000000000005FB  OPCKG: -84-20-10-3--53212bc8:1653297c370:-8000:0000000000000879]
M:int org.argouml.uml.diagram.activity.ui.FigActionState.getNotationProviderType()
M:Dimension org.argouml.uml.diagram.activity.ui.FigActionState.getMinimumSize()
M:Dimension org.argouml.uml.diagram.activity.ui.FigActionState.getMinimumSize()
M:void org.argouml.uml.diagram.activity.ui.FigActionState.setStandardBounds(int, int, int, int)
P:48
P:184
P:117
P:36
M:Dimension org.argouml.uml.diagram.activity.ui.FigActionState.getMinimumSize()
M:void org.argouml.uml.diagram.activity.ui.FigActionState.modelChanged(PropertyChangeEvent)
P:org.argouml.model.AddAssociationEvent[propertyName=partition; oldValue=null; newValue=Partition$Impl  ID: -84-20-10-3--53212bc8:1653297c370:-8000:0000000000000977  MID: -84-20-10-3--53212bc8:1653297c370:-8000:00000000000005DF  OPCKG: -84-20-10-3--53212bc8:1653297c370:-8000:0000000000000879; propagationId=null; source=ActionState$Impl  ID: -84-20-10-3--53212bc8:1653297c370:-8000:000000000000097C  MID: -84-20-10-3--53212bc8:1653297c370:-8000:00000000000005E9  OPCKG: -84-20-10-3--53212bc8:1653297c370:-8000:0000000000000879]: org.netbeans.api.mdr.events.AssociationEvent[source=AContentsPartition$Impl  ID: -84-20-10-3--53212bc8:1653297c370:-8000:0000000000000969  MID: -84-20-10-3--53212bc8:1653297c370:-8000:00000000000005FB  OPCKG: -84-20-10-3--53212bc8:1653297c370:-8000:0000000000000879]
M:int org.argouml.uml.diagram.activity.ui.FigActionState.getNotationProviderType()
M:Dimension org.argouml.uml.diagram.activity.ui.FigActionState.getMinimumSize()
M:Dimension org.argouml.uml.diagram.activity.ui.FigActionState.getMinimumSize()
M:void org.argouml.uml.diagram.activity.ui.FigActionState.setStandardBounds(int, int, int, int)
P:48
P:184
P:117
P:36
M:Dimension org.argouml.uml.diagram.activity.ui.FigActionState.getMinimumSize()
M:void org.argouml.uml.diagram.activity.ui.FigActionState.modelChanged(PropertyChangeEvent)
P:org.argouml.model.AttributeChangeEvent[propertyName=partition; oldValue=null; newValue=Partition$Impl  ID: -84-20-10-3--53212bc8:1653297c370:-8000:0000000000000977  MID: -84-20-10-3--53212bc8:1653297c370:-8000:00000000000005DF  OPCKG: -84-20-10-3--53212bc8:1653297c370:-8000:0000000000000879; propagationId=null; source=ActionState$Impl  ID: -84-20-10-3--53212bc8:1653297c370:-8000:000000000000097C  MID: -84-20-10-3--53212bc8:1653297c370:-8000:00000000000005E9  OPCKG: -84-20-10-3--53212bc8:1653297c370:-8000:0000000000000879]: org.netbeans.api.mdr.events.AssociationEvent[source=AContentsPartition$Impl  ID: -84-20-10-3--53212bc8:1653297c370:-8000:0000000000000969  MID: -84-20-10-3--53212bc8:1653297c370:-8000:00000000000005FB  OPCKG: -84-20-10-3--53212bc8:1653297c370:-8000:0000000000000879]
M:int org.argouml.uml.diagram.activity.ui.FigActionState.getNotationProviderType()
M:Dimension org.argouml.uml.diagram.activity.ui.FigActionState.getMinimumSize()
M:Dimension org.argouml.uml.diagram.activity.ui.FigActionState.getMinimumSize()
M:void org.argouml.uml.diagram.activity.ui.FigActionState.setStandardBounds(int, int, int, int)
P:48
P:184
P:117
P:36
M:Dimension org.argouml.uml.diagram.activity.ui.FigActionState.getMinimumSize()
M:boolean org.argouml.uml.diagram.activity.ui.FigActionState.isFilled()
M:Color org.argouml.uml.diagram.activity.ui.FigActionState.getFillColor()
M:int org.argouml.uml.diagram.activity.ui.FigActionState.getLineWidth()
M:Color org.argouml.uml.diagram.activity.ui.FigActionState.getLineColor()
M:boolean org.argouml.uml.diagram.activity.ui.FigActionState.isFilled()
M:Color org.argouml.uml.diagram.activity.ui.FigActionState.getFillColor()
M:int org.argouml.uml.diagram.activity.ui.FigActionState.getLineWidth()
M:Color org.argouml.uml.diagram.activity.ui.FigActionState.getLineColor()
S:F;T;T;T;T;T;F;T;T;F;U;T;U;T;F;T;F;F;F;T;T;T;F;T;T;U;F;T;F;F;T;F;F;T;F;F;T;F;T;F;T;T;T;F;U;T;F;U;U;U;U;T;T;T;T;T;T;F;F;T;T;U;F;F;F;F;F;F;T;F;T;F;T;U;U;F;U;F;T;F;F;T;F;F;F;T;T;F;F;F;T;F;T;T;T;F;F;F;T;F;F;F;F;T;F;F;T;F;U;T;F;F;T;T;F;F;F;F;F;F;F;T;F;F;F;T;F;T;F;F;F;T;T;F;F;F;T;F;T;T;F;F;F;F;F;F;F;F;F;T;T;F;T;T;F;U;U;T;T
