S:F;T;T;T;T;T;F;T;T;F;U;T;U;T;F;T;F;F;F;T;T;T;F;T;U;U;F;T;F;F;T;F;F;T;F;F;T;F;T;F;T;T;U;F;U;T;F;U;U;U;U;T;T;T;T;T;T;F;F;T;T;U;F;F;F;F;F;F;T;F;T;F;T;U;T;F;U;F;U;F;F;T;F;F;F;T;T;F;F;F;T;F;T;T;T;U;U;U;T;F;F;F;F;T;F;F;T;F;U;T;F;F;T;T;F;F;F;F;F;F;F;T;F;F;F;T;F;T;F;F;F;T;T;F;F;F;T;F;T;T;F;F;F;F;F;F;U;F;F;T;T;U;T;T;F;U;U;T;T
A:clickOnButtonNew_Note
M:FigNode org.argouml.uml.diagram.activity.ui.ActivityDiagramRenderer.getFigNodeFor(GraphModel, Layer, Object, Map)
P:org.argouml.uml.diagram.activity.ActivityDiagramGraphModel@d9e7f66
P:org.tigris.gef.base.LayerPerspectiveMutable@4a54de35[untitledModel]
P:Comment$Impl  ID: -84-20-10-3--53212bc8:1653297c370:-8000:0000000000000987  MID: -84-20-10-3--53212bc8:1653297c370:-8000:000000000000038E  OPCKG: -84-20-10-3--53212bc8:1653297c370:-8000:0000000000000879
M:void org.argouml.uml.diagram.activity.ui.FigActionState.modelChanged(PropertyChangeEvent)
P:org.argouml.model.AddAssociationEvent[propertyName=comment; oldValue=null; newValue=Comment$Impl  ID: -84-20-10-3--53212bc8:1653297c370:-8000:0000000000000987  MID: -84-20-10-3--53212bc8:1653297c370:-8000:000000000000038E  OPCKG: -84-20-10-3--53212bc8:1653297c370:-8000:0000000000000879; propagationId=null; source=ActionState$Impl  ID: -84-20-10-3--53212bc8:1653297c370:-8000:000000000000097C  MID: -84-20-10-3--53212bc8:1653297c370:-8000:00000000000005E9  OPCKG: -84-20-10-3--53212bc8:1653297c370:-8000:0000000000000879]: org.netbeans.api.mdr.events.AssociationEvent[source=ACommentAnnotatedElement$Impl  ID: -84-20-10-3--53212bc8:1653297c370:-8000:00000000000008C9  MID: -84-20-10-3--53212bc8:1653297c370:-8000:00000000000003F7  OPCKG: -84-20-10-3--53212bc8:1653297c370:-8000:0000000000000879]
M:boolean org.argouml.uml.diagram.activity.ui.UMLActivityDiagram.doesAccept(Object)
P:Comment$Impl  ID: -84-20-10-3--53212bc8:1653297c370:-8000:0000000000000987  MID: -84-20-10-3--53212bc8:1653297c370:-8000:000000000000038E  OPCKG: -84-20-10-3--53212bc8:1653297c370:-8000:0000000000000879
M:int org.argouml.uml.diagram.activity.ui.FigActionState.getNotationProviderType()
M:DiagramElement org.argouml.uml.diagram.activity.ui.UMLActivityDiagram.createDiagramElement(Object, Rectangle)
P:Comment$Impl  ID: -84-20-10-3--53212bc8:1653297c370:-8000:0000000000000987  MID: -84-20-10-3--53212bc8:1653297c370:-8000:000000000000038E  OPCKG: -84-20-10-3--53212bc8:1653297c370:-8000:0000000000000879
M:Dimension org.argouml.uml.diagram.activity.ui.FigActionState.getMinimumSize()
M:Dimension org.argouml.uml.diagram.activity.ui.FigActionState.getMinimumSize()
M:void org.argouml.uml.diagram.activity.ui.FigActionState.setStandardBounds(int, int, int, int)
P:48
P:184
P:117
P:36
M:Dimension org.argouml.uml.diagram.activity.ui.FigActionState.getMinimumSize()
M:void org.argouml.uml.diagram.activity.ui.FigActionState.modelChanged(PropertyChangeEvent)
P:org.argouml.model.AttributeChangeEvent[propertyName=comment; oldValue=null; newValue=Comment$Impl  ID: -84-20-10-3--53212bc8:1653297c370:-8000:0000000000000987  MID: -84-20-10-3--53212bc8:1653297c370:-8000:000000000000038E  OPCKG: -84-20-10-3--53212bc8:1653297c370:-8000:0000000000000879; propagationId=null; source=ActionState$Impl  ID: -84-20-10-3--53212bc8:1653297c370:-8000:000000000000097C  MID: -84-20-10-3--53212bc8:1653297c370:-8000:00000000000005E9  OPCKG: -84-20-10-3--53212bc8:1653297c370:-8000:0000000000000879]: org.netbeans.api.mdr.events.AssociationEvent[source=ACommentAnnotatedElement$Impl  ID: -84-20-10-3--53212bc8:1653297c370:-8000:00000000000008C9  MID: -84-20-10-3--53212bc8:1653297c370:-8000:00000000000003F7  OPCKG: -84-20-10-3--53212bc8:1653297c370:-8000:0000000000000879]
M:int org.argouml.uml.diagram.activity.ui.FigActionState.getNotationProviderType()
M:Dimension org.argouml.uml.diagram.activity.ui.FigActionState.getMinimumSize()
M:Dimension org.argouml.uml.diagram.activity.ui.FigActionState.getMinimumSize()
M:void org.argouml.uml.diagram.activity.ui.FigActionState.setStandardBounds(int, int, int, int)
P:48
P:184
P:117
P:36
M:Dimension org.argouml.uml.diagram.activity.ui.FigActionState.getMinimumSize()
M:Dimension org.argouml.uml.diagram.activity.ui.FigActionState.getMinimumSize()
M:Dimension org.argouml.uml.diagram.activity.ui.FigActionState.getMinimumSize()
S:F;T;T;T;T;T;F;T;T;F;U;T;U;T;F;T;F;F;F;T;T;T;F;T;U;U;F;T;F;F;T;F;F;T;F;F;T;F;T;F;T;T;U;F;U;T;F;U;U;U;U;T;T;T;T;T;T;F;F;T;T;U;F;F;F;F;F;F;T;F;T;F;T;T;T;F;U;F;U;F;F;T;F;F;F;T;T;F;F;F;T;F;T;T;T;U;U;U;T;F;F;F;F;T;F;F;T;F;U;T;F;F;T;T;F;F;F;F;F;F;F;T;F;F;F;T;F;T;F;F;F;T;T;F;F;F;T;F;T;T;F;F;F;F;F;F;U;F;F;T;T;U;T;T;F;U;U;T;T
