getActionSubactivityStateUMLActivityDiagram_1823949299_45
getActionCallStateUMLActivityDiagram_187627194_7
getActionJoinPseudoStateUMLActivityDiagram_2115832996_19
getActionCallStateUMLActivityDiagram_187627194_6
getActionJoinPseudoStateUMLActivityDiagram_2115832996_17
getActionSubactivityStateUMLActivityDiagram_1823949299_42
getActionCallStateUMLActivityDiagram_187627194_0
getActionCallStateUMLActivityDiagram_187627194_5
encloserChangedUMLActivityDiagram_1421929786_38
translateWithContentsFigPartition_24247365_24
initFigsFigPartition_1829964687_1
initFigsFigPartition_1829964687_4
initFigsFigPartition_1829964687_3
getActionFinalPseudoStateUMLActivityDiagram_92249000_7
getActionSubactivityStateUMLActivityDiagram_1823949299_38
getActionTransitionUMLActivityDiagram_498153440_35
encloserChangedUMLActivityDiagram_1421929786_40
getActionJoinPseudoStateUMLActivityDiagram_2115832996_21
setFillColorFigActionState_1973580437_0
encloserChangedUMLActivityDiagram_1421929786_41
getActionJoinPseudoStateUMLActivityDiagram_2115832996_22
setFillColorFigActionState_1973580437_1
getActionFinalPseudoStateUMLActivityDiagram_92249000_21
getActionSubactivityStateUMLActivityDiagram_1823949299_41
setHandleBoxFigPartition$SelectionPartition_2107151569_5
updateStateTextFigObjectFlowState_657916191_109
getActionFinalPseudoStateUMLActivityDiagram_92249000_0
getMinimumSizeFigPartition_1481300586_16
getDragDependenciesFigPartition_1617146438_9
getActionSwimlaneUMLActivityDiagram_1620898305_83
getActionTransitionUMLActivityDiagram_498153440_22
getActionJoinPseudoStateUMLActivityDiagram_2115832996_33
getActionJoinPseudoStateUMLActivityDiagram_2115832996_0
getActionJoinPseudoStateUMLActivityDiagram_2115832996_36
getActionTransitionUMLActivityDiagram_498153440_18
getActionJoinPseudoStateUMLActivityDiagram_2115832996_34
getDragDependenciesFigPartition_1617146438_6
getDragDependenciesFigPartition_1617146438_7
getActionJoinPseudoStateUMLActivityDiagram_2115832996_7
getDragDependenciesFigPartition_1617146438_5
getActionJoinPseudoStateUMLActivityDiagram_2115832996_5
getActionJoinPseudoStateUMLActivityDiagram_2115832996_6
paintFigPartition$SelectionPartition_194404586_1
getMinimumSizeFigPool_1211542992_18
dragHandleFigPartition$SelectionPartition_832543441_6
getActionTransitionUMLActivityDiagram_498153440_16
encloserChangedUMLActivityDiagram_1421929786_2
modelChangedFigObjectFlowState_1892591522_43
modelChangedFigObjectFlowState_1892591522_42
setStandardBoundsFigObjectFlowState_1343574302_26
setStandardBoundsFigObjectFlowState_1343574302_28
setFilledFigPool_205142212_1
getFigNodeForActivityDiagramRenderer_208944555_1
getActionJoinPseudoStateUMLActivityDiagram_2115832996_40
getActionJunctionPseudoStateUMLActivityDiagram_1021587214_36
setFillColorFigPartition_1480666308_5
getActionJunctionPseudoStateUMLActivityDiagram_1021587214_31
getActionCallStateUMLActivityDiagram_187627194_18
getRelocationCandidatesUMLActivityDiagram_1758469639_52
getActionCallStateUMLActivityDiagram_187627194_16
getActionSwimlaneUMLActivityDiagram_1620898305_60
setEnclosingFigFigObjectFlowState_773984195_6
getRelocationCandidatesUMLActivityDiagram_1758469639_6
getRelocationCandidatesUMLActivityDiagram_1758469639_5
getRelocationCandidatesUMLActivityDiagram_1758469639_2
changePartitionUMLActivityDiagram_634363631_3
changePartitionUMLActivityDiagram_634363631_4
changePartitionUMLActivityDiagram_634363631_1
getActionObjectFlowStateUMLActivityDiagram_768016631_22
getMinimumSizeFigActionState_988386457_35
createBigPortFigFigPartition_1335031698_5
changePartitionUMLActivityDiagram_634363631_0
getMinimumSizeFigActionState_988386457_36
createBigPortFigFigPartition_1335031698_2
createBigPortFigFigPartition_1335031698_3
getMinimumSizeFigActionState_988386457_34
initializeFigPool_17674300_1
initializeFigPool_17674300_0
setFillColorFigPartition_1480666308_3
getRelocationCandidatesUMLActivityDiagram_1758469639_8
getRelocationCandidatesUMLActivityDiagram_1758469639_9
setFillColorFigPartition_1480666308_1
getActionCallStateUMLActivityDiagram_187627194_21
getActionCallStateUMLActivityDiagram_187627194_20
getMinimumSizeFigActionState_988386457_20
setStandardBoundsFigActionState_1860133333_20
setPreviousPartitionFigPartition_2088707753_3
getRelocationCandidatesUMLActivityDiagram_1758469639_43
getRelocationCandidatesUMLActivityDiagram_1758469639_45
getRelocationCandidatesUMLActivityDiagram_1758469639_47
setFilledFigActionState_1994787237_1
getRelocationCandidatesUMLActivityDiagram_1758469639_46
getActionStateUMLActivityDiagram_390667516_7
setPreviousPartitionFigPartition_2088707753_1
getActionStateUMLActivityDiagram_390667516_5
hitHandleFigPartition$SelectionPartition_1410860176_1
hitHandleFigPartition$SelectionPartition_1410860176_3
hitHandleFigPartition$SelectionPartition_1410860176_4
setStandardBoundsFigPartition_1367219204_17
getActionCallStateUMLActivityDiagram_187627194_34
getActionCallStateUMLActivityDiagram_187627194_33
getMinimumSizeFigActionState_988386457_8
getMinimumSizeFigActionState_988386457_6
getActionJunctionPseudoStateUMLActivityDiagram_1021587214_19
getMinimumSizeFigActionState_988386457_4
getActionSubactivityStateUMLActivityDiagram_1823949299_20
getMinimumSizeFigActionState_988386457_5
setStandardBoundsFigActionState_1860133333_18
initFigsFigObjectFlowState_993089451_1
getActionCallStateUMLActivityDiagram_187627194_38
getActionTransitionUMLActivityDiagram_498153440_0
getActionCallStateUMLActivityDiagram_187627194_37
getActionSwimlaneUMLActivityDiagram_1620898305_165
getActionCallStateUMLActivityDiagram_187627194_36
getRelocationCandidatesUMLActivityDiagram_1758469639_31
getRelocationCandidatesUMLActivityDiagram_1758469639_34
getRelocationCandidatesUMLActivityDiagram_1758469639_36
getMinimumSizeFigActionState_988386457_19
setStandardBoundsFigActionState_1860133333_19
getRelocationCandidatesUMLActivityDiagram_1758469639_35
getRelocationCandidatesUMLActivityDiagram_1758469639_38
getRelocationCandidatesUMLActivityDiagram_1758469639_39
getMinimumSizeFigActionState_988386457_13
getMinimumSizeFigActionState_988386457_14
getMinimumSizeFigActionState_988386457_17
setStandardBoundsFigPartition_1367219204_5
getMinimumSizeFigActionState_988386457_18
getActionObjectFlowStateUMLActivityDiagram_768016631_7
getActionCallStateUMLActivityDiagram_187627194_45
getActionSubactivityStateUMLActivityDiagram_1823949299_18
getActionCallStateUMLActivityDiagram_187627194_43
getActionSubactivityStateUMLActivityDiagram_1823949299_17
getActionCallStateUMLActivityDiagram_187627194_41
getActionCallStateUMLActivityDiagram_187627194_40
getActionJunctionPseudoStateUMLActivityDiagram_1021587214_20
getActionSwimlaneUMLActivityDiagram_1620898305_0
getActionSubactivityStateUMLActivityDiagram_1823949299_16
getRelocationCandidatesUMLActivityDiagram_1758469639_21
getActionCallStateUMLActivityDiagram_187627194_47
getActionStartPseudoStateUMLActivityDiagram_229454532_43
getRelocationCandidatesUMLActivityDiagram_1758469639_20
getActionCallStateUMLActivityDiagram_187627194_46
getRelocationCandidatesUMLActivityDiagram_1758469639_22
getRelocationCandidatesUMLActivityDiagram_1758469639_24
getRelocationCandidatesUMLActivityDiagram_1758469639_27
getRelocationCandidatesUMLActivityDiagram_1758469639_26
dragHandleFigPartition$SelectionPartition_832543441_13
getRelocationCandidatesUMLActivityDiagram_1758469639_29
getRelocationCandidatesUMLActivityDiagram_1758469639_28
setFillColorFigPool_121457410_4
setLineColorFigPartition_800477427_3
setStandardBoundsFigPartition_1367219204_10
setLineColorFigPartition_800477427_5
setStandardBoundsFigPartition_1367219204_13
setFillColorFigPool_121457410_0
setStandardBoundsFigPartition_1367219204_15
setFillColorFigPool_121457410_2
setFillColorFigPool_121457410_1
setLineColorFigPartition_800477427_1
