M:Object org.argouml.uml.diagram.activity.ui.SelectionActionState.getNewEdgeType(int)
P:13
M:boolean org.argouml.uml.diagram.activity.ui.SelectionActionState.isReverseEdge(int)
P:13
M:Icon[] org.argouml.uml.diagram.activity.ui.SelectionActionState.getIcons()
M:String org.argouml.uml.diagram.activity.ui.SelectionActionState.getInstructions(int)
P:13
M:Icon[] org.argouml.uml.diagram.activity.ui.SelectionActionState.getIcons()
M:Icon[] org.argouml.uml.diagram.activity.ui.SelectionActionState.getIcons()
M:String org.argouml.uml.diagram.activity.ui.SelectionActionState.getInstructions(int)
P:13
M:Icon[] org.argouml.uml.diagram.activity.ui.SelectionActionState.getIcons()
M:Icon[] org.argouml.uml.diagram.activity.ui.SelectionActionState.getIcons()
M:String org.argouml.uml.diagram.activity.ui.SelectionActionState.getInstructions(int)
P:13
M:Icon[] org.argouml.uml.diagram.activity.ui.SelectionActionState.getIcons()
M:Icon[] org.argouml.uml.diagram.activity.ui.SelectionActionState.getIcons()
M:String org.argouml.uml.diagram.activity.ui.SelectionActionState.getInstructions(int)
P:15
M:void org.argouml.uml.diagram.activity.ui.FigActionState.modelChanged(PropertyChangeEvent)
P:org.argouml.model.AddAssociationEvent[propertyName=incoming; oldValue=null; newValue=Transition$Impl  ID: -84-20-10-3-1b402955:1652d24f428:-8000:000000000000098B  MID: -84-20-10-3-1b402955:1652d24f428:-8000:0000000000000507  OPCKG: -84-20-10-3-1b402955:1652d24f428:-8000:000000000000087C; propagationId=null; source=ActionState$Impl  ID: -84-20-10-3-1b402955:1652d24f428:-8000:000000000000098A  MID: -84-20-10-3-1b402955:1652d24f428:-8000:00000000000005E9  OPCKG: -84-20-10-3-1b402955:1652d24f428:-8000:000000000000087C]: org.netbeans.api.mdr.events.AssociationEvent[source=AIncomingTarget$Impl  ID: -84-20-10-3-1b402955:1652d24f428:-8000:000000000000093A  MID: -84-20-10-3-1b402955:1652d24f428:-8000:0000000000000549  OPCKG: -84-20-10-3-1b402955:1652d24f428:-8000:000000000000087C]
M:void org.argouml.uml.diagram.activity.ui.FigActionState.modelChanged(PropertyChangeEvent)
P:org.argouml.model.AttributeChangeEvent[propertyName=incoming; oldValue=null; newValue=Transition$Impl  ID: -84-20-10-3-1b402955:1652d24f428:-8000:000000000000098B  MID: -84-20-10-3-1b402955:1652d24f428:-8000:0000000000000507  OPCKG: -84-20-10-3-1b402955:1652d24f428:-8000:000000000000087C; propagationId=null; source=ActionState$Impl  ID: -84-20-10-3-1b402955:1652d24f428:-8000:000000000000098A  MID: -84-20-10-3-1b402955:1652d24f428:-8000:00000000000005E9  OPCKG: -84-20-10-3-1b402955:1652d24f428:-8000:000000000000087C]: org.netbeans.api.mdr.events.AssociationEvent[source=AIncomingTarget$Impl  ID: -84-20-10-3-1b402955:1652d24f428:-8000:000000000000093A  MID: -84-20-10-3-1b402955:1652d24f428:-8000:0000000000000549  OPCKG: -84-20-10-3-1b402955:1652d24f428:-8000:000000000000087C]
M:Dimension org.argouml.uml.diagram.activity.ui.FigActionState.getMinimumSize()
M:Dimension org.argouml.uml.diagram.activity.ui.FigActionState.getMinimumSize()
M:FigNode org.argouml.uml.diagram.activity.ui.ActivityDiagramRenderer.getFigNodeFor(GraphModel, Layer, Object, Map)
P:org.argouml.uml.diagram.activity.ActivityDiagramGraphModel@3a1e1d5a
P:org.tigris.gef.base.LayerPerspectiveMutable@cb841fb[untitledModel]
P:FinalState$Impl  ID: -84-20-10-3-1b402955:1652d24f428:-8000:000000000000098C  MID: -84-20-10-3-1b402955:1652d24f428:-8000:0000000000000519  OPCKG: -84-20-10-3-1b402955:1652d24f428:-8000:000000000000087C
M:boolean org.argouml.uml.diagram.activity.ui.UMLActivityDiagram.doesAccept(Object)
P:FinalState$Impl  ID: -84-20-10-3-1b402955:1652d24f428:-8000:000000000000098C  MID: -84-20-10-3-1b402955:1652d24f428:-8000:0000000000000519  OPCKG: -84-20-10-3-1b402955:1652d24f428:-8000:000000000000087C
M:DiagramElement org.argouml.uml.diagram.activity.ui.UMLActivityDiagram.createDiagramElement(Object, Rectangle)
P:FinalState$Impl  ID: -84-20-10-3-1b402955:1652d24f428:-8000:000000000000098C  MID: -84-20-10-3-1b402955:1652d24f428:-8000:0000000000000519  OPCKG: -84-20-10-3-1b402955:1652d24f428:-8000:000000000000087C
M:void org.argouml.uml.diagram.activity.ui.UMLActivityDiagram.encloserChanged(FigNode, FigNode, FigNode)
P:org.argouml.uml.diagram.state.ui.FigFinalState@3aa80e85
M:void org.argouml.uml.diagram.activity.ui.SelectionActionState.setOutgoingButtonEnabled(boolean)
P:false
M:void org.argouml.uml.diagram.activity.ui.SelectionActionState.setOutgoingRightButtonEnabled(boolean)
P:false
M:void org.argouml.uml.diagram.activity.ui.SelectionActionState.setOutgoingBelowButtonEnabled(boolean)
P:false
M:Icon[] org.argouml.uml.diagram.activity.ui.SelectionActionState.getIcons()
M:Icon[] org.argouml.uml.diagram.activity.ui.SelectionActionState.getIcons()
M:Icon[] org.argouml.uml.diagram.activity.ui.SelectionActionState.getIcons()
M:String org.argouml.uml.diagram.activity.ui.SelectionActionState.getInstructions(int)
P:15
M:Icon[] org.argouml.uml.diagram.activity.ui.SelectionActionState.getIcons()
M:String org.argouml.uml.diagram.activity.ui.SelectionActionState.getInstructions(int)
P:15
