M:Icon[] org.argouml.uml.diagram.activity.ui.SelectionActionState.getIcons()
M:String org.argouml.uml.diagram.activity.ui.SelectionActionState.getInstructions(int)
P:11
M:Icon[] org.argouml.uml.diagram.activity.ui.SelectionActionState.getIcons()
M:Icon[] org.argouml.uml.diagram.activity.ui.SelectionActionState.getIcons()
M:String org.argouml.uml.diagram.activity.ui.SelectionActionState.getInstructions(int)
P:11
M:Icon[] org.argouml.uml.diagram.activity.ui.SelectionActionState.getIcons()
M:String org.argouml.uml.diagram.activity.ui.SelectionActionState.getInstructions(int)
P:11
M:Icon[] org.argouml.uml.diagram.activity.ui.SelectionActionState.getIcons()
M:String org.argouml.uml.diagram.activity.ui.SelectionActionState.getInstructions(int)
P:15
M:Object org.argouml.uml.diagram.activity.ui.SelectionActionState.getNewNodeType(int)
P:11
M:Object org.argouml.uml.diagram.activity.ui.SelectionActionState.getNewEdgeType(int)
P:11
M:boolean org.argouml.uml.diagram.activity.ui.SelectionActionState.isReverseEdge(int)
P:11
M:void org.argouml.uml.diagram.activity.ui.FigActionState.modelChanged(PropertyChangeEvent)
P:org.argouml.model.AddAssociationEvent[propertyName=incoming; oldValue=null; newValue=Transition$Impl  ID: -84-20-10-3-1b402955:1652d24f428:-8000:0000000000000985  MID: -84-20-10-3-1b402955:1652d24f428:-8000:0000000000000507  OPCKG: -84-20-10-3-1b402955:1652d24f428:-8000:000000000000087C; propagationId=null; source=CallState$Impl  ID: -84-20-10-3-1b402955:1652d24f428:-8000:0000000000000983  MID: -84-20-10-3-1b402955:1652d24f428:-8000:00000000000005EA  OPCKG: -84-20-10-3-1b402955:1652d24f428:-8000:000000000000087C]: org.netbeans.api.mdr.events.AssociationEvent[source=AIncomingTarget$Impl  ID: -84-20-10-3-1b402955:1652d24f428:-8000:000000000000093A  MID: -84-20-10-3-1b402955:1652d24f428:-8000:0000000000000549  OPCKG: -84-20-10-3-1b402955:1652d24f428:-8000:000000000000087C]
M:void org.argouml.uml.diagram.activity.ui.FigActionState.modelChanged(PropertyChangeEvent)
P:org.argouml.model.AttributeChangeEvent[propertyName=incoming; oldValue=null; newValue=Transition$Impl  ID: -84-20-10-3-1b402955:1652d24f428:-8000:0000000000000985  MID: -84-20-10-3-1b402955:1652d24f428:-8000:0000000000000507  OPCKG: -84-20-10-3-1b402955:1652d24f428:-8000:000000000000087C; propagationId=null; source=CallState$Impl  ID: -84-20-10-3-1b402955:1652d24f428:-8000:0000000000000983  MID: -84-20-10-3-1b402955:1652d24f428:-8000:00000000000005EA  OPCKG: -84-20-10-3-1b402955:1652d24f428:-8000:000000000000087C]: org.netbeans.api.mdr.events.AssociationEvent[source=AIncomingTarget$Impl  ID: -84-20-10-3-1b402955:1652d24f428:-8000:000000000000093A  MID: -84-20-10-3-1b402955:1652d24f428:-8000:0000000000000549  OPCKG: -84-20-10-3-1b402955:1652d24f428:-8000:000000000000087C]
M:Dimension org.argouml.uml.diagram.activity.ui.FigActionState.getMinimumSize()
M:Dimension org.argouml.uml.diagram.activity.ui.FigActionState.getMinimumSize()
M:Icon[] org.argouml.uml.diagram.activity.ui.SelectionActionState.getIcons()
M:void org.argouml.uml.diagram.activity.ui.UMLActivityDiagram.encloserChanged(FigNode, FigNode, FigNode)
P:org.argouml.uml.diagram.state.ui.FigForkState@3dff1b
M:Icon[] org.argouml.uml.diagram.activity.ui.SelectionActionState.getIcons()
M:Icon[] org.argouml.uml.diagram.activity.ui.SelectionActionState.getIcons()
M:Icon[] org.argouml.uml.diagram.activity.ui.SelectionActionState.getIcons()
M:String org.argouml.uml.diagram.activity.ui.SelectionActionState.getInstructions(int)
P:13
M:Icon[] org.argouml.uml.diagram.activity.ui.SelectionActionState.getIcons()
M:String org.argouml.uml.diagram.activity.ui.SelectionActionState.getInstructions(int)
P:13
M:Icon[] org.argouml.uml.diagram.activity.ui.SelectionActionState.getIcons()
M:String org.argouml.uml.diagram.activity.ui.SelectionActionState.getInstructions(int)
P:13
M:Icon[] org.argouml.uml.diagram.activity.ui.SelectionActionState.getIcons()
M:String org.argouml.uml.diagram.activity.ui.SelectionActionState.getInstructions(int)
P:13
M:Icon[] org.argouml.uml.diagram.activity.ui.SelectionActionState.getIcons()
M:String org.argouml.uml.diagram.activity.ui.SelectionActionState.getInstructions(int)
P:13
