M:int org.argouml.uml.diagram.activity.ui.FigActionState.getLineWidth()
M:Color org.argouml.uml.diagram.activity.ui.FigActionState.getLineColor()
M:Icon[] org.argouml.uml.diagram.activity.ui.SelectionActionState.getIcons()
M:void org.argouml.uml.diagram.activity.ui.UMLActivityDiagram.encloserChanged(FigNode, FigNode, FigNode)
P:org.argouml.uml.diagram.activity.ui.FigActionState@2ff12ae4
M:Icon[] org.argouml.uml.diagram.activity.ui.SelectionActionState.getIcons()
M:Icon[] org.argouml.uml.diagram.activity.ui.SelectionActionState.getIcons()
M:String org.argouml.uml.diagram.activity.ui.SelectionActionState.getInstructions(int)
P:13
M:Icon[] org.argouml.uml.diagram.activity.ui.SelectionActionState.getIcons()
M:String org.argouml.uml.diagram.activity.ui.SelectionActionState.getInstructions(int)
P:13
M:Icon[] org.argouml.uml.diagram.activity.ui.SelectionActionState.getIcons()
M:String org.argouml.uml.diagram.activity.ui.SelectionActionState.getInstructions(int)
P:13
M:Icon[] org.argouml.uml.diagram.activity.ui.SelectionActionState.getIcons()
M:String org.argouml.uml.diagram.activity.ui.SelectionActionState.getInstructions(int)
P:13
M:Icon[] org.argouml.uml.diagram.activity.ui.SelectionActionState.getIcons()
M:String org.argouml.uml.diagram.activity.ui.SelectionActionState.getInstructions(int)
P:13
M:Icon[] org.argouml.uml.diagram.activity.ui.SelectionActionState.getIcons()
M:Icon[] org.argouml.uml.diagram.activity.ui.SelectionActionState.getIcons()
M:String org.argouml.uml.diagram.activity.ui.SelectionActionState.getInstructions(int)
P:15
M:Object org.argouml.uml.diagram.activity.ui.SelectionActionState.getNewNodeType(int)
P:13
M:Object org.argouml.uml.diagram.activity.ui.SelectionActionState.getNewEdgeType(int)
P:13
M:boolean org.argouml.uml.diagram.activity.ui.SelectionActionState.isReverseEdge(int)
P:13
M:void org.argouml.uml.diagram.activity.ui.FigActionState.modelChanged(PropertyChangeEvent)
P:org.argouml.model.AddAssociationEvent[propertyName=outgoing; oldValue=null; newValue=Transition$Impl  ID: -84-20-10-3-4fff7b99:165296979f7:-8000:0000000000000986  MID: -84-20-10-3-4fff7b99:165296979f7:-8000:0000000000000507  OPCKG: -84-20-10-3-4fff7b99:165296979f7:-8000:000000000000087B; propagationId=null; source=ActionState$Impl  ID: -84-20-10-3-4fff7b99:165296979f7:-8000:0000000000000982  MID: -84-20-10-3-4fff7b99:165296979f7:-8000:00000000000005E9  OPCKG: -84-20-10-3-4fff7b99:165296979f7:-8000:000000000000087B]: org.netbeans.api.mdr.events.AssociationEvent[source=AOutgoingSource$Impl  ID: -84-20-10-3-4fff7b99:165296979f7:-8000:0000000000000938  MID: -84-20-10-3-4fff7b99:165296979f7:-8000:0000000000000546  OPCKG: -84-20-10-3-4fff7b99:165296979f7:-8000:000000000000087B]
M:void org.argouml.uml.diagram.activity.ui.FigActionState.modelChanged(PropertyChangeEvent)
P:org.argouml.model.AttributeChangeEvent[propertyName=outgoing; oldValue=null; newValue=Transition$Impl  ID: -84-20-10-3-4fff7b99:165296979f7:-8000:0000000000000986  MID: -84-20-10-3-4fff7b99:165296979f7:-8000:0000000000000507  OPCKG: -84-20-10-3-4fff7b99:165296979f7:-8000:000000000000087B; propagationId=null; source=ActionState$Impl  ID: -84-20-10-3-4fff7b99:165296979f7:-8000:0000000000000982  MID: -84-20-10-3-4fff7b99:165296979f7:-8000:00000000000005E9  OPCKG: -84-20-10-3-4fff7b99:165296979f7:-8000:000000000000087B]: org.netbeans.api.mdr.events.AssociationEvent[source=AOutgoingSource$Impl  ID: -84-20-10-3-4fff7b99:165296979f7:-8000:0000000000000938  MID: -84-20-10-3-4fff7b99:165296979f7:-8000:0000000000000546  OPCKG: -84-20-10-3-4fff7b99:165296979f7:-8000:000000000000087B]
M:Dimension org.argouml.uml.diagram.activity.ui.FigActionState.getMinimumSize()
M:Dimension org.argouml.uml.diagram.activity.ui.FigActionState.getMinimumSize()
M:FigNode org.argouml.uml.diagram.activity.ui.ActivityDiagramRenderer.getFigNodeFor(GraphModel, Layer, Object, Map)
P:org.argouml.uml.diagram.activity.ActivityDiagramGraphModel@5235a4d
P:org.tigris.gef.base.LayerPerspectiveMutable@4dfc1a3f[untitledModel]
P:Pseudostate$Impl  ID: -84-20-10-3-4fff7b99:165296979f7:-8000:0000000000000987  MID: -84-20-10-3-4fff7b99:165296979f7:-8000:0000000000000511  OPCKG: -84-20-10-3-4fff7b99:165296979f7:-8000:000000000000087B
M:boolean org.argouml.uml.diagram.activity.ui.UMLActivityDiagram.doesAccept(Object)
P:Pseudostate$Impl  ID: -84-20-10-3-4fff7b99:165296979f7:-8000:0000000000000987  MID: -84-20-10-3-4fff7b99:165296979f7:-8000:0000000000000511  OPCKG: -84-20-10-3-4fff7b99:165296979f7:-8000:000000000000087B
M:DiagramElement org.argouml.uml.diagram.activity.ui.UMLActivityDiagram.createDiagramElement(Object, Rectangle)
P:Pseudostate$Impl  ID: -84-20-10-3-4fff7b99:165296979f7:-8000:0000000000000987  MID: -84-20-10-3-4fff7b99:165296979f7:-8000:0000000000000511  OPCKG: -84-20-10-3-4fff7b99:165296979f7:-8000:000000000000087B
M:void org.argouml.uml.diagram.activity.ui.UMLActivityDiagram.encloserChanged(FigNode, FigNode, FigNode)
P:org.argouml.uml.diagram.state.ui.FigJunctionState@728da7cf
M:Icon[] org.argouml.uml.diagram.activity.ui.SelectionActionState.getIcons()
