M:void org.argouml.uml.diagram.activity.ui.FigActionState.modelChanged(PropertyChangeEvent)
P:org.argouml.model.AddAssociationEvent[propertyName=incoming; oldValue=null; newValue=Transition$Impl  ID: -84-20-10-3-4fff7b99:165296979f7:-8000:000000000000097D  MID: -84-20-10-3-4fff7b99:165296979f7:-8000:0000000000000507  OPCKG: -84-20-10-3-4fff7b99:165296979f7:-8000:000000000000087B; propagationId=null; source=CallState$Impl  ID: -84-20-10-3-4fff7b99:165296979f7:-8000:000000000000097C  MID: -84-20-10-3-4fff7b99:165296979f7:-8000:00000000000005EA  OPCKG: -84-20-10-3-4fff7b99:165296979f7:-8000:000000000000087B]: org.netbeans.api.mdr.events.AssociationEvent[source=AIncomingTarget$Impl  ID: -84-20-10-3-4fff7b99:165296979f7:-8000:0000000000000939  MID: -84-20-10-3-4fff7b99:165296979f7:-8000:0000000000000549  OPCKG: -84-20-10-3-4fff7b99:165296979f7:-8000:000000000000087B]
M:void org.argouml.uml.diagram.activity.ui.FigActionState.modelChanged(PropertyChangeEvent)
P:org.argouml.model.AttributeChangeEvent[propertyName=incoming; oldValue=null; newValue=Transition$Impl  ID: -84-20-10-3-4fff7b99:165296979f7:-8000:000000000000097D  MID: -84-20-10-3-4fff7b99:165296979f7:-8000:0000000000000507  OPCKG: -84-20-10-3-4fff7b99:165296979f7:-8000:000000000000087B; propagationId=null; source=CallState$Impl  ID: -84-20-10-3-4fff7b99:165296979f7:-8000:000000000000097C  MID: -84-20-10-3-4fff7b99:165296979f7:-8000:00000000000005EA  OPCKG: -84-20-10-3-4fff7b99:165296979f7:-8000:000000000000087B]: org.netbeans.api.mdr.events.AssociationEvent[source=AIncomingTarget$Impl  ID: -84-20-10-3-4fff7b99:165296979f7:-8000:0000000000000939  MID: -84-20-10-3-4fff7b99:165296979f7:-8000:0000000000000549  OPCKG: -84-20-10-3-4fff7b99:165296979f7:-8000:000000000000087B]
M:Dimension org.argouml.uml.diagram.activity.ui.FigActionState.getMinimumSize()
M:Dimension org.argouml.uml.diagram.activity.ui.FigActionState.getMinimumSize()
M:Dimension org.argouml.uml.diagram.activity.ui.FigActionState.getMinimumSize()
M:Dimension org.argouml.uml.diagram.activity.ui.FigActionState.getMinimumSize()
M:FigNode org.argouml.uml.diagram.activity.ui.ActivityDiagramRenderer.getFigNodeFor(GraphModel, Layer, Object, Map)
P:org.argouml.uml.diagram.activity.ActivityDiagramGraphModel@5235a4d
P:org.tigris.gef.base.LayerPerspectiveMutable@4dfc1a3f[untitledModel]
P:Pseudostate$Impl  ID: -84-20-10-3-4fff7b99:165296979f7:-8000:000000000000097E  MID: -84-20-10-3-4fff7b99:165296979f7:-8000:0000000000000511  OPCKG: -84-20-10-3-4fff7b99:165296979f7:-8000:000000000000087B
M:boolean org.argouml.uml.diagram.activity.ui.UMLActivityDiagram.doesAccept(Object)
P:Pseudostate$Impl  ID: -84-20-10-3-4fff7b99:165296979f7:-8000:000000000000097E  MID: -84-20-10-3-4fff7b99:165296979f7:-8000:0000000000000511  OPCKG: -84-20-10-3-4fff7b99:165296979f7:-8000:000000000000087B
M:DiagramElement org.argouml.uml.diagram.activity.ui.UMLActivityDiagram.createDiagramElement(Object, Rectangle)
P:Pseudostate$Impl  ID: -84-20-10-3-4fff7b99:165296979f7:-8000:000000000000097E  MID: -84-20-10-3-4fff7b99:165296979f7:-8000:0000000000000511  OPCKG: -84-20-10-3-4fff7b99:165296979f7:-8000:000000000000087B
M:void org.argouml.uml.diagram.activity.ui.UMLActivityDiagram.encloserChanged(FigNode, FigNode, FigNode)
P:org.argouml.uml.diagram.state.ui.FigForkState@1c944482
M:Icon[] org.argouml.uml.diagram.activity.ui.SelectionActionState.getIcons()
M:Icon[] org.argouml.uml.diagram.activity.ui.SelectionActionState.getIcons()
M:Icon[] org.argouml.uml.diagram.activity.ui.SelectionActionState.getIcons()
M:String org.argouml.uml.diagram.activity.ui.SelectionActionState.getInstructions(int)
P:15
M:void org.argouml.uml.diagram.activity.ui.UMLActivityDiagram.encloserChanged(FigNode, FigNode, FigNode)
P:org.argouml.uml.diagram.state.ui.FigForkState@1c944482
M:Icon[] org.argouml.uml.diagram.activity.ui.SelectionActionState.getIcons()
M:Icon[] org.argouml.uml.diagram.activity.ui.SelectionActionState.getIcons()
M:String org.argouml.uml.diagram.activity.ui.SelectionActionState.getInstructions(int)
P:15
M:Icon[] org.argouml.uml.diagram.activity.ui.SelectionActionState.getIcons()
M:void org.argouml.uml.diagram.activity.ui.UMLActivityDiagram.encloserChanged(FigNode, FigNode, FigNode)
P:org.argouml.uml.diagram.state.ui.FigForkState@1c944482
M:boolean org.argouml.uml.diagram.activity.ui.FigActionState.isFilled()
M:Color org.argouml.uml.diagram.activity.ui.FigActionState.getFillColor()
M:int org.argouml.uml.diagram.activity.ui.FigActionState.getLineWidth()
M:Color org.argouml.uml.diagram.activity.ui.FigActionState.getLineColor()
M:boolean org.argouml.uml.diagram.activity.ui.FigActionState.isFilled()
M:Color org.argouml.uml.diagram.activity.ui.FigActionState.getFillColor()
M:int org.argouml.uml.diagram.activity.ui.FigActionState.getLineWidth()
M:Color org.argouml.uml.diagram.activity.ui.FigActionState.getLineColor()
M:Icon[] org.argouml.uml.diagram.activity.ui.SelectionActionState.getIcons()
M:void org.argouml.uml.diagram.activity.ui.UMLActivityDiagram.encloserChanged(FigNode, FigNode, FigNode)
P:org.argouml.uml.diagram.activity.ui.FigActionState@4039d43e
