S:F;T;T;T;T;T;F;T;T;F;F;T;T;T;F;T;F;F;F;T;T;T;F;T;U;F;F;T;F;F;T;F;F;T;F;F;T;F;T;F;T;T;U;F;U;T;F;F;T;T;F;T;T;T;T;T;T;F;F;T;T;F;F;F;F;F;F;F;T;F;T;F;T;U;U;F;U;U;U;T;F;T;F;F;F;T;T;F;F;F;T;F;T;T;T;U;U;U;T;F;F;F;F;T;F;F;T;F;F;T;F;F;T;T;F;F;F;F;F;F;F;F;F;F;F;T;F;T;F;F;F;T;T;F;F;F;T;F;T;T;T;F;F;F;F;F;U;F;F;T;T;U;T;T;F;U;U;T;T
A:clickOnFigPartition
M:Icon[] org.argouml.uml.diagram.activity.ui.SelectionActionState.getIcons()
M:String org.argouml.uml.diagram.activity.ui.SelectionActionState.getInstructions(int)
P:11
M:Icon[] org.argouml.uml.diagram.activity.ui.SelectionActionState.getIcons()
M:String org.argouml.uml.diagram.activity.ui.SelectionActionState.getInstructions(int)
P:11
M:Icon[] org.argouml.uml.diagram.activity.ui.SelectionActionState.getIcons()
M:String org.argouml.uml.diagram.activity.ui.SelectionActionState.getInstructions(int)
P:11
M:Icon[] org.argouml.uml.diagram.activity.ui.SelectionActionState.getIcons()
M:Icon[] org.argouml.uml.diagram.activity.ui.SelectionActionState.getIcons()
M:String org.argouml.uml.diagram.activity.ui.SelectionActionState.getInstructions(int)
P:15
M:Object org.argouml.uml.diagram.activity.ui.SelectionActionState.getNewNodeType(int)
P:11
M:Object org.argouml.uml.diagram.activity.ui.SelectionActionState.getNewEdgeType(int)
P:11
M:boolean org.argouml.uml.diagram.activity.ui.SelectionActionState.isReverseEdge(int)
P:11
M:void org.argouml.uml.diagram.activity.ui.FigActionState.modelChanged(PropertyChangeEvent)
P:org.argouml.model.AddAssociationEvent[propertyName=outgoing; oldValue=null; newValue=Transition$Impl  ID: -64--88-1-3-3d111d26:1650539dba3:-8000:0000000000000986  MID: -64--88-1-3-3d111d26:1650539dba3:-8000:0000000000000507  OPCKG: -64--88-1-3-3d111d26:1650539dba3:-8000:000000000000087B; propagationId=null; source=CallState$Impl  ID: -64--88-1-3-3d111d26:1650539dba3:-8000:0000000000000983  MID: -64--88-1-3-3d111d26:1650539dba3:-8000:00000000000005EA  OPCKG: -64--88-1-3-3d111d26:1650539dba3:-8000:000000000000087B]: org.netbeans.api.mdr.events.AssociationEvent[source=AOutgoingSource$Impl  ID: -64--88-1-3-3d111d26:1650539dba3:-8000:0000000000000938  MID: -64--88-1-3-3d111d26:1650539dba3:-8000:0000000000000546  OPCKG: -64--88-1-3-3d111d26:1650539dba3:-8000:000000000000087B]
M:void org.argouml.uml.diagram.activity.ui.FigActionState.modelChanged(PropertyChangeEvent)
P:org.argouml.model.AttributeChangeEvent[propertyName=outgoing; oldValue=null; newValue=Transition$Impl  ID: -64--88-1-3-3d111d26:1650539dba3:-8000:0000000000000986  MID: -64--88-1-3-3d111d26:1650539dba3:-8000:0000000000000507  OPCKG: -64--88-1-3-3d111d26:1650539dba3:-8000:000000000000087B; propagationId=null; source=CallState$Impl  ID: -64--88-1-3-3d111d26:1650539dba3:-8000:0000000000000983  MID: -64--88-1-3-3d111d26:1650539dba3:-8000:00000000000005EA  OPCKG: -64--88-1-3-3d111d26:1650539dba3:-8000:000000000000087B]: org.netbeans.api.mdr.events.AssociationEvent[source=AOutgoingSource$Impl  ID: -64--88-1-3-3d111d26:1650539dba3:-8000:0000000000000938  MID: -64--88-1-3-3d111d26:1650539dba3:-8000:0000000000000546  OPCKG: -64--88-1-3-3d111d26:1650539dba3:-8000:000000000000087B]
S:F;T;T;T;T;T;F;T;T;F;F;T;T;T;F;T;F;F;F;T;T;T;F;T;U;F;F;T;F;F;T;F;F;T;F;F;T;F;T;F;T;T;U;F;U;T;F;F;T;T;F;T;T;T;T;T;T;F;F;T;T;F;F;F;F;F;F;F;T;F;T;F;T;U;U;F;U;U;U;T;F;T;F;F;F;T;T;F;F;F;T;F;T;T;T;U;U;U;T;F;F;F;F;T;F;F;T;F;F;T;F;F;T;T;F;F;F;F;F;F;F;F;F;F;F;T;F;T;F;F;F;T;T;F;F;F;T;F;T;T;T;F;F;F;F;F;U;F;F;T;T;U;T;T;F;U;U;T;T
