S:F;T;T;T;T;T;F;T;T;F;U;T;U;T;F;T;F;F;F;T;T;T;F;T;U;F;F;T;F;F;T;F;F;T;F;F;T;F;T;F;T;T;U;F;U;T;F;F;T;T;F;T;T;T;T;T;T;F;F;T;T;F;F;F;F;F;F;F;T;F;T;F;T;U;T;F;U;U;T;F;F;T;F;F;F;T;F;T;F;F;T;F;T;T;T;U;U;U;T;F;F;F;F;T;F;F;T;F;F;T;F;F;T;T;F;F;F;F;F;F;F;F;F;F;F;T;F;T;F;F;F;T;T;F;F;F;T;F;T;T;F;F;F;F;F;T;U;F;F;T;U;F;T;T;F;T;U;T;T
A:clickOnFigPartition
M:FigNode org.argouml.uml.diagram.activity.ui.ActivityDiagramRenderer.getFigNodeFor(GraphModel, Layer, Object, Map)
P:org.argouml.uml.diagram.activity.ActivityDiagramGraphModel@1693d5f7
P:org.tigris.gef.base.LayerPerspectiveMutable@5cd9d51b[untitledModel]
P:ActionState$Impl  ID: 127-0-0-1-24c8eee:16528bc0bcb:-8000:0000000000000980  MID: 127-0-0-1-24c8eee:16528bc0bcb:-8000:00000000000005E9  OPCKG: 127-0-0-1-24c8eee:16528bc0bcb:-8000:0000000000000878
M:boolean org.argouml.uml.diagram.activity.ui.UMLActivityDiagram.doesAccept(Object)
P:ActionState$Impl  ID: 127-0-0-1-24c8eee:16528bc0bcb:-8000:0000000000000980  MID: 127-0-0-1-24c8eee:16528bc0bcb:-8000:00000000000005E9  OPCKG: 127-0-0-1-24c8eee:16528bc0bcb:-8000:0000000000000878
M:DiagramElement org.argouml.uml.diagram.activity.ui.UMLActivityDiagram.createDiagramElement(Object, Rectangle)
P:ActionState$Impl  ID: 127-0-0-1-24c8eee:16528bc0bcb:-8000:0000000000000980  MID: 127-0-0-1-24c8eee:16528bc0bcb:-8000:00000000000005E9  OPCKG: 127-0-0-1-24c8eee:16528bc0bcb:-8000:0000000000000878
M:Fig org.argouml.uml.diagram.activity.ui.FigActionState.createBigPortFig()
M:int org.argouml.uml.diagram.activity.ui.FigActionState.getNotationProviderType()
M:void org.argouml.uml.diagram.activity.ui.FigActionState.initializeActionState()
M:void org.argouml.uml.diagram.activity.ui.FigActionState.setStandardBounds(int, int, int, int)
P:10
P:10
P:117
P:30
M:boolean org.argouml.uml.diagram.activity.ui.FigPool.getUseTrapRect()
M:void org.argouml.uml.diagram.activity.ui.UMLActivityDiagram.encloserChanged(FigNode, FigNode, FigNode)
P:org.argouml.uml.diagram.activity.ui.FigActionState@2bf0f2a7
P:org.argouml.uml.diagram.activity.ui.FigPool@1da99d6d
M:void org.argouml.uml.diagram.activity.ui.UMLActivityDiagram.changePartition(FigNode)
P:org.argouml.uml.diagram.activity.ui.FigActionState@2bf0f2a7
M:void org.argouml.uml.diagram.activity.ui.FigPool.addEnclosedFig(Fig)
P:org.argouml.uml.diagram.activity.ui.FigActionState@2bf0f2a7
M:void org.argouml.uml.diagram.activity.ui.FigActionState.modelChanged(PropertyChangeEvent)
P:org.argouml.model.AddAssociationEvent[propertyName=container; oldValue=null; newValue=CompositeState$Impl  ID: 127-0-0-1-24c8eee:16528bc0bcb:-8000:0000000000000975  MID: 127-0-0-1-24c8eee:16528bc0bcb:-8000:000000000000050A  OPCKG: 127-0-0-1-24c8eee:16528bc0bcb:-8000:0000000000000878; propagationId=null; source=ActionState$Impl  ID: 127-0-0-1-24c8eee:16528bc0bcb:-8000:0000000000000980  MID: 127-0-0-1-24c8eee:16528bc0bcb:-8000:00000000000005E9  OPCKG: 127-0-0-1-24c8eee:16528bc0bcb:-8000:0000000000000878]: org.netbeans.api.mdr.events.AssociationEvent[source=AContainerSubvertex$Impl  ID: 127-0-0-1-24c8eee:16528bc0bcb:-8000:0000000000000930  MID: 127-0-0-1-24c8eee:16528bc0bcb:-8000:0000000000000537  OPCKG: 127-0-0-1-24c8eee:16528bc0bcb:-8000:0000000000000878]
M:int org.argouml.uml.diagram.activity.ui.FigActionState.getNotationProviderType()
M:Dimension org.argouml.uml.diagram.activity.ui.FigActionState.getMinimumSize()
M:void org.argouml.uml.diagram.activity.ui.FigActionState.setStandardBounds(int, int, int, int)
P:336
P:88
P:117
P:36
M:Dimension org.argouml.uml.diagram.activity.ui.FigActionState.getMinimumSize()
M:void org.argouml.uml.diagram.activity.ui.FigActionState.setStandardBounds(int, int, int, int)
P:336
P:88
P:117
P:36
M:Dimension org.argouml.uml.diagram.activity.ui.FigActionState.getMinimumSize()
M:void org.argouml.uml.diagram.activity.ui.FigActionState.modelChanged(PropertyChangeEvent)
P:org.argouml.model.AttributeChangeEvent[propertyName=container; oldValue=null; newValue=CompositeState$Impl  ID: 127-0-0-1-24c8eee:16528bc0bcb:-8000:0000000000000975  MID: 127-0-0-1-24c8eee:16528bc0bcb:-8000:000000000000050A  OPCKG: 127-0-0-1-24c8eee:16528bc0bcb:-8000:0000000000000878; propagationId=null; source=ActionState$Impl  ID: 127-0-0-1-24c8eee:16528bc0bcb:-8000:0000000000000980  MID: 127-0-0-1-24c8eee:16528bc0bcb:-8000:00000000000005E9  OPCKG: 127-0-0-1-24c8eee:16528bc0bcb:-8000:0000000000000878]: org.netbeans.api.mdr.events.AssociationEvent[source=AContainerSubvertex$Impl  ID: 127-0-0-1-24c8eee:16528bc0bcb:-8000:0000000000000930  MID: 127-0-0-1-24c8eee:16528bc0bcb:-8000:0000000000000537  OPCKG: 127-0-0-1-24c8eee:16528bc0bcb:-8000:0000000000000878]
M:int org.argouml.uml.diagram.activity.ui.FigActionState.getNotationProviderType()
M:Dimension org.argouml.uml.diagram.activity.ui.FigActionState.getMinimumSize()
M:Dimension org.argouml.uml.diagram.activity.ui.FigActionState.getMinimumSize()
M:void org.argouml.uml.diagram.activity.ui.FigActionState.setStandardBounds(int, int, int, int)
P:336
P:88
P:117
P:36
M:Dimension org.argouml.uml.diagram.activity.ui.FigActionState.getMinimumSize()
M:void org.argouml.uml.diagram.activity.ui.FigActionState.modelChanged(PropertyChangeEvent)
P:org.argouml.model.AddAssociationEvent[propertyName=partition; oldValue=null; newValue=Partition$Impl  ID: 127-0-0-1-24c8eee:16528bc0bcb:-8000:0000000000000976  MID: 127-0-0-1-24c8eee:16528bc0bcb:-8000:00000000000005DF  OPCKG: 127-0-0-1-24c8eee:16528bc0bcb:-8000:0000000000000878; propagationId=null; source=ActionState$Impl  ID: 127-0-0-1-24c8eee:16528bc0bcb:-8000:0000000000000980  MID: 127-0-0-1-24c8eee:16528bc0bcb:-8000:00000000000005E9  OPCKG: 127-0-0-1-24c8eee:16528bc0bcb:-8000:0000000000000878]: org.netbeans.api.mdr.events.AssociationEvent[source=AContentsPartition$Impl  ID: 127-0-0-1-24c8eee:16528bc0bcb:-8000:0000000000000968  MID: 127-0-0-1-24c8eee:16528bc0bcb:-8000:00000000000005FB  OPCKG: 127-0-0-1-24c8eee:16528bc0bcb:-8000:0000000000000878]
M:int org.argouml.uml.diagram.activity.ui.FigActionState.getNotationProviderType()
M:Dimension org.argouml.uml.diagram.activity.ui.FigActionState.getMinimumSize()
M:Dimension org.argouml.uml.diagram.activity.ui.FigActionState.getMinimumSize()
M:void org.argouml.uml.diagram.activity.ui.FigActionState.setStandardBounds(int, int, int, int)
P:336
P:88
P:117
P:36
M:Dimension org.argouml.uml.diagram.activity.ui.FigActionState.getMinimumSize()
M:void org.argouml.uml.diagram.activity.ui.FigActionState.modelChanged(PropertyChangeEvent)
P:org.argouml.model.AttributeChangeEvent[propertyName=partition; oldValue=null; newValue=Partition$Impl  ID: 127-0-0-1-24c8eee:16528bc0bcb:-8000:0000000000000976  MID: 127-0-0-1-24c8eee:16528bc0bcb:-8000:00000000000005DF  OPCKG: 127-0-0-1-24c8eee:16528bc0bcb:-8000:0000000000000878; propagationId=null; source=ActionState$Impl  ID: 127-0-0-1-24c8eee:16528bc0bcb:-8000:0000000000000980  MID: 127-0-0-1-24c8eee:16528bc0bcb:-8000:00000000000005E9  OPCKG: 127-0-0-1-24c8eee:16528bc0bcb:-8000:0000000000000878]: org.netbeans.api.mdr.events.AssociationEvent[source=AContentsPartition$Impl  ID: 127-0-0-1-24c8eee:16528bc0bcb:-8000:0000000000000968  MID: 127-0-0-1-24c8eee:16528bc0bcb:-8000:00000000000005FB  OPCKG: 127-0-0-1-24c8eee:16528bc0bcb:-8000:0000000000000878]
M:int org.argouml.uml.diagram.activity.ui.FigActionState.getNotationProviderType()
M:Dimension org.argouml.uml.diagram.activity.ui.FigActionState.getMinimumSize()
M:Dimension org.argouml.uml.diagram.activity.ui.FigActionState.getMinimumSize()
M:void org.argouml.uml.diagram.activity.ui.FigActionState.setStandardBounds(int, int, int, int)
P:336
P:88
P:117
P:36
M:Dimension org.argouml.uml.diagram.activity.ui.FigActionState.getMinimumSize()
M:void org.argouml.uml.diagram.activity.ui.FigActionState.modelChanged(PropertyChangeEvent)
P:org.argouml.model.AddAssociationEvent[propertyName=partition; oldValue=null; newValue=Partition$Impl  ID: 127-0-0-1-24c8eee:16528bc0bcb:-8000:0000000000000976  MID: 127-0-0-1-24c8eee:16528bc0bcb:-8000:00000000000005DF  OPCKG: 127-0-0-1-24c8eee:16528bc0bcb:-8000:0000000000000878; propagationId=null; source=ActionState$Impl  ID: 127-0-0-1-24c8eee:16528bc0bcb:-8000:0000000000000980  MID: 127-0-0-1-24c8eee:16528bc0bcb:-8000:00000000000005E9  OPCKG: 127-0-0-1-24c8eee:16528bc0bcb:-8000:0000000000000878]: org.netbeans.api.mdr.events.AssociationEvent[source=AContentsPartition$Impl  ID: 127-0-0-1-24c8eee:16528bc0bcb:-8000:0000000000000968  MID: 127-0-0-1-24c8eee:16528bc0bcb:-8000:00000000000005FB  OPCKG: 127-0-0-1-24c8eee:16528bc0bcb:-8000:0000000000000878]
M:int org.argouml.uml.diagram.activity.ui.FigActionState.getNotationProviderType()
M:Dimension org.argouml.uml.diagram.activity.ui.FigActionState.getMinimumSize()
M:Dimension org.argouml.uml.diagram.activity.ui.FigActionState.getMinimumSize()
M:void org.argouml.uml.diagram.activity.ui.FigActionState.setStandardBounds(int, int, int, int)
P:336
P:88
P:117
P:36
M:Dimension org.argouml.uml.diagram.activity.ui.FigActionState.getMinimumSize()
M:void org.argouml.uml.diagram.activity.ui.FigActionState.modelChanged(PropertyChangeEvent)
P:org.argouml.model.AttributeChangeEvent[propertyName=partition; oldValue=null; newValue=Partition$Impl  ID: 127-0-0-1-24c8eee:16528bc0bcb:-8000:0000000000000976  MID: 127-0-0-1-24c8eee:16528bc0bcb:-8000:00000000000005DF  OPCKG: 127-0-0-1-24c8eee:16528bc0bcb:-8000:0000000000000878; propagationId=null; source=ActionState$Impl  ID: 127-0-0-1-24c8eee:16528bc0bcb:-8000:0000000000000980  MID: 127-0-0-1-24c8eee:16528bc0bcb:-8000:00000000000005E9  OPCKG: 127-0-0-1-24c8eee:16528bc0bcb:-8000:0000000000000878]: org.netbeans.api.mdr.events.AssociationEvent[source=AContentsPartition$Impl  ID: 127-0-0-1-24c8eee:16528bc0bcb:-8000:0000000000000968  MID: 127-0-0-1-24c8eee:16528bc0bcb:-8000:00000000000005FB  OPCKG: 127-0-0-1-24c8eee:16528bc0bcb:-8000:0000000000000878]
M:int org.argouml.uml.diagram.activity.ui.FigActionState.getNotationProviderType()
M:Dimension org.argouml.uml.diagram.activity.ui.FigActionState.getMinimumSize()
M:Dimension org.argouml.uml.diagram.activity.ui.FigActionState.getMinimumSize()
M:void org.argouml.uml.diagram.activity.ui.FigActionState.setStandardBounds(int, int, int, int)
P:336
P:88
P:117
P:36
M:Dimension org.argouml.uml.diagram.activity.ui.FigActionState.getMinimumSize()
M:boolean org.argouml.uml.diagram.activity.ui.FigActionState.isFilled()
M:Color org.argouml.uml.diagram.activity.ui.FigActionState.getFillColor()
M:int org.argouml.uml.diagram.activity.ui.FigActionState.getLineWidth()
M:Color org.argouml.uml.diagram.activity.ui.FigActionState.getLineColor()
M:boolean org.argouml.uml.diagram.activity.ui.FigActionState.isFilled()
M:Color org.argouml.uml.diagram.activity.ui.FigActionState.getFillColor()
M:int org.argouml.uml.diagram.activity.ui.FigActionState.getLineWidth()
M:Color org.argouml.uml.diagram.activity.ui.FigActionState.getLineColor()
S:F;T;T;T;T;T;F;T;T;F;U;T;U;T;F;T;F;F;F;T;T;T;F;T;U;F;F;T;F;F;T;F;F;T;F;F;T;F;T;F;T;T;U;F;U;T;F;F;T;T;F;T;T;T;T;T;T;F;F;T;T;F;F;F;F;F;F;F;T;F;T;F;T;U;T;F;U;U;T;F;F;T;F;F;F;T;F;T;F;F;T;F;T;T;T;U;U;U;T;F;F;F;F;T;F;F;T;F;F;T;F;F;T;T;F;F;F;F;F;F;F;F;F;F;F;T;F;T;F;F;F;T;T;F;F;F;T;F;T;T;F;F;F;F;F;T;U;F;F;T;U;F;T;T;F;T;U;T;T
