S:F;T;T;T;T;T;F;T;T;F;U;T;U;T;F;T;F;F;F;T;T;T;F;T;U;F;F;T;F;F;T;F;F;T;F;F;T;F;T;F;T;T;U;F;U;T;F;F;T;T;F;T;T;T;T;T;T;F;F;T;T;F;F;F;F;F;F;F;T;F;T;F;T;U;T;F;U;U;T;F;F;T;F;F;F;T;F;T;F;F;T;F;T;T;T;U;U;U;T;F;F;F;F;T;F;F;T;F;F;T;F;F;T;T;F;F;F;F;F;F;F;F;F;F;F;T;F;T;F;F;F;T;T;F;F;F;T;F;T;T;F;F;F;F;F;T;U;F;F;T;U;F;T;T;F;T;U;T;T
A:clickOnFigJunctionState
M:Icon[] org.argouml.uml.diagram.activity.ui.SelectionActionState.getIcons()
M:String org.argouml.uml.diagram.activity.ui.SelectionActionState.getInstructions(int)
P:15
M:Icon[] org.argouml.uml.diagram.activity.ui.SelectionActionState.getIcons()
M:String org.argouml.uml.diagram.activity.ui.SelectionActionState.getInstructions(int)
P:15
M:Icon[] org.argouml.uml.diagram.activity.ui.SelectionActionState.getIcons()
M:boolean org.argouml.uml.diagram.activity.ui.FigPool.getUseTrapRect()
M:void org.argouml.uml.diagram.activity.ui.UMLActivityDiagram.encloserChanged(FigNode, FigNode, FigNode)
P:org.argouml.uml.diagram.state.ui.FigJunctionState@7302c0e6
P:org.argouml.uml.diagram.activity.ui.FigPool@1da99d6d
P:org.argouml.uml.diagram.activity.ui.FigPool@1da99d6d
M:void org.argouml.uml.diagram.activity.ui.UMLActivityDiagram.changePartition(FigNode)
P:org.argouml.uml.diagram.state.ui.FigJunctionState@7302c0e6
M:Icon[] org.argouml.uml.diagram.activity.ui.SelectionActionState.getIcons()
M:Dimension org.argouml.uml.diagram.activity.ui.FigPartition.getMinimumSize()
M:Dimension org.argouml.uml.diagram.activity.ui.FigPartition.getMinimumSize()
M:Icon[] org.argouml.uml.diagram.activity.ui.SelectionActionState.getIcons()
M:Icon[] org.argouml.uml.diagram.activity.ui.SelectionActionState.getIcons()
M:Icon[] org.argouml.uml.diagram.activity.ui.SelectionActionState.getIcons()
M:String org.argouml.uml.diagram.activity.ui.SelectionActionState.getInstructions(int)
P:13
S:F;T;T;T;T;T;F;T;T;F;U;T;U;T;F;T;F;F;F;T;T;T;F;T;U;F;F;T;F;F;T;F;F;T;F;F;T;F;T;F;T;T;U;F;U;T;F;F;T;T;F;T;T;T;T;T;T;F;F;T;T;F;F;F;F;F;F;F;T;F;T;F;T;U;T;F;U;U;T;F;F;T;F;F;F;T;F;T;F;F;T;F;T;T;T;U;U;U;T;F;F;F;F;T;F;F;T;F;F;T;F;F;T;T;F;F;F;F;F;F;F;F;F;F;F;T;F;T;F;F;F;T;T;F;F;F;T;F;T;T;F;F;F;F;F;T;U;F;F;T;U;F;T;T;F;T;U;T;T
