M:void org.argouml.uml.diagram.activity.ui.SelectionActionState.setIncomingButtonEnabled(boolean)
P:false
M:void org.argouml.uml.diagram.activity.ui.SelectionActionState.setIncomingAboveButtonEnabled(boolean)
P:false
M:void org.argouml.uml.diagram.activity.ui.SelectionActionState.setIncomingLeftButtonEnabled(boolean)
P:false
M:void org.argouml.uml.diagram.activity.ui.SelectionActionState.setOutgoingButtonEnabled(boolean)
P:true
M:void org.argouml.uml.diagram.activity.ui.SelectionActionState.setOutgoingRightButtonEnabled(boolean)
P:true
M:void org.argouml.uml.diagram.activity.ui.SelectionActionState.setOutgoingBelowButtonEnabled(boolean)
P:true
M:Icon[] org.argouml.uml.diagram.activity.ui.SelectionActionState.getIcons()
M:String org.argouml.uml.diagram.activity.ui.SelectionActionState.getInstructions(int)
P:15
M:Icon[] org.argouml.uml.diagram.activity.ui.SelectionActionState.getIcons()
M:String org.argouml.uml.diagram.activity.ui.SelectionActionState.getInstructions(int)
P:15
M:Icon[] org.argouml.uml.diagram.activity.ui.SelectionActionState.getIcons()
M:void org.argouml.uml.diagram.activity.ui.UMLActivityDiagram.encloserChanged(FigNode, FigNode, FigNode)
P:org.argouml.uml.diagram.state.ui.FigInitialState@6de21e1f
M:Icon[] org.argouml.uml.diagram.activity.ui.SelectionActionState.getIcons()
M:Icon[] org.argouml.uml.diagram.activity.ui.SelectionActionState.getIcons()
M:Icon[] org.argouml.uml.diagram.activity.ui.SelectionActionState.getIcons()
M:String org.argouml.uml.diagram.activity.ui.SelectionActionState.getInstructions(int)
P:15
M:Icon[] org.argouml.uml.diagram.activity.ui.SelectionActionState.getIcons()
M:String org.argouml.uml.diagram.activity.ui.SelectionActionState.getInstructions(int)
P:15
M:Icon[] org.argouml.uml.diagram.activity.ui.SelectionActionState.getIcons()
M:String org.argouml.uml.diagram.activity.ui.SelectionActionState.getInstructions(int)
P:15
M:Icon[] org.argouml.uml.diagram.activity.ui.SelectionActionState.getIcons()
M:String org.argouml.uml.diagram.activity.ui.SelectionActionState.getInstructions(int)
P:15
M:FigNode org.argouml.uml.diagram.activity.ui.ActivityDiagramRenderer.getFigNodeFor(GraphModel, Layer, Object, Map)
P:org.argouml.uml.diagram.activity.ActivityDiagramGraphModel@6f5188c0
P:org.tigris.gef.base.LayerPerspectiveMutable@19c850f0[untitledModel]
P:ActionState$Impl  ID: 127-0-0-1-5bc022b0:1652a9e32aa:-8000:000000000000097A  MID: 127-0-0-1-5bc022b0:1652a9e32aa:-8000:00000000000005E9  OPCKG: 127-0-0-1-5bc022b0:1652a9e32aa:-8000:000000000000087B
M:boolean org.argouml.uml.diagram.activity.ui.UMLActivityDiagram.doesAccept(Object)
P:ActionState$Impl  ID: 127-0-0-1-5bc022b0:1652a9e32aa:-8000:000000000000097A  MID: 127-0-0-1-5bc022b0:1652a9e32aa:-8000:00000000000005E9  OPCKG: 127-0-0-1-5bc022b0:1652a9e32aa:-8000:000000000000087B
M:DiagramElement org.argouml.uml.diagram.activity.ui.UMLActivityDiagram.createDiagramElement(Object, Rectangle)
P:ActionState$Impl  ID: 127-0-0-1-5bc022b0:1652a9e32aa:-8000:000000000000097A  MID: 127-0-0-1-5bc022b0:1652a9e32aa:-8000:00000000000005E9  OPCKG: 127-0-0-1-5bc022b0:1652a9e32aa:-8000:000000000000087B
M:Fig org.argouml.uml.diagram.activity.ui.FigActionState.createBigPortFig()
M:int org.argouml.uml.diagram.activity.ui.FigActionState.getNotationProviderType()
M:void org.argouml.uml.diagram.activity.ui.FigActionState.initializeActionState()
M:void org.argouml.uml.diagram.activity.ui.FigActionState.setStandardBounds(int, int, int, int)
P:10
P:10
P:117
P:30
M:Dimension org.argouml.uml.diagram.activity.ui.FigActionState.getMinimumSize()
M:void org.argouml.uml.diagram.activity.ui.FigActionState.setStandardBounds(int, int, int, int)
P:96
P:192
P:117
P:36
M:boolean org.argouml.uml.diagram.activity.ui.FigActionState.isFilled()
M:int org.argouml.uml.diagram.activity.ui.FigActionState.getLineWidth()
M:String org.argouml.uml.diagram.activity.ui.SelectionActionState.getInstructions(int)
P:15
M:Icon[] org.argouml.uml.diagram.activity.ui.SelectionActionState.getIcons()
M:String org.argouml.uml.diagram.activity.ui.SelectionActionState.getInstructions(int)
P:13
M:void org.argouml.uml.diagram.activity.ui.UMLActivityDiagram.encloserChanged(FigNode, FigNode, FigNode)
P:org.argouml.uml.diagram.activity.ui.FigActionState@e5dc313
M:int org.argouml.uml.diagram.activity.ui.FigActionState.getNotationProviderType()
M:void org.argouml.uml.diagram.activity.ui.FigActionState.modelChanged(PropertyChangeEvent)
P:org.argouml.model.AttributeChangeEvent[propertyName=container; oldValue=null; newValue=CompositeState$Impl  ID: 127-0-0-1-5bc022b0:1652a9e32aa:-8000:0000000000000978  MID: 127-0-0-1-5bc022b0:1652a9e32aa:-8000:000000000000050A  OPCKG: 127-0-0-1-5bc022b0:1652a9e32aa:-8000:000000000000087B; propagationId=null; source=CallState$Impl  ID: 127-0-0-1-5bc022b0:1652a9e32aa:-8000:000000000000097C  MID: 127-0-0-1-5bc022b0:1652a9e32aa:-8000:00000000000005EA  OPCKG: 127-0-0-1-5bc022b0:1652a9e32aa:-8000:000000000000087B]: org.netbeans.api.mdr.events.AssociationEvent[source=AContainerSubvertex$Impl  ID: 127-0-0-1-5bc022b0:1652a9e32aa:-8000:0000000000000933  MID: 127-0-0-1-5bc022b0:1652a9e32aa:-8000:0000000000000537  OPCKG: 127-0-0-1-5bc022b0:1652a9e32aa:-8000:000000000000087B]
M:Color org.argouml.uml.diagram.activity.ui.FigActionState.getLineColor()
M:int org.argouml.uml.diagram.activity.ui.FigActionState.getLineWidth()
M:Icon[] org.argouml.uml.diagram.activity.ui.SelectionActionState.getIcons()
M:boolean org.argouml.uml.diagram.activity.ui.SelectionActionState.isReverseEdge(int)
P:13
M:void org.argouml.uml.diagram.activity.ui.FigActionState.modelChanged(PropertyChangeEvent)
P:org.argouml.model.AddAssociationEvent[propertyName=incoming; oldValue=null; newValue=Transition$Impl  ID: 127-0-0-1-5bc022b0:1652a9e32aa:-8000:000000000000097D  MID: 127-0-0-1-5bc022b0:1652a9e32aa:-8000:0000000000000507  OPCKG: 127-0-0-1-5bc022b0:1652a9e32aa:-8000:000000000000087B; propagationId=null; source=CallState$Impl  ID: 127-0-0-1-5bc022b0:1652a9e32aa:-8000:000000000000097C  MID: 127-0-0-1-5bc022b0:1652a9e32aa:-8000:00000000000005EA  OPCKG: 127-0-0-1-5bc022b0:1652a9e32aa:-8000:000000000000087B]: org.netbeans.api.mdr.events.AssociationEvent[source=AIncomingTarget$Impl  ID: 127-0-0-1-5bc022b0:1652a9e32aa:-8000:0000000000000939  MID: 127-0-0-1-5bc022b0:1652a9e32aa:-8000:0000000000000549  OPCKG: 127-0-0-1-5bc022b0:1652a9e32aa:-8000:000000000000087B]
M:boolean org.argouml.uml.diagram.activity.ui.FigActionState.isFilled()
M:Icon[] org.argouml.uml.diagram.activity.ui.SelectionActionState.getIcons()
M:Object org.argouml.uml.diagram.activity.ui.SelectionActionState.getNewEdgeType(int)
P:13
M:Icon[] org.argouml.uml.diagram.activity.ui.SelectionActionState.getIcons()
M:String org.argouml.uml.diagram.activity.ui.SelectionActionState.getInstructions(int)
P:15
M:void org.argouml.uml.diagram.activity.ui.FigActionState.initializeActionState()
M:int org.argouml.uml.diagram.activity.ui.FigActionState.getNotationProviderType()
M:void org.argouml.uml.diagram.activity.ui.FigActionState.setStandardBounds(int, int, int, int)
P:448
P:224
P:117
P:36
M:int org.argouml.uml.diagram.activity.ui.FigActionState.getLineWidth()
M:String org.argouml.uml.diagram.activity.ui.SelectionActionState.getInstructions(int)
P:15
M:String org.argouml.uml.diagram.activity.ui.SelectionActionState.getInstructions(int)
P:15
M:String org.argouml.uml.diagram.activity.ui.SelectionActionState.getInstructions(int)
P:13
M:Object org.argouml.uml.diagram.activity.ui.SelectionActionState.getNewNodeType(int)
P:13
M:Dimension org.argouml.uml.diagram.activity.ui.FigActionState.getMinimumSize()
M:void org.argouml.uml.diagram.activity.ui.UMLActivityDiagram.encloserChanged(FigNode, FigNode, FigNode)
P:org.argouml.uml.diagram.state.ui.FigJoinState@5d2071d7
M:String org.argouml.uml.diagram.activity.ui.SelectionActionState.getInstructions(int)
P:15
M:void org.argouml.uml.diagram.activity.ui.FigActionState.modelChanged(PropertyChangeEvent)
P:org.argouml.model.AddAssociationEvent[propertyName=outgoing; oldValue=null; newValue=Transition$Impl  ID: 127-0-0-1-5bc022b0:1652a9e32aa:-8000:0000000000000985  MID: 127-0-0-1-5bc022b0:1652a9e32aa:-8000:0000000000000507  OPCKG: 127-0-0-1-5bc022b0:1652a9e32aa:-8000:000000000000087B; propagationId=null; source=ActionState$Impl  ID: 127-0-0-1-5bc022b0:1652a9e32aa:-8000:0000000000000980  MID: 127-0-0-1-5bc022b0:1652a9e32aa:-8000:00000000000005E9  OPCKG: 127-0-0-1-5bc022b0:1652a9e32aa:-8000:000000000000087B]: org.netbeans.api.mdr.events.AssociationEvent[source=AOutgoingSource$Impl  ID: 127-0-0-1-5bc022b0:1652a9e32aa:-8000:0000000000000938  MID: 127-0-0-1-5bc022b0:1652a9e32aa:-8000:0000000000000546  OPCKG: 127-0-0-1-5bc022b0:1652a9e32aa:-8000:000000000000087B]
M:Icon[] org.argouml.uml.diagram.activity.ui.SelectionActionState.getIcons()
M:String org.argouml.uml.diagram.activity.ui.SelectionActionState.getInstructions(int)
P:15
M:Icon[] org.argouml.uml.diagram.activity.ui.SelectionActionState.getIcons()
M:Icon[] org.argouml.uml.diagram.activity.ui.SelectionActionState.getIcons()
M:Icon[] org.argouml.uml.diagram.activity.ui.SelectionActionState.getIcons()
M:Icon[] org.argouml.uml.diagram.activity.ui.SelectionActionState.getIcons()
M:Dimension org.argouml.uml.diagram.activity.ui.FigActionState.getMinimumSize()
