M:boolean org.argouml.uml.diagram.activity.ui.FigActionState.isFilled()
M:Color org.argouml.uml.diagram.activity.ui.FigActionState.getFillColor()
M:int org.argouml.uml.diagram.activity.ui.FigActionState.getLineWidth()
M:Color org.argouml.uml.diagram.activity.ui.FigActionState.getLineColor()
M:boolean org.argouml.uml.diagram.activity.ui.FigActionState.isFilled()
M:Color org.argouml.uml.diagram.activity.ui.FigActionState.getFillColor()
M:int org.argouml.uml.diagram.activity.ui.FigActionState.getLineWidth()
M:Color org.argouml.uml.diagram.activity.ui.FigActionState.getLineColor()
M:Icon[] org.argouml.uml.diagram.activity.ui.SelectionActionState.getIcons()
M:void org.argouml.uml.diagram.activity.ui.UMLActivityDiagram.encloserChanged(FigNode, FigNode, FigNode)
P:org.argouml.uml.diagram.activity.ui.FigActionState@60777124
M:Icon[] org.argouml.uml.diagram.activity.ui.SelectionActionState.getIcons()
M:Icon[] org.argouml.uml.diagram.activity.ui.SelectionActionState.getIcons()
M:String org.argouml.uml.diagram.activity.ui.SelectionActionState.getInstructions(int)
P:15
M:FigNode org.argouml.uml.diagram.activity.ui.ActivityDiagramRenderer.getFigNodeFor(GraphModel, Layer, Object, Map)
P:org.argouml.uml.diagram.activity.ActivityDiagramGraphModel@5d5a3b08
P:org.tigris.gef.base.LayerPerspectiveMutable@765e053c[untitledModel]
P:Comment$Impl  ID: 127-0-0-1--7af40aa5:1652928289b:-8000:0000000000000983  MID: 127-0-0-1--7af40aa5:1652928289b:-8000:000000000000038E  OPCKG: 127-0-0-1--7af40aa5:1652928289b:-8000:0000000000000877
M:boolean org.argouml.uml.diagram.activity.ui.UMLActivityDiagram.doesAccept(Object)
P:Comment$Impl  ID: 127-0-0-1--7af40aa5:1652928289b:-8000:0000000000000983  MID: 127-0-0-1--7af40aa5:1652928289b:-8000:000000000000038E  OPCKG: 127-0-0-1--7af40aa5:1652928289b:-8000:0000000000000877
M:DiagramElement org.argouml.uml.diagram.activity.ui.UMLActivityDiagram.createDiagramElement(Object, Rectangle)
P:Comment$Impl  ID: 127-0-0-1--7af40aa5:1652928289b:-8000:0000000000000983  MID: 127-0-0-1--7af40aa5:1652928289b:-8000:000000000000038E  OPCKG: 127-0-0-1--7af40aa5:1652928289b:-8000:0000000000000877
M:void org.argouml.uml.diagram.activity.ui.FigActionState.modelChanged(PropertyChangeEvent)
P:org.argouml.model.AddAssociationEvent[propertyName=comment; oldValue=null; newValue=Comment$Impl  ID: 127-0-0-1--7af40aa5:1652928289b:-8000:0000000000000983  MID: 127-0-0-1--7af40aa5:1652928289b:-8000:000000000000038E  OPCKG: 127-0-0-1--7af40aa5:1652928289b:-8000:0000000000000877; propagationId=null; source=CallState$Impl  ID: 127-0-0-1--7af40aa5:1652928289b:-8000:0000000000000976  MID: 127-0-0-1--7af40aa5:1652928289b:-8000:00000000000005EA  OPCKG: 127-0-0-1--7af40aa5:1652928289b:-8000:0000000000000877]: org.netbeans.api.mdr.events.AssociationEvent[source=ACommentAnnotatedElement$Impl  ID: 127-0-0-1--7af40aa5:1652928289b:-8000:00000000000008C7  MID: 127-0-0-1--7af40aa5:1652928289b:-8000:00000000000003F7  OPCKG: 127-0-0-1--7af40aa5:1652928289b:-8000:0000000000000877]
M:int org.argouml.uml.diagram.activity.ui.FigActionState.getNotationProviderType()
M:Dimension org.argouml.uml.diagram.activity.ui.FigActionState.getMinimumSize()
M:Dimension org.argouml.uml.diagram.activity.ui.FigActionState.getMinimumSize()
M:void org.argouml.uml.diagram.activity.ui.FigActionState.setStandardBounds(int, int, int, int)
P:128
P:32
P:100
P:36
M:Dimension org.argouml.uml.diagram.activity.ui.FigActionState.getMinimumSize()
M:void org.argouml.uml.diagram.activity.ui.FigActionState.modelChanged(PropertyChangeEvent)
P:org.argouml.model.AttributeChangeEvent[propertyName=comment; oldValue=null; newValue=Comment$Impl  ID: 127-0-0-1--7af40aa5:1652928289b:-8000:0000000000000983  MID: 127-0-0-1--7af40aa5:1652928289b:-8000:000000000000038E  OPCKG: 127-0-0-1--7af40aa5:1652928289b:-8000:0000000000000877; propagationId=null; source=CallState$Impl  ID: 127-0-0-1--7af40aa5:1652928289b:-8000:0000000000000976  MID: 127-0-0-1--7af40aa5:1652928289b:-8000:00000000000005EA  OPCKG: 127-0-0-1--7af40aa5:1652928289b:-8000:0000000000000877]: org.netbeans.api.mdr.events.AssociationEvent[source=ACommentAnnotatedElement$Impl  ID: 127-0-0-1--7af40aa5:1652928289b:-8000:00000000000008C7  MID: 127-0-0-1--7af40aa5:1652928289b:-8000:00000000000003F7  OPCKG: 127-0-0-1--7af40aa5:1652928289b:-8000:0000000000000877]
M:int org.argouml.uml.diagram.activity.ui.FigActionState.getNotationProviderType()
M:Dimension org.argouml.uml.diagram.activity.ui.FigActionState.getMinimumSize()
M:Dimension org.argouml.uml.diagram.activity.ui.FigActionState.getMinimumSize()
M:void org.argouml.uml.diagram.activity.ui.FigActionState.setStandardBounds(int, int, int, int)
P:128
P:32
P:100
P:36
M:Dimension org.argouml.uml.diagram.activity.ui.FigActionState.getMinimumSize()
M:Dimension org.argouml.uml.diagram.activity.ui.FigActionState.getMinimumSize()
M:Dimension org.argouml.uml.diagram.activity.ui.FigActionState.getMinimumSize()
