M:Dimension org.argouml.uml.diagram.activity.ui.FigActionState.getMinimumSize()
M:FigNode org.argouml.uml.diagram.activity.ui.ActivityDiagramRenderer.getFigNodeFor(GraphModel, Layer, Object, Map)
P:org.argouml.uml.diagram.activity.ActivityDiagramGraphModel@5d5a3b08
P:org.tigris.gef.base.LayerPerspectiveMutable@765e053c[untitledModel]
P:ActionState$Impl  ID: 127-0-0-1--7af40aa5:1652928289b:-8000:000000000000097A  MID: 127-0-0-1--7af40aa5:1652928289b:-8000:00000000000005E9  OPCKG: 127-0-0-1--7af40aa5:1652928289b:-8000:0000000000000877
M:boolean org.argouml.uml.diagram.activity.ui.UMLActivityDiagram.doesAccept(Object)
P:ActionState$Impl  ID: 127-0-0-1--7af40aa5:1652928289b:-8000:000000000000097A  MID: 127-0-0-1--7af40aa5:1652928289b:-8000:00000000000005E9  OPCKG: 127-0-0-1--7af40aa5:1652928289b:-8000:0000000000000877
M:DiagramElement org.argouml.uml.diagram.activity.ui.UMLActivityDiagram.createDiagramElement(Object, Rectangle)
P:ActionState$Impl  ID: 127-0-0-1--7af40aa5:1652928289b:-8000:000000000000097A  MID: 127-0-0-1--7af40aa5:1652928289b:-8000:00000000000005E9  OPCKG: 127-0-0-1--7af40aa5:1652928289b:-8000:0000000000000877
M:Fig org.argouml.uml.diagram.activity.ui.FigActionState.createBigPortFig()
M:int org.argouml.uml.diagram.activity.ui.FigActionState.getNotationProviderType()
M:void org.argouml.uml.diagram.activity.ui.FigActionState.initializeActionState()
M:void org.argouml.uml.diagram.activity.ui.FigActionState.setStandardBounds(int, int, int, int)
P:10
P:10
P:117
P:30
M:void org.argouml.uml.diagram.activity.ui.UMLActivityDiagram.encloserChanged(FigNode, FigNode, FigNode)
P:org.argouml.uml.diagram.activity.ui.FigActionState@124f1a67
M:void org.argouml.uml.diagram.activity.ui.FigActionState.modelChanged(PropertyChangeEvent)
P:org.argouml.model.AddAssociationEvent[propertyName=container; oldValue=null; newValue=CompositeState$Impl  ID: 127-0-0-1--7af40aa5:1652928289b:-8000:0000000000000974  MID: 127-0-0-1--7af40aa5:1652928289b:-8000:000000000000050A  OPCKG: 127-0-0-1--7af40aa5:1652928289b:-8000:0000000000000877; propagationId=null; source=ActionState$Impl  ID: 127-0-0-1--7af40aa5:1652928289b:-8000:000000000000097A  MID: 127-0-0-1--7af40aa5:1652928289b:-8000:00000000000005E9  OPCKG: 127-0-0-1--7af40aa5:1652928289b:-8000:0000000000000877]: org.netbeans.api.mdr.events.AssociationEvent[source=AContainerSubvertex$Impl  ID: 127-0-0-1--7af40aa5:1652928289b:-8000:000000000000092F  MID: 127-0-0-1--7af40aa5:1652928289b:-8000:0000000000000537  OPCKG: 127-0-0-1--7af40aa5:1652928289b:-8000:0000000000000877]
M:int org.argouml.uml.diagram.activity.ui.FigActionState.getNotationProviderType()
M:Dimension org.argouml.uml.diagram.activity.ui.FigActionState.getMinimumSize()
M:void org.argouml.uml.diagram.activity.ui.FigActionState.setStandardBounds(int, int, int, int)
P:336
P:32
P:117
P:36
M:Dimension org.argouml.uml.diagram.activity.ui.FigActionState.getMinimumSize()
M:void org.argouml.uml.diagram.activity.ui.FigActionState.setStandardBounds(int, int, int, int)
P:336
P:32
P:117
P:36
M:Dimension org.argouml.uml.diagram.activity.ui.FigActionState.getMinimumSize()
M:void org.argouml.uml.diagram.activity.ui.FigActionState.modelChanged(PropertyChangeEvent)
P:org.argouml.model.AttributeChangeEvent[propertyName=container; oldValue=null; newValue=CompositeState$Impl  ID: 127-0-0-1--7af40aa5:1652928289b:-8000:0000000000000974  MID: 127-0-0-1--7af40aa5:1652928289b:-8000:000000000000050A  OPCKG: 127-0-0-1--7af40aa5:1652928289b:-8000:0000000000000877; propagationId=null; source=ActionState$Impl  ID: 127-0-0-1--7af40aa5:1652928289b:-8000:000000000000097A  MID: 127-0-0-1--7af40aa5:1652928289b:-8000:00000000000005E9  OPCKG: 127-0-0-1--7af40aa5:1652928289b:-8000:0000000000000877]: org.netbeans.api.mdr.events.AssociationEvent[source=AContainerSubvertex$Impl  ID: 127-0-0-1--7af40aa5:1652928289b:-8000:000000000000092F  MID: 127-0-0-1--7af40aa5:1652928289b:-8000:0000000000000537  OPCKG: 127-0-0-1--7af40aa5:1652928289b:-8000:0000000000000877]
M:int org.argouml.uml.diagram.activity.ui.FigActionState.getNotationProviderType()
M:Dimension org.argouml.uml.diagram.activity.ui.FigActionState.getMinimumSize()
M:Dimension org.argouml.uml.diagram.activity.ui.FigActionState.getMinimumSize()
M:void org.argouml.uml.diagram.activity.ui.FigActionState.setStandardBounds(int, int, int, int)
P:336
P:32
P:117
P:36
M:Dimension org.argouml.uml.diagram.activity.ui.FigActionState.getMinimumSize()
M:boolean org.argouml.uml.diagram.activity.ui.FigActionState.isFilled()
M:Color org.argouml.uml.diagram.activity.ui.FigActionState.getFillColor()
M:int org.argouml.uml.diagram.activity.ui.FigActionState.getLineWidth()
M:Color org.argouml.uml.diagram.activity.ui.FigActionState.getLineColor()
M:boolean org.argouml.uml.diagram.activity.ui.FigActionState.isFilled()
M:Color org.argouml.uml.diagram.activity.ui.FigActionState.getFillColor()
M:int org.argouml.uml.diagram.activity.ui.FigActionState.getLineWidth()
M:Color org.argouml.uml.diagram.activity.ui.FigActionState.getLineColor()
