S:F;T;T;T;T;T;F;T;T;F;U;T;T;T;F;T;F;F;F;T;T;T;F;T;T;U;F;T;F;F;T;F;F;T;F;F;T;F;T;F;T;T;T;F;U;T;F;U;U;U;U;T;T;T;T;T;T;F;F;T;T;U;F;F;F;F;F;F;T;F;T;F;T;U;T;F;U;F;U;F;F;T;F;F;F;T;T;F;F;F;T;F;T;T;T;F;F;F;T;F;F;F;F;T;F;F;T;F;U;T;F;F;T;T;F;F;F;F;F;F;T;F;F;F;F;T;F;T;F;F;F;T;T;F;F;F;T;F;T;T;F;F;F;F;F;F;F;F;T;T;T;U;T;T;F;U;F;T;T
A:clickOnFigPartition
M:FigNode org.argouml.uml.diagram.activity.ui.ActivityDiagramRenderer.getFigNodeFor(GraphModel, Layer, Object, Map)
P:org.argouml.uml.diagram.activity.ActivityDiagramGraphModel@146befc4
P:org.tigris.gef.base.LayerPerspectiveMutable@95f1060[untitledModel]
P:Pseudostate$Impl  ID: -64--88-1-3--752a518f:16505e6751e:-8000:0000000000000980  MID: -64--88-1-3--752a518f:16505e6751e:-8000:0000000000000511  OPCKG: -64--88-1-3--752a518f:16505e6751e:-8000:0000000000000879
M:boolean org.argouml.uml.diagram.activity.ui.UMLActivityDiagram.doesAccept(Object)
P:Pseudostate$Impl  ID: -64--88-1-3--752a518f:16505e6751e:-8000:0000000000000980  MID: -64--88-1-3--752a518f:16505e6751e:-8000:0000000000000511  OPCKG: -64--88-1-3--752a518f:16505e6751e:-8000:0000000000000879
M:DiagramElement org.argouml.uml.diagram.activity.ui.UMLActivityDiagram.createDiagramElement(Object, Rectangle)
P:Pseudostate$Impl  ID: -64--88-1-3--752a518f:16505e6751e:-8000:0000000000000980  MID: -64--88-1-3--752a518f:16505e6751e:-8000:0000000000000511  OPCKG: -64--88-1-3--752a518f:16505e6751e:-8000:0000000000000879
M:boolean org.argouml.uml.diagram.activity.ui.FigPool.getUseTrapRect()
M:void org.argouml.uml.diagram.activity.ui.UMLActivityDiagram.encloserChanged(FigNode, FigNode, FigNode)
P:org.argouml.uml.diagram.state.ui.FigJunctionState@35308bd7
P:org.argouml.uml.diagram.activity.ui.FigPool@747baf30
M:void org.argouml.uml.diagram.activity.ui.UMLActivityDiagram.changePartition(FigNode)
P:org.argouml.uml.diagram.state.ui.FigJunctionState@35308bd7
M:boolean org.argouml.uml.diagram.activity.ui.UMLActivityDiagram.isStateInPartition(Object, Object)
P:Pseudostate$Impl  ID: -64--88-1-3--752a518f:16505e6751e:-8000:0000000000000980  MID: -64--88-1-3--752a518f:16505e6751e:-8000:0000000000000511  OPCKG: -64--88-1-3--752a518f:16505e6751e:-8000:0000000000000879
P:Partition$Impl  ID: -64--88-1-3--752a518f:16505e6751e:-8000:0000000000000978  MID: -64--88-1-3--752a518f:16505e6751e:-8000:00000000000005DF  OPCKG: -64--88-1-3--752a518f:16505e6751e:-8000:0000000000000879
M:void org.argouml.uml.diagram.activity.ui.FigPool.addEnclosedFig(Fig)
P:org.argouml.uml.diagram.state.ui.FigJunctionState@35308bd7
S:F;T;T;T;T;T;F;T;T;F;U;T;T;T;F;T;F;F;F;T;T;T;F;T;T;U;F;T;F;F;T;F;F;T;F;F;T;F;T;F;T;T;T;F;U;T;F;U;U;U;U;T;T;T;T;T;T;F;F;T;T;U;F;F;F;F;F;F;T;F;T;F;T;U;U;F;U;U;U;F;F;T;F;F;F;T;T;F;F;F;T;F;T;T;T;F;F;F;T;F;F;F;F;T;F;F;T;F;U;T;F;F;T;T;F;F;F;F;F;F;T;F;F;F;F;T;F;T;F;F;F;T;T;F;F;F;T;F;T;T;F;F;F;F;F;F;F;F;T;T;T;U;T;T;F;U;F;T;T
