S:F;T;T;T;T;T;F;T;T;F;U;T;U;T;F;T;F;F;U;T;T;U;F;T;T;U;F;T;F;F;T;F;F;T;F;F;T;F;T;F;T;T;T;F;U;T;F;U;U;U;U;T;T;T;T;T;T;F;F;T;T;U;F;F;F;F;F;F;T;U;T;F;U;U;T;U;U;F;T;F;F;T;F;F;U;U;F;F;F;F;U;F;T;T;T;F;F;F;T;F;F;U;U;T;U;F;U;U;U;T;F;F;T;T;F;F;F;U;U;F;T;F;U;U;U;T;U;T;F;F;F;T;T;F;F;F;T;F;T;T;F;F;F;F;F;F;F;F;T;T;T;F;T;T;F;U;F;T;T
A:clickOnPanel(192,158)
M:FigNode org.argouml.uml.diagram.activity.ui.ActivityDiagramRenderer.getFigNodeFor(GraphModel, Layer, Object, Map)
P:org.argouml.uml.diagram.activity.ActivityDiagramGraphModel@146befc4
P:org.tigris.gef.base.LayerPerspectiveMutable@95f1060[untitledModel]
P:Partition$Impl  ID: -64--88-1-3--752a518f:16505e6751e:-8000:0000000000000978  MID: -64--88-1-3--752a518f:16505e6751e:-8000:00000000000005DF  OPCKG: -64--88-1-3--752a518f:16505e6751e:-8000:0000000000000879
M:boolean org.argouml.uml.diagram.activity.ui.UMLActivityDiagram.doesAccept(Object)
P:Partition$Impl  ID: -64--88-1-3--752a518f:16505e6751e:-8000:0000000000000978  MID: -64--88-1-3--752a518f:16505e6751e:-8000:00000000000005DF  OPCKG: -64--88-1-3--752a518f:16505e6751e:-8000:0000000000000879
M:DiagramElement org.argouml.uml.diagram.activity.ui.UMLActivityDiagram.createDiagramElement(Object, Rectangle)
P:Partition$Impl  ID: -64--88-1-3--752a518f:16505e6751e:-8000:0000000000000978  MID: -64--88-1-3--752a518f:16505e6751e:-8000:00000000000005DF  OPCKG: -64--88-1-3--752a518f:16505e6751e:-8000:0000000000000879
M:Fig org.argouml.uml.diagram.activity.ui.FigPartition.createBigPortFig()
M:String org.argouml.uml.diagram.activity.ui.FigPartition.placeString()
M:String org.argouml.uml.diagram.activity.ui.FigPartition.placeString()
M:void org.argouml.uml.diagram.activity.ui.FigPartition.initFigs()
M:void org.argouml.uml.diagram.activity.ui.FigPartition.setFilled(boolean)
P:false
M:void org.argouml.uml.diagram.activity.ui.FigPartition.setStandardBounds(int, int, int, int)
P:10
P:10
P:160
P:290
M:void org.argouml.uml.diagram.activity.ui.ModePlacePartition.mouseReleased(MouseEvent)
P:java.awt.event.MouseEvent[MOUSE_RELEASED,(192,158),absolute(510,266),button=1,modifiers=Button1,clickCount=1] on org.tigris.gef.graph.presentation.JGraphInternalPane[,0,0,6000x6000,invalid,alignmentX=0.0,alignmentY=0.0,border=,flags=296,maximumSize=,minimumSize=,preferredSize=java.awt.Dimension[width=6000,height=6000]]
M:boolean org.argouml.uml.diagram.activity.ui.FigPool.getUseTrapRect()
M:void org.argouml.uml.diagram.activity.ui.UMLActivityDiagram.encloserChanged(FigNode, FigNode, FigNode)
P:org.argouml.uml.diagram.activity.ui.FigPartition@382c4334
M:Selection org.argouml.uml.diagram.activity.ui.FigPartition.makeSelection()
M:boolean org.argouml.uml.diagram.activity.ui.FigPartition.isFilled()
M:int org.argouml.uml.diagram.activity.ui.FigPartition.getLineWidth()
M:Color org.argouml.uml.diagram.activity.ui.FigPartition.getLineColor()
M:boolean org.argouml.uml.diagram.activity.ui.FigPartition.isFilled()
M:int org.argouml.uml.diagram.activity.ui.FigPartition.getLineWidth()
M:Color org.argouml.uml.diagram.activity.ui.FigPartition.getLineColor()
M:void org.argouml.uml.diagram.activity.ui.FigPartition.appendToPool(Object)
P:ActivityGraph$Impl  ID: -64--88-1-3--752a518f:16505e6751e:-8000:0000000000000975  MID: -64--88-1-3--752a518f:16505e6751e:-8000:00000000000005DC  OPCKG: -64--88-1-3--752a518f:16505e6751e:-8000:0000000000000879
M:List org.argouml.uml.diagram.activity.ui.FigPartition.getPartitions(Layer)
P:org.tigris.gef.base.LayerPerspectiveMutable@95f1060[untitledModel]
M:FigPool org.argouml.uml.diagram.activity.ui.FigPartition.getFigPool()
M:void org.argouml.uml.diagram.activity.ui.FigPool.setStandardBounds(int, int, int, int)
P:16
P:8
P:320
P:290
M:void org.argouml.uml.diagram.activity.ui.FigPartition.setPreviousPartition(FigPartition)
P:org.argouml.uml.diagram.activity.ui.FigPartition@31ee5497
M:void org.argouml.uml.diagram.activity.ui.FigPartition.setNextPartition(FigPartition)
P:org.argouml.uml.diagram.activity.ui.FigPartition@382c4334
M:void org.argouml.uml.diagram.activity.ui.FigPartition.setStandardBounds(int, int, int, int)
P:176
P:8
P:160
P:290
M:void org.argouml.uml.diagram.activity.ui.FigPartition.SelectionPartition.paint(Graphics)
P:sun.java2d.SunGraphics2D[font=java.awt.Font[family=Lucida Grande,name=Lucida Grande,style=plain,size=13],color=java.awt.Color[r=0,g=0,b=0]]
M:void org.argouml.uml.diagram.activity.ui.FigPartition.SelectionPartition.updateHandleBox()
M:Dimension org.argouml.uml.diagram.activity.ui.FigPartition.getMinimumSize()
M:Dimension org.argouml.uml.diagram.activity.ui.FigPartition.getMinimumSize()
M:void org.argouml.uml.diagram.activity.ui.FigPartition.SelectionPartition.paint(Graphics)
P:sun.java2d.SunGraphics2D[font=java.awt.Font[family=Lucida Grande,name=Lucida Grande,style=plain,size=13],color=java.awt.Color[r=0,g=0,b=0]]
M:void org.argouml.uml.diagram.activity.ui.FigPartition.SelectionPartition.updateHandleBox()
S:F;T;T;T;T;T;F;T;T;F;U;T;U;T;F;T;F;F;U;T;T;U;F;T;T;U;F;T;F;F;T;F;F;T;F;F;T;F;T;F;T;T;T;F;U;T;F;U;U;U;U;T;T;T;T;T;T;F;F;T;T;U;F;F;F;F;F;F;T;U;T;F;U;U;T;U;U;F;T;F;F;T;F;F;U;U;T;F;F;F;U;F;T;T;T;F;F;F;T;F;F;U;U;T;U;F;U;U;U;T;F;F;T;T;F;F;F;U;U;F;T;F;U;U;U;T;U;T;F;F;F;T;T;F;F;F;T;F;T;T;F;F;F;F;F;F;F;F;T;T;T;F;T;T;F;U;U;T;T
