M:Action org.argouml.uml.diagram.activity.ui.UMLActivityDiagram.getActionJunctionPseudoState()
M:Action org.argouml.uml.diagram.activity.ui.UMLActivityDiagram.getActionForkPseudoState()
M:Action org.argouml.uml.diagram.activity.ui.UMLActivityDiagram.getActionJoinPseudoState()
M:Action org.argouml.uml.diagram.activity.ui.UMLActivityDiagram.getActionSwimlane()
M:Object org.argouml.uml.diagram.activity.ui.UMLActivityDiagram.getStateMachine()
M:Action org.argouml.uml.diagram.activity.ui.UMLActivityDiagram.getActionCallState()
M:Action org.argouml.uml.diagram.activity.ui.UMLActivityDiagram.getActionObjectFlowState()
M:Object[] org.argouml.uml.diagram.activity.ui.UMLActivityDiagram.getTriggerActions()
M:Action org.argouml.uml.diagram.activity.ui.UMLActivityDiagram.getActionCallEvent()
M:Action org.argouml.uml.diagram.activity.ui.UMLActivityDiagram.getActionChangeEvent()
M:Action org.argouml.uml.diagram.activity.ui.UMLActivityDiagram.getActionSignalEvent()
M:Action org.argouml.uml.diagram.activity.ui.UMLActivityDiagram.getActionTimeEvent()
M:Action org.argouml.uml.diagram.activity.ui.UMLActivityDiagram.getActionGuard()
M:Object[] org.argouml.uml.diagram.activity.ui.UMLActivityDiagram.getEffectActions()
M:Action org.argouml.uml.diagram.activity.ui.UMLActivityDiagram.getActionCallAction()
M:Action org.argouml.uml.diagram.activity.ui.UMLActivityDiagram.getActionCreateAction()
M:Action org.argouml.uml.diagram.activity.ui.UMLActivityDiagram.getActionDestroyAction()
M:Action org.argouml.uml.diagram.activity.ui.UMLActivityDiagram.getActionReturnAction()
M:Action org.argouml.uml.diagram.activity.ui.UMLActivityDiagram.getActionSendAction()
M:Action org.argouml.uml.diagram.activity.ui.UMLActivityDiagram.getActionTerminateAction()
M:Action org.argouml.uml.diagram.activity.ui.UMLActivityDiagram.getActionUninterpretedAction()
M:Action org.argouml.uml.diagram.activity.ui.UMLActivityDiagram.getActionActionSequence()
M:Mode org.argouml.uml.diagram.activity.ui.ActionCreatePartition.createMode(String)
P:Click to place New Swimlane
M:FigNode org.argouml.uml.diagram.activity.ui.ActivityDiagramRenderer.getFigNodeFor(GraphModel, Layer, Object, Map)
P:org.argouml.uml.diagram.activity.ActivityDiagramGraphModel@71b7b943
P:org.tigris.gef.base.LayerPerspectiveMutable@4ab48b19[untitledModel]
P:Partition$Impl  ID: -84-20-10-3--7b9f6e9e:1652a04f052:-8000:0000000000000971  MID: -84-20-10-3--7b9f6e9e:1652a04f052:-8000:00000000000005DF  OPCKG: -84-20-10-3--7b9f6e9e:1652a04f052:-8000:0000000000000873
M:boolean org.argouml.uml.diagram.activity.ui.UMLActivityDiagram.doesAccept(Object)
P:Partition$Impl  ID: -84-20-10-3--7b9f6e9e:1652a04f052:-8000:0000000000000971  MID: -84-20-10-3--7b9f6e9e:1652a04f052:-8000:00000000000005DF  OPCKG: -84-20-10-3--7b9f6e9e:1652a04f052:-8000:0000000000000873
M:DiagramElement org.argouml.uml.diagram.activity.ui.UMLActivityDiagram.createDiagramElement(Object, Rectangle)
P:Partition$Impl  ID: -84-20-10-3--7b9f6e9e:1652a04f052:-8000:0000000000000971  MID: -84-20-10-3--7b9f6e9e:1652a04f052:-8000:00000000000005DF  OPCKG: -84-20-10-3--7b9f6e9e:1652a04f052:-8000:0000000000000873
M:Fig org.argouml.uml.diagram.activity.ui.FigPartition.createBigPortFig()
M:String org.argouml.uml.diagram.activity.ui.FigPartition.placeString()
M:String org.argouml.uml.diagram.activity.ui.FigPartition.placeString()
M:void org.argouml.uml.diagram.activity.ui.FigPartition.initFigs()
M:void org.argouml.uml.diagram.activity.ui.FigPartition.setFilled(boolean)
P:false
M:void org.argouml.uml.diagram.activity.ui.FigPartition.setStandardBounds(int, int, int, int)
P:10
P:10
P:160
P:290
M:Selection org.argouml.uml.diagram.activity.ui.FigPartition.makeSelection()
M:boolean org.argouml.uml.diagram.activity.ui.FigPool.getUseTrapRect()
M:void org.argouml.uml.diagram.activity.ui.SelectionActionState.setIncomingButtonEnabled(boolean)
P:false
M:Icon[] org.argouml.uml.diagram.activity.ui.SelectionActionState.getIcons()
M:void org.argouml.uml.diagram.activity.ui.UMLActivityDiagram.encloserChanged(FigNode, FigNode, FigNode)
P:org.argouml.uml.diagram.state.ui.FigInitialState@3893f221
P:org.argouml.uml.diagram.activity.ui.FigPool@19b430af
P:org.argouml.uml.diagram.activity.ui.FigPool@19b430af
M:int org.argouml.uml.diagram.activity.ui.FigActionState.getNotationProviderType()
M:Dimension org.argouml.uml.diagram.activity.ui.FigActionState.getMinimumSize()
M:Dimension org.argouml.uml.diagram.activity.ui.FigActionState.getMinimumSize()
M:void org.argouml.uml.diagram.activity.ui.UMLActivityDiagram.changePartition(FigNode)
P:org.argouml.uml.diagram.activity.ui.FigActionState@735dc1d2
M:Dimension org.argouml.uml.diagram.activity.ui.FigActionState.getMinimumSize()
M:void org.argouml.uml.diagram.activity.ui.FigActionState.setStandardBounds(int, int, int, int)
P:64
P:128
P:117
P:36
M:Dimension org.argouml.uml.diagram.activity.ui.FigActionState.getMinimumSize()
M:Dimension org.argouml.uml.diagram.activity.ui.FigPartition.getMinimumSize()
M:Icon[] org.argouml.uml.diagram.activity.ui.SelectionActionState.getIcons()
M:void org.argouml.uml.diagram.activity.ui.SelectionActionState.setIncomingButtonEnabled(boolean)
P:false
M:Dimension org.argouml.uml.diagram.activity.ui.FigPartition.getMinimumSize()
M:Icon[] org.argouml.uml.diagram.activity.ui.SelectionActionState.getIcons()
M:Dimension org.argouml.uml.diagram.activity.ui.FigActionState.getMinimumSize()
M:void org.argouml.uml.diagram.activity.ui.FigPartition.SelectionPartition.updateHandleBox()
M:void org.argouml.uml.diagram.activity.ui.UMLActivityDiagram.encloserChanged(FigNode, FigNode, FigNode)
P:org.argouml.uml.diagram.activity.ui.FigPartition@39d90640
M:void org.argouml.uml.diagram.activity.ui.UMLActivityDiagram.encloserChanged(FigNode, FigNode, FigNode)
P:org.argouml.uml.diagram.activity.ui.FigPartition@39d90640
M:void org.argouml.uml.diagram.activity.ui.FigPartition.SelectionPartition.updateHandleBox()
M:void org.argouml.uml.diagram.activity.ui.FigPartition.SelectionPartition.updateHandleBox()
M:DiagramElement org.argouml.uml.diagram.activity.ui.UMLActivityDiagram.createDiagramElement(Object, Rectangle)
P:Partition$Impl  ID: -84-20-10-3--7b9f6e9e:1652a04f052:-8000:0000000000000975  MID: -84-20-10-3--7b9f6e9e:1652a04f052:-8000:00000000000005DF  OPCKG: -84-20-10-3--7b9f6e9e:1652a04f052:-8000:0000000000000873
M:String org.argouml.uml.diagram.activity.ui.FigPartition.placeString()
M:void org.argouml.uml.diagram.activity.ui.FigPool.setStandardBounds(int, int, int, int)
P:40
P:24
P:320
P:290
M:boolean org.argouml.uml.diagram.activity.ui.FigPool.getUseTrapRect()
M:Dimension org.argouml.uml.diagram.activity.ui.FigActionState.getMinimumSize()
M:Dimension org.argouml.uml.diagram.activity.ui.FigActionState.getMinimumSize()
M:Dimension org.argouml.uml.diagram.activity.ui.FigActionState.getMinimumSize()
M:Dimension org.argouml.uml.diagram.activity.ui.FigActionState.getMinimumSize()
M:boolean org.argouml.uml.diagram.activity.ui.FigActionState.isFilled()
M:String org.argouml.uml.diagram.activity.ui.SelectionActionState.getInstructions(int)
P:15
M:void org.argouml.uml.diagram.activity.ui.UMLActivityDiagram.changePartition(FigNode)
P:org.argouml.uml.diagram.activity.ui.FigActionState@5621d21e
M:Dimension org.argouml.uml.diagram.activity.ui.FigActionState.getMinimumSize()
M:Icon[] org.argouml.uml.diagram.activity.ui.SelectionActionState.getIcons()
M:String org.argouml.uml.diagram.activity.ui.SelectionActionState.getInstructions(int)
P:15
M:Dimension org.argouml.uml.diagram.activity.ui.FigActionState.getMinimumSize()
M:String org.argouml.uml.diagram.activity.ui.SelectionActionState.getInstructions(int)
P:13
M:void org.argouml.uml.diagram.activity.ui.FigActionState.initializeActionState()
M:int org.argouml.uml.diagram.activity.ui.FigActionState.getNotationProviderType()
M:Dimension org.argouml.uml.diagram.activity.ui.FigActionState.getMinimumSize()
M:int org.argouml.uml.diagram.activity.ui.FigActionState.getNotationProviderType()
M:void org.argouml.uml.diagram.activity.ui.FigActionState.modelChanged(PropertyChangeEvent)
P:org.argouml.model.AddAssociationEvent[propertyName=partition; oldValue=null; newValue=Partition$Impl  ID: -84-20-10-3--7b9f6e9e:1652a04f052:-8000:0000000000000975  MID: -84-20-10-3--7b9f6e9e:1652a04f052:-8000:00000000000005DF  OPCKG: -84-20-10-3--7b9f6e9e:1652a04f052:-8000:0000000000000873; propagationId=null; source=ActionState$Impl  ID: -84-20-10-3--7b9f6e9e:1652a04f052:-8000:0000000000000978  MID: -84-20-10-3--7b9f6e9e:1652a04f052:-8000:00000000000005E9  OPCKG: -84-20-10-3--7b9f6e9e:1652a04f052:-8000:0000000000000873]: org.netbeans.api.mdr.events.AssociationEvent[source=AContentsPartition$Impl  ID: -84-20-10-3--7b9f6e9e:1652a04f052:-8000:0000000000000963  MID: -84-20-10-3--7b9f6e9e:1652a04f052:-8000:00000000000005FB  OPCKG: -84-20-10-3--7b9f6e9e:1652a04f052:-8000:0000000000000873]
M:Icon[] org.argouml.uml.diagram.activity.ui.SelectionActionState.getIcons()
M:Icon[] org.argouml.uml.diagram.activity.ui.SelectionActionState.getIcons()
M:Icon[] org.argouml.uml.diagram.activity.ui.SelectionActionState.getIcons()
M:String org.argouml.uml.diagram.activity.ui.SelectionActionState.getInstructions(int)
P:11
M:void org.argouml.uml.diagram.activity.ui.FigActionState.modelChanged(PropertyChangeEvent)
P:org.argouml.model.AttributeChangeEvent[propertyName=outgoing; oldValue=null; newValue=Transition$Impl  ID: -84-20-10-3--7b9f6e9e:1652a04f052:-8000:0000000000000979  MID: -84-20-10-3--7b9f6e9e:1652a04f052:-8000:0000000000000507  OPCKG: -84-20-10-3--7b9f6e9e:1652a04f052:-8000:0000000000000873; propagationId=null; source=ActionState$Impl  ID: -84-20-10-3--7b9f6e9e:1652a04f052:-8000:0000000000000976  MID: -84-20-10-3--7b9f6e9e:1652a04f052:-8000:00000000000005E9  OPCKG: -84-20-10-3--7b9f6e9e:1652a04f052:-8000:0000000000000873]: org.netbeans.api.mdr.events.AssociationEvent[source=AOutgoingSource$Impl  ID: -84-20-10-3--7b9f6e9e:1652a04f052:-8000:0000000000000930  MID: -84-20-10-3--7b9f6e9e:1652a04f052:-8000:0000000000000546  OPCKG: -84-20-10-3--7b9f6e9e:1652a04f052:-8000:0000000000000873]
M:void org.argouml.uml.diagram.activity.ui.FigActionState.modelChanged(PropertyChangeEvent)
P:org.argouml.model.AttributeChangeEvent[propertyName=incoming; oldValue=null; newValue=Transition$Impl  ID: -84-20-10-3--7b9f6e9e:1652a04f052:-8000:0000000000000979  MID: -84-20-10-3--7b9f6e9e:1652a04f052:-8000:0000000000000507  OPCKG: -84-20-10-3--7b9f6e9e:1652a04f052:-8000:0000000000000873; propagationId=null; source=ActionState$Impl  ID: -84-20-10-3--7b9f6e9e:1652a04f052:-8000:0000000000000978  MID: -84-20-10-3--7b9f6e9e:1652a04f052:-8000:00000000000005E9  OPCKG: -84-20-10-3--7b9f6e9e:1652a04f052:-8000:0000000000000873]: org.netbeans.api.mdr.events.AssociationEvent[source=AIncomingTarget$Impl  ID: -84-20-10-3--7b9f6e9e:1652a04f052:-8000:0000000000000931  MID: -84-20-10-3--7b9f6e9e:1652a04f052:-8000:0000000000000549  OPCKG: -84-20-10-3--7b9f6e9e:1652a04f052:-8000:0000000000000873]
M:Dimension org.argouml.uml.diagram.activity.ui.FigActionState.getMinimumSize()
M:Icon[] org.argouml.uml.diagram.activity.ui.SelectionActionState.getIcons()
M:Dimension org.argouml.uml.diagram.activity.ui.FigPartition.getMinimumSize()
M:Icon[] org.argouml.uml.diagram.activity.ui.SelectionActionState.getIcons()
M:String org.argouml.uml.diagram.activity.ui.SelectionActionState.getInstructions(int)
P:15
M:int org.argouml.uml.diagram.activity.ui.FigActionState.getLineWidth()
M:boolean org.argouml.uml.diagram.activity.ui.UMLActivityDiagram.isStateInPartition(Object, Object)
P:ActionState$Impl  ID: -84-20-10-3--7b9f6e9e:1652a04f052:-8000:0000000000000978  MID: -84-20-10-3--7b9f6e9e:1652a04f052:-8000:00000000000005E9  OPCKG: -84-20-10-3--7b9f6e9e:1652a04f052:-8000:0000000000000873
P:Partition$Impl  ID: -84-20-10-3--7b9f6e9e:1652a04f052:-8000:0000000000000971  MID: -84-20-10-3--7b9f6e9e:1652a04f052:-8000:00000000000005DF  OPCKG: -84-20-10-3--7b9f6e9e:1652a04f052:-8000:0000000000000873
M:Icon[] org.argouml.uml.diagram.activity.ui.SelectionActionState.getIcons()
M:Icon[] org.argouml.uml.diagram.activity.ui.SelectionActionState.getIcons()
M:void org.argouml.uml.diagram.activity.ui.FigActionState.modelChanged(PropertyChangeEvent)
P:org.argouml.model.AddAssociationEvent[propertyName=outgoing; oldValue=null; newValue=Transition$Impl  ID: -84-20-10-3--7b9f6e9e:1652a04f052:-8000:000000000000097B  MID: -84-20-10-3--7b9f6e9e:1652a04f052:-8000:0000000000000507  OPCKG: -84-20-10-3--7b9f6e9e:1652a04f052:-8000:0000000000000873; propagationId=null; source=ActionState$Impl  ID: -84-20-10-3--7b9f6e9e:1652a04f052:-8000:0000000000000978  MID: -84-20-10-3--7b9f6e9e:1652a04f052:-8000:00000000000005E9  OPCKG: -84-20-10-3--7b9f6e9e:1652a04f052:-8000:0000000000000873]: org.netbeans.api.mdr.events.AssociationEvent[source=AOutgoingSource$Impl  ID: -84-20-10-3--7b9f6e9e:1652a04f052:-8000:0000000000000930  MID: -84-20-10-3--7b9f6e9e:1652a04f052:-8000:0000000000000546  OPCKG: -84-20-10-3--7b9f6e9e:1652a04f052:-8000:0000000000000873]
M:Selection org.argouml.uml.diagram.activity.ui.FigPartition.makeSelection()
M:boolean org.argouml.uml.diagram.activity.ui.FigPool.getUseTrapRect()
