M:void org.argouml.uml.diagram.activity.ui.FigPartition.removeFromDiagramImpl()
M:FigPool org.argouml.uml.diagram.activity.ui.FigPartition.getFigPool()
M:void org.argouml.uml.diagram.activity.ui.FigPartition.removeFromDiagramImpl()
M:FigPool org.argouml.uml.diagram.activity.ui.FigPartition.getFigPool()
M:String org.argouml.uml.diagram.activity.ui.UMLActivityDiagram.getLabelName()
M:ActivityDiagramGraphModel org.argouml.uml.diagram.activity.ui.UMLActivityDiagram.createGraphModel()
M:void org.argouml.uml.diagram.activity.ui.UMLActivityDiagram.setup(Object, Object)
P:Model$Impl  ID: -84-20-10-3-701be563:1652ef27f14:-8000:0000000000000972  MID: -84-20-10-3-701be563:1652ef27f14:-8000:000000000000060D  OPCKG: -84-20-10-3-701be563:1652ef27f14:-8000:0000000000000877
P:ActivityGraph$Impl  ID: -84-20-10-3-701be563:1652ef27f14:-8000:0000000000000973  MID: -84-20-10-3-701be563:1652ef27f14:-8000:00000000000005DC  OPCKG: -84-20-10-3-701be563:1652ef27f14:-8000:0000000000000877
M:ActivityDiagramGraphModel org.argouml.uml.diagram.activity.ui.UMLActivityDiagram.createGraphModel()
M:PropPanel org.argouml.uml.diagram.activity.ui.ActivityDiagramPropPanelFactory.createPropPanel(Object)
P:Diagram: untitledModel activity 1
M:Object org.argouml.uml.diagram.activity.ui.UMLActivityDiagram.getOwner()
M:Object org.argouml.uml.diagram.activity.ui.UMLActivityDiagram.getOwner()
M:Object org.argouml.uml.diagram.activity.ui.UMLActivityDiagram.getOwner()
M:Object org.argouml.uml.diagram.activity.ui.UMLActivityDiagram.getOwner()
M:Object org.argouml.uml.diagram.activity.ui.UMLActivityDiagram.getOwner()
M:Object org.argouml.uml.diagram.activity.ui.UMLActivityDiagram.getOwner()
M:Object org.argouml.uml.diagram.activity.ui.UMLActivityDiagram.getOwner()
M:Object org.argouml.uml.diagram.activity.ui.UMLActivityDiagram.getOwner()
M:Object[] org.argouml.uml.diagram.activity.ui.UMLActivityDiagram.getUmlActions()
M:Action org.argouml.uml.diagram.activity.ui.UMLActivityDiagram.getActionState()
M:Action org.argouml.uml.diagram.activity.ui.UMLActivityDiagram.getActionTransition()
M:Action org.argouml.uml.diagram.activity.ui.UMLActivityDiagram.getActionStartPseudoState()
M:Action org.argouml.uml.diagram.activity.ui.UMLActivityDiagram.getActionFinalPseudoState()
M:Action org.argouml.uml.diagram.activity.ui.UMLActivityDiagram.getActionJunctionPseudoState()
M:Action org.argouml.uml.diagram.activity.ui.UMLActivityDiagram.getActionForkPseudoState()
M:Action org.argouml.uml.diagram.activity.ui.UMLActivityDiagram.getActionJoinPseudoState()
M:Action org.argouml.uml.diagram.activity.ui.UMLActivityDiagram.getActionSwimlane()
M:Object org.argouml.uml.diagram.activity.ui.UMLActivityDiagram.getStateMachine()
M:Action org.argouml.uml.diagram.activity.ui.UMLActivityDiagram.getActionCallState()
M:Action org.argouml.uml.diagram.activity.ui.UMLActivityDiagram.getActionObjectFlowState()
M:Object[] org.argouml.uml.diagram.activity.ui.UMLActivityDiagram.getTriggerActions()
M:Action org.argouml.uml.diagram.activity.ui.UMLActivityDiagram.getActionCallEvent()
M:Action org.argouml.uml.diagram.activity.ui.UMLActivityDiagram.getActionChangeEvent()
M:Action org.argouml.uml.diagram.activity.ui.UMLActivityDiagram.getActionSignalEvent()
M:Action org.argouml.uml.diagram.activity.ui.UMLActivityDiagram.getActionTimeEvent()
M:Action org.argouml.uml.diagram.activity.ui.UMLActivityDiagram.getActionGuard()
M:Object[] org.argouml.uml.diagram.activity.ui.UMLActivityDiagram.getEffectActions()
M:Action org.argouml.uml.diagram.activity.ui.UMLActivityDiagram.getActionCallAction()
M:Action org.argouml.uml.diagram.activity.ui.UMLActivityDiagram.getActionCreateAction()
M:Action org.argouml.uml.diagram.activity.ui.UMLActivityDiagram.getActionDestroyAction()
M:Action org.argouml.uml.diagram.activity.ui.UMLActivityDiagram.getActionReturnAction()
M:Action org.argouml.uml.diagram.activity.ui.UMLActivityDiagram.getActionSendAction()
M:Action org.argouml.uml.diagram.activity.ui.UMLActivityDiagram.getActionTerminateAction()
M:Action org.argouml.uml.diagram.activity.ui.UMLActivityDiagram.getActionUninterpretedAction()
M:Action org.argouml.uml.diagram.activity.ui.UMLActivityDiagram.getActionActionSequence()
M:Mode org.argouml.uml.diagram.activity.ui.ActionCreatePartition.createMode(String)
P:Click to place New Swimlane
M:FigNode org.argouml.uml.diagram.activity.ui.ActivityDiagramRenderer.getFigNodeFor(GraphModel, Layer, Object, Map)
P:org.argouml.uml.diagram.activity.ActivityDiagramGraphModel@77906d26
P:org.tigris.gef.base.LayerPerspectiveMutable@12720331[untitledModel]
P:Partition$Impl  ID: -84-20-10-3-701be563:1652ef27f14:-8000:0000000000000975  MID: -84-20-10-3-701be563:1652ef27f14:-8000:00000000000005DF  OPCKG: -84-20-10-3-701be563:1652ef27f14:-8000:0000000000000877
M:boolean org.argouml.uml.diagram.activity.ui.UMLActivityDiagram.doesAccept(Object)
P:Partition$Impl  ID: -84-20-10-3-701be563:1652ef27f14:-8000:0000000000000975  MID: -84-20-10-3-701be563:1652ef27f14:-8000:00000000000005DF  OPCKG: -84-20-10-3-701be563:1652ef27f14:-8000:0000000000000877
M:DiagramElement org.argouml.uml.diagram.activity.ui.UMLActivityDiagram.createDiagramElement(Object, Rectangle)
P:Partition$Impl  ID: -84-20-10-3-701be563:1652ef27f14:-8000:0000000000000975  MID: -84-20-10-3-701be563:1652ef27f14:-8000:00000000000005DF  OPCKG: -84-20-10-3-701be563:1652ef27f14:-8000:0000000000000877
M:Fig org.argouml.uml.diagram.activity.ui.FigPartition.createBigPortFig()
M:String org.argouml.uml.diagram.activity.ui.FigPartition.placeString()
M:String org.argouml.uml.diagram.activity.ui.FigPartition.placeString()
M:void org.argouml.uml.diagram.activity.ui.FigPartition.initFigs()
M:void org.argouml.uml.diagram.activity.ui.FigPartition.setFilled(boolean)
P:false
M:void org.argouml.uml.diagram.activity.ui.FigPartition.setStandardBounds(int, int, int, int)
P:10
P:10
P:160
P:290
M:void org.argouml.uml.diagram.activity.ui.ModePlacePartition.mouseReleased(MouseEvent)
P:java.awt.event.MouseEvent[MOUSE_RELEASED,(77,89),absolute(395,197),button=1,modifiers=Button1,clickCount=1] on org.tigris.gef.graph.presentation.JGraphInternalPane[,0,0,6000x6000,invalid,alignmentX=0.0,alignmentY=0.0,border=,flags=296,maximumSize=,minimumSize=,preferredSize=java.awt.Dimension[width=6000,height=6000]]
M:void org.argouml.uml.diagram.activity.ui.UMLActivityDiagram.encloserChanged(FigNode, FigNode, FigNode)
P:org.argouml.uml.diagram.activity.ui.FigPartition@72116c71
M:Selection org.argouml.uml.diagram.activity.ui.FigPartition.makeSelection()
M:boolean org.argouml.uml.diagram.activity.ui.FigPartition.isFilled()
M:int org.argouml.uml.diagram.activity.ui.FigPartition.getLineWidth()
M:Color org.argouml.uml.diagram.activity.ui.FigPartition.getLineColor()
M:boolean org.argouml.uml.diagram.activity.ui.FigPartition.isFilled()
M:int org.argouml.uml.diagram.activity.ui.FigPartition.getLineWidth()
M:Color org.argouml.uml.diagram.activity.ui.FigPartition.getLineColor()
M:void org.argouml.uml.diagram.activity.ui.FigPartition.appendToPool(Object)
P:ActivityGraph$Impl  ID: -84-20-10-3-701be563:1652ef27f14:-8000:0000000000000973  MID: -84-20-10-3-701be563:1652ef27f14:-8000:00000000000005DC  OPCKG: -84-20-10-3-701be563:1652ef27f14:-8000:0000000000000877
M:List org.argouml.uml.diagram.activity.ui.FigPartition.getPartitions(Layer)
P:org.tigris.gef.base.LayerPerspectiveMutable@12720331[untitledModel]
M:FigStereotypesGroup org.argouml.uml.diagram.activity.ui.FigPool.createStereotypeFig()
M:void org.argouml.uml.diagram.activity.ui.FigPool.initialize(Rectangle)
P:java.awt.Rectangle[x=80,y=88,width=160,height=290]
M:void org.argouml.uml.diagram.activity.ui.FigPool.setStandardBounds(int, int, int, int)
P:80
P:88
P:160
P:290
M:void org.argouml.uml.diagram.activity.ui.FigPartition.SelectionPartition.paint(Graphics)
P:sun.java2d.SunGraphics2D[font=java.awt.Font[family=Lucida Grande,name=Lucida Grande,style=plain,size=13],color=java.awt.Color[r=0,g=0,b=0]]
M:void org.argouml.uml.diagram.activity.ui.FigPartition.SelectionPartition.updateHandleBox()
M:Dimension org.argouml.uml.diagram.activity.ui.FigPartition.getMinimumSize()
M:Dimension org.argouml.uml.diagram.activity.ui.FigPartition.getMinimumSize()
M:void org.argouml.uml.diagram.activity.ui.FigPartition.SelectionPartition.paint(Graphics)
P:sun.java2d.SunGraphics2D[font=java.awt.Font[family=Lucida Grande,name=Lucida Grande,style=plain,size=13],color=java.awt.Color[r=0,g=0,b=0]]
M:void org.argouml.uml.diagram.activity.ui.FigPartition.SelectionPartition.updateHandleBox()
M:void org.argouml.uml.diagram.activity.ui.FigPartition.SelectionPartition.hitHandle(Rectangle, Handle)
P:java.awt.Rectangle[x=77,y=89,width=0,height=0]
P:org.tigris.gef.presentation.Handle@4053b95f
M:void org.argouml.uml.diagram.activity.ui.FigPartition.SelectionPartition.updateHandleBox()
M:void org.argouml.uml.diagram.activity.ui.FigPartition.SelectionPartition.hitHandle(Rectangle, Handle)
P:java.awt.Rectangle[x=234,y=373,width=8,height=8]
P:org.tigris.gef.presentation.Handle@15b10e58
M:void org.argouml.uml.diagram.activity.ui.FigPartition.SelectionPartition.updateHandleBox()
M:void org.argouml.uml.diagram.activity.ui.FigPartition.SelectionPartition.hitHandle(Rectangle, Handle)
P:java.awt.Rectangle[x=234,y=373,width=8,height=8]
P:org.tigris.gef.presentation.Handle@2795c0e
M:void org.argouml.uml.diagram.activity.ui.FigPartition.SelectionPartition.updateHandleBox()
M:boolean org.argouml.uml.diagram.activity.ui.FigPool.getUseTrapRect()
M:void org.argouml.uml.diagram.activity.ui.UMLActivityDiagram.encloserChanged(FigNode, FigNode, FigNode)
P:org.argouml.uml.diagram.activity.ui.FigPartition@72116c71
M:void org.argouml.uml.diagram.activity.ui.FigPartition.SelectionPartition.paint(Graphics)
P:sun.java2d.SunGraphics2D[font=java.awt.Font[family=Lucida Grande,name=Lucida Grande,style=plain,size=13],color=java.awt.Color[r=0,g=0,b=0]]
M:void org.argouml.uml.diagram.activity.ui.FigPartition.SelectionPartition.updateHandleBox()
M:void org.argouml.uml.diagram.activity.ui.FigPartition.SelectionPartition.hitHandle(Rectangle, Handle)
P:java.awt.Rectangle[x=234,y=373,width=8,height=8]
P:org.tigris.gef.presentation.Handle@54d74405
M:void org.argouml.uml.diagram.activity.ui.FigPartition.SelectionPartition.updateHandleBox()
M:void org.argouml.uml.diagram.activity.ui.FigPartition.SelectionPartition.hitHandle(Rectangle, Handle)
P:java.awt.Rectangle[x=234,y=373,width=8,height=8]
P:org.tigris.gef.presentation.Handle@2b019d96
M:void org.argouml.uml.diagram.activity.ui.FigPartition.SelectionPartition.updateHandleBox()
M:void org.argouml.uml.diagram.activity.ui.FigPartition.SelectionPartition.paint(Graphics)
P:sun.java2d.SunGraphics2D[font=java.awt.Font[family=Lucida Grande,name=Lucida Grande,style=plain,size=13],color=java.awt.Color[r=0,g=0,b=0]]
M:void org.argouml.uml.diagram.activity.ui.FigPartition.SelectionPartition.updateHandleBox()
M:void org.argouml.uml.diagram.activity.ui.FigPartition.SelectionPartition.hitHandle(Rectangle, Handle)
P:java.awt.Rectangle[x=638,y=377,width=0,height=0]
P:org.tigris.gef.presentation.Handle@3c956e93
M:void org.argouml.uml.diagram.activity.ui.FigPartition.SelectionPartition.updateHandleBox()
M:List org.argouml.uml.diagram.activity.ui.FigPartition.getDragDependencies()
M:List org.argouml.uml.diagram.activity.ui.FigPartition.getPartitions(Layer)
P:org.tigris.gef.base.LayerPerspectiveMutable@12720331[untitledModel]
M:FigPool org.argouml.uml.diagram.activity.ui.FigPartition.getFigPool()
M:FigPool org.argouml.uml.diagram.activity.ui.FigPartition.getFigPool()
M:List org.argouml.uml.diagram.activity.ui.FigPartition.getDragDependencies()
M:List org.argouml.uml.diagram.activity.ui.FigPartition.getPartitions(Layer)
P:org.tigris.gef.base.LayerPerspectiveMutable@12720331[untitledModel]
M:FigPool org.argouml.uml.diagram.activity.ui.FigPartition.getFigPool()
M:FigPool org.argouml.uml.diagram.activity.ui.FigPartition.getFigPool()
M:void org.argouml.uml.diagram.activity.ui.FigPartition.SelectionPartition.dragHandle(int, int, int, int, Handle)
P:640
P:376
P:238
P:377
P:org.tigris.gef.presentation.Handle@2b019d96
M:void org.argouml.uml.diagram.activity.ui.FigPartition.SelectionPartition.updateHandleBox()
M:Dimension org.argouml.uml.diagram.activity.ui.FigPartition.getMinimumSize()
M:FigPartition org.argouml.uml.diagram.activity.ui.FigPartition.access$100(FigPartition)
P:org.argouml.uml.diagram.activity.ui.FigPartition@72116c71
M:void org.argouml.uml.diagram.activity.ui.FigPartition.SelectionPartition.setHandleBox(FigPartition, int, int, int, int)
P:80
P:88
P:560
P:288
M:List org.argouml.uml.diagram.activity.ui.FigPartition.access$200(FigPartition, Layer)
P:org.argouml.uml.diagram.activity.ui.FigPartition@72116c71
P:org.tigris.gef.base.LayerPerspectiveMutable@12720331[untitledModel]
M:List org.argouml.uml.diagram.activity.ui.FigPartition.getPartitions(Layer)
P:org.tigris.gef.base.LayerPerspectiveMutable@12720331[untitledModel]
M:void org.argouml.uml.diagram.activity.ui.FigPartition.setStandardBounds(int, int, int, int)
P:80
P:88
P:560
P:288
M:FigPool org.argouml.uml.diagram.activity.ui.FigPartition.access$300(FigPartition)
P:org.argouml.uml.diagram.activity.ui.FigPartition@72116c71
M:FigPool org.argouml.uml.diagram.activity.ui.FigPartition.getFigPool()
M:void org.argouml.uml.diagram.activity.ui.FigPool.setStandardBounds(int, int, int, int)
P:80
P:88
P:560
P:288
M:void org.argouml.uml.diagram.activity.ui.FigPartition.SelectionPartition.paint(Graphics)
P:sun.java2d.SunGraphics2D[font=java.awt.Font[family=Lucida Grande,name=Lucida Grande,style=plain,size=13],color=java.awt.Color[r=0,g=0,b=0]]
M:void org.argouml.uml.diagram.activity.ui.FigPartition.SelectionPartition.updateHandleBox()
M:boolean org.argouml.uml.diagram.activity.ui.FigPool.getUseTrapRect()
M:void org.argouml.uml.diagram.activity.ui.UMLActivityDiagram.encloserChanged(FigNode, FigNode, FigNode)
P:org.argouml.uml.diagram.activity.ui.FigPartition@72116c71
M:void org.argouml.uml.diagram.activity.ui.FigPartition.SelectionPartition.paint(Graphics)
P:sun.java2d.SunGraphics2D[font=java.awt.Font[family=Lucida Grande,name=Lucida Grande,style=plain,size=13],color=java.awt.Color[r=0,g=0,b=0]]
M:void org.argouml.uml.diagram.activity.ui.FigPartition.SelectionPartition.updateHandleBox()
M:void org.argouml.uml.diagram.activity.ui.FigPartition.SelectionPartition.hitHandle(Rectangle, Handle)
P:java.awt.Rectangle[x=638,y=377,width=0,height=0]
P:org.tigris.gef.presentation.Handle@731a37ed
M:void org.argouml.uml.diagram.activity.ui.FigPartition.SelectionPartition.updateHandleBox()
M:void org.argouml.uml.diagram.activity.ui.FigPartition.SelectionPartition.hitHandle(Rectangle, Handle)
P:java.awt.Rectangle[x=149,y=-14,width=0,height=0]
P:org.tigris.gef.presentation.Handle@7db6021c
M:void org.argouml.uml.diagram.activity.ui.FigPartition.SelectionPartition.updateHandleBox()
M:FigNode org.argouml.uml.diagram.activity.ui.ActivityDiagramRenderer.getFigNodeFor(GraphModel, Layer, Object, Map)
P:org.argouml.uml.diagram.activity.ActivityDiagramGraphModel@77906d26
P:org.tigris.gef.base.LayerPerspectiveMutable@12720331[untitledModel]
P:Pseudostate$Impl  ID: -84-20-10-3-701be563:1652ef27f14:-8000:0000000000000976  MID: -84-20-10-3-701be563:1652ef27f14:-8000:0000000000000511  OPCKG: -84-20-10-3-701be563:1652ef27f14:-8000:0000000000000877
M:boolean org.argouml.uml.diagram.activity.ui.UMLActivityDiagram.doesAccept(Object)
P:Pseudostate$Impl  ID: -84-20-10-3-701be563:1652ef27f14:-8000:0000000000000976  MID: -84-20-10-3-701be563:1652ef27f14:-8000:0000000000000511  OPCKG: -84-20-10-3-701be563:1652ef27f14:-8000:0000000000000877
M:DiagramElement org.argouml.uml.diagram.activity.ui.UMLActivityDiagram.createDiagramElement(Object, Rectangle)
P:Pseudostate$Impl  ID: -84-20-10-3-701be563:1652ef27f14:-8000:0000000000000976  MID: -84-20-10-3-701be563:1652ef27f14:-8000:0000000000000511  OPCKG: -84-20-10-3-701be563:1652ef27f14:-8000:0000000000000877
M:boolean org.argouml.uml.diagram.activity.ui.FigPool.getUseTrapRect()
M:void org.argouml.uml.diagram.activity.ui.UMLActivityDiagram.encloserChanged(FigNode, FigNode, FigNode)
P:org.argouml.uml.diagram.state.ui.FigInitialState@644e4c7d
P:org.argouml.uml.diagram.activity.ui.FigPool@73b7ceb8
M:void org.argouml.uml.diagram.activity.ui.UMLActivityDiagram.changePartition(FigNode)
P:org.argouml.uml.diagram.state.ui.FigInitialState@644e4c7d
M:void org.argouml.uml.diagram.activity.ui.FigPool.addEnclosedFig(Fig)
P:org.argouml.uml.diagram.state.ui.FigInitialState@644e4c7d
M:void org.argouml.uml.diagram.activity.ui.SelectionActionState.setIncomingButtonEnabled(boolean)
P:false
M:void org.argouml.uml.diagram.activity.ui.SelectionActionState.setIncomingAboveButtonEnabled(boolean)
P:false
M:void org.argouml.uml.diagram.activity.ui.SelectionActionState.setIncomingLeftButtonEnabled(boolean)
P:false
M:void org.argouml.uml.diagram.activity.ui.SelectionActionState.setOutgoingButtonEnabled(boolean)
P:true
M:void org.argouml.uml.diagram.activity.ui.SelectionActionState.setOutgoingRightButtonEnabled(boolean)
P:true
M:void org.argouml.uml.diagram.activity.ui.SelectionActionState.setOutgoingBelowButtonEnabled(boolean)
P:true
M:Icon[] org.argouml.uml.diagram.activity.ui.SelectionActionState.getIcons()
M:String org.argouml.uml.diagram.activity.ui.SelectionActionState.getInstructions(int)
P:15
M:Icon[] org.argouml.uml.diagram.activity.ui.SelectionActionState.getIcons()
M:String org.argouml.uml.diagram.activity.ui.SelectionActionState.getInstructions(int)
P:15
M:Icon[] org.argouml.uml.diagram.activity.ui.SelectionActionState.getIcons()
M:boolean org.argouml.uml.diagram.activity.ui.FigPool.getUseTrapRect()
M:void org.argouml.uml.diagram.activity.ui.UMLActivityDiagram.encloserChanged(FigNode, FigNode, FigNode)
P:org.argouml.uml.diagram.state.ui.FigInitialState@644e4c7d
P:org.argouml.uml.diagram.activity.ui.FigPool@73b7ceb8
P:org.argouml.uml.diagram.activity.ui.FigPool@73b7ceb8
M:void org.argouml.uml.diagram.activity.ui.UMLActivityDiagram.changePartition(FigNode)
P:org.argouml.uml.diagram.state.ui.FigInitialState@644e4c7d
M:Icon[] org.argouml.uml.diagram.activity.ui.SelectionActionState.getIcons()
M:Dimension org.argouml.uml.diagram.activity.ui.FigPartition.getMinimumSize()
M:Dimension org.argouml.uml.diagram.activity.ui.FigPartition.getMinimumSize()
M:Dimension org.argouml.uml.diagram.activity.ui.FigPartition.getMinimumSize()
M:Dimension org.argouml.uml.diagram.activity.ui.FigPartition.getMinimumSize()
M:Dimension org.argouml.uml.diagram.activity.ui.FigPartition.getMinimumSize()
M:Dimension org.argouml.uml.diagram.activity.ui.FigPartition.getMinimumSize()
M:Icon[] org.argouml.uml.diagram.activity.ui.SelectionActionState.getIcons()
M:Icon[] org.argouml.uml.diagram.activity.ui.SelectionActionState.getIcons()
M:String org.argouml.uml.diagram.activity.ui.SelectionActionState.getInstructions(int)
P:15
M:Icon[] org.argouml.uml.diagram.activity.ui.SelectionActionState.getIcons()
M:String org.argouml.uml.diagram.activity.ui.SelectionActionState.getInstructions(int)
P:15
M:Icon[] org.argouml.uml.diagram.activity.ui.SelectionActionState.getIcons()
M:String org.argouml.uml.diagram.activity.ui.SelectionActionState.getInstructions(int)
P:15
M:Icon[] org.argouml.uml.diagram.activity.ui.SelectionActionState.getIcons()
M:String org.argouml.uml.diagram.activity.ui.SelectionActionState.getInstructions(int)
P:15
M:FigNode org.argouml.uml.diagram.activity.ui.ActivityDiagramRenderer.getFigNodeFor(GraphModel, Layer, Object, Map)
P:org.argouml.uml.diagram.activity.ActivityDiagramGraphModel@77906d26
P:org.tigris.gef.base.LayerPerspectiveMutable@12720331[untitledModel]
P:FinalState$Impl  ID: -84-20-10-3-701be563:1652ef27f14:-8000:0000000000000977  MID: -84-20-10-3-701be563:1652ef27f14:-8000:0000000000000519  OPCKG: -84-20-10-3-701be563:1652ef27f14:-8000:0000000000000877
M:boolean org.argouml.uml.diagram.activity.ui.UMLActivityDiagram.doesAccept(Object)
P:FinalState$Impl  ID: -84-20-10-3-701be563:1652ef27f14:-8000:0000000000000977  MID: -84-20-10-3-701be563:1652ef27f14:-8000:0000000000000519  OPCKG: -84-20-10-3-701be563:1652ef27f14:-8000:0000000000000877
M:DiagramElement org.argouml.uml.diagram.activity.ui.UMLActivityDiagram.createDiagramElement(Object, Rectangle)
P:FinalState$Impl  ID: -84-20-10-3-701be563:1652ef27f14:-8000:0000000000000977  MID: -84-20-10-3-701be563:1652ef27f14:-8000:0000000000000519  OPCKG: -84-20-10-3-701be563:1652ef27f14:-8000:0000000000000877
M:boolean org.argouml.uml.diagram.activity.ui.FigPool.getUseTrapRect()
M:void org.argouml.uml.diagram.activity.ui.UMLActivityDiagram.encloserChanged(FigNode, FigNode, FigNode)
P:org.argouml.uml.diagram.state.ui.FigFinalState@26e7f0c7
P:org.argouml.uml.diagram.activity.ui.FigPool@73b7ceb8
M:void org.argouml.uml.diagram.activity.ui.UMLActivityDiagram.changePartition(FigNode)
P:org.argouml.uml.diagram.state.ui.FigFinalState@26e7f0c7
M:void org.argouml.uml.diagram.activity.ui.FigPool.addEnclosedFig(Fig)
P:org.argouml.uml.diagram.state.ui.FigFinalState@26e7f0c7
M:void org.argouml.uml.diagram.activity.ui.SelectionActionState.setOutgoingButtonEnabled(boolean)
P:false
M:void org.argouml.uml.diagram.activity.ui.SelectionActionState.setOutgoingRightButtonEnabled(boolean)
P:false
M:void org.argouml.uml.diagram.activity.ui.SelectionActionState.setOutgoingBelowButtonEnabled(boolean)
P:false
M:Icon[] org.argouml.uml.diagram.activity.ui.SelectionActionState.getIcons()
M:Dimension org.argouml.uml.diagram.activity.ui.FigPartition.getMinimumSize()
M:Dimension org.argouml.uml.diagram.activity.ui.FigPartition.getMinimumSize()
M:Dimension org.argouml.uml.diagram.activity.ui.FigPartition.getMinimumSize()
M:Dimension org.argouml.uml.diagram.activity.ui.FigPartition.getMinimumSize()
M:Icon[] org.argouml.uml.diagram.activity.ui.SelectionActionState.getIcons()
M:Icon[] org.argouml.uml.diagram.activity.ui.SelectionActionState.getIcons()
M:String org.argouml.uml.diagram.activity.ui.SelectionActionState.getInstructions(int)
P:15
M:Icon[] org.argouml.uml.diagram.activity.ui.SelectionActionState.getIcons()
M:String org.argouml.uml.diagram.activity.ui.SelectionActionState.getInstructions(int)
P:15
M:Icon[] org.argouml.uml.diagram.activity.ui.SelectionActionState.getIcons()
M:String org.argouml.uml.diagram.activity.ui.SelectionActionState.getInstructions(int)
P:15
M:Icon[] org.argouml.uml.diagram.activity.ui.SelectionActionState.getIcons()
M:String org.argouml.uml.diagram.activity.ui.SelectionActionState.getInstructions(int)
P:15
M:FigNode org.argouml.uml.diagram.activity.ui.ActivityDiagramRenderer.getFigNodeFor(GraphModel, Layer, Object, Map)
P:org.argouml.uml.diagram.activity.ActivityDiagramGraphModel@77906d26
P:org.tigris.gef.base.LayerPerspectiveMutable@12720331[untitledModel]
P:Pseudostate$Impl  ID: -84-20-10-3-701be563:1652ef27f14:-8000:0000000000000978  MID: -84-20-10-3-701be563:1652ef27f14:-8000:0000000000000511  OPCKG: -84-20-10-3-701be563:1652ef27f14:-8000:0000000000000877
M:boolean org.argouml.uml.diagram.activity.ui.UMLActivityDiagram.doesAccept(Object)
P:Pseudostate$Impl  ID: -84-20-10-3-701be563:1652ef27f14:-8000:0000000000000978  MID: -84-20-10-3-701be563:1652ef27f14:-8000:0000000000000511  OPCKG: -84-20-10-3-701be563:1652ef27f14:-8000:0000000000000877
M:DiagramElement org.argouml.uml.diagram.activity.ui.UMLActivityDiagram.createDiagramElement(Object, Rectangle)
P:Pseudostate$Impl  ID: -84-20-10-3-701be563:1652ef27f14:-8000:0000000000000978  MID: -84-20-10-3-701be563:1652ef27f14:-8000:0000000000000511  OPCKG: -84-20-10-3-701be563:1652ef27f14:-8000:0000000000000877
M:boolean org.argouml.uml.diagram.activity.ui.FigPool.getUseTrapRect()
M:void org.argouml.uml.diagram.activity.ui.UMLActivityDiagram.encloserChanged(FigNode, FigNode, FigNode)
P:org.argouml.uml.diagram.state.ui.FigJunctionState@2a507617
P:org.argouml.uml.diagram.activity.ui.FigPool@73b7ceb8
M:void org.argouml.uml.diagram.activity.ui.UMLActivityDiagram.changePartition(FigNode)
P:org.argouml.uml.diagram.state.ui.FigJunctionState@2a507617
M:void org.argouml.uml.diagram.activity.ui.FigPool.addEnclosedFig(Fig)
P:org.argouml.uml.diagram.state.ui.FigJunctionState@2a507617
M:Icon[] org.argouml.uml.diagram.activity.ui.SelectionActionState.getIcons()
M:String org.argouml.uml.diagram.activity.ui.SelectionActionState.getInstructions(int)
P:15
M:Icon[] org.argouml.uml.diagram.activity.ui.SelectionActionState.getIcons()
M:String org.argouml.uml.diagram.activity.ui.SelectionActionState.getInstructions(int)
P:15
M:Icon[] org.argouml.uml.diagram.activity.ui.SelectionActionState.getIcons()
M:boolean org.argouml.uml.diagram.activity.ui.FigPool.getUseTrapRect()
M:void org.argouml.uml.diagram.activity.ui.UMLActivityDiagram.encloserChanged(FigNode, FigNode, FigNode)
P:org.argouml.uml.diagram.state.ui.FigJunctionState@2a507617
P:org.argouml.uml.diagram.activity.ui.FigPool@73b7ceb8
P:org.argouml.uml.diagram.activity.ui.FigPool@73b7ceb8
M:void org.argouml.uml.diagram.activity.ui.UMLActivityDiagram.changePartition(FigNode)
P:org.argouml.uml.diagram.state.ui.FigJunctionState@2a507617
M:Icon[] org.argouml.uml.diagram.activity.ui.SelectionActionState.getIcons()
M:Dimension org.argouml.uml.diagram.activity.ui.FigPartition.getMinimumSize()
M:Dimension org.argouml.uml.diagram.activity.ui.FigPartition.getMinimumSize()
M:Dimension org.argouml.uml.diagram.activity.ui.FigPartition.getMinimumSize()
M:Dimension org.argouml.uml.diagram.activity.ui.FigPartition.getMinimumSize()
M:Dimension org.argouml.uml.diagram.activity.ui.FigPartition.getMinimumSize()
M:Dimension org.argouml.uml.diagram.activity.ui.FigPartition.getMinimumSize()
M:Icon[] org.argouml.uml.diagram.activity.ui.SelectionActionState.getIcons()
M:Icon[] org.argouml.uml.diagram.activity.ui.SelectionActionState.getIcons()
M:String org.argouml.uml.diagram.activity.ui.SelectionActionState.getInstructions(int)
P:15
M:Icon[] org.argouml.uml.diagram.activity.ui.SelectionActionState.getIcons()
M:String org.argouml.uml.diagram.activity.ui.SelectionActionState.getInstructions(int)
P:15
M:Icon[] org.argouml.uml.diagram.activity.ui.SelectionActionState.getIcons()
M:String org.argouml.uml.diagram.activity.ui.SelectionActionState.getInstructions(int)
P:15
M:Icon[] org.argouml.uml.diagram.activity.ui.SelectionActionState.getIcons()
M:String org.argouml.uml.diagram.activity.ui.SelectionActionState.getInstructions(int)
P:15
M:FigNode org.argouml.uml.diagram.activity.ui.ActivityDiagramRenderer.getFigNodeFor(GraphModel, Layer, Object, Map)
P:org.argouml.uml.diagram.activity.ActivityDiagramGraphModel@77906d26
P:org.tigris.gef.base.LayerPerspectiveMutable@12720331[untitledModel]
P:Pseudostate$Impl  ID: -84-20-10-3-701be563:1652ef27f14:-8000:0000000000000979  MID: -84-20-10-3-701be563:1652ef27f14:-8000:0000000000000511  OPCKG: -84-20-10-3-701be563:1652ef27f14:-8000:0000000000000877
M:boolean org.argouml.uml.diagram.activity.ui.UMLActivityDiagram.doesAccept(Object)
P:Pseudostate$Impl  ID: -84-20-10-3-701be563:1652ef27f14:-8000:0000000000000979  MID: -84-20-10-3-701be563:1652ef27f14:-8000:0000000000000511  OPCKG: -84-20-10-3-701be563:1652ef27f14:-8000:0000000000000877
M:DiagramElement org.argouml.uml.diagram.activity.ui.UMLActivityDiagram.createDiagramElement(Object, Rectangle)
P:Pseudostate$Impl  ID: -84-20-10-3-701be563:1652ef27f14:-8000:0000000000000979  MID: -84-20-10-3-701be563:1652ef27f14:-8000:0000000000000511  OPCKG: -84-20-10-3-701be563:1652ef27f14:-8000:0000000000000877
M:boolean org.argouml.uml.diagram.activity.ui.FigPool.getUseTrapRect()
M:void org.argouml.uml.diagram.activity.ui.UMLActivityDiagram.encloserChanged(FigNode, FigNode, FigNode)
P:org.argouml.uml.diagram.state.ui.FigForkState@5dd74e47
P:org.argouml.uml.diagram.activity.ui.FigPool@73b7ceb8
M:void org.argouml.uml.diagram.activity.ui.UMLActivityDiagram.changePartition(FigNode)
P:org.argouml.uml.diagram.state.ui.FigForkState@5dd74e47
M:void org.argouml.uml.diagram.activity.ui.FigPool.addEnclosedFig(Fig)
P:org.argouml.uml.diagram.state.ui.FigForkState@5dd74e47
M:Icon[] org.argouml.uml.diagram.activity.ui.SelectionActionState.getIcons()
M:Dimension org.argouml.uml.diagram.activity.ui.FigPartition.getMinimumSize()
M:Dimension org.argouml.uml.diagram.activity.ui.FigPartition.getMinimumSize()
M:Dimension org.argouml.uml.diagram.activity.ui.FigPartition.getMinimumSize()
M:Dimension org.argouml.uml.diagram.activity.ui.FigPartition.getMinimumSize()
M:Icon[] org.argouml.uml.diagram.activity.ui.SelectionActionState.getIcons()
M:Icon[] org.argouml.uml.diagram.activity.ui.SelectionActionState.getIcons()
M:String org.argouml.uml.diagram.activity.ui.SelectionActionState.getInstructions(int)
P:12
M:Icon[] org.argouml.uml.diagram.activity.ui.SelectionActionState.getIcons()
M:Icon[] org.argouml.uml.diagram.activity.ui.SelectionActionState.getIcons()
M:String org.argouml.uml.diagram.activity.ui.SelectionActionState.getInstructions(int)
P:15
M:FigNode org.argouml.uml.diagram.activity.ui.ActivityDiagramRenderer.getFigNodeFor(GraphModel, Layer, Object, Map)
P:org.argouml.uml.diagram.activity.ActivityDiagramGraphModel@77906d26
P:org.tigris.gef.base.LayerPerspectiveMutable@12720331[untitledModel]
P:Pseudostate$Impl  ID: -84-20-10-3-701be563:1652ef27f14:-8000:000000000000097A  MID: -84-20-10-3-701be563:1652ef27f14:-8000:0000000000000511  OPCKG: -84-20-10-3-701be563:1652ef27f14:-8000:0000000000000877
M:boolean org.argouml.uml.diagram.activity.ui.UMLActivityDiagram.doesAccept(Object)
P:Pseudostate$Impl  ID: -84-20-10-3-701be563:1652ef27f14:-8000:000000000000097A  MID: -84-20-10-3-701be563:1652ef27f14:-8000:0000000000000511  OPCKG: -84-20-10-3-701be563:1652ef27f14:-8000:0000000000000877
M:DiagramElement org.argouml.uml.diagram.activity.ui.UMLActivityDiagram.createDiagramElement(Object, Rectangle)
P:Pseudostate$Impl  ID: -84-20-10-3-701be563:1652ef27f14:-8000:000000000000097A  MID: -84-20-10-3-701be563:1652ef27f14:-8000:0000000000000511  OPCKG: -84-20-10-3-701be563:1652ef27f14:-8000:0000000000000877
M:boolean org.argouml.uml.diagram.activity.ui.FigPool.getUseTrapRect()
M:void org.argouml.uml.diagram.activity.ui.UMLActivityDiagram.encloserChanged(FigNode, FigNode, FigNode)
P:org.argouml.uml.diagram.state.ui.FigJoinState@d9f0ad2
P:org.argouml.uml.diagram.activity.ui.FigPool@73b7ceb8
M:void org.argouml.uml.diagram.activity.ui.UMLActivityDiagram.changePartition(FigNode)
P:org.argouml.uml.diagram.state.ui.FigJoinState@d9f0ad2
M:void org.argouml.uml.diagram.activity.ui.FigPool.addEnclosedFig(Fig)
P:org.argouml.uml.diagram.state.ui.FigJoinState@d9f0ad2
M:Icon[] org.argouml.uml.diagram.activity.ui.SelectionActionState.getIcons()
M:Dimension org.argouml.uml.diagram.activity.ui.FigPartition.getMinimumSize()
M:Dimension org.argouml.uml.diagram.activity.ui.FigPartition.getMinimumSize()
M:Dimension org.argouml.uml.diagram.activity.ui.FigPartition.getMinimumSize()
M:Dimension org.argouml.uml.diagram.activity.ui.FigPartition.getMinimumSize()
M:Icon[] org.argouml.uml.diagram.activity.ui.SelectionActionState.getIcons()
M:Icon[] org.argouml.uml.diagram.activity.ui.SelectionActionState.getIcons()
M:Icon[] org.argouml.uml.diagram.activity.ui.SelectionActionState.getIcons()
M:String org.argouml.uml.diagram.activity.ui.SelectionActionState.getInstructions(int)
P:15
M:Mode org.argouml.uml.diagram.activity.ui.ActionCreatePartition.createMode(String)
P:Click to place New Swimlane
M:FigNode org.argouml.uml.diagram.activity.ui.ActivityDiagramRenderer.getFigNodeFor(GraphModel, Layer, Object, Map)
P:org.argouml.uml.diagram.activity.ActivityDiagramGraphModel@77906d26
P:org.tigris.gef.base.LayerPerspectiveMutable@12720331[untitledModel]
P:Partition$Impl  ID: -84-20-10-3-701be563:1652ef27f14:-8000:000000000000097B  MID: -84-20-10-3-701be563:1652ef27f14:-8000:00000000000005DF  OPCKG: -84-20-10-3-701be563:1652ef27f14:-8000:0000000000000877
M:boolean org.argouml.uml.diagram.activity.ui.UMLActivityDiagram.doesAccept(Object)
P:Partition$Impl  ID: -84-20-10-3-701be563:1652ef27f14:-8000:000000000000097B  MID: -84-20-10-3-701be563:1652ef27f14:-8000:00000000000005DF  OPCKG: -84-20-10-3-701be563:1652ef27f14:-8000:0000000000000877
M:DiagramElement org.argouml.uml.diagram.activity.ui.UMLActivityDiagram.createDiagramElement(Object, Rectangle)
P:Partition$Impl  ID: -84-20-10-3-701be563:1652ef27f14:-8000:000000000000097B  MID: -84-20-10-3-701be563:1652ef27f14:-8000:00000000000005DF  OPCKG: -84-20-10-3-701be563:1652ef27f14:-8000:0000000000000877
M:Fig org.argouml.uml.diagram.activity.ui.FigPartition.createBigPortFig()
M:String org.argouml.uml.diagram.activity.ui.FigPartition.placeString()
M:String org.argouml.uml.diagram.activity.ui.FigPartition.placeString()
M:void org.argouml.uml.diagram.activity.ui.FigPartition.initFigs()
M:void org.argouml.uml.diagram.activity.ui.FigPartition.setFilled(boolean)
P:false
M:void org.argouml.uml.diagram.activity.ui.FigPartition.setStandardBounds(int, int, int, int)
P:10
P:10
P:160
P:290
M:void org.argouml.uml.diagram.activity.ui.ModePlacePartition.mouseReleased(MouseEvent)
P:java.awt.event.MouseEvent[MOUSE_RELEASED,(697,239),absolute(1015,347),button=1,modifiers=Button1,clickCount=1] on org.tigris.gef.graph.presentation.JGraphInternalPane[,0,0,6000x6000,invalid,alignmentX=0.0,alignmentY=0.0,border=,flags=296,maximumSize=,minimumSize=,preferredSize=java.awt.Dimension[width=6000,height=6000]]
M:boolean org.argouml.uml.diagram.activity.ui.FigPool.getUseTrapRect()
M:void org.argouml.uml.diagram.activity.ui.UMLActivityDiagram.encloserChanged(FigNode, FigNode, FigNode)
P:org.argouml.uml.diagram.activity.ui.FigPartition@760a231c
M:Selection org.argouml.uml.diagram.activity.ui.FigPartition.makeSelection()
M:boolean org.argouml.uml.diagram.activity.ui.FigPartition.isFilled()
M:int org.argouml.uml.diagram.activity.ui.FigPartition.getLineWidth()
M:Color org.argouml.uml.diagram.activity.ui.FigPartition.getLineColor()
M:boolean org.argouml.uml.diagram.activity.ui.FigPartition.isFilled()
M:int org.argouml.uml.diagram.activity.ui.FigPartition.getLineWidth()
M:Color org.argouml.uml.diagram.activity.ui.FigPartition.getLineColor()
M:void org.argouml.uml.diagram.activity.ui.FigPartition.appendToPool(Object)
P:ActivityGraph$Impl  ID: -84-20-10-3-701be563:1652ef27f14:-8000:0000000000000973  MID: -84-20-10-3-701be563:1652ef27f14:-8000:00000000000005DC  OPCKG: -84-20-10-3-701be563:1652ef27f14:-8000:0000000000000877
M:List org.argouml.uml.diagram.activity.ui.FigPartition.getPartitions(Layer)
P:org.tigris.gef.base.LayerPerspectiveMutable@12720331[untitledModel]
M:FigPool org.argouml.uml.diagram.activity.ui.FigPartition.getFigPool()
M:void org.argouml.uml.diagram.activity.ui.FigPool.setStandardBounds(int, int, int, int)
P:80
P:88
P:720
P:288
M:void org.argouml.uml.diagram.activity.ui.FigPartition.setPreviousPartition(FigPartition)
P:org.argouml.uml.diagram.activity.ui.FigPartition@72116c71
M:void org.argouml.uml.diagram.activity.ui.FigPartition.setNextPartition(FigPartition)
P:org.argouml.uml.diagram.activity.ui.FigPartition@760a231c
M:void org.argouml.uml.diagram.activity.ui.FigPartition.setStandardBounds(int, int, int, int)
P:640
P:88
P:160
P:288
M:void org.argouml.uml.diagram.activity.ui.FigPartition.SelectionPartition.paint(Graphics)
P:sun.java2d.SunGraphics2D[font=java.awt.Font[family=Lucida Grande,name=Lucida Grande,style=plain,size=13],color=java.awt.Color[r=0,g=0,b=0]]
M:void org.argouml.uml.diagram.activity.ui.FigPartition.SelectionPartition.updateHandleBox()
M:Dimension org.argouml.uml.diagram.activity.ui.FigPartition.getMinimumSize()
M:Dimension org.argouml.uml.diagram.activity.ui.FigPartition.getMinimumSize()
M:void org.argouml.uml.diagram.activity.ui.FigPartition.SelectionPartition.paint(Graphics)
P:sun.java2d.SunGraphics2D[font=java.awt.Font[family=Lucida Grande,name=Lucida Grande,style=plain,size=13],color=java.awt.Color[r=0,g=0,b=0]]
M:void org.argouml.uml.diagram.activity.ui.FigPartition.SelectionPartition.updateHandleBox()
M:void org.argouml.uml.diagram.activity.ui.FigPartition.SelectionPartition.hitHandle(Rectangle, Handle)
P:java.awt.Rectangle[x=799,y=377,width=0,height=0]
P:org.tigris.gef.presentation.Handle@6202617a
M:void org.argouml.uml.diagram.activity.ui.FigPartition.SelectionPartition.updateHandleBox()
M:void org.argouml.uml.diagram.activity.ui.FigPartition.SelectionPartition.hitHandle(Rectangle, Handle)
P:java.awt.Rectangle[x=795,y=373,width=8,height=8]
P:org.tigris.gef.presentation.Handle@888fff5
M:void org.argouml.uml.diagram.activity.ui.FigPartition.SelectionPartition.updateHandleBox()
M:void org.argouml.uml.diagram.activity.ui.FigPartition.SelectionPartition.hitHandle(Rectangle, Handle)
P:java.awt.Rectangle[x=795,y=373,width=8,height=8]
P:org.tigris.gef.presentation.Handle@19135977
M:void org.argouml.uml.diagram.activity.ui.FigPartition.SelectionPartition.updateHandleBox()
M:boolean org.argouml.uml.diagram.activity.ui.FigPool.getUseTrapRect()
M:void org.argouml.uml.diagram.activity.ui.UMLActivityDiagram.encloserChanged(FigNode, FigNode, FigNode)
P:org.argouml.uml.diagram.activity.ui.FigPartition@760a231c
M:void org.argouml.uml.diagram.activity.ui.FigPartition.SelectionPartition.paint(Graphics)
P:sun.java2d.SunGraphics2D[font=java.awt.Font[family=Lucida Grande,name=Lucida Grande,style=plain,size=13],color=java.awt.Color[r=0,g=0,b=0]]
M:void org.argouml.uml.diagram.activity.ui.FigPartition.SelectionPartition.updateHandleBox()
M:void org.argouml.uml.diagram.activity.ui.FigPartition.SelectionPartition.hitHandle(Rectangle, Handle)
P:java.awt.Rectangle[x=799,y=377,width=0,height=0]
P:org.tigris.gef.presentation.Handle@3b0a230b
M:void org.argouml.uml.diagram.activity.ui.FigPartition.SelectionPartition.updateHandleBox()
M:void org.argouml.uml.diagram.activity.ui.FigPartition.SelectionPartition.hitHandle(Rectangle, Handle)
P:java.awt.Rectangle[x=795,y=373,width=8,height=8]
P:org.tigris.gef.presentation.Handle@5626427d
M:void org.argouml.uml.diagram.activity.ui.FigPartition.SelectionPartition.updateHandleBox()
M:void org.argouml.uml.diagram.activity.ui.FigPartition.SelectionPartition.hitHandle(Rectangle, Handle)
P:java.awt.Rectangle[x=795,y=373,width=8,height=8]
P:org.tigris.gef.presentation.Handle@23781a92
M:void org.argouml.uml.diagram.activity.ui.FigPartition.SelectionPartition.updateHandleBox()
M:void org.argouml.uml.diagram.activity.ui.FigPartition.SelectionPartition.paint(Graphics)
P:sun.java2d.SunGraphics2D[font=java.awt.Font[family=Lucida Grande,name=Lucida Grande,style=plain,size=13],color=java.awt.Color[r=0,g=0,b=0]]
M:void org.argouml.uml.diagram.activity.ui.FigPartition.SelectionPartition.updateHandleBox()
M:void org.argouml.uml.diagram.activity.ui.FigPartition.SelectionPartition.hitHandle(Rectangle, Handle)
P:java.awt.Rectangle[x=999,y=377,width=0,height=0]
P:org.tigris.gef.presentation.Handle@590df3ec
M:void org.argouml.uml.diagram.activity.ui.FigPartition.SelectionPartition.updateHandleBox()
M:List org.argouml.uml.diagram.activity.ui.FigPartition.getDragDependencies()
M:List org.argouml.uml.diagram.activity.ui.FigPartition.getPartitions(Layer)
P:org.tigris.gef.base.LayerPerspectiveMutable@12720331[untitledModel]
M:FigPool org.argouml.uml.diagram.activity.ui.FigPartition.getFigPool()
M:FigPool org.argouml.uml.diagram.activity.ui.FigPartition.getFigPool()
M:List org.argouml.uml.diagram.activity.ui.FigPartition.getDragDependencies()
M:List org.argouml.uml.diagram.activity.ui.FigPartition.getPartitions(Layer)
P:org.tigris.gef.base.LayerPerspectiveMutable@12720331[untitledModel]
M:FigPool org.argouml.uml.diagram.activity.ui.FigPartition.getFigPool()
M:FigPool org.argouml.uml.diagram.activity.ui.FigPartition.getFigPool()
M:void org.argouml.uml.diagram.activity.ui.FigPartition.SelectionPartition.dragHandle(int, int, int, int, Handle)
P:1000
P:376
P:799
P:377
P:org.tigris.gef.presentation.Handle@23781a92
M:void org.argouml.uml.diagram.activity.ui.FigPartition.SelectionPartition.updateHandleBox()
M:Dimension org.argouml.uml.diagram.activity.ui.FigPartition.getMinimumSize()
M:FigPartition org.argouml.uml.diagram.activity.ui.FigPartition.access$100(FigPartition)
P:org.argouml.uml.diagram.activity.ui.FigPartition@760a231c
M:void org.argouml.uml.diagram.activity.ui.FigPartition.SelectionPartition.setHandleBox(FigPartition, int, int, int, int)
P:640
P:88
P:360
P:288
M:List org.argouml.uml.diagram.activity.ui.FigPartition.access$200(FigPartition, Layer)
P:org.argouml.uml.diagram.activity.ui.FigPartition@760a231c
P:org.tigris.gef.base.LayerPerspectiveMutable@12720331[untitledModel]
M:List org.argouml.uml.diagram.activity.ui.FigPartition.getPartitions(Layer)
P:org.tigris.gef.base.LayerPerspectiveMutable@12720331[untitledModel]
M:void org.argouml.uml.diagram.activity.ui.FigPartition.setStandardBounds(int, int, int, int)
P:80
P:88
P:560
P:288
M:void org.argouml.uml.diagram.activity.ui.FigPartition.setStandardBounds(int, int, int, int)
P:640
P:88
P:360
P:288
M:FigPool org.argouml.uml.diagram.activity.ui.FigPartition.access$300(FigPartition)
P:org.argouml.uml.diagram.activity.ui.FigPartition@760a231c
M:FigPool org.argouml.uml.diagram.activity.ui.FigPartition.getFigPool()
M:void org.argouml.uml.diagram.activity.ui.FigPool.setStandardBounds(int, int, int, int)
P:80
P:88
P:920
P:288
M:void org.argouml.uml.diagram.activity.ui.FigPartition.SelectionPartition.paint(Graphics)
P:sun.java2d.SunGraphics2D[font=java.awt.Font[family=Lucida Grande,name=Lucida Grande,style=plain,size=13],color=java.awt.Color[r=0,g=0,b=0]]
M:void org.argouml.uml.diagram.activity.ui.FigPartition.SelectionPartition.updateHandleBox()
M:void org.argouml.uml.diagram.activity.ui.FigPartition.SelectionPartition.hitHandle(Rectangle, Handle)
P:java.awt.Rectangle[x=999,y=377,width=0,height=0]
P:org.tigris.gef.presentation.Handle@685029da
M:void org.argouml.uml.diagram.activity.ui.FigPartition.SelectionPartition.updateHandleBox()
M:void org.argouml.uml.diagram.activity.ui.FigPartition.SelectionPartition.dragHandle(int, int, int, int, Handle)
P:1000
P:376
P:799
P:377
P:org.tigris.gef.presentation.Handle@23781a92
M:void org.argouml.uml.diagram.activity.ui.FigPartition.SelectionPartition.updateHandleBox()
M:Dimension org.argouml.uml.diagram.activity.ui.FigPartition.getMinimumSize()
M:FigPartition org.argouml.uml.diagram.activity.ui.FigPartition.access$100(FigPartition)
P:org.argouml.uml.diagram.activity.ui.FigPartition@760a231c
M:void org.argouml.uml.diagram.activity.ui.FigPartition.SelectionPartition.setHandleBox(FigPartition, int, int, int, int)
P:640
P:88
P:360
P:288
M:List org.argouml.uml.diagram.activity.ui.FigPartition.access$200(FigPartition, Layer)
P:org.argouml.uml.diagram.activity.ui.FigPartition@760a231c
P:org.tigris.gef.base.LayerPerspectiveMutable@12720331[untitledModel]
M:List org.argouml.uml.diagram.activity.ui.FigPartition.getPartitions(Layer)
P:org.tigris.gef.base.LayerPerspectiveMutable@12720331[untitledModel]
M:void org.argouml.uml.diagram.activity.ui.FigPartition.setStandardBounds(int, int, int, int)
P:80
P:88
P:560
P:288
M:void org.argouml.uml.diagram.activity.ui.FigPartition.setStandardBounds(int, int, int, int)
P:640
P:88
P:360
P:288
M:FigPool org.argouml.uml.diagram.activity.ui.FigPartition.access$300(FigPartition)
P:org.argouml.uml.diagram.activity.ui.FigPartition@760a231c
M:FigPool org.argouml.uml.diagram.activity.ui.FigPartition.getFigPool()
M:void org.argouml.uml.diagram.activity.ui.FigPool.setStandardBounds(int, int, int, int)
P:80
P:88
P:920
P:288
M:void org.argouml.uml.diagram.activity.ui.FigPartition.SelectionPartition.paint(Graphics)
P:sun.java2d.SunGraphics2D[font=java.awt.Font[family=Lucida Grande,name=Lucida Grande,style=plain,size=13],color=java.awt.Color[r=0,g=0,b=0]]
M:void org.argouml.uml.diagram.activity.ui.FigPartition.SelectionPartition.updateHandleBox()
M:boolean org.argouml.uml.diagram.activity.ui.FigPool.getUseTrapRect()
M:void org.argouml.uml.diagram.activity.ui.UMLActivityDiagram.encloserChanged(FigNode, FigNode, FigNode)
P:org.argouml.uml.diagram.activity.ui.FigPartition@760a231c
M:void org.argouml.uml.diagram.activity.ui.FigPartition.SelectionPartition.paint(Graphics)
P:sun.java2d.SunGraphics2D[font=java.awt.Font[family=Lucida Grande,name=Lucida Grande,style=plain,size=13],color=java.awt.Color[r=0,g=0,b=0]]
M:void org.argouml.uml.diagram.activity.ui.FigPartition.SelectionPartition.updateHandleBox()
M:void org.argouml.uml.diagram.activity.ui.FigPartition.SelectionPartition.hitHandle(Rectangle, Handle)
P:java.awt.Rectangle[x=149,y=-14,width=0,height=0]
P:org.tigris.gef.presentation.Handle@3216aba9
M:void org.argouml.uml.diagram.activity.ui.FigPartition.SelectionPartition.updateHandleBox()
M:FigNode org.argouml.uml.diagram.activity.ui.ActivityDiagramRenderer.getFigNodeFor(GraphModel, Layer, Object, Map)
P:org.argouml.uml.diagram.activity.ActivityDiagramGraphModel@77906d26
P:org.tigris.gef.base.LayerPerspectiveMutable@12720331[untitledModel]
P:Pseudostate$Impl  ID: -84-20-10-3-701be563:1652ef27f14:-8000:000000000000097C  MID: -84-20-10-3-701be563:1652ef27f14:-8000:0000000000000511  OPCKG: -84-20-10-3-701be563:1652ef27f14:-8000:0000000000000877
M:boolean org.argouml.uml.diagram.activity.ui.UMLActivityDiagram.doesAccept(Object)
P:Pseudostate$Impl  ID: -84-20-10-3-701be563:1652ef27f14:-8000:000000000000097C  MID: -84-20-10-3-701be563:1652ef27f14:-8000:0000000000000511  OPCKG: -84-20-10-3-701be563:1652ef27f14:-8000:0000000000000877
M:DiagramElement org.argouml.uml.diagram.activity.ui.UMLActivityDiagram.createDiagramElement(Object, Rectangle)
P:Pseudostate$Impl  ID: -84-20-10-3-701be563:1652ef27f14:-8000:000000000000097C  MID: -84-20-10-3-701be563:1652ef27f14:-8000:0000000000000511  OPCKG: -84-20-10-3-701be563:1652ef27f14:-8000:0000000000000877
M:boolean org.argouml.uml.diagram.activity.ui.FigPool.getUseTrapRect()
M:void org.argouml.uml.diagram.activity.ui.UMLActivityDiagram.encloserChanged(FigNode, FigNode, FigNode)
P:org.argouml.uml.diagram.state.ui.FigInitialState@3fa67ed0
P:org.argouml.uml.diagram.activity.ui.FigPool@73b7ceb8
M:void org.argouml.uml.diagram.activity.ui.UMLActivityDiagram.changePartition(FigNode)
P:org.argouml.uml.diagram.state.ui.FigInitialState@3fa67ed0
M:boolean org.argouml.uml.diagram.activity.ui.UMLActivityDiagram.isStateInPartition(Object, Object)
P:Pseudostate$Impl  ID: -84-20-10-3-701be563:1652ef27f14:-8000:000000000000097C  MID: -84-20-10-3-701be563:1652ef27f14:-8000:0000000000000511  OPCKG: -84-20-10-3-701be563:1652ef27f14:-8000:0000000000000877
P:Partition$Impl  ID: -84-20-10-3-701be563:1652ef27f14:-8000:0000000000000975  MID: -84-20-10-3-701be563:1652ef27f14:-8000:00000000000005DF  OPCKG: -84-20-10-3-701be563:1652ef27f14:-8000:0000000000000877
M:void org.argouml.uml.diagram.activity.ui.FigPool.addEnclosedFig(Fig)
P:org.argouml.uml.diagram.state.ui.FigInitialState@3fa67ed0
M:void org.argouml.uml.diagram.activity.ui.SelectionActionState.setIncomingButtonEnabled(boolean)
P:false
M:void org.argouml.uml.diagram.activity.ui.SelectionActionState.setIncomingAboveButtonEnabled(boolean)
P:false
M:void org.argouml.uml.diagram.activity.ui.SelectionActionState.setIncomingLeftButtonEnabled(boolean)
P:false
M:void org.argouml.uml.diagram.activity.ui.SelectionActionState.setOutgoingButtonEnabled(boolean)
P:true
M:void org.argouml.uml.diagram.activity.ui.SelectionActionState.setOutgoingRightButtonEnabled(boolean)
P:true
M:void org.argouml.uml.diagram.activity.ui.SelectionActionState.setOutgoingBelowButtonEnabled(boolean)
P:true
M:Icon[] org.argouml.uml.diagram.activity.ui.SelectionActionState.getIcons()
M:String org.argouml.uml.diagram.activity.ui.SelectionActionState.getInstructions(int)
P:15
M:Icon[] org.argouml.uml.diagram.activity.ui.SelectionActionState.getIcons()
M:String org.argouml.uml.diagram.activity.ui.SelectionActionState.getInstructions(int)
P:15
M:Icon[] org.argouml.uml.diagram.activity.ui.SelectionActionState.getIcons()
M:boolean org.argouml.uml.diagram.activity.ui.FigPool.getUseTrapRect()
M:void org.argouml.uml.diagram.activity.ui.UMLActivityDiagram.encloserChanged(FigNode, FigNode, FigNode)
P:org.argouml.uml.diagram.state.ui.FigInitialState@3fa67ed0
P:org.argouml.uml.diagram.activity.ui.FigPool@73b7ceb8
P:org.argouml.uml.diagram.activity.ui.FigPool@73b7ceb8
M:void org.argouml.uml.diagram.activity.ui.UMLActivityDiagram.changePartition(FigNode)
P:org.argouml.uml.diagram.state.ui.FigInitialState@3fa67ed0
M:boolean org.argouml.uml.diagram.activity.ui.UMLActivityDiagram.isStateInPartition(Object, Object)
P:Pseudostate$Impl  ID: -84-20-10-3-701be563:1652ef27f14:-8000:000000000000097C  MID: -84-20-10-3-701be563:1652ef27f14:-8000:0000000000000511  OPCKG: -84-20-10-3-701be563:1652ef27f14:-8000:0000000000000877
P:Partition$Impl  ID: -84-20-10-3-701be563:1652ef27f14:-8000:0000000000000975  MID: -84-20-10-3-701be563:1652ef27f14:-8000:00000000000005DF  OPCKG: -84-20-10-3-701be563:1652ef27f14:-8000:0000000000000877
M:Icon[] org.argouml.uml.diagram.activity.ui.SelectionActionState.getIcons()
M:Dimension org.argouml.uml.diagram.activity.ui.FigPartition.getMinimumSize()
M:Dimension org.argouml.uml.diagram.activity.ui.FigPartition.getMinimumSize()
M:Dimension org.argouml.uml.diagram.activity.ui.FigPartition.getMinimumSize()
M:Dimension org.argouml.uml.diagram.activity.ui.FigPartition.getMinimumSize()
M:Dimension org.argouml.uml.diagram.activity.ui.FigPartition.getMinimumSize()
M:Dimension org.argouml.uml.diagram.activity.ui.FigPartition.getMinimumSize()
M:Icon[] org.argouml.uml.diagram.activity.ui.SelectionActionState.getIcons()
M:Icon[] org.argouml.uml.diagram.activity.ui.SelectionActionState.getIcons()
M:String org.argouml.uml.diagram.activity.ui.SelectionActionState.getInstructions(int)
P:15
M:Icon[] org.argouml.uml.diagram.activity.ui.SelectionActionState.getIcons()
M:String org.argouml.uml.diagram.activity.ui.SelectionActionState.getInstructions(int)
P:15
M:Icon[] org.argouml.uml.diagram.activity.ui.SelectionActionState.getIcons()
M:String org.argouml.uml.diagram.activity.ui.SelectionActionState.getInstructions(int)
P:15
M:Icon[] org.argouml.uml.diagram.activity.ui.SelectionActionState.getIcons()
M:String org.argouml.uml.diagram.activity.ui.SelectionActionState.getInstructions(int)
P:15
M:Icon[] org.argouml.uml.diagram.activity.ui.SelectionActionState.getIcons()
M:String org.argouml.uml.diagram.activity.ui.SelectionActionState.getInstructions(int)
P:15
M:FigNode org.argouml.uml.diagram.activity.ui.ActivityDiagramRenderer.getFigNodeFor(GraphModel, Layer, Object, Map)
P:org.argouml.uml.diagram.activity.ActivityDiagramGraphModel@77906d26
P:org.tigris.gef.base.LayerPerspectiveMutable@12720331[untitledModel]
P:FinalState$Impl  ID: -84-20-10-3-701be563:1652ef27f14:-8000:000000000000097D  MID: -84-20-10-3-701be563:1652ef27f14:-8000:0000000000000519  OPCKG: -84-20-10-3-701be563:1652ef27f14:-8000:0000000000000877
M:boolean org.argouml.uml.diagram.activity.ui.UMLActivityDiagram.doesAccept(Object)
P:FinalState$Impl  ID: -84-20-10-3-701be563:1652ef27f14:-8000:000000000000097D  MID: -84-20-10-3-701be563:1652ef27f14:-8000:0000000000000519  OPCKG: -84-20-10-3-701be563:1652ef27f14:-8000:0000000000000877
M:DiagramElement org.argouml.uml.diagram.activity.ui.UMLActivityDiagram.createDiagramElement(Object, Rectangle)
P:FinalState$Impl  ID: -84-20-10-3-701be563:1652ef27f14:-8000:000000000000097D  MID: -84-20-10-3-701be563:1652ef27f14:-8000:0000000000000519  OPCKG: -84-20-10-3-701be563:1652ef27f14:-8000:0000000000000877
M:boolean org.argouml.uml.diagram.activity.ui.FigPool.getUseTrapRect()
M:void org.argouml.uml.diagram.activity.ui.UMLActivityDiagram.encloserChanged(FigNode, FigNode, FigNode)
P:org.argouml.uml.diagram.state.ui.FigFinalState@52f71763
P:org.argouml.uml.diagram.activity.ui.FigPool@73b7ceb8
M:void org.argouml.uml.diagram.activity.ui.UMLActivityDiagram.changePartition(FigNode)
P:org.argouml.uml.diagram.state.ui.FigFinalState@52f71763
M:boolean org.argouml.uml.diagram.activity.ui.UMLActivityDiagram.isStateInPartition(Object, Object)
P:FinalState$Impl  ID: -84-20-10-3-701be563:1652ef27f14:-8000:000000000000097D  MID: -84-20-10-3-701be563:1652ef27f14:-8000:0000000000000519  OPCKG: -84-20-10-3-701be563:1652ef27f14:-8000:0000000000000877
P:Partition$Impl  ID: -84-20-10-3-701be563:1652ef27f14:-8000:0000000000000975  MID: -84-20-10-3-701be563:1652ef27f14:-8000:00000000000005DF  OPCKG: -84-20-10-3-701be563:1652ef27f14:-8000:0000000000000877
M:void org.argouml.uml.diagram.activity.ui.FigPool.addEnclosedFig(Fig)
P:org.argouml.uml.diagram.state.ui.FigFinalState@52f71763
M:void org.argouml.uml.diagram.activity.ui.SelectionActionState.setOutgoingButtonEnabled(boolean)
P:false
M:void org.argouml.uml.diagram.activity.ui.SelectionActionState.setOutgoingRightButtonEnabled(boolean)
P:false
M:void org.argouml.uml.diagram.activity.ui.SelectionActionState.setOutgoingBelowButtonEnabled(boolean)
P:false
M:Icon[] org.argouml.uml.diagram.activity.ui.SelectionActionState.getIcons()
M:Dimension org.argouml.uml.diagram.activity.ui.FigPartition.getMinimumSize()
M:Dimension org.argouml.uml.diagram.activity.ui.FigPartition.getMinimumSize()
M:Dimension org.argouml.uml.diagram.activity.ui.FigPartition.getMinimumSize()
M:Dimension org.argouml.uml.diagram.activity.ui.FigPartition.getMinimumSize()
M:Icon[] org.argouml.uml.diagram.activity.ui.SelectionActionState.getIcons()
M:Icon[] org.argouml.uml.diagram.activity.ui.SelectionActionState.getIcons()
M:Icon[] org.argouml.uml.diagram.activity.ui.SelectionActionState.getIcons()
M:String org.argouml.uml.diagram.activity.ui.SelectionActionState.getInstructions(int)
P:15
M:FigNode org.argouml.uml.diagram.activity.ui.ActivityDiagramRenderer.getFigNodeFor(GraphModel, Layer, Object, Map)
P:org.argouml.uml.diagram.activity.ActivityDiagramGraphModel@77906d26
P:org.tigris.gef.base.LayerPerspectiveMutable@12720331[untitledModel]
P:Pseudostate$Impl  ID: -84-20-10-3-701be563:1652ef27f14:-8000:000000000000097E  MID: -84-20-10-3-701be563:1652ef27f14:-8000:0000000000000511  OPCKG: -84-20-10-3-701be563:1652ef27f14:-8000:0000000000000877
M:boolean org.argouml.uml.diagram.activity.ui.UMLActivityDiagram.doesAccept(Object)
P:Pseudostate$Impl  ID: -84-20-10-3-701be563:1652ef27f14:-8000:000000000000097E  MID: -84-20-10-3-701be563:1652ef27f14:-8000:0000000000000511  OPCKG: -84-20-10-3-701be563:1652ef27f14:-8000:0000000000000877
M:DiagramElement org.argouml.uml.diagram.activity.ui.UMLActivityDiagram.createDiagramElement(Object, Rectangle)
P:Pseudostate$Impl  ID: -84-20-10-3-701be563:1652ef27f14:-8000:000000000000097E  MID: -84-20-10-3-701be563:1652ef27f14:-8000:0000000000000511  OPCKG: -84-20-10-3-701be563:1652ef27f14:-8000:0000000000000877
M:boolean org.argouml.uml.diagram.activity.ui.FigPool.getUseTrapRect()
M:void org.argouml.uml.diagram.activity.ui.UMLActivityDiagram.encloserChanged(FigNode, FigNode, FigNode)
P:org.argouml.uml.diagram.state.ui.FigJunctionState@3f63b321
P:org.argouml.uml.diagram.activity.ui.FigPool@73b7ceb8
M:void org.argouml.uml.diagram.activity.ui.UMLActivityDiagram.changePartition(FigNode)
P:org.argouml.uml.diagram.state.ui.FigJunctionState@3f63b321
M:boolean org.argouml.uml.diagram.activity.ui.UMLActivityDiagram.isStateInPartition(Object, Object)
P:Pseudostate$Impl  ID: -84-20-10-3-701be563:1652ef27f14:-8000:000000000000097E  MID: -84-20-10-3-701be563:1652ef27f14:-8000:0000000000000511  OPCKG: -84-20-10-3-701be563:1652ef27f14:-8000:0000000000000877
P:Partition$Impl  ID: -84-20-10-3-701be563:1652ef27f14:-8000:0000000000000975  MID: -84-20-10-3-701be563:1652ef27f14:-8000:00000000000005DF  OPCKG: -84-20-10-3-701be563:1652ef27f14:-8000:0000000000000877
M:void org.argouml.uml.diagram.activity.ui.FigPool.addEnclosedFig(Fig)
P:org.argouml.uml.diagram.state.ui.FigJunctionState@3f63b321
M:Icon[] org.argouml.uml.diagram.activity.ui.SelectionActionState.getIcons()
M:String org.argouml.uml.diagram.activity.ui.SelectionActionState.getInstructions(int)
P:15
M:Icon[] org.argouml.uml.diagram.activity.ui.SelectionActionState.getIcons()
M:String org.argouml.uml.diagram.activity.ui.SelectionActionState.getInstructions(int)
P:15
M:Icon[] org.argouml.uml.diagram.activity.ui.SelectionActionState.getIcons()
M:boolean org.argouml.uml.diagram.activity.ui.FigPool.getUseTrapRect()
M:void org.argouml.uml.diagram.activity.ui.UMLActivityDiagram.encloserChanged(FigNode, FigNode, FigNode)
P:org.argouml.uml.diagram.state.ui.FigJunctionState@3f63b321
P:org.argouml.uml.diagram.activity.ui.FigPool@73b7ceb8
P:org.argouml.uml.diagram.activity.ui.FigPool@73b7ceb8
M:void org.argouml.uml.diagram.activity.ui.UMLActivityDiagram.changePartition(FigNode)
P:org.argouml.uml.diagram.state.ui.FigJunctionState@3f63b321
M:boolean org.argouml.uml.diagram.activity.ui.UMLActivityDiagram.isStateInPartition(Object, Object)
P:Pseudostate$Impl  ID: -84-20-10-3-701be563:1652ef27f14:-8000:000000000000097E  MID: -84-20-10-3-701be563:1652ef27f14:-8000:0000000000000511  OPCKG: -84-20-10-3-701be563:1652ef27f14:-8000:0000000000000877
P:Partition$Impl  ID: -84-20-10-3-701be563:1652ef27f14:-8000:0000000000000975  MID: -84-20-10-3-701be563:1652ef27f14:-8000:00000000000005DF  OPCKG: -84-20-10-3-701be563:1652ef27f14:-8000:0000000000000877
M:Icon[] org.argouml.uml.diagram.activity.ui.SelectionActionState.getIcons()
M:Dimension org.argouml.uml.diagram.activity.ui.FigPartition.getMinimumSize()
M:Dimension org.argouml.uml.diagram.activity.ui.FigPartition.getMinimumSize()
M:Dimension org.argouml.uml.diagram.activity.ui.FigPartition.getMinimumSize()
M:Dimension org.argouml.uml.diagram.activity.ui.FigPartition.getMinimumSize()
M:Dimension org.argouml.uml.diagram.activity.ui.FigPartition.getMinimumSize()
M:Dimension org.argouml.uml.diagram.activity.ui.FigPartition.getMinimumSize()
M:Icon[] org.argouml.uml.diagram.activity.ui.SelectionActionState.getIcons()
M:Icon[] org.argouml.uml.diagram.activity.ui.SelectionActionState.getIcons()
M:Icon[] org.argouml.uml.diagram.activity.ui.SelectionActionState.getIcons()
M:String org.argouml.uml.diagram.activity.ui.SelectionActionState.getInstructions(int)
P:15
M:FigNode org.argouml.uml.diagram.activity.ui.ActivityDiagramRenderer.getFigNodeFor(GraphModel, Layer, Object, Map)
P:org.argouml.uml.diagram.activity.ActivityDiagramGraphModel@77906d26
P:org.tigris.gef.base.LayerPerspectiveMutable@12720331[untitledModel]
P:Pseudostate$Impl  ID: -84-20-10-3-701be563:1652ef27f14:-8000:000000000000097F  MID: -84-20-10-3-701be563:1652ef27f14:-8000:0000000000000511  OPCKG: -84-20-10-3-701be563:1652ef27f14:-8000:0000000000000877
M:boolean org.argouml.uml.diagram.activity.ui.UMLActivityDiagram.doesAccept(Object)
P:Pseudostate$Impl  ID: -84-20-10-3-701be563:1652ef27f14:-8000:000000000000097F  MID: -84-20-10-3-701be563:1652ef27f14:-8000:0000000000000511  OPCKG: -84-20-10-3-701be563:1652ef27f14:-8000:0000000000000877
M:DiagramElement org.argouml.uml.diagram.activity.ui.UMLActivityDiagram.createDiagramElement(Object, Rectangle)
P:Pseudostate$Impl  ID: -84-20-10-3-701be563:1652ef27f14:-8000:000000000000097F  MID: -84-20-10-3-701be563:1652ef27f14:-8000:0000000000000511  OPCKG: -84-20-10-3-701be563:1652ef27f14:-8000:0000000000000877
M:boolean org.argouml.uml.diagram.activity.ui.FigPool.getUseTrapRect()
M:void org.argouml.uml.diagram.activity.ui.UMLActivityDiagram.encloserChanged(FigNode, FigNode, FigNode)
P:org.argouml.uml.diagram.state.ui.FigForkState@56537c07
P:org.argouml.uml.diagram.activity.ui.FigPool@73b7ceb8
M:void org.argouml.uml.diagram.activity.ui.UMLActivityDiagram.changePartition(FigNode)
P:org.argouml.uml.diagram.state.ui.FigForkState@56537c07
M:boolean org.argouml.uml.diagram.activity.ui.UMLActivityDiagram.isStateInPartition(Object, Object)
P:Pseudostate$Impl  ID: -84-20-10-3-701be563:1652ef27f14:-8000:000000000000097F  MID: -84-20-10-3-701be563:1652ef27f14:-8000:0000000000000511  OPCKG: -84-20-10-3-701be563:1652ef27f14:-8000:0000000000000877
P:Partition$Impl  ID: -84-20-10-3-701be563:1652ef27f14:-8000:0000000000000975  MID: -84-20-10-3-701be563:1652ef27f14:-8000:00000000000005DF  OPCKG: -84-20-10-3-701be563:1652ef27f14:-8000:0000000000000877
M:void org.argouml.uml.diagram.activity.ui.FigPool.addEnclosedFig(Fig)
P:org.argouml.uml.diagram.state.ui.FigForkState@56537c07
M:Icon[] org.argouml.uml.diagram.activity.ui.SelectionActionState.getIcons()
M:Dimension org.argouml.uml.diagram.activity.ui.FigPartition.getMinimumSize()
M:Dimension org.argouml.uml.diagram.activity.ui.FigPartition.getMinimumSize()
M:Dimension org.argouml.uml.diagram.activity.ui.FigPartition.getMinimumSize()
M:Dimension org.argouml.uml.diagram.activity.ui.FigPartition.getMinimumSize()
M:Icon[] org.argouml.uml.diagram.activity.ui.SelectionActionState.getIcons()
M:Icon[] org.argouml.uml.diagram.activity.ui.SelectionActionState.getIcons()
M:Icon[] org.argouml.uml.diagram.activity.ui.SelectionActionState.getIcons()
M:String org.argouml.uml.diagram.activity.ui.SelectionActionState.getInstructions(int)
P:12
M:Icon[] org.argouml.uml.diagram.activity.ui.SelectionActionState.getIcons()
M:String org.argouml.uml.diagram.activity.ui.SelectionActionState.getInstructions(int)
P:15
M:FigNode org.argouml.uml.diagram.activity.ui.ActivityDiagramRenderer.getFigNodeFor(GraphModel, Layer, Object, Map)
P:org.argouml.uml.diagram.activity.ActivityDiagramGraphModel@77906d26
P:org.tigris.gef.base.LayerPerspectiveMutable@12720331[untitledModel]
P:Pseudostate$Impl  ID: -84-20-10-3-701be563:1652ef27f14:-8000:0000000000000980  MID: -84-20-10-3-701be563:1652ef27f14:-8000:0000000000000511  OPCKG: -84-20-10-3-701be563:1652ef27f14:-8000:0000000000000877
M:boolean org.argouml.uml.diagram.activity.ui.UMLActivityDiagram.doesAccept(Object)
P:Pseudostate$Impl  ID: -84-20-10-3-701be563:1652ef27f14:-8000:0000000000000980  MID: -84-20-10-3-701be563:1652ef27f14:-8000:0000000000000511  OPCKG: -84-20-10-3-701be563:1652ef27f14:-8000:0000000000000877
M:DiagramElement org.argouml.uml.diagram.activity.ui.UMLActivityDiagram.createDiagramElement(Object, Rectangle)
P:Pseudostate$Impl  ID: -84-20-10-3-701be563:1652ef27f14:-8000:0000000000000980  MID: -84-20-10-3-701be563:1652ef27f14:-8000:0000000000000511  OPCKG: -84-20-10-3-701be563:1652ef27f14:-8000:0000000000000877
M:boolean org.argouml.uml.diagram.activity.ui.FigPool.getUseTrapRect()
M:void org.argouml.uml.diagram.activity.ui.UMLActivityDiagram.encloserChanged(FigNode, FigNode, FigNode)
P:org.argouml.uml.diagram.state.ui.FigJoinState@714ec60e
P:org.argouml.uml.diagram.activity.ui.FigPool@73b7ceb8
M:void org.argouml.uml.diagram.activity.ui.UMLActivityDiagram.changePartition(FigNode)
P:org.argouml.uml.diagram.state.ui.FigJoinState@714ec60e
M:boolean org.argouml.uml.diagram.activity.ui.UMLActivityDiagram.isStateInPartition(Object, Object)
P:Pseudostate$Impl  ID: -84-20-10-3-701be563:1652ef27f14:-8000:0000000000000980  MID: -84-20-10-3-701be563:1652ef27f14:-8000:0000000000000511  OPCKG: -84-20-10-3-701be563:1652ef27f14:-8000:0000000000000877
P:Partition$Impl  ID: -84-20-10-3-701be563:1652ef27f14:-8000:000000000000097B  MID: -84-20-10-3-701be563:1652ef27f14:-8000:00000000000005DF  OPCKG: -84-20-10-3-701be563:1652ef27f14:-8000:0000000000000877
M:void org.argouml.uml.diagram.activity.ui.FigPool.addEnclosedFig(Fig)
P:org.argouml.uml.diagram.state.ui.FigJoinState@714ec60e
M:Icon[] org.argouml.uml.diagram.activity.ui.SelectionActionState.getIcons()
M:Dimension org.argouml.uml.diagram.activity.ui.FigPartition.getMinimumSize()
M:Dimension org.argouml.uml.diagram.activity.ui.FigPartition.getMinimumSize()
M:Dimension org.argouml.uml.diagram.activity.ui.FigPartition.getMinimumSize()
M:Dimension org.argouml.uml.diagram.activity.ui.FigPartition.getMinimumSize()
M:Icon[] org.argouml.uml.diagram.activity.ui.SelectionActionState.getIcons()
M:Icon[] org.argouml.uml.diagram.activity.ui.SelectionActionState.getIcons()
M:String org.argouml.uml.diagram.activity.ui.SelectionActionState.getInstructions(int)
P:12
M:Icon[] org.argouml.uml.diagram.activity.ui.SelectionActionState.getIcons()
M:Icon[] org.argouml.uml.diagram.activity.ui.SelectionActionState.getIcons()
M:String org.argouml.uml.diagram.activity.ui.SelectionActionState.getInstructions(int)
P:15
M:void org.argouml.uml.diagram.activity.ui.SelectionActionState.setIncomingButtonEnabled(boolean)
P:false
M:void org.argouml.uml.diagram.activity.ui.SelectionActionState.setIncomingAboveButtonEnabled(boolean)
P:false
M:void org.argouml.uml.diagram.activity.ui.SelectionActionState.setIncomingLeftButtonEnabled(boolean)
P:false
M:void org.argouml.uml.diagram.activity.ui.SelectionActionState.setOutgoingButtonEnabled(boolean)
P:true
M:void org.argouml.uml.diagram.activity.ui.SelectionActionState.setOutgoingRightButtonEnabled(boolean)
P:true
M:void org.argouml.uml.diagram.activity.ui.SelectionActionState.setOutgoingBelowButtonEnabled(boolean)
P:true
M:Icon[] org.argouml.uml.diagram.activity.ui.SelectionActionState.getIcons()
M:boolean org.argouml.uml.diagram.activity.ui.FigPool.getUseTrapRect()
M:void org.argouml.uml.diagram.activity.ui.UMLActivityDiagram.encloserChanged(FigNode, FigNode, FigNode)
P:org.argouml.uml.diagram.state.ui.FigInitialState@644e4c7d
P:org.argouml.uml.diagram.activity.ui.FigPool@73b7ceb8
P:org.argouml.uml.diagram.activity.ui.FigPool@73b7ceb8
M:void org.argouml.uml.diagram.activity.ui.UMLActivityDiagram.changePartition(FigNode)
P:org.argouml.uml.diagram.state.ui.FigInitialState@644e4c7d
M:boolean org.argouml.uml.diagram.activity.ui.UMLActivityDiagram.isStateInPartition(Object, Object)
P:Pseudostate$Impl  ID: -84-20-10-3-701be563:1652ef27f14:-8000:0000000000000976  MID: -84-20-10-3-701be563:1652ef27f14:-8000:0000000000000511  OPCKG: -84-20-10-3-701be563:1652ef27f14:-8000:0000000000000877
P:Partition$Impl  ID: -84-20-10-3-701be563:1652ef27f14:-8000:000000000000097B  MID: -84-20-10-3-701be563:1652ef27f14:-8000:00000000000005DF  OPCKG: -84-20-10-3-701be563:1652ef27f14:-8000:0000000000000877
M:Icon[] org.argouml.uml.diagram.activity.ui.SelectionActionState.getIcons()
M:Dimension org.argouml.uml.diagram.activity.ui.FigPartition.getMinimumSize()
M:Dimension org.argouml.uml.diagram.activity.ui.FigPartition.getMinimumSize()
M:Icon[] org.argouml.uml.diagram.activity.ui.SelectionActionState.getIcons()
M:Icon[] org.argouml.uml.diagram.activity.ui.SelectionActionState.getIcons()
M:String org.argouml.uml.diagram.activity.ui.SelectionActionState.getInstructions(int)
P:13
M:Icon[] org.argouml.uml.diagram.activity.ui.SelectionActionState.getIcons()
M:String org.argouml.uml.diagram.activity.ui.SelectionActionState.getInstructions(int)
P:13
M:Icon[] org.argouml.uml.diagram.activity.ui.SelectionActionState.getIcons()
M:String org.argouml.uml.diagram.activity.ui.SelectionActionState.getInstructions(int)
P:13
M:Icon[] org.argouml.uml.diagram.activity.ui.SelectionActionState.getIcons()
M:String org.argouml.uml.diagram.activity.ui.SelectionActionState.getInstructions(int)
P:13
M:Icon[] org.argouml.uml.diagram.activity.ui.SelectionActionState.getIcons()
M:Icon[] org.argouml.uml.diagram.activity.ui.SelectionActionState.getIcons()
M:String org.argouml.uml.diagram.activity.ui.SelectionActionState.getInstructions(int)
P:15
M:Object org.argouml.uml.diagram.activity.ui.SelectionActionState.getNewNodeType(int)
P:13
M:Object org.argouml.uml.diagram.activity.ui.SelectionActionState.getNewEdgeType(int)
P:13
M:boolean org.argouml.uml.diagram.activity.ui.SelectionActionState.isReverseEdge(int)
P:13
M:Selection org.argouml.uml.diagram.activity.ui.FigPartition.makeSelection()
M:boolean org.argouml.uml.diagram.activity.ui.FigPartition.isFilled()
M:int org.argouml.uml.diagram.activity.ui.FigPartition.getLineWidth()
M:Color org.argouml.uml.diagram.activity.ui.FigPartition.getLineColor()
M:boolean org.argouml.uml.diagram.activity.ui.FigPartition.isFilled()
M:int org.argouml.uml.diagram.activity.ui.FigPartition.getLineWidth()
M:Color org.argouml.uml.diagram.activity.ui.FigPartition.getLineColor()
M:void org.argouml.uml.diagram.activity.ui.FigPartition.SelectionPartition.hitHandle(Rectangle, Handle)
P:java.awt.Rectangle[x=994,y=372,width=8,height=8]
P:org.tigris.gef.presentation.Handle@4f2f09e3
M:void org.argouml.uml.diagram.activity.ui.FigPartition.SelectionPartition.updateHandleBox()
M:boolean org.argouml.uml.diagram.activity.ui.FigPool.getUseTrapRect()
M:void org.argouml.uml.diagram.activity.ui.UMLActivityDiagram.encloserChanged(FigNode, FigNode, FigNode)
P:org.argouml.uml.diagram.activity.ui.FigPartition@760a231c
M:void org.argouml.uml.diagram.activity.ui.FigPartition.SelectionPartition.paint(Graphics)
P:sun.java2d.SunGraphics2D[font=java.awt.Font[family=Lucida Grande,name=Lucida Grande,style=plain,size=13],color=java.awt.Color[r=0,g=0,b=0]]
M:void org.argouml.uml.diagram.activity.ui.FigPartition.SelectionPartition.updateHandleBox()
M:void org.argouml.uml.diagram.activity.ui.FigPartition.SelectionPartition.hitHandle(Rectangle, Handle)
P:java.awt.Rectangle[x=994,y=372,width=8,height=8]
P:org.tigris.gef.presentation.Handle@173f130f
M:void org.argouml.uml.diagram.activity.ui.FigPartition.SelectionPartition.updateHandleBox()
M:void org.argouml.uml.diagram.activity.ui.FigPartition.SelectionPartition.hitHandle(Rectangle, Handle)
P:java.awt.Rectangle[x=994,y=372,width=8,height=8]
P:org.tigris.gef.presentation.Handle@42c925d9
M:void org.argouml.uml.diagram.activity.ui.FigPartition.SelectionPartition.updateHandleBox()
M:void org.argouml.uml.diagram.activity.ui.FigPartition.SelectionPartition.paint(Graphics)
P:sun.java2d.SunGraphics2D[font=java.awt.Font[family=Lucida Grande,name=Lucida Grande,style=plain,size=13],color=java.awt.Color[r=0,g=0,b=0]]
M:void org.argouml.uml.diagram.activity.ui.FigPartition.SelectionPartition.updateHandleBox()
M:void org.argouml.uml.diagram.activity.ui.FigPartition.SelectionPartition.hitHandle(Rectangle, Handle)
P:java.awt.Rectangle[x=998,y=476,width=0,height=0]
P:org.tigris.gef.presentation.Handle@35c40a1b
M:void org.argouml.uml.diagram.activity.ui.FigPartition.SelectionPartition.updateHandleBox()
M:List org.argouml.uml.diagram.activity.ui.FigPartition.getDragDependencies()
M:List org.argouml.uml.diagram.activity.ui.FigPartition.getPartitions(Layer)
P:org.tigris.gef.base.LayerPerspectiveMutable@12720331[untitledModel]
M:FigPool org.argouml.uml.diagram.activity.ui.FigPartition.getFigPool()
M:FigPool org.argouml.uml.diagram.activity.ui.FigPartition.getFigPool()
M:List org.argouml.uml.diagram.activity.ui.FigPartition.getDragDependencies()
M:List org.argouml.uml.diagram.activity.ui.FigPartition.getPartitions(Layer)
P:org.tigris.gef.base.LayerPerspectiveMutable@12720331[untitledModel]
M:FigPool org.argouml.uml.diagram.activity.ui.FigPartition.getFigPool()
M:FigPool org.argouml.uml.diagram.activity.ui.FigPartition.getFigPool()
M:void org.argouml.uml.diagram.activity.ui.FigPartition.SelectionPartition.dragHandle(int, int, int, int, Handle)
P:1000
P:480
P:998
P:376
P:org.tigris.gef.presentation.Handle@42c925d9
M:void org.argouml.uml.diagram.activity.ui.FigPartition.SelectionPartition.updateHandleBox()
M:Dimension org.argouml.uml.diagram.activity.ui.FigPartition.getMinimumSize()
M:FigPartition org.argouml.uml.diagram.activity.ui.FigPartition.access$100(FigPartition)
P:org.argouml.uml.diagram.activity.ui.FigPartition@760a231c
M:void org.argouml.uml.diagram.activity.ui.FigPartition.SelectionPartition.setHandleBox(FigPartition, int, int, int, int)
P:640
P:88
P:360
P:392
M:List org.argouml.uml.diagram.activity.ui.FigPartition.access$200(FigPartition, Layer)
P:org.argouml.uml.diagram.activity.ui.FigPartition@760a231c
P:org.tigris.gef.base.LayerPerspectiveMutable@12720331[untitledModel]
M:List org.argouml.uml.diagram.activity.ui.FigPartition.getPartitions(Layer)
P:org.tigris.gef.base.LayerPerspectiveMutable@12720331[untitledModel]
M:void org.argouml.uml.diagram.activity.ui.FigPartition.setStandardBounds(int, int, int, int)
P:80
P:88
P:560
P:392
M:void org.argouml.uml.diagram.activity.ui.FigPartition.setStandardBounds(int, int, int, int)
P:640
P:88
P:360
P:392
M:FigPool org.argouml.uml.diagram.activity.ui.FigPartition.access$300(FigPartition)
P:org.argouml.uml.diagram.activity.ui.FigPartition@760a231c
M:FigPool org.argouml.uml.diagram.activity.ui.FigPartition.getFigPool()
M:void org.argouml.uml.diagram.activity.ui.FigPool.setStandardBounds(int, int, int, int)
P:80
P:88
P:920
P:392
M:void org.argouml.uml.diagram.activity.ui.FigPartition.SelectionPartition.paint(Graphics)
P:sun.java2d.SunGraphics2D[font=java.awt.Font[family=Lucida Grande,name=Lucida Grande,style=plain,size=13],color=java.awt.Color[r=0,g=0,b=0]]
M:void org.argouml.uml.diagram.activity.ui.FigPartition.SelectionPartition.updateHandleBox()
M:boolean org.argouml.uml.diagram.activity.ui.FigPool.getUseTrapRect()
M:void org.argouml.uml.diagram.activity.ui.UMLActivityDiagram.encloserChanged(FigNode, FigNode, FigNode)
P:org.argouml.uml.diagram.activity.ui.FigPartition@760a231c
M:void org.argouml.uml.diagram.activity.ui.FigPartition.SelectionPartition.paint(Graphics)
P:sun.java2d.SunGraphics2D[font=java.awt.Font[family=Lucida Grande,name=Lucida Grande,style=plain,size=13],color=java.awt.Color[r=0,g=0,b=0]]
M:void org.argouml.uml.diagram.activity.ui.FigPartition.SelectionPartition.updateHandleBox()
M:void org.argouml.uml.diagram.activity.ui.FigPartition.SelectionPartition.hitHandle(Rectangle, Handle)
P:java.awt.Rectangle[x=295,y=283,width=0,height=0]
P:org.tigris.gef.presentation.Handle@13c9e0e
M:void org.argouml.uml.diagram.activity.ui.FigPartition.SelectionPartition.updateHandleBox()
M:void org.argouml.uml.diagram.activity.ui.FigPartition.SelectionPartition.hitHandle(Rectangle, Handle)
P:java.awt.Rectangle[x=291,y=279,width=8,height=8]
P:org.tigris.gef.presentation.Handle@698d8a2b
M:void org.argouml.uml.diagram.activity.ui.FigPartition.SelectionPartition.updateHandleBox()
M:Icon[] org.argouml.uml.diagram.activity.ui.SelectionActionState.getIcons()
M:boolean org.argouml.uml.diagram.activity.ui.FigPool.getUseTrapRect()
M:void org.argouml.uml.diagram.activity.ui.UMLActivityDiagram.encloserChanged(FigNode, FigNode, FigNode)
P:org.argouml.uml.diagram.state.ui.FigJoinState@714ec60e
P:org.argouml.uml.diagram.activity.ui.FigPool@73b7ceb8
P:org.argouml.uml.diagram.activity.ui.FigPool@73b7ceb8
M:void org.argouml.uml.diagram.activity.ui.UMLActivityDiagram.changePartition(FigNode)
P:org.argouml.uml.diagram.state.ui.FigJoinState@714ec60e
M:boolean org.argouml.uml.diagram.activity.ui.UMLActivityDiagram.isStateInPartition(Object, Object)
P:Pseudostate$Impl  ID: -84-20-10-3-701be563:1652ef27f14:-8000:0000000000000980  MID: -84-20-10-3-701be563:1652ef27f14:-8000:0000000000000511  OPCKG: -84-20-10-3-701be563:1652ef27f14:-8000:0000000000000877
P:Partition$Impl  ID: -84-20-10-3-701be563:1652ef27f14:-8000:000000000000097B  MID: -84-20-10-3-701be563:1652ef27f14:-8000:00000000000005DF  OPCKG: -84-20-10-3-701be563:1652ef27f14:-8000:0000000000000877
M:Icon[] org.argouml.uml.diagram.activity.ui.SelectionActionState.getIcons()
M:Dimension org.argouml.uml.diagram.activity.ui.FigPartition.getMinimumSize()
M:Dimension org.argouml.uml.diagram.activity.ui.FigPartition.getMinimumSize()
M:Icon[] org.argouml.uml.diagram.activity.ui.SelectionActionState.getIcons()
M:Icon[] org.argouml.uml.diagram.activity.ui.SelectionActionState.getIcons()
M:String org.argouml.uml.diagram.activity.ui.SelectionActionState.getInstructions(int)
P:13
M:Icon[] org.argouml.uml.diagram.activity.ui.SelectionActionState.getIcons()
M:String org.argouml.uml.diagram.activity.ui.SelectionActionState.getInstructions(int)
P:13
M:Icon[] org.argouml.uml.diagram.activity.ui.SelectionActionState.getIcons()
M:String org.argouml.uml.diagram.activity.ui.SelectionActionState.getInstructions(int)
P:13
M:Icon[] org.argouml.uml.diagram.activity.ui.SelectionActionState.getIcons()
M:String org.argouml.uml.diagram.activity.ui.SelectionActionState.getInstructions(int)
P:13
M:Icon[] org.argouml.uml.diagram.activity.ui.SelectionActionState.getIcons()
M:Icon[] org.argouml.uml.diagram.activity.ui.SelectionActionState.getIcons()
M:String org.argouml.uml.diagram.activity.ui.SelectionActionState.getInstructions(int)
P:15
M:Object org.argouml.uml.diagram.activity.ui.SelectionActionState.getNewNodeType(int)
P:13
M:Object org.argouml.uml.diagram.activity.ui.SelectionActionState.getNewEdgeType(int)
P:13
M:boolean org.argouml.uml.diagram.activity.ui.SelectionActionState.isReverseEdge(int)
P:13
M:FigNode org.argouml.uml.diagram.activity.ui.ActivityDiagramRenderer.getFigNodeFor(GraphModel, Layer, Object, Map)
P:org.argouml.uml.diagram.activity.ActivityDiagramGraphModel@77906d26
P:org.tigris.gef.base.LayerPerspectiveMutable@12720331[untitledModel]
P:Pseudostate$Impl  ID: -84-20-10-3-701be563:1652ef27f14:-8000:0000000000000983  MID: -84-20-10-3-701be563:1652ef27f14:-8000:0000000000000511  OPCKG: -84-20-10-3-701be563:1652ef27f14:-8000:0000000000000877
M:boolean org.argouml.uml.diagram.activity.ui.UMLActivityDiagram.doesAccept(Object)
P:Pseudostate$Impl  ID: -84-20-10-3-701be563:1652ef27f14:-8000:0000000000000983  MID: -84-20-10-3-701be563:1652ef27f14:-8000:0000000000000511  OPCKG: -84-20-10-3-701be563:1652ef27f14:-8000:0000000000000877
M:DiagramElement org.argouml.uml.diagram.activity.ui.UMLActivityDiagram.createDiagramElement(Object, Rectangle)
P:Pseudostate$Impl  ID: -84-20-10-3-701be563:1652ef27f14:-8000:0000000000000983  MID: -84-20-10-3-701be563:1652ef27f14:-8000:0000000000000511  OPCKG: -84-20-10-3-701be563:1652ef27f14:-8000:0000000000000877
M:boolean org.argouml.uml.diagram.activity.ui.FigPool.getUseTrapRect()
M:void org.argouml.uml.diagram.activity.ui.UMLActivityDiagram.encloserChanged(FigNode, FigNode, FigNode)
P:org.argouml.uml.diagram.state.ui.FigForkState@6d704b40
P:org.argouml.uml.diagram.activity.ui.FigPool@73b7ceb8
M:void org.argouml.uml.diagram.activity.ui.UMLActivityDiagram.changePartition(FigNode)
P:org.argouml.uml.diagram.state.ui.FigForkState@6d704b40
M:boolean org.argouml.uml.diagram.activity.ui.UMLActivityDiagram.isStateInPartition(Object, Object)
P:Pseudostate$Impl  ID: -84-20-10-3-701be563:1652ef27f14:-8000:0000000000000983  MID: -84-20-10-3-701be563:1652ef27f14:-8000:0000000000000511  OPCKG: -84-20-10-3-701be563:1652ef27f14:-8000:0000000000000877
P:Partition$Impl  ID: -84-20-10-3-701be563:1652ef27f14:-8000:000000000000097B  MID: -84-20-10-3-701be563:1652ef27f14:-8000:00000000000005DF  OPCKG: -84-20-10-3-701be563:1652ef27f14:-8000:0000000000000877
M:void org.argouml.uml.diagram.activity.ui.FigPool.addEnclosedFig(Fig)
P:org.argouml.uml.diagram.state.ui.FigForkState@6d704b40
M:Icon[] org.argouml.uml.diagram.activity.ui.SelectionActionState.getIcons()
M:Dimension org.argouml.uml.diagram.activity.ui.FigPartition.getMinimumSize()
M:Dimension org.argouml.uml.diagram.activity.ui.FigPartition.getMinimumSize()
M:Dimension org.argouml.uml.diagram.activity.ui.FigPartition.getMinimumSize()
M:Dimension org.argouml.uml.diagram.activity.ui.FigPartition.getMinimumSize()
M:Icon[] org.argouml.uml.diagram.activity.ui.SelectionActionState.getIcons()
M:Icon[] org.argouml.uml.diagram.activity.ui.SelectionActionState.getIcons()
M:String org.argouml.uml.diagram.activity.ui.SelectionActionState.getInstructions(int)
P:15
M:Icon[] org.argouml.uml.diagram.activity.ui.SelectionActionState.getIcons()
