S:F;T;T;T;T;T;F;T;T;F;U;T;U;T;F;T;F;F;F;T;T;T;F;T;T;F;F;T;F;F;T;F;F;T;F;F;T;F;T;F;T;T;T;F;U;T;F;T;F;T;F;T;T;T;T;T;T;F;F;T;T;U;F;F;F;F;F;F;T;F;T;F;T;T;T;F;U;U;T;T;F;T;F;F;F;T;T;F;T;F;T;F;T;T;T;F;F;F;T;F;F;F;F;T;F;F;T;F;F;T;F;F;T;T;F;F;F;F;F;F;F;F;F;F;F;T;F;T;F;F;F;T;T;F;F;F;T;F;T;T;F;F;F;F;F;F;F;F;F;T;T;F;T;T;F;U;U;T;T
A:clickOnFigActionState
M:Icon[] org.argouml.uml.diagram.activity.ui.SelectionActionState.getIcons()
M:String org.argouml.uml.diagram.activity.ui.SelectionActionState.getInstructions(int)
P:15
M:Icon[] org.argouml.uml.diagram.activity.ui.SelectionActionState.getIcons()
M:String org.argouml.uml.diagram.activity.ui.SelectionActionState.getInstructions(int)
P:15
M:boolean org.argouml.uml.diagram.activity.ui.FigActionState.isFilled()
M:Color org.argouml.uml.diagram.activity.ui.FigActionState.getFillColor()
M:int org.argouml.uml.diagram.activity.ui.FigActionState.getLineWidth()
M:Color org.argouml.uml.diagram.activity.ui.FigActionState.getLineColor()
M:boolean org.argouml.uml.diagram.activity.ui.FigActionState.isFilled()
M:Color org.argouml.uml.diagram.activity.ui.FigActionState.getFillColor()
M:int org.argouml.uml.diagram.activity.ui.FigActionState.getLineWidth()
M:Color org.argouml.uml.diagram.activity.ui.FigActionState.getLineColor()
M:Icon[] org.argouml.uml.diagram.activity.ui.SelectionActionState.getIcons()
M:boolean org.argouml.uml.diagram.activity.ui.FigPool.getUseTrapRect()
M:void org.argouml.uml.diagram.activity.ui.UMLActivityDiagram.encloserChanged(FigNode, FigNode, FigNode)
P:org.argouml.uml.diagram.activity.ui.FigActionState@1463edd5
P:org.argouml.uml.diagram.activity.ui.FigPool@714cb82f
P:org.argouml.uml.diagram.activity.ui.FigPool@714cb82f
M:void org.argouml.uml.diagram.activity.ui.UMLActivityDiagram.changePartition(FigNode)
P:org.argouml.uml.diagram.activity.ui.FigActionState@1463edd5
M:boolean org.argouml.uml.diagram.activity.ui.UMLActivityDiagram.isStateInPartition(Object, Object)
P:ActionState$Impl  ID: -64--88-1-3-196bde17:16505343181:-8000:000000000000097D  MID: -64--88-1-3-196bde17:16505343181:-8000:00000000000005E9  OPCKG: -64--88-1-3-196bde17:16505343181:-8000:000000000000087B
P:Partition$Impl  ID: -64--88-1-3-196bde17:16505343181:-8000:0000000000000979  MID: -64--88-1-3-196bde17:16505343181:-8000:00000000000005DF  OPCKG: -64--88-1-3-196bde17:16505343181:-8000:000000000000087B
M:boolean org.argouml.uml.diagram.activity.ui.UMLActivityDiagram.isStateInPartition(Object, Object)
P:ActionState$Impl  ID: -64--88-1-3-196bde17:16505343181:-8000:000000000000097D  MID: -64--88-1-3-196bde17:16505343181:-8000:00000000000005E9  OPCKG: -64--88-1-3-196bde17:16505343181:-8000:000000000000087B
P:Partition$Impl  ID: -64--88-1-3-196bde17:16505343181:-8000:000000000000097B  MID: -64--88-1-3-196bde17:16505343181:-8000:00000000000005DF  OPCKG: -64--88-1-3-196bde17:16505343181:-8000:000000000000087B
M:void org.argouml.uml.diagram.activity.ui.FigActionState.modelChanged(PropertyChangeEvent)
P:org.argouml.model.AddAssociationEvent[propertyName=partition; oldValue=null; newValue=Partition$Impl  ID: -64--88-1-3-196bde17:16505343181:-8000:000000000000097A  MID: -64--88-1-3-196bde17:16505343181:-8000:00000000000005DF  OPCKG: -64--88-1-3-196bde17:16505343181:-8000:000000000000087B; propagationId=null; source=ActionState$Impl  ID: -64--88-1-3-196bde17:16505343181:-8000:000000000000097D  MID: -64--88-1-3-196bde17:16505343181:-8000:00000000000005E9  OPCKG: -64--88-1-3-196bde17:16505343181:-8000:000000000000087B]: org.netbeans.api.mdr.events.AssociationEvent[source=AContentsPartition$Impl  ID: -64--88-1-3-196bde17:16505343181:-8000:000000000000096B  MID: -64--88-1-3-196bde17:16505343181:-8000:00000000000005FB  OPCKG: -64--88-1-3-196bde17:16505343181:-8000:000000000000087B]
M:int org.argouml.uml.diagram.activity.ui.FigActionState.getNotationProviderType()
M:Dimension org.argouml.uml.diagram.activity.ui.FigActionState.getMinimumSize()
M:Dimension org.argouml.uml.diagram.activity.ui.FigActionState.getMinimumSize()
M:void org.argouml.uml.diagram.activity.ui.FigActionState.setStandardBounds(int, int, int, int)
P:208
P:64
P:117
P:36
M:Dimension org.argouml.uml.diagram.activity.ui.FigActionState.getMinimumSize()
M:void org.argouml.uml.diagram.activity.ui.FigActionState.modelChanged(PropertyChangeEvent)
P:org.argouml.model.AttributeChangeEvent[propertyName=partition; oldValue=null; newValue=Partition$Impl  ID: -64--88-1-3-196bde17:16505343181:-8000:000000000000097A  MID: -64--88-1-3-196bde17:16505343181:-8000:00000000000005DF  OPCKG: -64--88-1-3-196bde17:16505343181:-8000:000000000000087B; propagationId=null; source=ActionState$Impl  ID: -64--88-1-3-196bde17:16505343181:-8000:000000000000097D  MID: -64--88-1-3-196bde17:16505343181:-8000:00000000000005E9  OPCKG: -64--88-1-3-196bde17:16505343181:-8000:000000000000087B]: org.netbeans.api.mdr.events.AssociationEvent[source=AContentsPartition$Impl  ID: -64--88-1-3-196bde17:16505343181:-8000:000000000000096B  MID: -64--88-1-3-196bde17:16505343181:-8000:00000000000005FB  OPCKG: -64--88-1-3-196bde17:16505343181:-8000:000000000000087B]
M:int org.argouml.uml.diagram.activity.ui.FigActionState.getNotationProviderType()
M:Dimension org.argouml.uml.diagram.activity.ui.FigActionState.getMinimumSize()
M:Dimension org.argouml.uml.diagram.activity.ui.FigActionState.getMinimumSize()
M:Icon[] org.argouml.uml.diagram.activity.ui.SelectionActionState.getIcons()
M:void org.argouml.uml.diagram.activity.ui.FigActionState.setStandardBounds(int, int, int, int)
P:208
P:64
P:117
P:36
M:Dimension org.argouml.uml.diagram.activity.ui.FigActionState.getMinimumSize()
M:Icon[] org.argouml.uml.diagram.activity.ui.SelectionActionState.getIcons()
M:Dimension org.argouml.uml.diagram.activity.ui.FigActionState.getMinimumSize()
M:Dimension org.argouml.uml.diagram.activity.ui.FigActionState.getMinimumSize()
M:Dimension org.argouml.uml.diagram.activity.ui.FigPartition.getMinimumSize()
M:Dimension org.argouml.uml.diagram.activity.ui.FigPartition.getMinimumSize()
M:Icon[] org.argouml.uml.diagram.activity.ui.SelectionActionState.getIcons()
M:Icon[] org.argouml.uml.diagram.activity.ui.SelectionActionState.getIcons()
M:Icon[] org.argouml.uml.diagram.activity.ui.SelectionActionState.getIcons()
M:String org.argouml.uml.diagram.activity.ui.SelectionActionState.getInstructions(int)
P:13
S:F;T;T;T;T;T;F;T;T;F;U;T;U;T;F;T;F;F;F;T;T;T;F;T;T;F;F;T;F;F;T;F;F;T;F;F;T;F;T;F;T;T;T;F;U;T;F;T;F;T;F;T;T;T;T;T;T;F;F;T;T;U;F;F;F;F;F;F;T;F;T;F;T;T;T;F;U;U;T;T;F;T;F;F;F;T;T;F;T;F;T;F;T;T;T;F;F;F;T;F;F;F;F;T;F;F;T;F;F;T;F;F;T;T;F;F;F;F;F;F;F;F;F;F;F;T;F;T;F;F;F;T;T;F;F;F;T;F;T;T;F;F;F;F;F;F;F;F;F;T;T;F;T;T;F;U;U;T;T
