S:F;T;T;T;T;T;F;T;T;F;U;T;T;T;F;T;F;F;F;T;T;T;F;T;T;U;F;T;F;F;T;F;F;T;F;F;T;F;T;F;T;T;T;F;U;T;F;U;U;U;U;T;T;T;T;T;T;F;F;T;T;U;F;F;F;F;F;F;T;F;T;F;T;U;U;F;U;U;U;F;F;T;F;F;F;T;T;F;F;F;T;F;T;T;T;F;F;F;T;F;F;F;F;T;F;F;T;F;U;T;F;F;T;T;F;F;T;F;F;F;F;F;F;F;F;T;F;T;F;F;F;T;T;F;F;F;T;F;T;T;F;F;F;F;F;F;F;F;F;T;T;U;T;T;F;U;F;T;T
A:clickOnFigPartition
M:Icon[] org.argouml.uml.diagram.activity.ui.SelectionActionState.getIcons()
M:String org.argouml.uml.diagram.activity.ui.SelectionActionState.getInstructions(int)
P:11
M:Icon[] org.argouml.uml.diagram.activity.ui.SelectionActionState.getIcons()
M:String org.argouml.uml.diagram.activity.ui.SelectionActionState.getInstructions(int)
P:11
M:Icon[] org.argouml.uml.diagram.activity.ui.SelectionActionState.getIcons()
M:String org.argouml.uml.diagram.activity.ui.SelectionActionState.getInstructions(int)
P:11
M:Icon[] org.argouml.uml.diagram.activity.ui.SelectionActionState.getIcons()
M:Icon[] org.argouml.uml.diagram.activity.ui.SelectionActionState.getIcons()
M:String org.argouml.uml.diagram.activity.ui.SelectionActionState.getInstructions(int)
P:15
M:Object org.argouml.uml.diagram.activity.ui.SelectionActionState.getNewNodeType(int)
P:11
M:Object org.argouml.uml.diagram.activity.ui.SelectionActionState.getNewEdgeType(int)
P:11
M:boolean org.argouml.uml.diagram.activity.ui.SelectionActionState.isReverseEdge(int)
P:11
M:void org.argouml.uml.diagram.activity.ui.FigActionState.modelChanged(PropertyChangeEvent)
P:org.argouml.model.AddAssociationEvent[propertyName=outgoing; oldValue=null; newValue=Transition$Impl  ID: -84-20-10-3--5c265eb4:16528a4e2a4:-8000:0000000000000979  MID: -84-20-10-3--5c265eb4:16528a4e2a4:-8000:0000000000000507  OPCKG: -84-20-10-3--5c265eb4:16528a4e2a4:-8000:0000000000000875; propagationId=null; source=ActionState$Impl  ID: -84-20-10-3--5c265eb4:16528a4e2a4:-8000:0000000000000976  MID: -84-20-10-3--5c265eb4:16528a4e2a4:-8000:00000000000005E9  OPCKG: -84-20-10-3--5c265eb4:16528a4e2a4:-8000:0000000000000875]: org.netbeans.api.mdr.events.AssociationEvent[source=AOutgoingSource$Impl  ID: -84-20-10-3--5c265eb4:16528a4e2a4:-8000:0000000000000932  MID: -84-20-10-3--5c265eb4:16528a4e2a4:-8000:0000000000000546  OPCKG: -84-20-10-3--5c265eb4:16528a4e2a4:-8000:0000000000000875]
M:void org.argouml.uml.diagram.activity.ui.FigActionState.modelChanged(PropertyChangeEvent)
P:org.argouml.model.AttributeChangeEvent[propertyName=outgoing; oldValue=null; newValue=Transition$Impl  ID: -84-20-10-3--5c265eb4:16528a4e2a4:-8000:0000000000000979  MID: -84-20-10-3--5c265eb4:16528a4e2a4:-8000:0000000000000507  OPCKG: -84-20-10-3--5c265eb4:16528a4e2a4:-8000:0000000000000875; propagationId=null; source=ActionState$Impl  ID: -84-20-10-3--5c265eb4:16528a4e2a4:-8000:0000000000000976  MID: -84-20-10-3--5c265eb4:16528a4e2a4:-8000:00000000000005E9  OPCKG: -84-20-10-3--5c265eb4:16528a4e2a4:-8000:0000000000000875]: org.netbeans.api.mdr.events.AssociationEvent[source=AOutgoingSource$Impl  ID: -84-20-10-3--5c265eb4:16528a4e2a4:-8000:0000000000000932  MID: -84-20-10-3--5c265eb4:16528a4e2a4:-8000:0000000000000546  OPCKG: -84-20-10-3--5c265eb4:16528a4e2a4:-8000:0000000000000875]
M:Dimension org.argouml.uml.diagram.activity.ui.FigActionState.getMinimumSize()
M:Dimension org.argouml.uml.diagram.activity.ui.FigActionState.getMinimumSize()
S:F;T;T;T;T;T;F;T;T;F;U;T;T;T;F;T;F;F;F;T;T;T;F;T;T;U;F;T;F;F;T;F;F;T;F;F;T;F;T;F;T;T;T;F;U;T;F;U;U;U;U;T;T;T;T;T;T;F;F;T;T;U;F;F;F;F;F;F;T;F;T;F;T;U;U;F;U;U;U;F;F;T;F;F;F;T;T;F;F;F;T;F;T;T;T;F;F;F;T;F;F;F;F;T;F;F;T;F;U;T;F;F;T;T;F;F;T;F;F;F;F;F;F;F;F;T;F;T;F;F;F;T;T;F;F;F;T;F;T;T;F;F;F;F;F;F;F;F;F;T;T;U;T;T;F;U;F;T;T
