M:Icon[] org.argouml.uml.diagram.activity.ui.SelectionActionState.getIcons()
M:Icon[] org.argouml.uml.diagram.activity.ui.SelectionActionState.getIcons()
M:String org.argouml.uml.diagram.activity.ui.SelectionActionState.getInstructions(int)
P:13
M:Icon[] org.argouml.uml.diagram.activity.ui.SelectionActionState.getIcons()
M:String org.argouml.uml.diagram.activity.ui.SelectionActionState.getInstructions(int)
P:13
M:Icon[] org.argouml.uml.diagram.activity.ui.SelectionActionState.getIcons()
M:String org.argouml.uml.diagram.activity.ui.SelectionActionState.getInstructions(int)
P:13
M:Icon[] org.argouml.uml.diagram.activity.ui.SelectionActionState.getIcons()
M:String org.argouml.uml.diagram.activity.ui.SelectionActionState.getInstructions(int)
P:13
M:Icon[] org.argouml.uml.diagram.activity.ui.SelectionActionState.getIcons()
M:Icon[] org.argouml.uml.diagram.activity.ui.SelectionActionState.getIcons()
M:String org.argouml.uml.diagram.activity.ui.SelectionActionState.getInstructions(int)
P:15
M:Object org.argouml.uml.diagram.activity.ui.SelectionActionState.getNewNodeType(int)
P:13
M:Object org.argouml.uml.diagram.activity.ui.SelectionActionState.getNewEdgeType(int)
P:13
M:boolean org.argouml.uml.diagram.activity.ui.SelectionActionState.isReverseEdge(int)
P:13
M:Object org.argouml.uml.diagram.activity.ui.FigObjectFlowState.getOwner(NotationProvider)
P:org.argouml.notation.providers.uml.ObjectFlowStateStateNotationUml@26624423
M:NotationSettings org.argouml.uml.diagram.activity.ui.FigObjectFlowState.getNotationSettings(NotationProvider)
P:org.argouml.notation.providers.uml.ObjectFlowStateStateNotationUml@26624423
M:void org.argouml.uml.diagram.activity.ui.FigObjectFlowState.notationRenderingChanged(NotationProvider, String)
P:org.argouml.notation.providers.uml.ObjectFlowStateStateNotationUml@26624423
P:
M:Object org.argouml.uml.diagram.activity.ui.FigObjectFlowState.getOwner(NotationProvider)
P:org.argouml.notation.providers.uml.ObjectFlowStateTypeNotationUml@43fe4b9
M:NotationSettings org.argouml.uml.diagram.activity.ui.FigObjectFlowState.getNotationSettings(NotationProvider)
P:org.argouml.notation.providers.uml.ObjectFlowStateTypeNotationUml@43fe4b9
M:void org.argouml.uml.diagram.activity.ui.FigObjectFlowState.notationRenderingChanged(NotationProvider, String)
P:org.argouml.notation.providers.uml.ObjectFlowStateTypeNotationUml@43fe4b9
P:
M:Dimension org.argouml.uml.diagram.activity.ui.FigObjectFlowState.getMinimumSize()
M:Object org.argouml.uml.diagram.activity.ui.FigObjectFlowState.getOwner(NotationProvider)
P:org.argouml.notation.providers.uml.ObjectFlowStateStateNotationUml@60bad6dc
M:NotationSettings org.argouml.uml.diagram.activity.ui.FigObjectFlowState.getNotationSettings(NotationProvider)
P:org.argouml.notation.providers.uml.ObjectFlowStateStateNotationUml@60bad6dc
M:void org.argouml.uml.diagram.activity.ui.FigObjectFlowState.notationRenderingChanged(NotationProvider, String)
P:org.argouml.notation.providers.uml.ObjectFlowStateStateNotationUml@60bad6dc
P:
M:Dimension org.argouml.uml.diagram.activity.ui.FigObjectFlowState.getMinimumSize()
M:Object org.argouml.uml.diagram.activity.ui.FigObjectFlowState.getOwner(NotationProvider)
P:org.argouml.notation.providers.uml.ObjectFlowStateStateNotationUml@26624423
M:NotationSettings org.argouml.uml.diagram.activity.ui.FigObjectFlowState.getNotationSettings(NotationProvider)
P:org.argouml.notation.providers.uml.ObjectFlowStateStateNotationUml@26624423
M:void org.argouml.uml.diagram.activity.ui.FigObjectFlowState.notationRenderingChanged(NotationProvider, String)
P:org.argouml.notation.providers.uml.ObjectFlowStateStateNotationUml@26624423
P:
M:Object org.argouml.uml.diagram.activity.ui.FigObjectFlowState.getOwner(NotationProvider)
P:org.argouml.notation.providers.uml.ObjectFlowStateTypeNotationUml@43fe4b9
