M:String org.argouml.uml.diagram.activity.ui.SelectionActionState.getInstructions(int)
P:15
M:Icon[] org.argouml.uml.diagram.activity.ui.SelectionActionState.getIcons()
M:String org.argouml.uml.diagram.activity.ui.SelectionActionState.getInstructions(int)
P:15
M:Icon[] org.argouml.uml.diagram.activity.ui.SelectionActionState.getIcons()
M:String org.argouml.uml.diagram.activity.ui.SelectionActionState.getInstructions(int)
P:15
M:Icon[] org.argouml.uml.diagram.activity.ui.SelectionActionState.getIcons()
M:String org.argouml.uml.diagram.activity.ui.SelectionActionState.getInstructions(int)
P:15
M:FigNode org.argouml.uml.diagram.activity.ui.ActivityDiagramRenderer.getFigNodeFor(GraphModel, Layer, Object, Map)
P:org.argouml.uml.diagram.activity.ActivityDiagramGraphModel@38fd34d
P:org.tigris.gef.base.LayerPerspectiveMutable@6d9e2e8c[untitledModel]
P:ActionState$Impl  ID: -84-20-10-3--7326bd27:16529fb3e06:-8000:0000000000000973  MID: -84-20-10-3--7326bd27:16529fb3e06:-8000:00000000000005E9  OPCKG: -84-20-10-3--7326bd27:16529fb3e06:-8000:0000000000000873
M:boolean org.argouml.uml.diagram.activity.ui.UMLActivityDiagram.doesAccept(Object)
P:ActionState$Impl  ID: -84-20-10-3--7326bd27:16529fb3e06:-8000:0000000000000973  MID: -84-20-10-3--7326bd27:16529fb3e06:-8000:00000000000005E9  OPCKG: -84-20-10-3--7326bd27:16529fb3e06:-8000:0000000000000873
M:DiagramElement org.argouml.uml.diagram.activity.ui.UMLActivityDiagram.createDiagramElement(Object, Rectangle)
P:ActionState$Impl  ID: -84-20-10-3--7326bd27:16529fb3e06:-8000:0000000000000973  MID: -84-20-10-3--7326bd27:16529fb3e06:-8000:00000000000005E9  OPCKG: -84-20-10-3--7326bd27:16529fb3e06:-8000:0000000000000873
M:Fig org.argouml.uml.diagram.activity.ui.FigActionState.createBigPortFig()
M:int org.argouml.uml.diagram.activity.ui.FigActionState.getNotationProviderType()
M:void org.argouml.uml.diagram.activity.ui.FigActionState.initializeActionState()
M:void org.argouml.uml.diagram.activity.ui.FigActionState.setStandardBounds(int, int, int, int)
P:10
P:10
P:117
P:30
M:boolean org.argouml.uml.diagram.activity.ui.FigPool.getUseTrapRect()
M:void org.argouml.uml.diagram.activity.ui.FigActionState.modelChanged(PropertyChangeEvent)
P:org.argouml.model.AddAssociationEvent[propertyName=container; oldValue=null; newValue=CompositeState$Impl  ID: -84-20-10-3--7326bd27:16529fb3e06:-8000:0000000000000970  MID: -84-20-10-3--7326bd27:16529fb3e06:-8000:000000000000050A  OPCKG: -84-20-10-3--7326bd27:16529fb3e06:-8000:0000000000000873; propagationId=null; source=ActionState$Impl  ID: -84-20-10-3--7326bd27:16529fb3e06:-8000:0000000000000973  MID: -84-20-10-3--7326bd27:16529fb3e06:-8000:00000000000005E9  OPCKG: -84-20-10-3--7326bd27:16529fb3e06:-8000:0000000000000873]: org.netbeans.api.mdr.events.AssociationEvent[source=AContainerSubvertex$Impl  ID: -84-20-10-3--7326bd27:16529fb3e06:-8000:000000000000092B  MID: -84-20-10-3--7326bd27:16529fb3e06:-8000:0000000000000537  OPCKG: -84-20-10-3--7326bd27:16529fb3e06:-8000:0000000000000873]
M:void org.argouml.uml.diagram.activity.ui.UMLActivityDiagram.encloserChanged(FigNode, FigNode, FigNode)
P:org.argouml.uml.diagram.activity.ui.FigActionState@6c002c94
P:org.argouml.uml.diagram.activity.ui.FigPool@8039997
M:int org.argouml.uml.diagram.activity.ui.FigActionState.getNotationProviderType()
M:void org.argouml.uml.diagram.activity.ui.UMLActivityDiagram.changePartition(FigNode)
P:org.argouml.uml.diagram.activity.ui.FigActionState@6c002c94
M:Dimension org.argouml.uml.diagram.activity.ui.FigActionState.getMinimumSize()
M:void org.argouml.uml.diagram.activity.ui.FigPool.addEnclosedFig(Fig)
P:org.argouml.uml.diagram.activity.ui.FigActionState@6c002c94
M:void org.argouml.uml.diagram.activity.ui.FigActionState.setStandardBounds(int, int, int, int)
P:64
P:128
P:117
P:36
M:Dimension org.argouml.uml.diagram.activity.ui.FigActionState.getMinimumSize()
M:void org.argouml.uml.diagram.activity.ui.FigActionState.setStandardBounds(int, int, int, int)
P:64
P:128
P:117
P:36
M:Dimension org.argouml.uml.diagram.activity.ui.FigActionState.getMinimumSize()
M:void org.argouml.uml.diagram.activity.ui.FigActionState.modelChanged(PropertyChangeEvent)
P:org.argouml.model.AttributeChangeEvent[propertyName=container; oldValue=null; newValue=CompositeState$Impl  ID: -84-20-10-3--7326bd27:16529fb3e06:-8000:0000000000000970  MID: -84-20-10-3--7326bd27:16529fb3e06:-8000:000000000000050A  OPCKG: -84-20-10-3--7326bd27:16529fb3e06:-8000:0000000000000873; propagationId=null; source=ActionState$Impl  ID: -84-20-10-3--7326bd27:16529fb3e06:-8000:0000000000000973  MID: -84-20-10-3--7326bd27:16529fb3e06:-8000:00000000000005E9  OPCKG: -84-20-10-3--7326bd27:16529fb3e06:-8000:0000000000000873]: org.netbeans.api.mdr.events.AssociationEvent[source=AContainerSubvertex$Impl  ID: -84-20-10-3--7326bd27:16529fb3e06:-8000:000000000000092B  MID: -84-20-10-3--7326bd27:16529fb3e06:-8000:0000000000000537  OPCKG: -84-20-10-3--7326bd27:16529fb3e06:-8000:0000000000000873]
M:int org.argouml.uml.diagram.activity.ui.FigActionState.getNotationProviderType()
M:Dimension org.argouml.uml.diagram.activity.ui.FigActionState.getMinimumSize()
M:Dimension org.argouml.uml.diagram.activity.ui.FigActionState.getMinimumSize()
M:void org.argouml.uml.diagram.activity.ui.FigActionState.setStandardBounds(int, int, int, int)
P:64
P:128
P:117
P:36
M:Dimension org.argouml.uml.diagram.activity.ui.FigActionState.getMinimumSize()
M:int org.argouml.uml.diagram.activity.ui.FigActionState.getNotationProviderType()
M:Dimension org.argouml.uml.diagram.activity.ui.FigActionState.getMinimumSize()
M:Dimension org.argouml.uml.diagram.activity.ui.FigActionState.getMinimumSize()
M:Dimension org.argouml.uml.diagram.activity.ui.FigActionState.getMinimumSize()
M:boolean org.argouml.uml.diagram.activity.ui.FigPool.getUseTrapRect()
M:Dimension org.argouml.uml.diagram.activity.ui.FigActionState.getMinimumSize()
M:void org.argouml.uml.diagram.activity.ui.FigActionState.setStandardBounds(int, int, int, int)
P:64
P:128
P:117
P:36
M:void org.argouml.uml.diagram.activity.ui.FigActionState.modelChanged(PropertyChangeEvent)
P:org.argouml.model.AttributeChangeEvent[propertyName=partition; oldValue=null; newValue=Partition$Impl  ID: -84-20-10-3--7326bd27:16529fb3e06:-8000:0000000000000971  MID: -84-20-10-3--7326bd27:16529fb3e06:-8000:00000000000005DF  OPCKG: -84-20-10-3--7326bd27:16529fb3e06:-8000:0000000000000873; propagationId=null; source=ActionState$Impl  ID: -84-20-10-3--7326bd27:16529fb3e06:-8000:0000000000000973  MID: -84-20-10-3--7326bd27:16529fb3e06:-8000:00000000000005E9  OPCKG: -84-20-10-3--7326bd27:16529fb3e06:-8000:0000000000000873]: org.netbeans.api.mdr.events.AssociationEvent[source=AContentsPartition$Impl  ID: -84-20-10-3--7326bd27:16529fb3e06:-8000:0000000000000963  MID: -84-20-10-3--7326bd27:16529fb3e06:-8000:00000000000005FB  OPCKG: -84-20-10-3--7326bd27:16529fb3e06:-8000:0000000000000873]
M:Dimension org.argouml.uml.diagram.activity.ui.FigPartition.getMinimumSize()
M:Icon[] org.argouml.uml.diagram.activity.ui.SelectionActionState.getIcons()
M:void org.argouml.uml.diagram.activity.ui.SelectionActionState.setIncomingButtonEnabled(boolean)
P:false
M:void org.argouml.uml.diagram.activity.ui.SelectionActionState.setIncomingLeftButtonEnabled(boolean)
P:false
M:String org.argouml.uml.diagram.activity.ui.SelectionActionState.getInstructions(int)
P:11
M:void org.argouml.uml.diagram.activity.ui.FigPartition.SelectionPartition.updateHandleBox()
M:void org.argouml.uml.diagram.activity.ui.FigPartition.SelectionPartition.updateHandleBox()
M:Fig org.argouml.uml.diagram.activity.ui.FigPartition.createBigPortFig()
M:int org.argouml.uml.diagram.activity.ui.FigPartition.getLineWidth()
M:int org.argouml.uml.diagram.activity.ui.FigPartition.getLineWidth()
M:List org.argouml.uml.diagram.activity.ui.FigPartition.getPartitions(Layer)
P:org.tigris.gef.base.LayerPerspectiveMutable@6d9e2e8c[untitledModel]
M:void org.argouml.uml.diagram.activity.ui.FigPartition.SelectionPartition.paint(Graphics)
P:sun.java2d.SunGraphics2D[font=java.awt.Font[family=Lucida Grande,name=Lucida Grande,style=plain,size=13],color=java.awt.Color[r=0,g=0,b=0]]
M:void org.argouml.uml.diagram.activity.ui.FigPartition.SelectionPartition.updateHandleBox()
M:void org.argouml.uml.diagram.activity.ui.FigActionState.modelChanged(PropertyChangeEvent)
P:org.argouml.model.AttributeChangeEvent[propertyName=partition; oldValue=null; newValue=Partition$Impl  ID: -84-20-10-3--7326bd27:16529fb3e06:-8000:0000000000000975  MID: -84-20-10-3--7326bd27:16529fb3e06:-8000:00000000000005DF  OPCKG: -84-20-10-3--7326bd27:16529fb3e06:-8000:0000000000000873; propagationId=null; source=ActionState$Impl  ID: -84-20-10-3--7326bd27:16529fb3e06:-8000:0000000000000976  MID: -84-20-10-3--7326bd27:16529fb3e06:-8000:00000000000005E9  OPCKG: -84-20-10-3--7326bd27:16529fb3e06:-8000:0000000000000873]: org.netbeans.api.mdr.events.AssociationEvent[source=AContentsPartition$Impl  ID: -84-20-10-3--7326bd27:16529fb3e06:-8000:0000000000000963  MID: -84-20-10-3--7326bd27:16529fb3e06:-8000:00000000000005FB  OPCKG: -84-20-10-3--7326bd27:16529fb3e06:-8000:0000000000000873]
M:Dimension org.argouml.uml.diagram.activity.ui.FigActionState.getMinimumSize()
M:Color org.argouml.uml.diagram.activity.ui.FigActionState.getLineColor()
M:int org.argouml.uml.diagram.activity.ui.FigActionState.getNotationProviderType()
M:Dimension org.argouml.uml.diagram.activity.ui.FigActionState.getMinimumSize()
M:Dimension org.argouml.uml.diagram.activity.ui.FigActionState.getMinimumSize()
M:Dimension org.argouml.uml.diagram.activity.ui.FigPartition.getMinimumSize()
M:Icon[] org.argouml.uml.diagram.activity.ui.SelectionActionState.getIcons()
M:Icon[] org.argouml.uml.diagram.activity.ui.SelectionActionState.getIcons()
M:String org.argouml.uml.diagram.activity.ui.SelectionActionState.getInstructions(int)
P:13
M:Object org.argouml.uml.diagram.activity.ui.SelectionActionState.getNewEdgeType(int)
P:13
M:FigNode org.argouml.uml.diagram.activity.ui.ActivityDiagramRenderer.getFigNodeFor(GraphModel, Layer, Object, Map)
P:org.argouml.uml.diagram.activity.ActivityDiagramGraphModel@38fd34d
P:org.tigris.gef.base.LayerPerspectiveMutable@6d9e2e8c[untitledModel]
P:ActionState$Impl  ID: -84-20-10-3--7326bd27:16529fb3e06:-8000:0000000000000978  MID: -84-20-10-3--7326bd27:16529fb3e06:-8000:00000000000005E9  OPCKG: -84-20-10-3--7326bd27:16529fb3e06:-8000:0000000000000873
M:boolean org.argouml.uml.diagram.activity.ui.FigPool.getUseTrapRect()
M:Dimension org.argouml.uml.diagram.activity.ui.FigActionState.getMinimumSize()
M:void org.argouml.uml.diagram.activity.ui.FigActionState.setStandardBounds(int, int, int, int)
P:224
P:208
P:117
P:36
M:void org.argouml.uml.diagram.activity.ui.FigActionState.setStandardBounds(int, int, int, int)
P:224
P:208
P:117
P:36
M:int org.argouml.uml.diagram.activity.ui.FigActionState.getNotationProviderType()
M:Dimension org.argouml.uml.diagram.activity.ui.FigPartition.getMinimumSize()
M:Icon[] org.argouml.uml.diagram.activity.ui.SelectionActionState.getIcons()
M:Icon[] org.argouml.uml.diagram.activity.ui.SelectionActionState.getIcons()
M:Icon[] org.argouml.uml.diagram.activity.ui.SelectionActionState.getIcons()
M:String org.argouml.uml.diagram.activity.ui.SelectionActionState.getInstructions(int)
P:15
M:Dimension org.argouml.uml.diagram.activity.ui.FigActionState.getMinimumSize()
M:void org.argouml.uml.diagram.activity.ui.FigActionState.setStandardBounds(int, int, int, int)
P:224
P:128
P:117
P:36
M:Icon[] org.argouml.uml.diagram.activity.ui.SelectionActionState.getIcons()
M:Icon[] org.argouml.uml.diagram.activity.ui.SelectionActionState.getIcons()
M:String org.argouml.uml.diagram.activity.ui.SelectionActionState.getInstructions(int)
P:11
M:Icon[] org.argouml.uml.diagram.activity.ui.SelectionActionState.getIcons()
M:Dimension org.argouml.uml.diagram.activity.ui.FigActionState.getMinimumSize()
M:void org.argouml.uml.diagram.activity.ui.SelectionActionState.setOutgoingButtonEnabled(boolean)
P:false
M:Dimension org.argouml.uml.diagram.activity.ui.FigActionState.getMinimumSize()
M:Dimension org.argouml.uml.diagram.activity.ui.FigActionState.getMinimumSize()
M:Icon[] org.argouml.uml.diagram.activity.ui.SelectionActionState.getIcons()
M:int org.argouml.uml.diagram.activity.ui.FigPartition.getLineWidth()
M:boolean org.argouml.uml.diagram.activity.ui.FigPartition.isFilled()
M:void org.argouml.uml.diagram.activity.ui.FigPartition.SelectionPartition.paint(Graphics)
P:sun.java2d.SunGraphics2D[font=java.awt.Font[family=Lucida Grande,name=Lucida Grande,style=plain,size=13],color=java.awt.Color[r=0,g=0,b=0]]
M:boolean org.argouml.uml.diagram.activity.ui.FigPool.getUseTrapRect()
M:void org.argouml.uml.diagram.activity.ui.FigPartition.SelectionPartition.updateHandleBox()
