S:F;T;T;T;T;T;F;T;T;F;U;T;T;T;F;T;F;F;F;T;T;T;F;T;U;U;F;T;F;F;T;F;F;T;F;F;T;F;T;F;T;T;U;F;U;T;F;U;U;U;U;T;T;T;T;T;T;F;F;T;T;U;F;F;F;F;F;F;T;F;T;F;T;U;U;F;U;U;U;F;F;T;F;F;F;T;T;F;F;F;T;F;T;T;T;U;U;U;T;F;F;F;F;T;F;F;T;F;U;T;F;F;T;T;F;F;F;F;F;F;F;T;F;F;F;T;F;T;F;F;F;T;T;F;F;F;T;F;T;T;F;F;F;F;F;F;U;F;F;T;T;U;T;T;F;U;U;T;T
A:clickOnFigPartition
M:Icon[] org.argouml.uml.diagram.activity.ui.SelectionActionState.getIcons()
M:String org.argouml.uml.diagram.activity.ui.SelectionActionState.getInstructions(int)
P:11
M:Icon[] org.argouml.uml.diagram.activity.ui.SelectionActionState.getIcons()
M:String org.argouml.uml.diagram.activity.ui.SelectionActionState.getInstructions(int)
P:11
M:Icon[] org.argouml.uml.diagram.activity.ui.SelectionActionState.getIcons()
M:String org.argouml.uml.diagram.activity.ui.SelectionActionState.getInstructions(int)
P:11
M:Icon[] org.argouml.uml.diagram.activity.ui.SelectionActionState.getIcons()
M:Icon[] org.argouml.uml.diagram.activity.ui.SelectionActionState.getIcons()
M:String org.argouml.uml.diagram.activity.ui.SelectionActionState.getInstructions(int)
P:15
M:Object org.argouml.uml.diagram.activity.ui.SelectionActionState.getNewNodeType(int)
P:11
M:Object org.argouml.uml.diagram.activity.ui.SelectionActionState.getNewEdgeType(int)
P:11
M:boolean org.argouml.uml.diagram.activity.ui.SelectionActionState.isReverseEdge(int)
P:11
M:void org.argouml.uml.diagram.activity.ui.FigActionState.modelChanged(PropertyChangeEvent)
P:org.argouml.model.AddAssociationEvent[propertyName=outgoing; oldValue=null; newValue=Transition$Impl  ID: -64--88-1-3--5a0a4d1f:16505ec31bb:-8000:000000000000097F  MID: -64--88-1-3--5a0a4d1f:16505ec31bb:-8000:0000000000000507  OPCKG: -64--88-1-3--5a0a4d1f:16505ec31bb:-8000:0000000000000879; propagationId=null; source=ActionState$Impl  ID: -64--88-1-3--5a0a4d1f:16505ec31bb:-8000:000000000000097C  MID: -64--88-1-3--5a0a4d1f:16505ec31bb:-8000:00000000000005E9  OPCKG: -64--88-1-3--5a0a4d1f:16505ec31bb:-8000:0000000000000879]: org.netbeans.api.mdr.events.AssociationEvent[source=AOutgoingSource$Impl  ID: -64--88-1-3--5a0a4d1f:16505ec31bb:-8000:0000000000000936  MID: -64--88-1-3--5a0a4d1f:16505ec31bb:-8000:0000000000000546  OPCKG: -64--88-1-3--5a0a4d1f:16505ec31bb:-8000:0000000000000879]
M:void org.argouml.uml.diagram.activity.ui.FigActionState.modelChanged(PropertyChangeEvent)
P:org.argouml.model.AttributeChangeEvent[propertyName=outgoing; oldValue=null; newValue=Transition$Impl  ID: -64--88-1-3--5a0a4d1f:16505ec31bb:-8000:000000000000097F  MID: -64--88-1-3--5a0a4d1f:16505ec31bb:-8000:0000000000000507  OPCKG: -64--88-1-3--5a0a4d1f:16505ec31bb:-8000:0000000000000879; propagationId=null; source=ActionState$Impl  ID: -64--88-1-3--5a0a4d1f:16505ec31bb:-8000:000000000000097C  MID: -64--88-1-3--5a0a4d1f:16505ec31bb:-8000:00000000000005E9  OPCKG: -64--88-1-3--5a0a4d1f:16505ec31bb:-8000:0000000000000879]: org.netbeans.api.mdr.events.AssociationEvent[source=AOutgoingSource$Impl  ID: -64--88-1-3--5a0a4d1f:16505ec31bb:-8000:0000000000000936  MID: -64--88-1-3--5a0a4d1f:16505ec31bb:-8000:0000000000000546  OPCKG: -64--88-1-3--5a0a4d1f:16505ec31bb:-8000:0000000000000879]
M:void org.argouml.uml.diagram.activity.ui.FigActionState.modelChanged(PropertyChangeEvent)
P:org.argouml.model.AddAssociationEvent[propertyName=incoming; oldValue=null; newValue=Transition$Impl  ID: -64--88-1-3--5a0a4d1f:16505ec31bb:-8000:000000000000097F  MID: -64--88-1-3--5a0a4d1f:16505ec31bb:-8000:0000000000000507  OPCKG: -64--88-1-3--5a0a4d1f:16505ec31bb:-8000:0000000000000879; propagationId=null; source=CallState$Impl  ID: -64--88-1-3--5a0a4d1f:16505ec31bb:-8000:000000000000097E  MID: -64--88-1-3--5a0a4d1f:16505ec31bb:-8000:00000000000005EA  OPCKG: -64--88-1-3--5a0a4d1f:16505ec31bb:-8000:0000000000000879]: org.netbeans.api.mdr.events.AssociationEvent[source=AIncomingTarget$Impl  ID: -64--88-1-3--5a0a4d1f:16505ec31bb:-8000:0000000000000937  MID: -64--88-1-3--5a0a4d1f:16505ec31bb:-8000:0000000000000549  OPCKG: -64--88-1-3--5a0a4d1f:16505ec31bb:-8000:0000000000000879]
M:void org.argouml.uml.diagram.activity.ui.FigActionState.modelChanged(PropertyChangeEvent)
P:org.argouml.model.AttributeChangeEvent[propertyName=incoming; oldValue=null; newValue=Transition$Impl  ID: -64--88-1-3--5a0a4d1f:16505ec31bb:-8000:000000000000097F  MID: -64--88-1-3--5a0a4d1f:16505ec31bb:-8000:0000000000000507  OPCKG: -64--88-1-3--5a0a4d1f:16505ec31bb:-8000:0000000000000879; propagationId=null; source=CallState$Impl  ID: -64--88-1-3--5a0a4d1f:16505ec31bb:-8000:000000000000097E  MID: -64--88-1-3--5a0a4d1f:16505ec31bb:-8000:00000000000005EA  OPCKG: -64--88-1-3--5a0a4d1f:16505ec31bb:-8000:0000000000000879]: org.netbeans.api.mdr.events.AssociationEvent[source=AIncomingTarget$Impl  ID: -64--88-1-3--5a0a4d1f:16505ec31bb:-8000:0000000000000937  MID: -64--88-1-3--5a0a4d1f:16505ec31bb:-8000:0000000000000549  OPCKG: -64--88-1-3--5a0a4d1f:16505ec31bb:-8000:0000000000000879]
S:F;T;T;T;T;T;F;T;T;F;U;T;T;T;F;T;F;F;F;T;T;T;F;T;U;U;F;T;F;F;T;F;F;T;F;F;T;F;T;F;T;T;U;F;U;T;F;U;U;U;U;T;T;T;T;T;T;F;F;T;T;U;F;F;F;F;F;F;T;F;T;F;T;U;U;F;U;U;U;F;F;T;F;F;F;T;T;F;F;F;T;F;T;T;T;U;U;U;T;F;F;F;F;T;F;F;T;F;U;T;F;F;T;T;F;F;F;F;F;F;F;T;F;F;F;T;F;T;F;F;F;T;T;F;F;F;T;F;T;T;F;F;F;F;F;F;U;F;F;T;T;U;T;T;F;U;U;T;T
