S:F;T;T;T;T;T;F;T;T;F;U;T;U;T;F;T;F;F;F;T;T;T;F;T;U;F;F;T;F;F;T;F;F;T;F;F;T;F;T;F;T;T;U;F;U;T;F;F;T;T;F;T;T;T;T;T;T;F;F;T;T;F;F;F;F;F;F;F;T;F;T;F;T;T;T;F;U;F;T;T;F;T;F;F;F;T;T;F;T;F;T;F;T;T;T;U;U;U;T;F;F;F;F;T;F;F;T;F;F;T;F;F;T;T;F;F;F;F;F;F;F;F;F;F;F;T;F;T;F;F;F;T;T;F;F;F;T;F;T;T;F;F;F;F;F;F;U;F;F;T;T;F;T;T;F;U;U;T;T
A:clickOnFigPartition
M:boolean org.argouml.uml.diagram.activity.ui.FigPool.getUseTrapRect()
M:void org.argouml.uml.diagram.activity.ui.FigActionState.modelChanged(PropertyChangeEvent)
P:org.argouml.model.AddAssociationEvent[propertyName=container; oldValue=null; newValue=CompositeState$Impl  ID: -64--88-1-3-196bde17:16505343181:-8000:0000000000000978  MID: -64--88-1-3-196bde17:16505343181:-8000:000000000000050A  OPCKG: -64--88-1-3-196bde17:16505343181:-8000:000000000000087B; propagationId=null; source=CallState$Impl  ID: -64--88-1-3-196bde17:16505343181:-8000:0000000000000983  MID: -64--88-1-3-196bde17:16505343181:-8000:00000000000005EA  OPCKG: -64--88-1-3-196bde17:16505343181:-8000:000000000000087B]: org.netbeans.api.mdr.events.AssociationEvent[source=AContainerSubvertex$Impl  ID: -64--88-1-3-196bde17:16505343181:-8000:0000000000000933  MID: -64--88-1-3-196bde17:16505343181:-8000:0000000000000537  OPCKG: -64--88-1-3-196bde17:16505343181:-8000:000000000000087B]
M:void org.argouml.uml.diagram.activity.ui.UMLActivityDiagram.encloserChanged(FigNode, FigNode, FigNode)
P:org.argouml.uml.diagram.activity.ui.FigActionState@46ac7717
P:org.argouml.uml.diagram.activity.ui.FigPool@714cb82f
M:int org.argouml.uml.diagram.activity.ui.FigActionState.getNotationProviderType()
M:void org.argouml.uml.diagram.activity.ui.UMLActivityDiagram.changePartition(FigNode)
P:org.argouml.uml.diagram.activity.ui.FigActionState@46ac7717
M:boolean org.argouml.uml.diagram.activity.ui.UMLActivityDiagram.isStateInPartition(Object, Object)
P:CallState$Impl  ID: -64--88-1-3-196bde17:16505343181:-8000:0000000000000983  MID: -64--88-1-3-196bde17:16505343181:-8000:00000000000005EA  OPCKG: -64--88-1-3-196bde17:16505343181:-8000:000000000000087B
P:Partition$Impl  ID: -64--88-1-3-196bde17:16505343181:-8000:0000000000000979  MID: -64--88-1-3-196bde17:16505343181:-8000:00000000000005DF  OPCKG: -64--88-1-3-196bde17:16505343181:-8000:000000000000087B
M:Dimension org.argouml.uml.diagram.activity.ui.FigActionState.getMinimumSize()
M:boolean org.argouml.uml.diagram.activity.ui.UMLActivityDiagram.isStateInPartition(Object, Object)
P:CallState$Impl  ID: -64--88-1-3-196bde17:16505343181:-8000:0000000000000983  MID: -64--88-1-3-196bde17:16505343181:-8000:00000000000005EA  OPCKG: -64--88-1-3-196bde17:16505343181:-8000:000000000000087B
P:Partition$Impl  ID: -64--88-1-3-196bde17:16505343181:-8000:000000000000097A  MID: -64--88-1-3-196bde17:16505343181:-8000:00000000000005DF  OPCKG: -64--88-1-3-196bde17:16505343181:-8000:000000000000087B
M:void org.argouml.uml.diagram.activity.ui.FigActionState.setStandardBounds(int, int, int, int)
P:368
P:240
P:100
P:36
M:Dimension org.argouml.uml.diagram.activity.ui.FigActionState.getMinimumSize()
M:void org.argouml.uml.diagram.activity.ui.FigActionState.setStandardBounds(int, int, int, int)
P:368
P:240
P:100
P:36
M:void org.argouml.uml.diagram.activity.ui.FigPool.addEnclosedFig(Fig)
P:org.argouml.uml.diagram.activity.ui.FigActionState@46ac7717
M:Dimension org.argouml.uml.diagram.activity.ui.FigActionState.getMinimumSize()
M:void org.argouml.uml.diagram.activity.ui.FigActionState.modelChanged(PropertyChangeEvent)
P:org.argouml.model.AttributeChangeEvent[propertyName=container; oldValue=null; newValue=CompositeState$Impl  ID: -64--88-1-3-196bde17:16505343181:-8000:0000000000000978  MID: -64--88-1-3-196bde17:16505343181:-8000:000000000000050A  OPCKG: -64--88-1-3-196bde17:16505343181:-8000:000000000000087B; propagationId=null; source=CallState$Impl  ID: -64--88-1-3-196bde17:16505343181:-8000:0000000000000983  MID: -64--88-1-3-196bde17:16505343181:-8000:00000000000005EA  OPCKG: -64--88-1-3-196bde17:16505343181:-8000:000000000000087B]: org.netbeans.api.mdr.events.AssociationEvent[source=AContainerSubvertex$Impl  ID: -64--88-1-3-196bde17:16505343181:-8000:0000000000000933  MID: -64--88-1-3-196bde17:16505343181:-8000:0000000000000537  OPCKG: -64--88-1-3-196bde17:16505343181:-8000:000000000000087B]
M:int org.argouml.uml.diagram.activity.ui.FigActionState.getNotationProviderType()
M:Dimension org.argouml.uml.diagram.activity.ui.FigActionState.getMinimumSize()
M:Dimension org.argouml.uml.diagram.activity.ui.FigActionState.getMinimumSize()
M:void org.argouml.uml.diagram.activity.ui.FigActionState.setStandardBounds(int, int, int, int)
P:368
P:240
P:100
P:36
M:Dimension org.argouml.uml.diagram.activity.ui.FigActionState.getMinimumSize()
M:void org.argouml.uml.diagram.activity.ui.FigActionState.modelChanged(PropertyChangeEvent)
P:org.argouml.model.AddAssociationEvent[propertyName=partition; oldValue=null; newValue=Partition$Impl  ID: -64--88-1-3-196bde17:16505343181:-8000:000000000000097B  MID: -64--88-1-3-196bde17:16505343181:-8000:00000000000005DF  OPCKG: -64--88-1-3-196bde17:16505343181:-8000:000000000000087B; propagationId=null; source=CallState$Impl  ID: -64--88-1-3-196bde17:16505343181:-8000:0000000000000983  MID: -64--88-1-3-196bde17:16505343181:-8000:00000000000005EA  OPCKG: -64--88-1-3-196bde17:16505343181:-8000:000000000000087B]: org.netbeans.api.mdr.events.AssociationEvent[source=AContentsPartition$Impl  ID: -64--88-1-3-196bde17:16505343181:-8000:000000000000096B  MID: -64--88-1-3-196bde17:16505343181:-8000:00000000000005FB  OPCKG: -64--88-1-3-196bde17:16505343181:-8000:000000000000087B]
M:int org.argouml.uml.diagram.activity.ui.FigActionState.getNotationProviderType()
M:Dimension org.argouml.uml.diagram.activity.ui.FigActionState.getMinimumSize()
M:Dimension org.argouml.uml.diagram.activity.ui.FigActionState.getMinimumSize()
M:void org.argouml.uml.diagram.activity.ui.FigActionState.setStandardBounds(int, int, int, int)
P:368
P:240
P:100
P:36
M:Dimension org.argouml.uml.diagram.activity.ui.FigActionState.getMinimumSize()
M:void org.argouml.uml.diagram.activity.ui.FigActionState.modelChanged(PropertyChangeEvent)
P:org.argouml.model.AttributeChangeEvent[propertyName=partition; oldValue=null; newValue=Partition$Impl  ID: -64--88-1-3-196bde17:16505343181:-8000:000000000000097B  MID: -64--88-1-3-196bde17:16505343181:-8000:00000000000005DF  OPCKG: -64--88-1-3-196bde17:16505343181:-8000:000000000000087B; propagationId=null; source=CallState$Impl  ID: -64--88-1-3-196bde17:16505343181:-8000:0000000000000983  MID: -64--88-1-3-196bde17:16505343181:-8000:00000000000005EA  OPCKG: -64--88-1-3-196bde17:16505343181:-8000:000000000000087B]: org.netbeans.api.mdr.events.AssociationEvent[source=AContentsPartition$Impl  ID: -64--88-1-3-196bde17:16505343181:-8000:000000000000096B  MID: -64--88-1-3-196bde17:16505343181:-8000:00000000000005FB  OPCKG: -64--88-1-3-196bde17:16505343181:-8000:000000000000087B]
M:int org.argouml.uml.diagram.activity.ui.FigActionState.getNotationProviderType()
M:Dimension org.argouml.uml.diagram.activity.ui.FigActionState.getMinimumSize()
M:Dimension org.argouml.uml.diagram.activity.ui.FigActionState.getMinimumSize()
M:void org.argouml.uml.diagram.activity.ui.FigActionState.setStandardBounds(int, int, int, int)
P:368
P:240
P:100
P:36
M:Dimension org.argouml.uml.diagram.activity.ui.FigActionState.getMinimumSize()
M:void org.argouml.uml.diagram.activity.ui.FigActionState.modelChanged(PropertyChangeEvent)
P:org.argouml.model.AddAssociationEvent[propertyName=partition; oldValue=null; newValue=Partition$Impl  ID: -64--88-1-3-196bde17:16505343181:-8000:000000000000097B  MID: -64--88-1-3-196bde17:16505343181:-8000:00000000000005DF  OPCKG: -64--88-1-3-196bde17:16505343181:-8000:000000000000087B; propagationId=null; source=CallState$Impl  ID: -64--88-1-3-196bde17:16505343181:-8000:0000000000000983  MID: -64--88-1-3-196bde17:16505343181:-8000:00000000000005EA  OPCKG: -64--88-1-3-196bde17:16505343181:-8000:000000000000087B]: org.netbeans.api.mdr.events.AssociationEvent[source=AContentsPartition$Impl  ID: -64--88-1-3-196bde17:16505343181:-8000:000000000000096B  MID: -64--88-1-3-196bde17:16505343181:-8000:00000000000005FB  OPCKG: -64--88-1-3-196bde17:16505343181:-8000:000000000000087B]
M:int org.argouml.uml.diagram.activity.ui.FigActionState.getNotationProviderType()
M:Dimension org.argouml.uml.diagram.activity.ui.FigActionState.getMinimumSize()
M:Dimension org.argouml.uml.diagram.activity.ui.FigActionState.getMinimumSize()
M:void org.argouml.uml.diagram.activity.ui.FigActionState.setStandardBounds(int, int, int, int)
P:368
P:240
P:100
P:36
M:Dimension org.argouml.uml.diagram.activity.ui.FigActionState.getMinimumSize()
M:void org.argouml.uml.diagram.activity.ui.FigActionState.modelChanged(PropertyChangeEvent)
P:org.argouml.model.AttributeChangeEvent[propertyName=partition; oldValue=null; newValue=Partition$Impl  ID: -64--88-1-3-196bde17:16505343181:-8000:000000000000097B  MID: -64--88-1-3-196bde17:16505343181:-8000:00000000000005DF  OPCKG: -64--88-1-3-196bde17:16505343181:-8000:000000000000087B; propagationId=null; source=CallState$Impl  ID: -64--88-1-3-196bde17:16505343181:-8000:0000000000000983  MID: -64--88-1-3-196bde17:16505343181:-8000:00000000000005EA  OPCKG: -64--88-1-3-196bde17:16505343181:-8000:000000000000087B]: org.netbeans.api.mdr.events.AssociationEvent[source=AContentsPartition$Impl  ID: -64--88-1-3-196bde17:16505343181:-8000:000000000000096B  MID: -64--88-1-3-196bde17:16505343181:-8000:00000000000005FB  OPCKG: -64--88-1-3-196bde17:16505343181:-8000:000000000000087B]
M:int org.argouml.uml.diagram.activity.ui.FigActionState.getNotationProviderType()
M:Dimension org.argouml.uml.diagram.activity.ui.FigActionState.getMinimumSize()
M:Dimension org.argouml.uml.diagram.activity.ui.FigActionState.getMinimumSize()
M:void org.argouml.uml.diagram.activity.ui.FigActionState.setStandardBounds(int, int, int, int)
P:368
P:240
P:100
P:36
M:Dimension org.argouml.uml.diagram.activity.ui.FigActionState.getMinimumSize()
M:boolean org.argouml.uml.diagram.activity.ui.FigActionState.isFilled()
M:Color org.argouml.uml.diagram.activity.ui.FigActionState.getFillColor()
M:int org.argouml.uml.diagram.activity.ui.FigActionState.getLineWidth()
M:Color org.argouml.uml.diagram.activity.ui.FigActionState.getLineColor()
M:boolean org.argouml.uml.diagram.activity.ui.FigActionState.isFilled()
M:Color org.argouml.uml.diagram.activity.ui.FigActionState.getFillColor()
M:int org.argouml.uml.diagram.activity.ui.FigActionState.getLineWidth()
M:Color org.argouml.uml.diagram.activity.ui.FigActionState.getLineColor()
S:F;T;T;T;T;T;F;T;T;F;U;T;U;T;F;T;F;F;F;T;T;T;F;T;U;F;F;T;F;F;T;F;F;T;F;F;T;F;T;F;T;T;U;F;U;T;F;F;T;T;F;T;T;T;T;T;T;F;F;T;T;F;F;F;F;F;F;F;T;F;T;F;T;T;T;F;U;U;U;T;F;T;F;F;F;T;T;F;T;F;T;F;T;T;T;U;U;U;T;F;F;F;F;T;F;F;T;F;F;T;F;F;T;T;F;F;F;F;F;F;F;F;F;F;F;T;F;T;F;F;F;T;T;F;F;F;T;F;T;T;F;F;F;F;F;F;U;F;F;T;T;U;T;T;F;U;U;T;T
